#
# A fatal error has been detected by the Java Runtime Environment:
#
#  EXCEPTION_ACCESS_VIOLATION (0xc0000005) at pc=0x00007ffa664ffa7a, pid=16404, tid=25804
#
# JRE version: OpenJDK Runtime Environment Temurin-17.0.4+8 (17.0.4+8) (build 17.0.4+8)
# Java VM: OpenJDK 64-Bit Server VM Temurin-17.0.4+8 (17.0.4+8, mixed mode, emulated-client, tiered, compressed oops, compressed class ptrs, g1 gc, windows-amd64)
# Problematic frame:
# V  [jvm.dll+0x79fa7a]
#
# No core dump will be written. Minidumps are not enabled by default on client versions of Windows
#
# If you would like to submit a bug report, please visit:
#   https://github.com/adoptium/adoptium-support/issues
#

---------------  S U M M A R Y ------------

Command Line: -XX:+ShowCodeDetailsInExceptionMessages -agentlib:jdwp=transport=dt_socket,suspend=y,address=localhost:60205 -Dcom.sun.management.jmxremote -Dcom.sun.management.jmxremote.port=60202 -Dcom.sun.management.jmxremote.authenticate=false -Dcom.sun.management.jmxremote.ssl=false -Djava.rmi.server.hostname=localhost -Dspring.jmx.enabled=true -Dspring.application.admin.enabled=true -XX:TieredStopAtLevel=1 -Dspring.boot.project.name=uworks_erp -javaagent:C:\Accenture\Ferramentas\IDE\sts-4.15.3.RELEASE\configuration\org.eclipse.osgi\258\0\.cp\lib\javaagent-shaded.jar -Dfile.encoding=UTF-8 br.com.ultraworks.erp.ErpApplication --spring.output.ansi.enabled=always debug

Host: 11th Gen Intel(R) Core(TM) i7-1185G7 @ 3.00GHz, 8 cores, 15G,  Windows 11 , 64 bit Build 22000 (10.0.22000.2600)
Time: Sat Feb 10 00:23:12 2024 E. South America Standard Time elapsed time: 1513.770988 seconds (0d 0h 25m 13s)

---------------  T H R E A D  ---------------

Current thread (0x0000025aa4441830):  JavaThread "JDWP Transport Listener: dt_socket" daemon [_thread_in_vm, id=25804, stack(0x00000083e9a00000,0x00000083e9b00000)]

Stack: [0x00000083e9a00000,0x00000083e9b00000],  sp=0x00000083e9aff450,  free space=1021k
Native frames: (J=compiled Java code, j=interpreted, Vv=VM code, C=native code)
V  [jvm.dll+0x79fa7a]
V  [jvm.dll+0x50963c]
V  [jvm.dll+0x4d0ca4]
C  [jdwp.dll+0x22f7b]


siginfo: EXCEPTION_ACCESS_VIOLATION (0xc0000005), reading address 0x0000000000e20014


Register to memory mapping:

RIP=0x00007ffa664ffa7a jvm.dll
RAX=0x00000000000000e1 is an unknown value
RBX=0x0000025aa42600b8 points into unknown readable memory: 0x6e616e69662f6970 | 70 69 2f 66 69 6e 61 6e
RCX=0x0000000000e20010 is an unknown value
RDX=0x0000025aac023720 points into unknown readable memory: 0x2f6d6f632f72624c | 4c 62 72 2f 63 6f 6d 2f
RSP=0x00000083e9aff450 is pointing into the stack for thread: 0x0000025aa4441830
RBP=0x0000025aa4409ef0 points into unknown readable memory: 0x0000001700000002 | 02 00 00 00 17 00 00 00
RSI=0x0 is NULL
RDI=0xffffffffffffffff is an unknown value
R8 =0x000000000000008c is an unknown value
R9 =0x0000000000000040 is an unknown value
R10=0x0000000000000080 is an unknown value
R11=0x00000083e9aff470 is pointing into the stack for thread: 0x0000025aa4441830
R12=0x00000083e9aff5a8 is pointing into the stack for thread: 0x0000025aa4441830
R13=0x0 is NULL
R14=0x0000000800e11000 is a pointer to class: 
br.com.ultraworks.erp.core.generics.GenericController {0x0000000800e11008}
 - instance size:     3
 - klass size:        71
 - access:            public synchronized 
 - state:             fully_initialized
 - name:              'br/com/ultraworks/erp/core/generics/GenericController'
 - super:             'java/lang/Object'
 - sub:               'br/com/ultraworks/erp/api/tabela/controller/UfController'   'br/com/ultraworks/erp/api/tabela/controller/TipoParceiroController'   'br/com/ultraworks/erp/api/tabela/controller/TipoOperacaoController'   'br/com/ultraworks/erp/api/tabela/controller/SexoController'   (26 more klasses...)
 - arrays:            NULL
 - methods:           Array<T>(0x0000025aaf7bfa88)
 - method ordering:   Array<T>(0x0000025aaf7c4280)
 - default_methods:   Array<T>(0x0000000000000000)
 - local interfaces:  Array<T>(0x0000025aa4800058)
 - trans. interfaces: Array<T>(0x0000025aa4800058)
 - constants:         constant pool [248]/operands[7] {0x0000025aaf7c5558} for 'br/com/ultraworks/erp/core/generics/GenericController' cache=0x0000025aaf7c5e00
 - class loader data:  loader data: 0x0000025aabb8dce0 for instance a 'org/springframework/boot/devtools/restart/classloader/RestartClassLoader'{0x0000000706800180}
 - source file:       'GenericController.java'
 - source debug extension:       SMAP
GenericController.java
Java
*S jdt
*F
1 GenericController.java
2 file:/C:/Pessoal/projetos/uw/uworks_erp/target/classes/
*L
*E

 - class annotations:       Array<T>(0x0000000000000000)
 - class type annotations:  Array<T>(0x0000000000000000)
 - field annotations:       Array<T>(0x0000025aaf7bfa38)
 - field type annotations:  Array<T>(0x0000000000000000)
 - generic signature: '
[error occurred during error reporting (printing register info), id 0xc0000005, EXCEPTION_ACCESS_VIOLATION (0xc0000005) at pc=0x00007ffa66500686]

Registers:
RAX=0x00000000000000e1, RBX=0x0000025aa42600b8, RCX=0x0000000000e20010, RDX=0x0000025aac023720
RSP=0x00000083e9aff450, RBP=0x0000025aa4409ef0, RSI=0x0000000000000000, RDI=0xffffffffffffffff
R8 =0x000000000000008c, R9 =0x0000000000000040, R10=0x0000000000000080, R11=0x00000083e9aff470
R12=0x00000083e9aff5a8, R13=0x0000000000000000, R14=0x0000000800e11000, R15=0x00000083e9aff5d0
RIP=0x00007ffa664ffa7a, EFLAGS=0x0000000000010206

Top of Stack: (sp=0x00000083e9aff450)
0x00000083e9aff450:   0000000000000035 0000000800e11000
0x00000083e9aff460:   0000025aae0deba0 00007ffaf58276e1
0x00000083e9aff470:   ffffffffffffffff 00007ffa6626963c
0x00000083e9aff480:   0000025aa42600b8 0000025aa4260080
0x00000083e9aff490:   0000025aa4409ef0 0000000000000000
0x00000083e9aff4a0:   0000025aa4260030 00000000000003d8
0x00000083e9aff4b0:   0000025aa4260040 0000025aa4260418
0x00000083e9aff4c0:   0000000000024801 00000083e9aff5a8
0x00000083e9aff4d0:   0000000000000007 0000025aa4441ad8
0x00000083e9aff4e0:   0000000706865c78 00007ffa66230ca4
0x00000083e9aff4f0:   0000025aa4441830 00000083e9aff5d0
0x00000083e9aff500:   0000025a91923a60 00000083e9aff5d0
0x00000083e9aff510:   0000025aa4441830 0000000000000000
0x00000083e9aff520:   0000000000000000 0000000000000000
0x00000083e9aff530:   0000025aabe4e1d8 00007ffab3d22f7b
0x00000083e9aff540:   00000083e9aff5c8 00007ffab3d31600 

Instructions: (pc=0x00007ffa664ffa7a)
0x00007ffa664ff97a:   48 83 c4 20 5f e9 6c 69 90 ff cc cc cc cc cc cc
0x00007ffa664ff98a:   cc cc cc cc cc cc 48 89 5c 24 08 57 48 83 ec 20
0x00007ffa664ff99a:   83 fa 02 8d 42 06 b9 08 00 00 00 49 8b d8 0f 4e
0x00007ffa664ff9aa:   c1 48 63 c8 48 83 c1 07 83 e1 f8 48 63 f9 49 8b
0x00007ffa664ff9ba:   48 18 48 8b c7 48 f7 d0 48 3b c1 73 16 4c 8d 05
0x00007ffa664ff9ca:   6a 58 17 00 48 8b d7 48 8b cb e8 77 cc 90 ff 48
0x00007ffa664ff9da:   8b 4b 18 48 8d 04 39 48 3b 43 20 76 18 45 33 c0
0x00007ffa664ff9ea:   48 8b d7 48 8b cb 48 8b 5c 24 30 48 83 c4 20 5f
0x00007ffa664ff9fa:   e9 d1 c8 90 ff 48 89 43 18 48 8b c1 48 8b 5c 24
0x00007ffa664ffa0a:   30 48 83 c4 20 5f c3 cc cc cc cc cc cc cc cc cc
0x00007ffa664ffa1a:   cc cc cc cc cc cc 4c 8b d2 4c 8b d9 45 85 c0 7e
0x00007ffa664ffa2a:   3c 44 0f b7 49 04 41 8d 40 ff 41 3b c1 44 0f 4c
0x00007ffa664ffa3a:   c8 4d 63 c1 45 85 c9 7e 1f 48 8b c2 4c 2b da 49
0x00007ffa664ffa4a:   8b d0 0f 1f 40 00 41 0f b6 4c 03 06 88 08 48 8d
0x00007ffa664ffa5a:   40 01 48 83 ea 01 75 ee 43 c6 04 10 00 49 8b c2
0x00007ffa664ffa6a:   c3 cc cc cc cc cc 48 89 5c 24 08 57 48 83 ec 20
0x00007ffa664ffa7a:   0f b7 59 04 48 8b f9 33 d2 48 8d 4b 01 e8 c4 d9
0x00007ffa664ffa8a:   f2 ff 0f b7 57 04 4c 8b c0 3b da 0f 42 d3 44 8b
0x00007ffa664ffa9a:   ca 85 d2 74 39 48 2b f8 0f 1f 40 00 66 66 0f 1f
0x00007ffa664ffaaa:   84 00 00 00 00 00 0f b6 4c 07 06 88 08 48 ff c0
0x00007ffa664ffaba:   48 8b c8 49 2b c8 49 3b c9 7c eb 42 c6 04 02 00
0x00007ffa664ffaca:   49 8b c0 48 8b 5c 24 30 48 83 c4 20 5f c3 48 8b
0x00007ffa664ffada:   5c 24 30 c6 04 02 00 48 83 c4 20 5f c3 cc cc cc
0x00007ffa664ffaea:   cc cc cc cc cc cc 4c 8b d1 45 85 c0 7e 6c 44 0f
0x00007ffa664ffafa:   b7 49 04 41 8d 40 ff 41 3b c1 44 0f 4c c8 4d 63
0x00007ffa664ffb0a:   d9 45 85 c9 7e 22 48 8b ca 4c 2b d2 4d 8b c3 0f
0x00007ffa664ffb1a:   1f 80 00 00 00 00 41 0f b6 44 0a 06 88 01 48 8d
0x00007ffa664ffb2a:   49 01 49 83 e8 01 75 ee 41 c6 04 13 00 48 c7 c0
0x00007ffa664ffb3a:   ff ff ff ff 66 90 48 ff c0 80 3c 02 00 75 f7 48
0x00007ffa664ffb4a:   63 c8 85 c0 48 8b c2 7e 14 80 38 2f 75 03 c6 00
0x00007ffa664ffb5a:   2e 48 ff c0 48 83 e9 01 75 ef 48 8b c2 c3 cc cc
0x00007ffa664ffb6a:   cc cc cc cc cc cc 48 83 ec 28 e8 f7 fe ff ff 4c 


Stack slot to memory mapping:
stack at sp + 0 slots: 0x0000000000000035 is an unknown value
stack at sp + 1 slots: 0x0000000800e11000 is a pointer to class: 
br.com.ultraworks.erp.core.generics.GenericController {0x0000000800e11008}
 - instance size:     3
 - klass size:        71
 - access:            public synchronized 
 - state:             fully_initialized
 - name:              'br/com/ultraworks/erp/core/generics/GenericController'
 - super:             'java/lang/Object'
 - sub:               'br/com/ultraworks/erp/api/tabela/controller/UfController'   'br/com/ultraworks/erp/api/tabela/controller/TipoParceiroController'   'br/com/ultraworks/erp/api/tabela/controller/TipoOperacaoController'   'br/com/ultraworks/erp/api/tabela/controller/SexoController'   (26 more klasses...)
 - arrays:            NULL
 - methods:           Array<T>(0x0000025aaf7bfa88)
 - method ordering:   Array<T>(0x0000025aaf7c4280)
 - default_methods:   Array<T>(0x0000000000000000)
 - local interfaces:  Array<T>(0x0000025aa4800058)
 - trans. interfaces: Array<T>(0x0000025aa4800058)
 - constants:         constant pool [248]/operands[7] {0x0000025aaf7c5558} for 'br/com/ultraworks/erp/core/generics/GenericController' cache=0x0000025aaf7c5e00
 - class loader data:  loader data: 0x0000025aabb8dce0 for instance a 'org/springframework/boot/devtools/restart/classloader/RestartClassLoader'{0x0000000706800180}
 - source file:       'GenericController.java'
 - source debug extension:       SMAP
GenericController.java
Java
*S jdt
*F
1 GenericController.java
2 file:/C:/Pessoal/projetos/uw/uworks_erp/target/classes/
*L
*E

 - class annotations:       Array<T>(0x0000000000000000)
 - class type annotations:  Array<T>(0x0000000000000000)
 - field annotations:       Array<T>(0x0000025aaf7bfa38)
 - field type annotations:  Array<T>(0x0000000000000000)
 - generic signature: '
[error occurred during error reporting (inspecting top of stack), id 0xc0000005, EXCEPTION_ACCESS_VIOLATION (0xc0000005) at pc=0x00007ffa66500686]


---------------  P R O C E S S  ---------------

Threads class SMR info:
_java_thread_list=0x0000025aae32f090, length=43, elements={
0x0000025aa41ff040, 0x0000025aa41ff900, 0x0000025aa41e8020, 0x0000025aa41e88e0,
0x0000025aa4211400, 0x0000025aa4219cd0, 0x0000025aa4223ab0, 0x0000025aa422a7d0,
0x0000025aa437e9e0, 0x0000025aa4441830, 0x0000025aa444a840, 0x0000025aa444b290,
0x0000025aa56cddb0, 0x0000025aa591ad00, 0x0000025aa5921b40, 0x0000025aa59b4a20,
0x0000025aa5ad2ce0, 0x0000025aa5a52b20, 0x0000025aa5b1ef70, 0x0000025aa58c0070,
0x0000025aabd82740, 0x0000025aabd80590, 0x0000025aabd82c10, 0x0000025aac309e40,
0x0000025aac30b650, 0x0000025aac309970, 0x0000025aac304c70, 0x0000025aac30a310,
0x0000025aac30bff0, 0x0000025aac305140, 0x0000025aac30bb20, 0x0000025aac30c4c0,
0x0000025aac307c90, 0x0000025aac30acb0, 0x0000025aac305ae0, 0x0000025aac30b180,
0x0000025aac3077c0, 0x0000025aac308fd0, 0x0000025aac3094a0, 0x0000025aac305fb0,
0x0000025aac308630, 0x0000025aac306480, 0x0000025aabd80f30
}

Java Threads: ( => current thread )
  0x0000025aa41ff040 JavaThread "Reference Handler" daemon [_thread_blocked, id=11956, stack(0x00000083e9000000,0x00000083e9100000)]
  0x0000025aa41ff900 JavaThread "Finalizer" daemon [_thread_blocked, id=28076, stack(0x00000083e9100000,0x00000083e9200000)]
  0x0000025aa41e8020 JavaThread "Signal Dispatcher" daemon [_thread_blocked, id=24144, stack(0x00000083e9200000,0x00000083e9300000)]
  0x0000025aa41e88e0 JavaThread "Attach Listener" daemon [_thread_blocked, id=22496, stack(0x00000083e9300000,0x00000083e9400000)]
  0x0000025aa4211400 JavaThread "Service Thread" daemon [_thread_blocked, id=4744, stack(0x00000083e9400000,0x00000083e9500000)]
  0x0000025aa4219cd0 JavaThread "Monitor Deflation Thread" daemon [_thread_blocked, id=5644, stack(0x00000083e9500000,0x00000083e9600000)]
  0x0000025aa4223ab0 JavaThread "C1 CompilerThread0" daemon [_thread_blocked, id=23568, stack(0x00000083e9600000,0x00000083e9700000)]
  0x0000025aa422a7d0 JavaThread "Sweeper thread" daemon [_thread_blocked, id=23684, stack(0x00000083e9700000,0x00000083e9800000)]
  0x0000025aa437e9e0 JavaThread "Common-Cleaner" daemon [_thread_blocked, id=4652, stack(0x00000083e9800000,0x00000083e9900000)]
=>0x0000025aa4441830 JavaThread "JDWP Transport Listener: dt_socket" daemon [_thread_in_vm, id=25804, stack(0x00000083e9a00000,0x00000083e9b00000)]
  0x0000025aa444a840 JavaThread "JDWP Event Helper Thread" daemon [_thread_blocked, id=19984, stack(0x00000083e9b00000,0x00000083e9c00000)]
  0x0000025aa444b290 JavaThread "JDWP Command Reader" daemon [_thread_in_native, id=10336, stack(0x00000083e9c00000,0x00000083e9d00000)]
  0x0000025aa56cddb0 JavaThread "Notification Thread" daemon [_thread_blocked, id=25204, stack(0x00000083e9d00000,0x00000083e9e00000)]
  0x0000025aa591ad00 JavaThread "RMI TCP Accept-0" daemon [_thread_in_native, id=3196, stack(0x00000083e9f00000,0x00000083ea000000)]
  0x0000025aa5921b40 JavaThread "RMI TCP Accept-60202" daemon [_thread_in_native, id=16484, stack(0x00000083ea000000,0x00000083ea100000)]
  0x0000025aa59b4a20 JavaThread "RMI TCP Accept-0" daemon [_thread_in_native, id=25176, stack(0x00000083ea100000,0x00000083ea200000)]
  0x0000025aa5ad2ce0 JavaThread "RMI Scheduler(0)" daemon [_thread_blocked, id=24496, stack(0x00000083eac00000,0x00000083ead00000)]
  0x0000025aa5a52b20 JavaThread "RMI TCP Connection(27)-127.0.0.1" daemon [_thread_in_native, id=19004, stack(0x00000083ead00000,0x00000083eae00000)]
  0x0000025aa5b1ef70 JavaThread "JMX server connection timeout 25" daemon [_thread_blocked, id=15060, stack(0x00000083eae00000,0x00000083eaf00000)]
  0x0000025aa58c0070 JavaThread "PostgreSQL-JDBC-Cleaner" daemon [_thread_blocked, id=9912, stack(0x00000083eb400000,0x00000083eb500000)]
  0x0000025aabd82740 JavaThread "Live Reload Server" daemon [_thread_in_native, id=27548, stack(0x00000083eba00000,0x00000083ebb00000)]
  0x0000025aabd80590 JavaThread "ultraDataSource housekeeper" daemon [_thread_blocked, id=5444, stack(0x00000083ec700000,0x00000083ec800000)]
  0x0000025aabd82c10 JavaThread "DestroyJavaVM" [_thread_blocked, id=15340, stack(0x00000083e8900000,0x00000083e8a00000)]
  0x0000025aac309e40 JavaThread "ultraDataSource housekeeper" daemon [_thread_blocked, id=3696, stack(0x00000083ec400000,0x00000083ec500000)]
  0x0000025aac30b650 JavaThread "ultraDataSource housekeeper" daemon [_thread_blocked, id=27668, stack(0x00000083ec300000,0x00000083ec400000)]
  0x0000025aac309970 JavaThread "masterDataSource housekeeper" daemon [_thread_blocked, id=26852, stack(0x00000083e8800000,0x00000083e8900000)]
  0x0000025aac304c70 JavaThread "Catalina-utility-1" [_thread_blocked, id=16988, stack(0x00000083eb200000,0x00000083eb300000)]
  0x0000025aac30a310 JavaThread "Catalina-utility-2" [_thread_blocked, id=5340, stack(0x00000083eb300000,0x00000083eb400000)]
  0x0000025aac30bff0 JavaThread "container-0" [_thread_blocked, id=19740, stack(0x00000083eb500000,0x00000083eb600000)]
  0x0000025aac305140 JavaThread "File Watcher" daemon [_thread_in_native, id=17164, stack(0x00000083eb600000,0x00000083eb700000)]
  0x0000025aac30bb20 JavaThread "http-nio-3333-exec-1" daemon [_thread_blocked, id=22080, stack(0x00000083eb700000,0x00000083eb800000)]
  0x0000025aac30c4c0 JavaThread "http-nio-3333-exec-2" daemon [_thread_blocked, id=25864, stack(0x00000083eb800000,0x00000083eb900000)]
  0x0000025aac307c90 JavaThread "http-nio-3333-exec-3" daemon [_thread_blocked, id=28356, stack(0x00000083eb900000,0x00000083eba00000)]
  0x0000025aac30acb0 JavaThread "http-nio-3333-exec-4" daemon [_thread_blocked, id=26292, stack(0x00000083ebb00000,0x00000083ebc00000)]
  0x0000025aac305ae0 JavaThread "http-nio-3333-exec-5" daemon [_thread_blocked, id=21764, stack(0x00000083ebc00000,0x00000083ebd00000)]
  0x0000025aac30b180 JavaThread "http-nio-3333-exec-6" daemon [_thread_blocked, id=19828, stack(0x00000083ebd00000,0x00000083ebe00000)]
  0x0000025aac3077c0 JavaThread "http-nio-3333-exec-7" daemon [_thread_blocked, id=19040, stack(0x00000083ebe00000,0x00000083ebf00000)]
  0x0000025aac308fd0 JavaThread "http-nio-3333-exec-8" daemon [_thread_blocked, id=15688, stack(0x00000083ebf00000,0x00000083ec000000)]
  0x0000025aac3094a0 JavaThread "http-nio-3333-exec-9" daemon [_thread_blocked, id=26288, stack(0x00000083ec000000,0x00000083ec100000)]
  0x0000025aac305fb0 JavaThread "http-nio-3333-exec-10" daemon [_thread_blocked, id=11864, stack(0x00000083ec100000,0x00000083ec200000)]
  0x0000025aac308630 JavaThread "http-nio-3333-Poller" daemon [_thread_in_native, id=2056, stack(0x00000083ec200000,0x00000083ec300000)]
  0x0000025aac306480 JavaThread "http-nio-3333-Acceptor" daemon [_thread_in_native, id=11944, stack(0x00000083ec500000,0x00000083ec600000)]
  0x0000025aabd80f30 JavaThread "ultraDataSource housekeeper" daemon [_thread_blocked, id=27220, stack(0x00000083ec800000,0x00000083ec900000)]

Other Threads:
  0x0000025aa39c3d30 VMThread "VM Thread" [stack: 0x00000083e8f00000,0x00000083e9000000] [id=18320]
  0x0000025a919bd010 WatcherThread [stack: 0x00000083ea200000,0x00000083ea300000] [id=27988]
  0x0000025a919a40a0 GCTaskThread "GC Thread#0" [stack: 0x00000083e8a00000,0x00000083e8b00000] [id=22820]
  0x0000025aa59b6320 GCTaskThread "GC Thread#1" [stack: 0x00000083ea300000,0x00000083ea400000] [id=14148]
  0x0000025aa59be5f0 GCTaskThread "GC Thread#2" [stack: 0x00000083ea400000,0x00000083ea500000] [id=8144]
  0x0000025aa59be8a0 GCTaskThread "GC Thread#3" [stack: 0x00000083ea500000,0x00000083ea600000] [id=13764]
  0x0000025aa59c5380 GCTaskThread "GC Thread#4" [stack: 0x00000083ea600000,0x00000083ea700000] [id=28472]
  0x0000025aa59c5630 GCTaskThread "GC Thread#5" [stack: 0x00000083ea700000,0x00000083ea800000] [id=12240]
  0x0000025aa59a03e0 GCTaskThread "GC Thread#6" [stack: 0x00000083ea800000,0x00000083ea900000] [id=4772]
  0x0000025aa59a0690 GCTaskThread "GC Thread#7" [stack: 0x00000083ea900000,0x00000083eaa00000] [id=9836]
  0x0000025a919b56f0 ConcurrentGCThread "G1 Main Marker" [stack: 0x00000083e8b00000,0x00000083e8c00000] [id=17984]
  0x0000025a919b62e0 ConcurrentGCThread "G1 Conc#0" [stack: 0x00000083e8c00000,0x00000083e8d00000] [id=9224]
  0x0000025aa67c18a0 ConcurrentGCThread "G1 Conc#1" [stack: 0x00000083eb100000,0x00000083eb200000] [id=17124]
  0x0000025aa38a60a0 ConcurrentGCThread "G1 Refine#0" [stack: 0x00000083e8d00000,0x00000083e8e00000] [id=11184]
  0x0000025aa5972150 ConcurrentGCThread "G1 Refine#1" [stack: 0x00000083eaa00000,0x00000083eab00000] [id=4164]
  0x0000025aa38a6770 ConcurrentGCThread "G1 Service" [stack: 0x00000083e8e00000,0x00000083e8f00000] [id=3932]

Threads with active compile tasks:

VM state: not at safepoint (normal execution)

VM Mutex/Monitor currently owned by a thread: None

Heap address: 0x0000000704a00000, size: 4022 MB, Compressed Oops mode: Zero based, Oop shift amount: 3

CDS archive(s) not mapped
Compressed class space mapped at: 0x0000000800000000-0x0000000840000000, reserved size: 1073741824
Narrow klass base: 0x0000000800000000, Narrow klass shift: 0, Narrow klass range: 0x40000000

GC Precious Log:
 CPUs: 8 total, 8 available
 Memory: 16087M
 Large Page Support: Disabled
 NUMA Support: Disabled
 Compressed Oops: Enabled (Zero based)
 Heap Region Size: 2M
 Heap Min Capacity: 8M
 Heap Initial Capacity: 252M
 Heap Max Capacity: 4022M
 Pre-touch: Disabled
 Parallel Workers: 8
 Concurrent Workers: 2
 Concurrent Refinement Workers: 8
 Periodic GC: Disabled

Heap:
 garbage-first heap   total 172032K, used 135585K [0x0000000704a00000, 0x0000000800000000)
  region size 2048K, 39 young (79872K), 1 survivors (2048K)
 Metaspace       used 111966K, committed 112640K, reserved 1146880K
  class space    used 14825K, committed 15168K, reserved 1048576K

Heap Regions: E=young(eden), S=young(survivor), O=old, HS=humongous(starts), HC=humongous(continues), CS=collection set, F=free, OA=open archive, CA=closed archive, TAMS=top-at-mark-start (previous, next)
|   0|0x0000000704a00000, 0x0000000704bfffb0, 0x0000000704c00000| 99%| O|  |TAMS 0x0000000704bfffb0, 0x0000000704a00000| Untracked 
|   1|0x0000000704c00000, 0x0000000704e00000, 0x0000000704e00000|100%| O|  |TAMS 0x0000000704e00000, 0x0000000704c00000| Untracked 
|   2|0x0000000704e00000, 0x0000000704ffffd8, 0x0000000705000000| 99%| O|  |TAMS 0x0000000704ffffd8, 0x0000000704e00000| Untracked 
|   3|0x0000000705000000, 0x00000007051ffff8, 0x0000000705200000| 99%| O|  |TAMS 0x00000007051ffff8, 0x0000000705000000| Untracked 
|   4|0x0000000705200000, 0x00000007053fffc0, 0x0000000705400000| 99%| O|  |TAMS 0x00000007053fffc0, 0x0000000705200000| Untracked 
|   5|0x0000000705400000, 0x00000007055fffd8, 0x0000000705600000| 99%| O|  |TAMS 0x00000007055fffd8, 0x0000000705400000| Untracked 
|   6|0x0000000705600000, 0x00000007057fffd0, 0x0000000705800000| 99%| O|  |TAMS 0x00000007057fffd0, 0x0000000705600000| Untracked 
|   7|0x0000000705800000, 0x00000007059ffff8, 0x0000000705a00000| 99%| O|  |TAMS 0x00000007059ffff8, 0x0000000705800000| Untracked 
|   8|0x0000000705a00000, 0x0000000705a00000, 0x0000000705c00000|  0%| F|  |TAMS 0x0000000705a00000, 0x0000000705a00000| Untracked 
|   9|0x0000000705c00000, 0x0000000705dffff8, 0x0000000705e00000| 99%| O|  |TAMS 0x0000000705dffff8, 0x0000000705c00000| Untracked 
|  10|0x0000000705e00000, 0x0000000705fffff0, 0x0000000706000000| 99%| O|  |TAMS 0x0000000705fffff0, 0x0000000705e00000| Untracked 
|  11|0x0000000706000000, 0x00000007061ffff0, 0x0000000706200000| 99%| O|  |TAMS 0x00000007061ffff0, 0x0000000706000000| Untracked 
|  12|0x0000000706200000, 0x00000007063ffff8, 0x0000000706400000| 99%| O|  |TAMS 0x00000007063ffff8, 0x0000000706200000| Untracked 
|  13|0x0000000706400000, 0x000000070657fd28, 0x0000000706600000| 74%| O|  |TAMS 0x000000070657fd28, 0x0000000706400000| Untracked 
|  14|0x0000000706600000, 0x0000000706600000, 0x0000000706800000|  0%| F|  |TAMS 0x0000000706600000, 0x0000000706600000| Untracked 
|  15|0x0000000706800000, 0x0000000706a00000, 0x0000000706a00000|100%| O|  |TAMS 0x0000000706a00000, 0x0000000706800000| Untracked 
|  16|0x0000000706a00000, 0x0000000706c00000, 0x0000000706c00000|100%| O|  |TAMS 0x0000000706c00000, 0x0000000706a00000| Untracked 
|  17|0x0000000706c00000, 0x0000000706c00000, 0x0000000706e00000|  0%| F|  |TAMS 0x0000000706c00000, 0x0000000706c00000| Untracked 
|  18|0x0000000706e00000, 0x0000000706e00000, 0x0000000707000000|  0%| F|  |TAMS 0x0000000706e00000, 0x0000000706e00000| Untracked 
|  19|0x0000000707000000, 0x00000007071fff18, 0x0000000707200000| 99%| O|  |TAMS 0x00000007071fff18, 0x0000000707000000| Untracked 
|  20|0x0000000707200000, 0x000000070732a540, 0x0000000707400000| 58%| O|  |TAMS 0x000000070732a540, 0x0000000707200000| Untracked 
|  21|0x0000000707400000, 0x0000000707600000, 0x0000000707600000|100%| O|  |TAMS 0x0000000707600000, 0x0000000707400000| Untracked 
|  22|0x0000000707600000, 0x0000000707600000, 0x0000000707800000|  0%| F|  |TAMS 0x0000000707600000, 0x0000000707600000| Untracked 
|  23|0x0000000707800000, 0x0000000707a00000, 0x0000000707a00000|100%| O|  |TAMS 0x0000000707a00000, 0x0000000707800000| Untracked 
|  24|0x0000000707a00000, 0x0000000707c00000, 0x0000000707c00000|100%| O|  |TAMS 0x0000000707c00000, 0x0000000707a00000| Untracked 
|  25|0x0000000707c00000, 0x0000000707d5b928, 0x0000000707e00000| 67%| O|  |TAMS 0x0000000707d5b928, 0x0000000707c00000| Untracked 
|  26|0x0000000707e00000, 0x0000000708000000, 0x0000000708000000|100%| O|  |TAMS 0x0000000708000000, 0x0000000707e00000| Untracked 
|  27|0x0000000708000000, 0x0000000708200000, 0x0000000708200000|100%| O|  |TAMS 0x0000000708200000, 0x0000000708000000| Untracked 
|  28|0x0000000708200000, 0x0000000708400000, 0x0000000708400000|100%| O|  |TAMS 0x00000007083ff600, 0x0000000708200000| Untracked 
|  29|0x0000000708400000, 0x0000000708600000, 0x0000000708600000|100%| O|  |TAMS 0x0000000708400000, 0x0000000708400000| Untracked 
|  30|0x0000000708600000, 0x0000000708800000, 0x0000000708800000|100%| O|  |TAMS 0x0000000708600000, 0x0000000708600000| Untracked 
|  31|0x0000000708800000, 0x0000000708a00000, 0x0000000708a00000|100%| O|  |TAMS 0x0000000708800000, 0x0000000708800000| Untracked 
|  32|0x0000000708a00000, 0x0000000708c00000, 0x0000000708c00000|100%| O|  |TAMS 0x0000000708a00000, 0x0000000708a00000| Untracked 
|  33|0x0000000708c00000, 0x0000000708e00000, 0x0000000708e00000|100%| O|  |TAMS 0x0000000708c00000, 0x0000000708c00000| Untracked 
|  34|0x0000000708e00000, 0x0000000708f04800, 0x0000000709000000| 50%| O|  |TAMS 0x0000000708e00000, 0x0000000708e00000| Untracked 
|  35|0x0000000709000000, 0x0000000709000000, 0x0000000709200000|  0%| F|  |TAMS 0x0000000709000000, 0x0000000709000000| Untracked 
|  36|0x0000000709200000, 0x0000000709200000, 0x0000000709400000|  0%| F|  |TAMS 0x0000000709200000, 0x0000000709200000| Untracked 
|  37|0x0000000709400000, 0x0000000709400000, 0x0000000709600000|  0%| F|  |TAMS 0x0000000709400000, 0x0000000709400000| Untracked 
|  38|0x0000000709600000, 0x0000000709600000, 0x0000000709800000|  0%| F|  |TAMS 0x0000000709600000, 0x0000000709600000| Untracked 
|  39|0x0000000709800000, 0x0000000709800000, 0x0000000709a00000|  0%| F|  |TAMS 0x0000000709800000, 0x0000000709800000| Untracked 
|  40|0x0000000709a00000, 0x0000000709a00000, 0x0000000709c00000|  0%| F|  |TAMS 0x0000000709a00000, 0x0000000709a00000| Untracked 
|  41|0x0000000709c00000, 0x0000000709c00000, 0x0000000709e00000|  0%| F|  |TAMS 0x0000000709c00000, 0x0000000709c00000| Untracked 
|  42|0x0000000709e00000, 0x0000000709e00000, 0x000000070a000000|  0%| F|  |TAMS 0x0000000709e00000, 0x0000000709e00000| Untracked 
|  43|0x000000070a000000, 0x000000070a000000, 0x000000070a200000|  0%| F|  |TAMS 0x000000070a000000, 0x000000070a000000| Untracked 
|  44|0x000000070a200000, 0x000000070a200000, 0x000000070a400000|  0%| F|  |TAMS 0x000000070a200000, 0x000000070a200000| Untracked 
|  45|0x000000070a400000, 0x000000070a5e64f0, 0x000000070a600000| 94%| E|  |TAMS 0x000000070a400000, 0x000000070a400000| Complete 
|  46|0x000000070a600000, 0x000000070a800000, 0x000000070a800000|100%| E|CS|TAMS 0x000000070a600000, 0x000000070a600000| Complete 
|  47|0x000000070a800000, 0x000000070aa00000, 0x000000070aa00000|100%| E|CS|TAMS 0x000000070a800000, 0x000000070a800000| Complete 
|  48|0x000000070aa00000, 0x000000070ac00000, 0x000000070ac00000|100%| E|CS|TAMS 0x000000070aa00000, 0x000000070aa00000| Complete 
|  49|0x000000070ac00000, 0x000000070ae00000, 0x000000070ae00000|100%| E|CS|TAMS 0x000000070ac00000, 0x000000070ac00000| Complete 
|  50|0x000000070ae00000, 0x000000070b000000, 0x000000070b000000|100%| E|CS|TAMS 0x000000070ae00000, 0x000000070ae00000| Complete 
|  51|0x000000070b000000, 0x000000070b200000, 0x000000070b200000|100%| E|CS|TAMS 0x000000070b000000, 0x000000070b000000| Complete 
|  52|0x000000070b200000, 0x000000070b400000, 0x000000070b400000|100%| E|CS|TAMS 0x000000070b200000, 0x000000070b200000| Complete 
|  53|0x000000070b400000, 0x000000070b600000, 0x000000070b600000|100%| E|CS|TAMS 0x000000070b400000, 0x000000070b400000| Complete 
|  54|0x000000070b600000, 0x000000070b800000, 0x000000070b800000|100%| E|CS|TAMS 0x000000070b600000, 0x000000070b600000| Complete 
|  55|0x000000070b800000, 0x000000070ba00000, 0x000000070ba00000|100%| E|CS|TAMS 0x000000070b800000, 0x000000070b800000| Complete 
|  56|0x000000070ba00000, 0x000000070bc00000, 0x000000070bc00000|100%| E|CS|TAMS 0x000000070ba00000, 0x000000070ba00000| Complete 
|  57|0x000000070bc00000, 0x000000070be00000, 0x000000070be00000|100%| E|CS|TAMS 0x000000070bc00000, 0x000000070bc00000| Complete 
|  58|0x000000070be00000, 0x000000070c000000, 0x000000070c000000|100%| E|CS|TAMS 0x000000070be00000, 0x000000070be00000| Complete 
|  59|0x000000070c000000, 0x000000070c200000, 0x000000070c200000|100%| E|CS|TAMS 0x000000070c000000, 0x000000070c000000| Complete 
|  60|0x000000070c200000, 0x000000070c400000, 0x000000070c400000|100%| E|CS|TAMS 0x000000070c200000, 0x000000070c200000| Complete 
|  61|0x000000070c400000, 0x000000070c600000, 0x000000070c600000|100%| E|CS|TAMS 0x000000070c400000, 0x000000070c400000| Complete 
|  62|0x000000070c600000, 0x000000070c800000, 0x000000070c800000|100%| E|CS|TAMS 0x000000070c600000, 0x000000070c600000| Complete 
|  63|0x000000070c800000, 0x000000070ca00000, 0x000000070ca00000|100%| E|CS|TAMS 0x000000070c800000, 0x000000070c800000| Complete 
|  64|0x000000070ca00000, 0x000000070cc00000, 0x000000070cc00000|100%| E|CS|TAMS 0x000000070ca00000, 0x000000070ca00000| Complete 
|  65|0x000000070cc00000, 0x000000070ce00000, 0x000000070ce00000|100%| E|CS|TAMS 0x000000070cc00000, 0x000000070cc00000| Complete 
|  66|0x000000070ce00000, 0x000000070d000000, 0x000000070d000000|100%| E|CS|TAMS 0x000000070ce00000, 0x000000070ce00000| Complete 
|  67|0x000000070d000000, 0x000000070d200000, 0x000000070d200000|100%| E|CS|TAMS 0x000000070d000000, 0x000000070d000000| Complete 
|  68|0x000000070d200000, 0x000000070d400000, 0x000000070d400000|100%| E|CS|TAMS 0x000000070d200000, 0x000000070d200000| Complete 
|  69|0x000000070d400000, 0x000000070d600000, 0x000000070d600000|100%| E|CS|TAMS 0x000000070d400000, 0x000000070d400000| Complete 
|  70|0x000000070d600000, 0x000000070d800000, 0x000000070d800000|100%| E|CS|TAMS 0x000000070d600000, 0x000000070d600000| Complete 
|  71|0x000000070d800000, 0x000000070da00000, 0x000000070da00000|100%| E|CS|TAMS 0x000000070d800000, 0x000000070d800000| Complete 
|  72|0x000000070da00000, 0x000000070dc00000, 0x000000070dc00000|100%| E|CS|TAMS 0x000000070da00000, 0x000000070da00000| Complete 
|  73|0x000000070dc00000, 0x000000070de00000, 0x000000070de00000|100%| E|CS|TAMS 0x000000070dc00000, 0x000000070dc00000| Complete 
|  74|0x000000070de00000, 0x000000070e000000, 0x000000070e000000|100%| E|CS|TAMS 0x000000070de00000, 0x000000070de00000| Complete 
|  75|0x000000070e000000, 0x000000070e200000, 0x000000070e200000|100%| E|CS|TAMS 0x000000070e000000, 0x000000070e000000| Complete 
|  76|0x000000070e200000, 0x000000070e400000, 0x000000070e400000|100%| E|CS|TAMS 0x000000070e200000, 0x000000070e200000| Complete 
|  77|0x000000070e400000, 0x000000070e600000, 0x000000070e600000|100%| E|CS|TAMS 0x000000070e400000, 0x000000070e400000| Complete 
|  78|0x000000070e600000, 0x000000070e800000, 0x000000070e800000|100%| E|CS|TAMS 0x000000070e600000, 0x000000070e600000| Complete 
|  79|0x000000070e800000, 0x000000070ea00000, 0x000000070ea00000|100%| E|CS|TAMS 0x000000070e800000, 0x000000070e800000| Complete 
|  80|0x000000070ea00000, 0x000000070ec00000, 0x000000070ec00000|100%| E|CS|TAMS 0x000000070ea00000, 0x000000070ea00000| Complete 
|  81|0x000000070ec00000, 0x000000070ee00000, 0x000000070ee00000|100%| E|CS|TAMS 0x000000070ec00000, 0x000000070ec00000| Complete 
|  82|0x000000070ee00000, 0x000000070ef5e540, 0x000000070f000000| 68%| S|CS|TAMS 0x000000070ee00000, 0x000000070ee00000| Complete 
|  83|0x000000070f000000, 0x000000070f200000, 0x000000070f200000|100%| E|CS|TAMS 0x000000070f000000, 0x000000070f000000| Complete 

Card table byte_map: [0x0000025a988a0000,0x0000025a99080000] _byte_map_base: 0x0000025a9507b000

Marking Bits (Prev, Next): (CMBitMap*) 0x0000025a919a4500, (CMBitMap*) 0x0000025a919a44c0
 Prev Bits: [0x0000025a9d740000, 0x0000025aa1618000)
 Next Bits: [0x0000025a99860000, 0x0000025a9d738000)

Polling page: 0x0000025a910c0000

Metaspace:

Usage:
  Non-class:     94.86 MB used.
      Class:     14.48 MB used.
       Both:    109.34 MB used.

Virtual space:
  Non-class space:       96.00 MB reserved,      95.19 MB (>99%) committed,  12 nodes.
      Class space:        1.00 GB reserved,      14.81 MB (  1%) committed,  1 nodes.
             Both:        1.09 GB reserved,     110.00 MB ( 10%) committed. 

Chunk freelists:
   Non-Class:  195.00 KB
       Class:  1.19 MB
        Both:  1.38 MB

MaxMetaspaceSize: unlimited
CompressedClassSpaceSize: 1.00 GB
Initial GC threshold: 21.00 MB
Current GC threshold: 182.31 MB
CDS: off
MetaspaceReclaimPolicy: balanced
 - commit_granule_bytes: 65536.
 - commit_granule_words: 8192.
 - virtual_space_node_default_size: 1048576.
 - enlarge_chunks_in_place: 1.
 - new_chunks_are_fully_committed: 0.
 - uncommit_free_chunks: 1.
 - use_allocation_guard: 0.
 - handle_deallocations: 1.


Internal statistics:

num_allocs_failed_limit: 9.
num_arena_births: 1878.
num_arena_deaths: 856.
num_vsnodes_births: 13.
num_vsnodes_deaths: 0.
num_space_committed: 1760.
num_space_uncommitted: 0.
num_chunks_returned_to_freelist: 1156.
num_chunks_taken_from_freelist: 6870.
num_chunk_merges: 326.
num_chunk_splits: 4045.
num_chunks_enlarged: 2707.
num_purges: 40.
num_inconsistent_stats: 0.

CodeCache: size=49152Kb used=28896Kb max_used=30583Kb free=20255Kb
 bounds [0x0000025a94fb0000, 0x0000025a96db0000, 0x0000025a97fb0000]
 total_blobs=16697 nmethods=15969 adapters=654
 compilation: enabled
              stopped_count=0, restarted_count=0
 full_count=0

Compilation events (20 events):
Event: 1385.040 Thread 0x0000025aac2af800 16115       1       org.hibernate.query.sqm.tree.domain.AbstractSqmFrom::setExplicitAlias (6 bytes)
Event: 1385.040 Thread 0x0000025aac2af800 nmethod 16115 0x0000025a96b05890 code [0x0000025a96b05a20, 0x0000025a96b05b38]
Event: 1385.046 Thread 0x0000025aac2af800 16116       1       org.postgresql.core.v3.SimpleParameterList::<init> (45 bytes)
Event: 1385.046 Thread 0x0000025aac2af800 nmethod 16116 0x0000025a96b05090 code [0x0000025a96b05240, 0x0000025a96b05778]
Event: 1385.049 Thread 0x0000025aac2af800 16117       1       org.hibernate.persister.collection.AbstractCollectionPersister::getCollectionType (5 bytes)
Event: 1385.049 Thread 0x0000025aac2af800 nmethod 16117 0x0000025a96b04d90 code [0x0000025a96b04f20, 0x0000025a96b04ff8]
Event: 1385.072 Thread 0x0000025aa4223ab0 16118       1       org.apache.tomcat.util.threads.TaskThread::getCreationTime (5 bytes)
Event: 1385.072 Thread 0x0000025aa4223ab0 nmethod 16118 0x0000025a96b04a90 code [0x0000025a96b04c20, 0x0000025a96b04cf8]
Event: 1385.519 Thread 0x0000025aac2af2f0 16119       1       com.zaxxer.hikari.pool.ProxyLeakTaskFactory::updateLeakDetectionThreshold (6 bytes)
Event: 1385.519 Thread 0x0000025aac2adeb0 16120       1       com.zaxxer.hikari.HikariConfig::getIdleTimeout (5 bytes)
Event: 1385.519 Thread 0x0000025aac2adeb0 nmethod 16120 0x0000025a96b04790 code [0x0000025a96b04920, 0x0000025a96b049f8]
Event: 1385.519 Thread 0x0000025aac2af2f0 nmethod 16119 0x0000025a96b04490 code [0x0000025a96b04620, 0x0000025a96b046f8]
Event: 1421.033 Thread 0x0000025aa4223ab0 16121       1       org.postgresql.util.LazyCleaner::access$300 (5 bytes)
Event: 1421.034 Thread 0x0000025aa4223ab0 nmethod 16121 0x0000025a96b04190 code [0x0000025a96b04320, 0x0000025a96b043d8]
Event: 1501.032 Thread 0x0000025aa4223ab0 16122       1       java.io.ObjectInputStream$PeekInputStream::getBytesRead (5 bytes)
Event: 1501.032 Thread 0x0000025aa4223ab0 nmethod 16122 0x0000025a96b03e90 code [0x0000025a96b04020, 0x0000025a96b040f8]
Event: 1501.032 Thread 0x0000025aa4223ab0 16123       1       jdk.internal.event.DeserializationEvent::shouldCommit (2 bytes)
Event: 1501.032 Thread 0x0000025aa4223ab0 nmethod 16123 0x0000025a96b03b90 code [0x0000025a96b03d20, 0x0000025a96b03df8]
Event: 1501.034 Thread 0x0000025aa4223ab0 16124       1       java.io.ObjectStreamField::getOffset (5 bytes)
Event: 1501.034 Thread 0x0000025aa4223ab0 nmethod 16124 0x0000025a96b03890 code [0x0000025a96b03a20, 0x0000025a96b03af8]

GC Heap History (20 events):
Event: 1297.421 GC heap before
{Heap before GC invocations=124 (full 3):
 garbage-first heap   total 143360K, used 111114K [0x0000000704a00000, 0x0000000800000000)
  region size 2048K, 34 young (69632K), 4 survivors (8192K)
 Metaspace       used 107990K, committed 108608K, reserved 1146880K
  class space    used 14456K, committed 14784K, reserved 1048576K
}
Event: 1297.428 GC heap after
{Heap after GC invocations=125 (full 3):
 garbage-first heap   total 143360K, used 51023K [0x0000000704a00000, 0x0000000800000000)
  region size 2048K, 2 young (4096K), 2 survivors (4096K)
 Metaspace       used 107990K, committed 108608K, reserved 1146880K
  class space    used 14456K, committed 14784K, reserved 1048576K
}
Event: 1298.074 GC heap before
{Heap before GC invocations=125 (full 3):
 garbage-first heap   total 143360K, used 114511K [0x0000000704a00000, 0x0000000800000000)
  region size 2048K, 33 young (67584K), 2 survivors (4096K)
 Metaspace       used 108369K, committed 109056K, reserved 1146880K
  class space    used 14495K, committed 14848K, reserved 1048576K
}
Event: 1298.081 GC heap after
{Heap after GC invocations=126 (full 3):
 garbage-first heap   total 143360K, used 54175K [0x0000000704a00000, 0x0000000800000000)
  region size 2048K, 4 young (8192K), 4 survivors (8192K)
 Metaspace       used 108369K, committed 109056K, reserved 1146880K
  class space    used 14495K, committed 14848K, reserved 1048576K
}
Event: 1298.452 GC heap before
{Heap before GC invocations=127 (full 3):
 garbage-first heap   total 143360K, used 111519K [0x0000000704a00000, 0x0000000800000000)
  region size 2048K, 32 young (65536K), 4 survivors (8192K)
 Metaspace       used 108800K, committed 109440K, reserved 1146880K
  class space    used 14529K, committed 14848K, reserved 1048576K
}
Event: 1298.459 GC heap after
{Heap after GC invocations=128 (full 3):
 garbage-first heap   total 143360K, used 55341K [0x0000000704a00000, 0x0000000800000000)
  region size 2048K, 3 young (6144K), 3 survivors (6144K)
 Metaspace       used 108800K, committed 109440K, reserved 1146880K
  class space    used 14529K, committed 14848K, reserved 1048576K
}
Event: 1298.869 GC heap before
{Heap before GC invocations=128 (full 3):
 garbage-first heap   total 143360K, used 114733K [0x0000000704a00000, 0x0000000800000000)
  region size 2048K, 32 young (65536K), 3 survivors (6144K)
 Metaspace       used 109352K, committed 110016K, reserved 1146880K
  class space    used 14579K, committed 14912K, reserved 1048576K
}
Event: 1298.874 GC heap after
{Heap after GC invocations=129 (full 3):
 garbage-first heap   total 143360K, used 56573K [0x0000000704a00000, 0x0000000800000000)
  region size 2048K, 2 young (4096K), 2 survivors (4096K)
 Metaspace       used 109352K, committed 110016K, reserved 1146880K
  class space    used 14579K, committed 14912K, reserved 1048576K
}
Event: 1299.283 GC heap before
{Heap before GC invocations=130 (full 3):
 garbage-first heap   total 143360K, used 113917K [0x0000000704a00000, 0x0000000800000000)
  region size 2048K, 30 young (61440K), 2 survivors (4096K)
 Metaspace       used 109663K, committed 110336K, reserved 1146880K
  class space    used 14605K, committed 14976K, reserved 1048576K
}
Event: 1299.286 GC heap after
{Heap after GC invocations=131 (full 3):
 garbage-first heap   total 143360K, used 56864K [0x0000000704a00000, 0x0000000800000000)
  region size 2048K, 2 young (4096K), 2 survivors (4096K)
 Metaspace       used 109663K, committed 110336K, reserved 1146880K
  class space    used 14605K, committed 14976K, reserved 1048576K
}
Event: 1299.666 GC heap before
{Heap before GC invocations=131 (full 3):
 garbage-first heap   total 143360K, used 116256K [0x0000000704a00000, 0x0000000800000000)
  region size 2048K, 31 young (63488K), 2 survivors (4096K)
 Metaspace       used 110057K, committed 110720K, reserved 1146880K
  class space    used 14635K, committed 14976K, reserved 1048576K
}
Event: 1299.669 GC heap after
{Heap after GC invocations=132 (full 3):
 garbage-first heap   total 143360K, used 57815K [0x0000000704a00000, 0x0000000800000000)
  region size 2048K, 2 young (4096K), 2 survivors (4096K)
 Metaspace       used 110057K, committed 110720K, reserved 1146880K
  class space    used 14635K, committed 14976K, reserved 1048576K
}
Event: 1300.154 GC heap before
{Heap before GC invocations=133 (full 3):
 garbage-first heap   total 143360K, used 117207K [0x0000000704a00000, 0x0000000800000000)
  region size 2048K, 31 young (63488K), 2 survivors (4096K)
 Metaspace       used 110623K, committed 111296K, reserved 1146880K
  class space    used 14686K, committed 15040K, reserved 1048576K
}
Event: 1300.158 GC heap after
{Heap after GC invocations=134 (full 3):
 garbage-first heap   total 143360K, used 58797K [0x0000000704a00000, 0x0000000800000000)
  region size 2048K, 3 young (6144K), 3 survivors (6144K)
 Metaspace       used 110623K, committed 111296K, reserved 1146880K
  class space    used 14686K, committed 15040K, reserved 1048576K
}
Event: 1300.744 GC heap before
{Heap before GC invocations=134 (full 3):
 garbage-first heap   total 143360K, used 116141K [0x0000000704a00000, 0x0000000800000000)
  region size 2048K, 31 young (63488K), 3 survivors (6144K)
 Metaspace       used 111099K, committed 111808K, reserved 1146880K
  class space    used 14725K, committed 15104K, reserved 1048576K
}
Event: 1300.750 GC heap after
{Heap after GC invocations=135 (full 3):
 garbage-first heap   total 172032K, used 61594K [0x0000000704a00000, 0x0000000800000000)
  region size 2048K, 4 young (8192K), 4 survivors (8192K)
 Metaspace       used 111099K, committed 111808K, reserved 1146880K
  class space    used 14725K, committed 15104K, reserved 1048576K
}
Event: 1362.381 GC heap before
{Heap before GC invocations=136 (full 3):
 garbage-first heap   total 172032K, used 137370K [0x0000000704a00000, 0x0000000800000000)
  region size 2048K, 41 young (83968K), 4 survivors (8192K)
 Metaspace       used 111870K, committed 112576K, reserved 1146880K
  class space    used 14820K, committed 15168K, reserved 1048576K
}
Event: 1362.387 GC heap after
{Heap after GC invocations=137 (full 3):
 garbage-first heap   total 172032K, used 64088K [0x0000000704a00000, 0x0000000800000000)
  region size 2048K, 5 young (10240K), 5 survivors (10240K)
 Metaspace       used 111870K, committed 112576K, reserved 1146880K
  class space    used 14820K, committed 15168K, reserved 1048576K
}
Event: 1362.969 GC heap before
{Heap before GC invocations=137 (full 3):
 garbage-first heap   total 172032K, used 66136K [0x0000000704a00000, 0x0000000800000000)
  region size 2048K, 6 young (12288K), 5 survivors (10240K)
 Metaspace       used 111896K, committed 112576K, reserved 1146880K
  class space    used 14820K, committed 15168K, reserved 1048576K
}
Event: 1362.978 GC heap after
{Heap after GC invocations=138 (full 3):
 garbage-first heap   total 172032K, used 59809K [0x0000000704a00000, 0x0000000800000000)
  region size 2048K, 1 young (2048K), 1 survivors (2048K)
 Metaspace       used 111896K, committed 112576K, reserved 1146880K
  class space    used 14820K, committed 15168K, reserved 1048576K
}

Deoptimization events (20 events):
Event: 1501.033 Thread 0x0000025aa5a52b20 DEOPT PACKING pc=0x0000025a95c63c8c sp=0x00000083eadfd920
Event: 1501.033 Thread 0x0000025aa5a52b20 DEOPT UNPACKING pc=0x0000025a95006763 sp=0x00000083eadfce88 mode 1
Event: 1501.033 Thread 0x0000025aa5a52b20 DEOPT PACKING pc=0x0000025a95c63c8c sp=0x00000083eadfd920
Event: 1501.033 Thread 0x0000025aa5a52b20 DEOPT UNPACKING pc=0x0000025a95006763 sp=0x00000083eadfce88 mode 1
Event: 1501.033 Thread 0x0000025aa5a52b20 DEOPT PACKING pc=0x0000025a95f868dc sp=0x00000083eadfd440
Event: 1501.033 Thread 0x0000025aa5a52b20 DEOPT UNPACKING pc=0x0000025a95006763 sp=0x00000083eadfc9a8 mode 1
Event: 1501.033 Thread 0x0000025aa5a52b20 DEOPT PACKING pc=0x0000025a95c63c8c sp=0x00000083eadfd4b0
Event: 1501.033 Thread 0x0000025aa5a52b20 DEOPT UNPACKING pc=0x0000025a95006763 sp=0x00000083eadfca18 mode 1
Event: 1501.033 Thread 0x0000025aa5a52b20 DEOPT PACKING pc=0x0000025a95c63c8c sp=0x00000083eadfd4b0
Event: 1501.033 Thread 0x0000025aa5a52b20 DEOPT UNPACKING pc=0x0000025a95006763 sp=0x00000083eadfca18 mode 1
Event: 1501.033 Thread 0x0000025aa5a52b20 DEOPT PACKING pc=0x0000025a95c63c8c sp=0x00000083eadfd4b0
Event: 1501.033 Thread 0x0000025aa5a52b20 DEOPT UNPACKING pc=0x0000025a95006763 sp=0x00000083eadfca18 mode 1
Event: 1501.033 Thread 0x0000025aa5a52b20 DEOPT PACKING pc=0x0000025a95c63c8c sp=0x00000083eadfd4b0
Event: 1501.033 Thread 0x0000025aa5a52b20 DEOPT UNPACKING pc=0x0000025a95006763 sp=0x00000083eadfca18 mode 1
Event: 1501.033 Thread 0x0000025aa5a52b20 DEOPT PACKING pc=0x0000025a95c63c8c sp=0x00000083eadfd4b0
Event: 1501.033 Thread 0x0000025aa5a52b20 DEOPT UNPACKING pc=0x0000025a95006763 sp=0x00000083eadfca18 mode 1
Event: 1501.034 Thread 0x0000025aa5a52b20 DEOPT PACKING pc=0x0000025a95c63c8c sp=0x00000083eadfd4b0
Event: 1501.034 Thread 0x0000025aa5a52b20 DEOPT UNPACKING pc=0x0000025a95006763 sp=0x00000083eadfca18 mode 1
Event: 1501.034 Thread 0x0000025aa5a52b20 DEOPT PACKING pc=0x0000025a95c63c8c sp=0x00000083eadfd4b0
Event: 1501.034 Thread 0x0000025aa5a52b20 DEOPT UNPACKING pc=0x0000025a95006763 sp=0x00000083eadfca18 mode 1

Classes unloaded (20 events):
Event: 1292.529 Thread 0x0000025aa39c3d30 Unloading class 0x0000000800dc8400 'jdk/internal/reflect/GeneratedConstructorAccessor115'
Event: 1292.529 Thread 0x0000025aa39c3d30 Unloading class 0x0000000800dbcc00 'jdk/internal/reflect/GeneratedConstructorAccessor113'
Event: 1292.529 Thread 0x0000025aa39c3d30 Unloading class 0x0000000800dbc800 'jdk/internal/reflect/GeneratedConstructorAccessor112'
Event: 1292.529 Thread 0x0000025aa39c3d30 Unloading class 0x0000000800dbc400 'jdk/internal/reflect/GeneratedConstructorAccessor111'
Event: 1292.529 Thread 0x0000025aa39c3d30 Unloading class 0x0000000800dbc000 'jdk/internal/reflect/GeneratedConstructorAccessor110'
Event: 1297.008 Thread 0x0000025aa39c3d30 Unloading class 0x0000000800da4800 'jdk/internal/reflect/GeneratedSerializationConstructorAccessor158'
Event: 1297.009 Thread 0x0000025aa39c3d30 Unloading class 0x0000000800da5000 'jdk/internal/reflect/GeneratedSerializationConstructorAccessor157'
Event: 1297.009 Thread 0x0000025aa39c3d30 Unloading class 0x0000000800da8c00 'jdk/internal/reflect/GeneratedSerializationConstructorAccessor156'
Event: 1298.163 Thread 0x0000025aa39c3d30 Unloading class 0x0000000800d79c00 'jdk/internal/reflect/GeneratedSerializationConstructorAccessor116'
Event: 1298.951 Thread 0x0000025aa39c3d30 Unloading class 0x0000000800e55c00 'jdk/internal/reflect/GeneratedSerializationConstructorAccessor161'
Event: 1298.951 Thread 0x0000025aa39c3d30 Unloading class 0x0000000800e55800 'jdk/internal/reflect/GeneratedSerializationConstructorAccessor160'
Event: 1298.951 Thread 0x0000025aa39c3d30 Unloading class 0x0000000800e55400 'jdk/internal/reflect/GeneratedSerializationConstructorAccessor159'
Event: 1299.745 Thread 0x0000025aa39c3d30 Unloading class 0x0000000800e70000 'jdk/internal/reflect/GeneratedSerializationConstructorAccessor163'
Event: 1299.745 Thread 0x0000025aa39c3d30 Unloading class 0x0000000800e6d800 'jdk/internal/reflect/GeneratedSerializationConstructorAccessor162'
Event: 1300.829 Thread 0x0000025aa39c3d30 Unloading class 0x0000000800dfec00 'jdk/internal/reflect/GeneratedMethodAccessor112'
Event: 1300.829 Thread 0x0000025aa39c3d30 Unloading class 0x0000000800dfcc00 'jdk/internal/reflect/GeneratedMethodAccessor104'
Event: 1300.829 Thread 0x0000025aa39c3d30 Unloading class 0x0000000800dfc800 'jdk/internal/reflect/GeneratedMethodAccessor103'
Event: 1300.829 Thread 0x0000025aa39c3d30 Unloading class 0x0000000800d95000 'org/apache/catalina/loader/JdbcLeakPrevention'
Event: 1300.829 Thread 0x0000025aa39c3d30 Unloading class 0x0000000800dc9000 'jdk/internal/reflect/GeneratedConstructorAccessor118'
Event: 1300.829 Thread 0x0000025aa39c3d30 Unloading class 0x0000000800dc8c00 'jdk/internal/reflect/GeneratedConstructorAccessor117'

Classes redefined (10 events):
Event: 729.630 Thread 0x0000025aa39c3d30 redefined class name=br.com.ultraworks.erp.core.multitenancy.config.tenant.TenantPersistenceConfig, count=1
Event: 1090.779 Thread 0x0000025aa39c3d30 redefined class name=br.com.ultraworks.erp.core.multitenancy.config.tenant.TenantPersistenceConfig, count=1
Event: 1090.779 Thread 0x0000025aa39c3d30 redefined class name=br.com.ultraworks.erp.core.multitenancy.config.tenant.TenantPersistenceConfig, count=2
Event: 1290.915 Thread 0x0000025aa39c3d30 redefined class name=br.com.ultraworks.erp.api.relacionamento.service.ParceiroService, count=1
Event: 1290.915 Thread 0x0000025aa39c3d30 redefined class name=br.com.ultraworks.erp.api.relacionamento.service.ParceiroService, count=1
Event: 1290.915 Thread 0x0000025aa39c3d30 redefined class name=br.com.ultraworks.erp.api.relacionamento.service.ParceiroService, count=1
Event: 1513.667 Thread 0x0000025aa39c3d30 redefined class name=br.com.ultraworks.erp.core.generics.GenericController, count=1
Event: 1513.667 Thread 0x0000025aa39c3d30 redefined class name=br.com.ultraworks.erp.core.generics.GenericController, count=1
Event: 1513.667 Thread 0x0000025aa39c3d30 redefined class name=br.com.ultraworks.erp.core.generics.GenericController, count=1
Event: 1513.667 Thread 0x0000025aa39c3d30 redefined class name=br.com.ultraworks.erp.core.generics.GenericController, count=1

Internal exceptions (20 events):
Event: 1298.399 Thread 0x0000025aac308160 Exception <a 'java/lang/reflect/InvocationTargetException'{0x000000070a9d6288}> (0x000000070a9d6288) 
thrown [s\src\hotspot\share\runtime\reflection.cpp, line 1121]
Event: 1298.793 Thread 0x0000025aac308160 Exception <a 'java/lang/reflect/InvocationTargetException'{0x000000070ab50398}> (0x000000070ab50398) 
thrown [s\src\hotspot\share\runtime\reflection.cpp, line 1121]
Event: 1298.834 Thread 0x0000025aac308160 Exception <a 'java/lang/reflect/InvocationTargetException'{0x000000070a33d340}> (0x000000070a33d340) 
thrown [s\src\hotspot\share\runtime\reflection.cpp, line 1121]
Event: 1299.090 Thread 0x0000025aac308160 Exception <a 'java/lang/reflect/InvocationTargetException'{0x000000070bab2a78}> (0x000000070bab2a78) 
thrown [s\src\hotspot\share\runtime\reflection.cpp, line 1121]
Event: 1299.143 Thread 0x0000025aac308160 Exception <a 'java/lang/reflect/InvocationTargetException'{0x000000070b29da68}> (0x000000070b29da68) 
thrown [s\src\hotspot\share\runtime\reflection.cpp, line 1121]
Event: 1299.232 Thread 0x0000025aac308160 Exception <a 'java/lang/reflect/InvocationTargetException'{0x000000070a4ef8a0}> (0x000000070a4ef8a0) 
thrown [s\src\hotspot\share\runtime\reflection.cpp, line 1121]
Event: 1299.314 Thread 0x0000025aac308160 Exception <a 'java/lang/reflect/InvocationTargetException'{0x000000070cf3be20}> (0x000000070cf3be20) 
thrown [s\src\hotspot\share\runtime\reflection.cpp, line 1121]
Event: 1299.353 Thread 0x0000025aac308160 Exception <a 'java/lang/reflect/InvocationTargetException'{0x000000070c732f48}> (0x000000070c732f48) 
thrown [s\src\hotspot\share\runtime\reflection.cpp, line 1121]
Event: 1299.489 Thread 0x0000025aac308160 Exception <a 'java/lang/reflect/InvocationTargetException'{0x000000070ba15c58}> (0x000000070ba15c58) 
thrown [s\src\hotspot\share\runtime\reflection.cpp, line 1121]
Event: 1299.530 Thread 0x0000025aac308160 Exception <a 'java/lang/reflect/InvocationTargetException'{0x000000070b2683e8}> (0x000000070b2683e8) 
thrown [s\src\hotspot\share\runtime\reflection.cpp, line 1121]
Event: 1299.532 Thread 0x0000025aac308160 Exception <a 'java/lang/reflect/InvocationTargetException'{0x000000070b284578}> (0x000000070b284578) 
thrown [s\src\hotspot\share\runtime\reflection.cpp, line 1121]
Event: 1299.533 Thread 0x0000025aac308160 Exception <a 'java/lang/reflect/InvocationTargetException'{0x000000070b2974f8}> (0x000000070b2974f8) 
thrown [s\src\hotspot\share\runtime\reflection.cpp, line 1121]
Event: 1299.566 Thread 0x0000025aac308160 Exception <a 'java/lang/reflect/InvocationTargetException'{0x000000070aaa2130}> (0x000000070aaa2130) 
thrown [s\src\hotspot\share\runtime\reflection.cpp, line 1121]
Event: 1329.951 Thread 0x0000025aac305fb0 Exception <a 'java/lang/NoSuchMethodError'{0x000000070c739260}: 'java.lang.Object java.lang.invoke.Invokers$Holder.linkToTargetMethod(java.lang.Object, int, java.lang.Object, java.lang.Object, java.lang.Object, java.lang.Object)'> (0x000000070c739260) 
thrown [s\src\hotspot\share\interpreter\linkResolver.cpp, line 759]
Event: 1329.962 Thread 0x0000025aac305fb0 Exception <a 'java/lang/NoSuchMethodError'{0x000000070c794f30}: 'void java.lang.invoke.DirectMethodHandle$Holder.invokeStatic(java.lang.Object, java.lang.Object, java.lang.Object, java.lang.Object, java.lang.Object, java.lang.Object, java.lang.Object, java.lang.Object, java.lang.Object)'> (0x000000070c794f30) 
thrown [s\src\hotspot\share\interpreter\linkResolver.cpp, line 759]
Event: 1385.060 Thread 0x0000025aac308fd0 Exception <a 'java/lang/reflect/InvocationTargetException'{0x000000070e1e9948}> (0x000000070e1e9948) 
thrown [s\src\hotspot\share\runtime\reflection.cpp, line 1121]
Event: 1385.062 Thread 0x0000025aac308fd0 Exception <a 'java/lang/reflect/InvocationTargetException'{0x000000070e1f0e20}> (0x000000070e1f0e20) 
thrown [s\src\hotspot\share\runtime\reflection.cpp, line 1121]
Event: 1385.062 Thread 0x0000025aac308fd0 Exception <a 'java/lang/reflect/InvocationTargetException'{0x000000070e1f18e8}> (0x000000070e1f18e8) 
thrown [s\src\hotspot\share\runtime\reflection.cpp, line 1121]
Event: 1385.062 Thread 0x0000025aac308fd0 Exception <a 'java/lang/reflect/InvocationTargetException'{0x000000070e1f23b0}> (0x000000070e1f23b0) 
thrown [s\src\hotspot\share\runtime\reflection.cpp, line 1121]
Event: 1501.034 Thread 0x0000025aa5a52b20 Exception <a 'java/lang/NoSuchMethodError'{0x000000070ab2fb28}: static [B.<clinit>()V> (0x000000070ab2fb28) 
thrown [s\src\hotspot\share\prims\jni.cpp, line 1107]

VM Operations (20 events):
Event: 1384.152 Executing VM operation: get/set locals
Event: 1384.152 Executing VM operation: get/set locals done
Event: 1384.153 Executing VM operation: get/set locals
Event: 1384.154 Executing VM operation: get/set locals done
Event: 1384.155 Executing VM operation: get/set locals
Event: 1384.156 Executing VM operation: get/set locals done
Event: 1384.156 Executing VM operation: get/set locals
Event: 1384.157 Executing VM operation: get/set locals done
Event: 1384.157 Executing VM operation: get/set locals
Event: 1384.157 Executing VM operation: get/set locals done
Event: 1384.158 Executing VM operation: get/set locals
Event: 1384.158 Executing VM operation: get/set locals done
Event: 1384.159 Executing VM operation: get/set locals
Event: 1384.159 Executing VM operation: get/set locals done
Event: 1384.160 Executing VM operation: get/set locals
Event: 1384.160 Executing VM operation: get/set locals done
Event: 1385.167 Executing VM operation: Cleanup
Event: 1385.167 Executing VM operation: Cleanup done
Event: 1513.650 Executing VM operation: RedefineClasses
Event: 1513.697 Executing VM operation: RedefineClasses done

Events (20 events):
Event: 1300.978 Thread 0x0000025aabd81400 Thread added: 0x0000025aabd81400
Event: 1301.034 Thread 0x0000025aac308160 Thread exited: 0x0000025aac308160
Event: 1301.034 Thread 0x0000025aac305610 Thread exited: 0x0000025aac305610
Event: 1306.492 Thread 0x0000025aabd81400 Thread exited: 0x0000025aabd81400
Event: 1306.507 Thread 0x0000025aac2ae3c0 Thread exited: 0x0000025aac2ae3c0
Event: 1311.498 Thread 0x0000025aac2adeb0 Thread exited: 0x0000025aac2adeb0
Event: 1311.498 Thread 0x0000025aac2b0220 Thread exited: 0x0000025aac2b0220
Event: 1330.073 Thread 0x0000025aac2ae3c0 Thread added: 0x0000025aac2ae3c0
Event: 1333.178 Thread 0x0000025aac2ae3c0 Thread exited: 0x0000025aac2ae3c0
Event: 1334.338 Thread 0x0000025aac2ae3c0 Thread added: 0x0000025aac2ae3c0
Event: 1336.902 Thread 0x0000025aac2ae3c0 Thread exited: 0x0000025aac2ae3c0
Event: 1336.908 Thread 0x0000025aac2adeb0 Thread added: 0x0000025aac2adeb0
Event: 1341.954 Thread 0x0000025aac2adeb0 Thread exited: 0x0000025aac2adeb0
Event: 1384.880 Thread 0x0000025aac2adeb0 Thread added: 0x0000025aac2adeb0
Event: 1384.880 Thread 0x0000025aac2af2f0 Thread added: 0x0000025aac2af2f0
Event: 1384.880 Thread 0x0000025aac2af800 Thread added: 0x0000025aac2af800
Event: 1390.530 Thread 0x0000025aac2af800 Thread exited: 0x0000025aac2af800
Event: 1390.530 Thread 0x0000025aac2af2f0 Thread exited: 0x0000025aac2af2f0
Event: 1395.540 Thread 0x0000025aac2adeb0 Thread exited: 0x0000025aac2adeb0
Event: 1420.850 Thread 0x0000025aabd7fbf0 Thread exited: 0x0000025aabd7fbf0


Dynamic libraries:
0x00007ff62d330000 - 0x00007ff62d33e000 	C:\Accenture\Ferramentas\IDE\sts-4.15.3.RELEASE\plugins\org.eclipse.justj.openjdk.hotspot.jre.full.win32.x86_64_17.0.4.v20220805-1047\jre\bin\javaw.exe
0x00007ffaf5800000 - 0x00007ffaf5a09000 	C:\windows\SYSTEM32\ntdll.dll
0x00007ffaf3ac0000 - 0x00007ffaf3b7d000 	C:\windows\System32\KERNEL32.DLL
0x00007ffaf3180000 - 0x00007ffaf3505000 	C:\windows\System32\KERNELBASE.dll
0x00007ffaf3510000 - 0x00007ffaf3621000 	C:\windows\System32\ucrtbase.dll
0x00007ffaa01b0000 - 0x00007ffaa01c8000 	C:\Accenture\Ferramentas\IDE\sts-4.15.3.RELEASE\plugins\org.eclipse.justj.openjdk.hotspot.jre.full.win32.x86_64_17.0.4.v20220805-1047\jre\bin\jli.dll
0x00007ffa778c0000 - 0x00007ffa778d9000 	C:\Accenture\Ferramentas\IDE\sts-4.15.3.RELEASE\plugins\org.eclipse.justj.openjdk.hotspot.jre.full.win32.x86_64_17.0.4.v20220805-1047\jre\bin\VCRUNTIME140.dll
0x00007ffaf4110000 - 0x00007ffaf42bc000 	C:\windows\System32\USER32.dll
0x00007ffaf2d00000 - 0x00007ffaf2d26000 	C:\windows\System32\win32u.dll
0x00007ffaf3b80000 - 0x00007ffaf3ba9000 	C:\windows\System32\GDI32.dll
0x00007ffaf2fc0000 - 0x00007ffaf30db000 	C:\windows\System32\gdi32full.dll
0x00007ffac2ff0000 - 0x00007ffac3295000 	C:\windows\WinSxS\amd64_microsoft.windows.common-controls_6595b64144ccf1df_6.0.22000.2600_none_1b65155c6ae217ae\COMCTL32.dll
0x00007ffaf2d30000 - 0x00007ffaf2dcd000 	C:\windows\System32\msvcp_win.dll
0x00007ffaf3930000 - 0x00007ffaf39d3000 	C:\windows\System32\msvcrt.dll
0x00007ffaf4d20000 - 0x00007ffaf4d51000 	C:\windows\System32\IMM32.DLL
0x00007ffaf13b0000 - 0x00007ffaf1532000 	C:\Program Files\Avecto\Privilege Guard Client\PGHook.dll
0x00007ffaf3870000 - 0x00007ffaf3922000 	C:\windows\System32\ADVAPI32.dll
0x00007ffaf47f0000 - 0x00007ffaf4892000 	C:\windows\System32\sechost.dll
0x00007ffaf30e0000 - 0x00007ffaf3107000 	C:\windows\System32\bcrypt.dll
0x00007ffaf3e70000 - 0x00007ffaf3f92000 	C:\windows\System32\RPCRT4.dll
0x00000000663a0000 - 0x0000000066412000 	C:\windows\System32\QIPCAP64.dll
0x00007ffaf4ff0000 - 0x00007ffaf57b5000 	C:\windows\System32\SHELL32.dll
0x00007ffaf1570000 - 0x00007ffaf1657000 	C:\windows\SYSTEM32\DNSAPI.dll
0x00007ffaf1540000 - 0x00007ffaf156d000 	C:\windows\SYSTEM32\IPHLPAPI.DLL
0x00007ffaf3de0000 - 0x00007ffaf3de9000 	C:\windows\System32\NSI.dll
0x00007ffaa0d30000 - 0x00007ffaa0d3c000 	C:\Accenture\Ferramentas\IDE\sts-4.15.3.RELEASE\plugins\org.eclipse.justj.openjdk.hotspot.jre.full.win32.x86_64_17.0.4.v20220805-1047\jre\bin\vcruntime140_1.dll
0x00007ffa6c760000 - 0x00007ffa6c7f1000 	C:\Accenture\Ferramentas\IDE\sts-4.15.3.RELEASE\plugins\org.eclipse.justj.openjdk.hotspot.jre.full.win32.x86_64_17.0.4.v20220805-1047\jre\bin\msvcp140.dll
0x00007ffa65d60000 - 0x00007ffa669a6000 	C:\Accenture\Ferramentas\IDE\sts-4.15.3.RELEASE\plugins\org.eclipse.justj.openjdk.hotspot.jre.full.win32.x86_64_17.0.4.v20220805-1047\jre\bin\server\jvm.dll
0x00007ffaf3e60000 - 0x00007ffaf3e68000 	C:\windows\System32\PSAPI.DLL
0x00007ffac63e0000 - 0x00007ffac63e9000 	C:\windows\SYSTEM32\WSOCK32.dll
0x00007ffaf3fc0000 - 0x00007ffaf402f000 	C:\windows\System32\WS2_32.dll
0x00007ffae8f30000 - 0x00007ffae8f63000 	C:\windows\SYSTEM32\WINMM.dll
0x00007ffaf0e80000 - 0x00007ffaf0e8a000 	C:\windows\SYSTEM32\VERSION.dll
0x00007ffaf1c70000 - 0x00007ffaf1c88000 	C:\windows\SYSTEM32\kernel.appcore.dll
0x00007ffaa1a70000 - 0x00007ffaa1a7a000 	C:\Accenture\Ferramentas\IDE\sts-4.15.3.RELEASE\plugins\org.eclipse.justj.openjdk.hotspot.jre.full.win32.x86_64_17.0.4.v20220805-1047\jre\bin\jimage.dll
0x00007ffaef480000 - 0x00007ffaef6a1000 	C:\windows\SYSTEM32\DBGHELP.DLL
0x00007ffacfe00000 - 0x00007ffacfe31000 	C:\windows\SYSTEM32\dbgcore.DLL
0x00007ffaf2dd0000 - 0x00007ffaf2e4f000 	C:\windows\System32\bcryptPrimitives.dll
0x00007ffab3d00000 - 0x00007ffab3d3b000 	C:\Accenture\Ferramentas\IDE\sts-4.15.3.RELEASE\plugins\org.eclipse.justj.openjdk.hotspot.jre.full.win32.x86_64_17.0.4.v20220805-1047\jre\bin\jdwp.dll
0x00007ffaa06f0000 - 0x00007ffaa06fe000 	C:\Accenture\Ferramentas\IDE\sts-4.15.3.RELEASE\plugins\org.eclipse.justj.openjdk.hotspot.jre.full.win32.x86_64_17.0.4.v20220805-1047\jre\bin\instrument.dll
0x00007ffa9ccf0000 - 0x00007ffa9cd15000 	C:\Accenture\Ferramentas\IDE\sts-4.15.3.RELEASE\plugins\org.eclipse.justj.openjdk.hotspot.jre.full.win32.x86_64_17.0.4.v20220805-1047\jre\bin\java.dll
0x00007ffa9ffb0000 - 0x00007ffa9ffc8000 	C:\Accenture\Ferramentas\IDE\sts-4.15.3.RELEASE\plugins\org.eclipse.justj.openjdk.hotspot.jre.full.win32.x86_64_17.0.4.v20220805-1047\jre\bin\zip.dll
0x00007ffaf0370000 - 0x00007ffaf0bd2000 	C:\windows\SYSTEM32\windows.storage.dll
0x00007ffaf4370000 - 0x00007ffaf46e6000 	C:\windows\System32\combase.dll
0x00007ffaf0200000 - 0x00007ffaf0367000 	C:\windows\SYSTEM32\wintypes.dll
0x00007ffaf4700000 - 0x00007ffaf47ea000 	C:\windows\System32\SHCORE.dll
0x00007ffaf4030000 - 0x00007ffaf408d000 	C:\windows\System32\shlwapi.dll
0x00007ffaf2b70000 - 0x00007ffaf2b95000 	C:\windows\SYSTEM32\profapi.dll
0x00007ffaec310000 - 0x00007ffaec31c000 	C:\Accenture\Ferramentas\IDE\sts-4.15.3.RELEASE\plugins\org.eclipse.justj.openjdk.hotspot.jre.full.win32.x86_64_17.0.4.v20220805-1047\jre\bin\dt_socket.dll
0x00007ffaf2220000 - 0x00007ffaf2287000 	C:\windows\system32\mswsock.dll
0x00007ffae7b50000 - 0x00007ffae7b5a000 	C:\Windows\System32\rasadhlp.dll
0x00007ffae9220000 - 0x00007ffae92a1000 	C:\windows\System32\fwpuclnt.dll
0x00007ffa9ccd0000 - 0x00007ffa9cce9000 	C:\Accenture\Ferramentas\IDE\sts-4.15.3.RELEASE\plugins\org.eclipse.justj.openjdk.hotspot.jre.full.win32.x86_64_17.0.4.v20220805-1047\jre\bin\net.dll
0x00007ffaf1c90000 - 0x00007ffaf1da4000 	C:\windows\SYSTEM32\WINHTTP.dll
0x00007ffa9ccb0000 - 0x00007ffa9ccc5000 	C:\Accenture\Ferramentas\IDE\sts-4.15.3.RELEASE\plugins\org.eclipse.justj.openjdk.hotspot.jre.full.win32.x86_64_17.0.4.v20220805-1047\jre\bin\nio.dll
0x00007ffab7970000 - 0x00007ffab7979000 	C:\Accenture\Ferramentas\IDE\sts-4.15.3.RELEASE\plugins\org.eclipse.justj.openjdk.hotspot.jre.full.win32.x86_64_17.0.4.v20220805-1047\jre\bin\management.dll
0x00007ffab6050000 - 0x00007ffab605b000 	C:\Accenture\Ferramentas\IDE\sts-4.15.3.RELEASE\plugins\org.eclipse.justj.openjdk.hotspot.jre.full.win32.x86_64_17.0.4.v20220805-1047\jre\bin\management_ext.dll
0x00007ffad2f50000 - 0x00007ffad2f67000 	C:\windows\system32\napinsp.dll
0x00007ffad2f30000 - 0x00007ffad2f4b000 	C:\windows\system32\pnrpnsp.dll
0x00007ffad2f10000 - 0x00007ffad2f22000 	C:\windows\System32\winrnr.dll
0x00007ffae7e90000 - 0x00007ffae7ea5000 	C:\windows\system32\wshbth.dll
0x00007ffad2ef0000 - 0x00007ffad2f0f000 	C:\windows\system32\nlansp_c.dll
0x00007ffaf24f0000 - 0x00007ffaf2508000 	C:\windows\SYSTEM32\CRYPTSP.dll
0x00007ffaf1bd0000 - 0x00007ffaf1c05000 	C:\windows\system32\rsaenh.dll
0x00007ffaf22c0000 - 0x00007ffaf22ec000 	C:\windows\SYSTEM32\USERENV.dll
0x00007ffaf24d0000 - 0x00007ffaf24dc000 	C:\windows\SYSTEM32\CRYPTBASE.dll
0x00007ffae8f70000 - 0x00007ffae8f89000 	C:\windows\SYSTEM32\dhcpcsvc6.DLL
0x00007ffae8f10000 - 0x00007ffae8f2e000 	C:\windows\SYSTEM32\dhcpcsvc.DLL
0x00007ffaa02a0000 - 0x00007ffaa02b0000 	C:\Accenture\Ferramentas\IDE\sts-4.15.3.RELEASE\plugins\org.eclipse.justj.openjdk.hotspot.jre.full.win32.x86_64_17.0.4.v20220805-1047\jre\bin\verify.dll
0x00007ffab7960000 - 0x00007ffab796e000 	C:\Accenture\Ferramentas\IDE\sts-4.15.3.RELEASE\plugins\org.eclipse.justj.openjdk.hotspot.jre.full.win32.x86_64_17.0.4.v20220805-1047\jre\bin\sunmscapi.dll
0x00007ffaf2e50000 - 0x00007ffaf2fb2000 	C:\windows\System32\CRYPT32.dll
0x00007ffaf2600000 - 0x00007ffaf262a000 	C:\windows\SYSTEM32\ncrypt.dll
0x00007ffaf25c0000 - 0x00007ffaf25f7000 	C:\windows\SYSTEM32\NTASN1.dll
0x00007ffae7d40000 - 0x00007ffae7d48000 	C:\windows\system32\wshunix.dll

dbghelp: loaded successfully - version: 4.0.5 - missing functions: none
symbol engine: initialized successfully - sym options: 0x614 - pdb path: .;C:\Accenture\Ferramentas\IDE\sts-4.15.3.RELEASE\plugins\org.eclipse.justj.openjdk.hotspot.jre.full.win32.x86_64_17.0.4.v20220805-1047\jre\bin;C:\windows\SYSTEM32;C:\windows\WinSxS\amd64_microsoft.windows.common-controls_6595b64144ccf1df_6.0.22000.2600_none_1b65155c6ae217ae;C:\Program Files\Avecto\Privilege Guard Client;C:\Accenture\Ferramentas\IDE\sts-4.15.3.RELEASE\plugins\org.eclipse.justj.openjdk.hotspot.jre.full.win32.x86_64_17.0.4.v20220805-1047\jre\bin\server

VM Arguments:
jvm_args: -XX:+ShowCodeDetailsInExceptionMessages -agentlib:jdwp=transport=dt_socket,suspend=y,address=localhost:60205 -Dcom.sun.management.jmxremote -Dcom.sun.management.jmxremote.port=60202 -Dcom.sun.management.jmxremote.authenticate=false -Dcom.sun.management.jmxremote.ssl=false -Djava.rmi.server.hostname=localhost -Dspring.jmx.enabled=true -Dspring.application.admin.enabled=true -XX:TieredStopAtLevel=1 -Dspring.boot.project.name=uworks_erp -javaagent:C:\Accenture\Ferramentas\IDE\sts-4.15.3.RELEASE\configuration\org.eclipse.osgi\258\0\.cp\lib\javaagent-shaded.jar -Dfile.encoding=UTF-8 
java_command: br.com.ultraworks.erp.ErpApplication --spring.output.ansi.enabled=always debug
java_class_path (initial): C:\Pessoal\projetos\uw\uworks_erp\target\classes;C:\Users\rodrigo.cristo.fuhr\.m2\repository\org\springframework\boot\spring-boot-starter-data-jpa\3.1.4\spring-boot-starter-data-jpa-3.1.4.jar;C:\Users\rodrigo.cristo.fuhr\.m2\repository\org\springframework\boot\spring-boot-starter-aop\3.1.4\spring-boot-starter-aop-3.1.4.jar;C:\Users\rodrigo.cristo.fuhr\.m2\repository\org\aspectj\aspectjweaver\1.9.20\aspectjweaver-1.9.20.jar;C:\Users\rodrigo.cristo.fuhr\.m2\repository\org\springframework\boot\spring-boot-starter-jdbc\3.1.4\spring-boot-starter-jdbc-3.1.4.jar;C:\Users\rodrigo.cristo.fuhr\.m2\repository\com\zaxxer\HikariCP\5.0.1\HikariCP-5.0.1.jar;C:\Users\rodrigo.cristo.fuhr\.m2\repository\org\springframework\spring-jdbc\6.0.12\spring-jdbc-6.0.12.jar;C:\Users\rodrigo.cristo.fuhr\.m2\repository\org\hibernate\orm\hibernate-core\6.2.9.Final\hibernate-core-6.2.9.Final.jar;C:\Users\rodrigo.cristo.fuhr\.m2\repository\jakarta\persistence\jakarta.persistence-api\3.1.0\jakarta.persistence-api-3.1.0.jar;C:\Users\rodrigo.cristo.fuhr\.m2\repository\jakarta\transaction\jakarta.transaction-api\2.0.1\jakarta.transaction-api-2.0.1.jar;C:\Users\rodrigo.cristo.fuhr\.m2\repository\org\jboss\logging\jboss-logging\3.5.3.Final\jboss-logging-3.5.3.Final.jar;C:\Users\rodrigo.cristo.fuhr\.m2\repository\org\hibernate\common\hibernate-commons-annotations\6.0.6.Final\hibernate-commons-annotations-6.0.6.Final.jar;C:\Users\rodrigo.cristo.fuhr\.m2\repository\io\smallrye\jandex\3.0.5\jandex-3.0.5.jar;C:\Users\rodrigo.cristo.fuhr\.m2\repository\com\fasterxml\classmate\1.5.1\classmate-1.5.1.jar;C:\Users\rodrigo.cristo.fuhr\.m2\repository\net\bytebuddy\byte-buddy\1.14.8\byte-buddy-1.14.8.jar;C:\Users\rodrigo.cristo.fuhr\.m2\repository\org\glassfish\jaxb\jaxb-runtime\4.0.3\jaxb-runtime-4.0.3.jar;C:\Users\rodrigo.cristo.fuhr\.m2\repository\org\glassfish\jaxb\jaxb-core\4.0.3\jaxb-core-4.0.3.jar;C:\Users\rodrigo.cristo.fuhr\.m2\repository\org\eclipse\angus\angus-activation\2.0.1\
Launcher Type: SUN_STANDARD

[Global flags]
     intx CICompilerCount                          = 4                                         {product} {ergonomic}
     uint ConcGCThreads                            = 2                                         {product} {ergonomic}
     uint G1ConcRefinementThreads                  = 8                                         {product} {ergonomic}
   size_t G1HeapRegionSize                         = 2097152                                   {product} {ergonomic}
    uintx GCDrainStackTargetSize                   = 64                                        {product} {ergonomic}
   size_t InitialHeapSize                          = 264241152                                 {product} {ergonomic}
     bool ManagementServer                         = true                                      {product} {command line}
   size_t MarkStackSize                            = 4194304                                   {product} {ergonomic}
   size_t MaxHeapSize                              = 4217372672                                {product} {ergonomic}
   size_t MaxNewSize                               = 2529165312                                {product} {ergonomic}
   size_t MinHeapDeltaBytes                        = 2097152                                   {product} {ergonomic}
   size_t MinHeapSize                              = 8388608                                   {product} {ergonomic}
    uintx NonProfiledCodeHeapSize                  = 0                                      {pd product} {ergonomic}
     bool ProfileInterpreter                       = false                                  {pd product} {command line}
    uintx ProfiledCodeHeapSize                     = 0                                      {pd product} {ergonomic}
     bool ShowCodeDetailsInExceptionMessages       = true                                   {manageable} {command line}
   size_t SoftMaxHeapSize                          = 4217372672                             {manageable} {ergonomic}
     intx TieredStopAtLevel                        = 1                                         {product} {command line}
     bool UseCompressedClassPointers               = true                           {product lp64_product} {ergonomic}
     bool UseCompressedOops                        = true                           {product lp64_product} {ergonomic}
     bool UseG1GC                                  = true                                      {product} {ergonomic}
     bool UseLargePagesIndividualAllocation        = false                                  {pd product} {ergonomic}

Logging:
Log output configuration:
 #0: stdout all=warning uptime,level,tags
 #1: stderr all=off uptime,level,tags

Environment Variables:
JAVA_HOME=C:\Program Files\Eclipse Adoptium\jdk-11.0.17.8-hotspot
PATH=C:\Accenture\Ferramentas\IDE\sts-4.15.3.RELEASE\plugins\org.eclipse.justj.openjdk.hotspot.jre.full.win32.x86_64_17.0.4.v20220805-1047\jre\bin;C:/Accenture/Ferramentas/IDE/sts-4.15.3.RELEASE//plugins/org.eclipse.justj.openjdk.hotspot.jre.full.win32.x86_64_17.0.4.v20220805-1047/jre/bin/server;C:/Accenture/Ferramentas/IDE/sts-4.15.3.RELEASE//plugins/org.eclipse.justj.openjdk.hotspot.jre.full.win32.x86_64_17.0.4.v20220805-1047/jre/bin;C:\windows\system32;C:\windows;C:\windows\System32\Wbem;C:\windows\System32\WindowsPowerShell\v1.0\;C:\windows\System32\OpenSSH\;C:\Program Files (x86)\Pulse Secure\VC142.CRT\X64\;C:\Program Files (x86)\Pulse Secure\VC142.CRT\X86\;C:\Program Files (x86)\Common Files\Pulse Secure\VC142.CRT\X64\;C:\Program Files (x86)\Common Files\Pulse Secure\VC142.CRT\X86\;C:\Accenture\Ferramentas\apache-maven-3.8.6\bin;C:\Program Files\Eclipse Adoptium\jdk-11.0.17.8-hotspot\bin;C:\Users\rodrigo.cristo.fuhr\AppData\Roaming\nvm;C:\Program Files\nodejs;C:\Program Files (x86)\Yarn\bin\;C:\Program Files\Git\cmd;C:\Users\rodrigo.cristo.fuhr\AppData\Local\Programs\Python\Python310\Scripts\;C:\Users\rodrigo.cristo.fuhr\AppData\Local\Programs\Python\Python310\;C:\Users\rodrigo.cristo.fuhr\AppData\Local\Microsoft\WindowsApps;C:\Accenture\Ferramentas\Git\cmd;C:\Users\rodrigo.cristo.fuhr\AppData\Local\Programs\Microsoft VS Code\bin;C:\Users\rodrigo.cristo.fuhr\AppData\Roaming\nvm;C:\Program Files\nodejs;C:\Users\rodrigo.cristo.fuhr\AppData\Local\Yarn\bin;C:\Accenture\Ferramentas\IDE\sts-4.15.3.RELEASE;
USERNAME=rodrigo.cristo.fuhr
OS=Windows_NT
PROCESSOR_IDENTIFIER=Intel64 Family 6 Model 140 Stepping 1, GenuineIntel
TMP=C:\Users\RODRIG~1.FUH\AppData\Local\Temp
TEMP=C:\Users\RODRIG~1.FUH\AppData\Local\Temp



---------------  S Y S T E M  ---------------

OS:
 Windows 11 , 64 bit Build 22000 (10.0.22000.2600)
OS uptime: 0 days 8:44 hours
Hyper-V role detected

CPU: total 8 (initial active 8) (4 cores per cpu, 2 threads per core) family 6 model 140 stepping 1 microcode 0xa4, cx8, cmov, fxsr, ht, mmx, 3dnowpref, sse, sse2, sse3, ssse3, sse4.1, sse4.2, popcnt, lzcnt, tsc, tscinvbit, avx, avx2, aes, erms, clmul, bmi1, bmi2, adx, avx512f, avx512dq, avx512cd, avx512bw, avx512vl, sha, fma, vzeroupper, avx512_vpopcntdq, avx512_vpclmulqdq, avx512_vaes, avx512_vnni, clflush, clflushopt, clwb, avx512_vbmi2, avx512_vbmi, hv

Memory: 4k page, system-wide physical 16087M (1084M free)
TotalPageFile size 32174M (AvailPageFile size 11075M)
current process WorkingSet (physical memory assigned to process): 405M, peak: 405M
current process commit charge ("private bytes"): 438M, peak: 438M

vm_info: OpenJDK 64-Bit Server VM (17.0.4+8) for windows-amd64 JRE (17.0.4+8), built on Jul 19 2022 16:05:16 by "temurin" with MS VC++ 16.7 (VS2019)

END.
