#
# A fatal error has been detected by the Java Runtime Environment:
#
#  EXCEPTION_ACCESS_VIOLATION (0xc0000005) at pc=0x00007ffbb8ddfa7a, pid=8440, tid=15296
#
# JRE version: OpenJDK Runtime Environment Temurin-17.0.4+8 (17.0.4+8) (build 17.0.4+8)
# Java VM: OpenJDK 64-Bit Server VM Temurin-17.0.4+8 (17.0.4+8, mixed mode, emulated-client, tiered, compressed oops, compressed class ptrs, g1 gc, windows-amd64)
# Problematic frame:
# V  [jvm.dll+0x79fa7a]
#
# No core dump will be written. Minidumps are not enabled by default on client versions of Windows
#
# If you would like to submit a bug report, please visit:
#   https://github.com/adoptium/adoptium-support/issues
#

---------------  S U M M A R Y ------------

Command Line: -XX:+ShowCodeDetailsInExceptionMessages -agentlib:jdwp=transport=dt_socket,suspend=y,address=localhost:57416 -Dcom.sun.management.jmxremote -Dcom.sun.management.jmxremote.port=57412 -Dcom.sun.management.jmxremote.authenticate=false -Dcom.sun.management.jmxremote.ssl=false -Djava.rmi.server.hostname=localhost -Dspring.jmx.enabled=true -Dspring.application.admin.enabled=true -XX:TieredStopAtLevel=1 -Dspring.boot.project.name=uworks_erp -javaagent:C:\Accenture\Ferramentas\IDE\sts-4.15.3.RELEASE\configuration\org.eclipse.osgi\258\0\.cp\lib\javaagent-shaded.jar -Dfile.encoding=UTF-8 br.com.ultraworks.erp.ErpApplication --spring.output.ansi.enabled=always debug

Host: 11th Gen Intel(R) Core(TM) i7-1185G7 @ 3.00GHz, 8 cores, 15G,  Windows 11 , 64 bit Build 22000 (10.0.22000.2836)
Time: Mon Apr  8 17:19:53 2024 E. South America Standard Time elapsed time: 2257.192983 seconds (0d 0h 37m 37s)

---------------  T H R E A D  ---------------

Current thread (0x000002563ed22fe0):  JavaThread "JDWP Transport Listener: dt_socket" daemon [_thread_in_vm, id=15296, stack(0x000000e0b1f00000,0x000000e0b2000000)]

Stack: [0x000000e0b1f00000,0x000000e0b2000000],  sp=0x000000e0b1fff550,  free space=1021k
Native frames: (J=compiled Java code, j=interpreted, Vv=VM code, C=native code)
V  [jvm.dll+0x79fa7a]
V  [jvm.dll+0x50963c]
V  [jvm.dll+0x4d0ca4]
C  [jdwp.dll+0x22f7b]


siginfo: EXCEPTION_ACCESS_VIOLATION (0xc0000005), reading address 0x0000000000330034


Register to memory mapping:

RIP=0x00007ffbb8ddfa7a jvm.dll
RAX=0x0000000000000034 is an unknown value
RBX=0x000002563ea9ae47 points into unknown readable memory: 63
RCX=0x0000000000330030 is an unknown value
RDX=0x0000025645ee18a0 points into unknown readable memory: 0x2f6d6f632f72624c | 4c 62 72 2f 63 6f 6d 2f
RSP=0x000000e0b1fff550 is pointing into the stack for thread: 0x000002563ed22fe0
RBP=0x000002563ecd8c90 points into unknown readable memory: 0x0000001700000002 | 02 00 00 00 17 00 00 00
RSI=0x0 is NULL
RDI=0xffffffffffffffff is an unknown value
R8 =0x00000000000001ec is an unknown value
R9 =0x0000000000000040 is an unknown value
R10=0x00000000000001c0 is an unknown value
R11=0x000000e0b1fff570 is pointing into the stack for thread: 0x000002563ed22fe0
R12=0x000000e0b1fff6a8 is pointing into the stack for thread: 0x000002563ed22fe0
R13=0x0 is NULL
R14=0x000000080041f6c0 is a pointer to class: 
br.com.ultraworks.erp.api.fiscal.service.CfopService {0x000000080041f6c8}
 - instance size:     3
 - klass size:        72
 - access:            public synchronized 
 - state:             fully_initialized
 - name:              'br/com/ultraworks/erp/api/fiscal/service/CfopService'
 - super:             'br/com/ultraworks/erp/core/generics/GenericService'
 - sub:               
 - arrays:            NULL
 - methods:           Array<T>(0x0000025642c47a08)
 - method ordering:   Array<T>(0x0000025642c47af8)
 - default_methods:   Array<T>(0x0000000000000000)
 - local interfaces:  Array<T>(0x000002563f000058)
 - trans. interfaces: Array<T>(0x000002563f000058)
 - constants:         constant pool [72] {0x0000025647fd0008} for 'br/com/ultraworks/erp/api/fiscal/service/CfopService' cache=0x0000025642c3fd58
 - class loader data:  loader data: 0x00000256410c4680 for instance a 'org/springframework/boot/devtools/restart/classloader/RestartClassLoader'{0x0000000705402148}
 - source file:       'CfopService.java'
 - source debug extension:       SMAP
CfopService.java
Java
*S jdt
*F
1 CfopService.java
2 file:/C:/Pessoal/projetos/uw/uworks_erp/target/classes/
*L
*E

 - class annotations:       Array<T>(0x0000025642c47ca0)
 - class type annotations:  Array<T>(0x0000000000000000)
 - field annotations:       Array<T>(0x0000000000000000)
 - field type annotations:  Array<T>(0x0000000000000000)
 - generic signature: '
[error occurred during error reporting (printing register info), id 0xc0000005, EXCEPTION_ACCESS_VIOLATION (0xc0000005) at pc=0x00007ffbb8de0686]

Registers:
RAX=0x0000000000000034, RBX=0x000002563ea9ae47, RCX=0x0000000000330030, RDX=0x0000025645ee18a0
RSP=0x000000e0b1fff550, RBP=0x000002563ecd8c90, RSI=0x0000000000000000, RDI=0xffffffffffffffff
R8 =0x00000000000001ec, R9 =0x0000000000000040, R10=0x00000000000001c0, R11=0x000000e0b1fff570
R12=0x000000e0b1fff6a8, R13=0x0000000000000000, R14=0x000000080041f6c0, R15=0x000000e0b1fff6d0
RIP=0x00007ffbb8ddfa7a, EFLAGS=0x0000000000010206

Top of Stack: (sp=0x000000e0b1fff550)
0x000000e0b1fff550:   0000000000000034 000000080041f6c0
0x000000e0b1fff560:   0000025645b09e80 00007ffc2e2076e1
0x000000e0b1fff570:   ffffffffffffffff 00007ffbb8b4963c
0x000000e0b1fff580:   000002563ea9ae47 000002563ea9ae10
0x000000e0b1fff590:   000002563ecd8c90 0000000000000000
0x000000e0b1fff5a0:   000002563ea9adc0 00000000000003d8
0x000000e0b1fff5b0:   000002563ea9add0 000002563ea9b1a8
0x000000e0b1fff5c0:   0000000000026a01 000000e0b1fff6a8
0x000000e0b1fff5d0:   0000000000000007 000002563ed23288
0x000000e0b1fff5e0:   00000007058af738 00007ffbb8b10ca4
0x000000e0b1fff5f0:   000002563ed22fe0 000000e0b1fff6d0
0x000000e0b1fff600:   000002562c1898b0 000000e0b1fff6d0
0x000000e0b1fff610:   000002563ed22fe0 0000000000000000
0x000000e0b1fff620:   0000000000000000 0000000000000000
0x000000e0b1fff630:   0000025640db7c08 00007ffbec5a2f7b
0x000000e0b1fff640:   000000e0b1fff6c8 00007ffbec5b1600 

Instructions: (pc=0x00007ffbb8ddfa7a)
0x00007ffbb8ddf97a:   48 83 c4 20 5f e9 6c 69 90 ff cc cc cc cc cc cc
0x00007ffbb8ddf98a:   cc cc cc cc cc cc 48 89 5c 24 08 57 48 83 ec 20
0x00007ffbb8ddf99a:   83 fa 02 8d 42 06 b9 08 00 00 00 49 8b d8 0f 4e
0x00007ffbb8ddf9aa:   c1 48 63 c8 48 83 c1 07 83 e1 f8 48 63 f9 49 8b
0x00007ffbb8ddf9ba:   48 18 48 8b c7 48 f7 d0 48 3b c1 73 16 4c 8d 05
0x00007ffbb8ddf9ca:   6a 58 17 00 48 8b d7 48 8b cb e8 77 cc 90 ff 48
0x00007ffbb8ddf9da:   8b 4b 18 48 8d 04 39 48 3b 43 20 76 18 45 33 c0
0x00007ffbb8ddf9ea:   48 8b d7 48 8b cb 48 8b 5c 24 30 48 83 c4 20 5f
0x00007ffbb8ddf9fa:   e9 d1 c8 90 ff 48 89 43 18 48 8b c1 48 8b 5c 24
0x00007ffbb8ddfa0a:   30 48 83 c4 20 5f c3 cc cc cc cc cc cc cc cc cc
0x00007ffbb8ddfa1a:   cc cc cc cc cc cc 4c 8b d2 4c 8b d9 45 85 c0 7e
0x00007ffbb8ddfa2a:   3c 44 0f b7 49 04 41 8d 40 ff 41 3b c1 44 0f 4c
0x00007ffbb8ddfa3a:   c8 4d 63 c1 45 85 c9 7e 1f 48 8b c2 4c 2b da 49
0x00007ffbb8ddfa4a:   8b d0 0f 1f 40 00 41 0f b6 4c 03 06 88 08 48 8d
0x00007ffbb8ddfa5a:   40 01 48 83 ea 01 75 ee 43 c6 04 10 00 49 8b c2
0x00007ffbb8ddfa6a:   c3 cc cc cc cc cc 48 89 5c 24 08 57 48 83 ec 20
0x00007ffbb8ddfa7a:   0f b7 59 04 48 8b f9 33 d2 48 8d 4b 01 e8 c4 d9
0x00007ffbb8ddfa8a:   f2 ff 0f b7 57 04 4c 8b c0 3b da 0f 42 d3 44 8b
0x00007ffbb8ddfa9a:   ca 85 d2 74 39 48 2b f8 0f 1f 40 00 66 66 0f 1f
0x00007ffbb8ddfaaa:   84 00 00 00 00 00 0f b6 4c 07 06 88 08 48 ff c0
0x00007ffbb8ddfaba:   48 8b c8 49 2b c8 49 3b c9 7c eb 42 c6 04 02 00
0x00007ffbb8ddfaca:   49 8b c0 48 8b 5c 24 30 48 83 c4 20 5f c3 48 8b
0x00007ffbb8ddfada:   5c 24 30 c6 04 02 00 48 83 c4 20 5f c3 cc cc cc
0x00007ffbb8ddfaea:   cc cc cc cc cc cc 4c 8b d1 45 85 c0 7e 6c 44 0f
0x00007ffbb8ddfafa:   b7 49 04 41 8d 40 ff 41 3b c1 44 0f 4c c8 4d 63
0x00007ffbb8ddfb0a:   d9 45 85 c9 7e 22 48 8b ca 4c 2b d2 4d 8b c3 0f
0x00007ffbb8ddfb1a:   1f 80 00 00 00 00 41 0f b6 44 0a 06 88 01 48 8d
0x00007ffbb8ddfb2a:   49 01 49 83 e8 01 75 ee 41 c6 04 13 00 48 c7 c0
0x00007ffbb8ddfb3a:   ff ff ff ff 66 90 48 ff c0 80 3c 02 00 75 f7 48
0x00007ffbb8ddfb4a:   63 c8 85 c0 48 8b c2 7e 14 80 38 2f 75 03 c6 00
0x00007ffbb8ddfb5a:   2e 48 ff c0 48 83 e9 01 75 ef 48 8b c2 c3 cc cc
0x00007ffbb8ddfb6a:   cc cc cc cc cc cc 48 83 ec 28 e8 f7 fe ff ff 4c 


Stack slot to memory mapping:
stack at sp + 0 slots: 0x0000000000000034 is an unknown value
stack at sp + 1 slots: 0x000000080041f6c0 is a pointer to class: 
br.com.ultraworks.erp.api.fiscal.service.CfopService {0x000000080041f6c8}
 - instance size:     3
 - klass size:        72
 - access:            public synchronized 
 - state:             fully_initialized
 - name:              'br/com/ultraworks/erp/api/fiscal/service/CfopService'
 - super:             'br/com/ultraworks/erp/core/generics/GenericService'
 - sub:               
 - arrays:            NULL
 - methods:           Array<T>(0x0000025642c47a08)
 - method ordering:   Array<T>(0x0000025642c47af8)
 - default_methods:   Array<T>(0x0000000000000000)
 - local interfaces:  Array<T>(0x000002563f000058)
 - trans. interfaces: Array<T>(0x000002563f000058)
 - constants:         constant pool [72] {0x0000025647fd0008} for 'br/com/ultraworks/erp/api/fiscal/service/CfopService' cache=0x0000025642c3fd58
 - class loader data:  loader data: 0x00000256410c4680 for instance a 'org/springframework/boot/devtools/restart/classloader/RestartClassLoader'{0x0000000705402148}
 - source file:       'CfopService.java'
 - source debug extension:       SMAP
CfopService.java
Java
*S jdt
*F
1 CfopService.java
2 file:/C:/Pessoal/projetos/uw/uworks_erp/target/classes/
*L
*E

 - class annotations:       Array<T>(0x0000025642c47ca0)
 - class type annotations:  Array<T>(0x0000000000000000)
 - field annotations:       Array<T>(0x0000000000000000)
 - field type annotations:  Array<T>(0x0000000000000000)
 - generic signature: '
[error occurred during error reporting (inspecting top of stack), id 0xc0000005, EXCEPTION_ACCESS_VIOLATION (0xc0000005) at pc=0x00007ffbb8de0686]


---------------  P R O C E S S  ---------------

Threads class SMR info:
_java_thread_list=0x000002564834c4e0, length=28, elements={
0x000002563c0fe970, 0x000002563ea2e430, 0x000002563ea57280, 0x000002563ea57b40,
0x000002563ea58810, 0x000002563ea590d0, 0x000002563ea7d040, 0x000002563ea7f950,
0x000002563eb0a620, 0x000002563ed22fe0, 0x000002563ed2aeb0, 0x000002563ed2d3b0,
0x000002564023bde0, 0x0000025640c2e770, 0x0000025640cbcab0, 0x0000025640d480d0,
0x0000025640fe3b80, 0x00000256464a1ca0, 0x00000256464a2b10, 0x00000256464a5b30,
0x00000256464a34b0, 0x00000256464a64d0, 0x00000256464a17d0, 0x000002564823e9d0,
0x000002564823e500, 0x000002564823c820, 0x000002564649f620, 0x00000256464a2170
}

Java Threads: ( => current thread )
  0x000002563c0fe970 JavaThread "Reference Handler" daemon [_thread_blocked, id=15292, stack(0x000000e0b1500000,0x000000e0b1600000)]
  0x000002563ea2e430 JavaThread "Finalizer" daemon [_thread_blocked, id=5504, stack(0x000000e0b1600000,0x000000e0b1700000)]
  0x000002563ea57280 JavaThread "Signal Dispatcher" daemon [_thread_blocked, id=1564, stack(0x000000e0b1700000,0x000000e0b1800000)]
  0x000002563ea57b40 JavaThread "Attach Listener" daemon [_thread_blocked, id=21520, stack(0x000000e0b1800000,0x000000e0b1900000)]
  0x000002563ea58810 JavaThread "Service Thread" daemon [_thread_blocked, id=20144, stack(0x000000e0b1900000,0x000000e0b1a00000)]
  0x000002563ea590d0 JavaThread "Monitor Deflation Thread" daemon [_thread_blocked, id=916, stack(0x000000e0b1a00000,0x000000e0b1b00000)]
  0x000002563ea7d040 JavaThread "C1 CompilerThread0" daemon [_thread_blocked, id=18076, stack(0x000000e0b1b00000,0x000000e0b1c00000)]
  0x000002563ea7f950 JavaThread "Sweeper thread" daemon [_thread_blocked, id=19216, stack(0x000000e0b1c00000,0x000000e0b1d00000)]
  0x000002563eb0a620 JavaThread "Common-Cleaner" daemon [_thread_blocked, id=22264, stack(0x000000e0b1d00000,0x000000e0b1e00000)]
=>0x000002563ed22fe0 JavaThread "JDWP Transport Listener: dt_socket" daemon [_thread_in_vm, id=15296, stack(0x000000e0b1f00000,0x000000e0b2000000)]
  0x000002563ed2aeb0 JavaThread "JDWP Event Helper Thread" daemon [_thread_blocked, id=22168, stack(0x000000e0b2000000,0x000000e0b2100000)]
  0x000002563ed2d3b0 JavaThread "JDWP Command Reader" daemon [_thread_in_native, id=15888, stack(0x000000e0b2100000,0x000000e0b2200000)]
  0x000002564023bde0 JavaThread "Notification Thread" daemon [_thread_blocked, id=15400, stack(0x000000e0b2200000,0x000000e0b2300000)]
  0x0000025640c2e770 JavaThread "RMI TCP Accept-0" daemon [_thread_in_native, id=14744, stack(0x000000e0b2d00000,0x000000e0b2e00000)]
  0x0000025640cbcab0 JavaThread "RMI TCP Accept-57412" daemon [_thread_in_native, id=13936, stack(0x000000e0b2e00000,0x000000e0b2f00000)]
  0x0000025640d480d0 JavaThread "RMI TCP Accept-0" daemon [_thread_in_native, id=19820, stack(0x000000e0b2f00000,0x000000e0b3000000)]
  0x0000025640fe3b80 JavaThread "PostgreSQL-JDBC-Cleaner" daemon [_thread_blocked, id=14504, stack(0x000000e0b3500000,0x000000e0b3600000)]
  0x00000256464a1ca0 JavaThread "Live Reload Server" daemon [_thread_in_native, id=22376, stack(0x000000e0b3a00000,0x000000e0b3b00000)]
  0x00000256464a2b10 JavaThread "DestroyJavaVM" [_thread_blocked, id=5368, stack(0x000000e0b0e00000,0x000000e0b0f00000)]
  0x00000256464a5b30 JavaThread "ultraDataSource housekeeper" daemon [_thread_blocked, id=10408, stack(0x000000e0b1e00000,0x000000e0b1f00000)]
  0x00000256464a34b0 JavaThread "RMI Scheduler(0)" daemon [_thread_blocked, id=18292, stack(0x000000e0b0c00000,0x000000e0b0d00000)]
  0x00000256464a64d0 JavaThread "RMI TCP Connection(22)-127.0.0.1" daemon [_thread_in_native, id=10888, stack(0x000000e0b3200000,0x000000e0b3300000)]
  0x00000256464a17d0 JavaThread "JMX server connection timeout 63" daemon [_thread_blocked, id=21612, stack(0x000000e0b3400000,0x000000e0b3500000)]
  0x000002564823e9d0 JavaThread "ultraDataSource housekeeper" daemon [_thread_blocked, id=15120, stack(0x000000e0b4900000,0x000000e0b4a00000)]
  0x000002564823e500 JavaThread "Thread-7" [_thread_blocked, id=24384, stack(0x000000e0b0b00000,0x000000e0b0c00000)]
  0x000002564823c820 JavaThread "File Watcher" daemon [_thread_in_native, id=8432, stack(0x000000e0b2300000,0x000000e0b2400000)]
  0x000002564649f620 JavaThread "File Watcher" daemon [_thread_blocked, id=22860, stack(0x000000e0b2400000,0x000000e0b2500000)]
  0x00000256464a2170 JavaThread "File Watcher" daemon [_thread_in_native, id=23668, stack(0x000000e0b3600000,0x000000e0b3700000)]

Other Threads:
  0x000002563c0fe450 VMThread "VM Thread" [stack: 0x000000e0b1400000,0x000000e0b1500000] [id=7756]
  0x000002563bf0e180 WatcherThread [stack: 0x000000e0b3000000,0x000000e0b3100000] [id=21920]
  0x000002562c208ef0 GCTaskThread "GC Thread#0" [stack: 0x000000e0b0f00000,0x000000e0b1000000] [id=17672]
  0x0000025640c329b0 GCTaskThread "GC Thread#1" [stack: 0x000000e0b2500000,0x000000e0b2600000] [id=9972]
  0x0000025640c32c60 GCTaskThread "GC Thread#2" [stack: 0x000000e0b2600000,0x000000e0b2700000] [id=20972]
  0x0000025640c29e40 GCTaskThread "GC Thread#3" [stack: 0x000000e0b2700000,0x000000e0b2800000] [id=20856]
  0x0000025640c2a0f0 GCTaskThread "GC Thread#4" [stack: 0x000000e0b2800000,0x000000e0b2900000] [id=8088]
  0x0000025640c2a3a0 GCTaskThread "GC Thread#5" [stack: 0x000000e0b2900000,0x000000e0b2a00000] [id=4912]
  0x0000025640c30b90 GCTaskThread "GC Thread#6" [stack: 0x000000e0b2a00000,0x000000e0b2b00000] [id=17420]
  0x0000025640ca8a60 GCTaskThread "GC Thread#7" [stack: 0x000000e0b2b00000,0x000000e0b2c00000] [id=21044]
  0x000002563bf08080 ConcurrentGCThread "G1 Main Marker" [stack: 0x000000e0b1000000,0x000000e0b1100000] [id=19440]
  0x000002563bf088a0 ConcurrentGCThread "G1 Conc#0" [stack: 0x000000e0b1100000,0x000000e0b1200000] [id=20036]
  0x000002564128e4d0 ConcurrentGCThread "G1 Conc#1" [stack: 0x000000e0b3300000,0x000000e0b3400000] [id=1424]
  0x000002562c20ec80 ConcurrentGCThread "G1 Refine#0" [stack: 0x000000e0b1200000,0x000000e0b1300000] [id=17856]
  0x0000025640ca9120 ConcurrentGCThread "G1 Refine#1" [stack: 0x000000e0b2c00000,0x000000e0b2d00000] [id=18868]
  0x000002563bfd9ff0 ConcurrentGCThread "G1 Service" [stack: 0x000000e0b1300000,0x000000e0b1400000] [id=22268]

Threads with active compile tasks:

VM state: not at safepoint (normal execution)

VM Mutex/Monitor currently owned by a thread: None

Heap address: 0x0000000704a00000, size: 4022 MB, Compressed Oops mode: Zero based, Oop shift amount: 3

CDS archive(s) not mapped
Compressed class space mapped at: 0x0000000800000000-0x0000000840000000, reserved size: 1073741824
Narrow klass base: 0x0000000800000000, Narrow klass shift: 0, Narrow klass range: 0x40000000

GC Precious Log:
 CPUs: 8 total, 8 available
 Memory: 16087M
 Large Page Support: Disabled
 NUMA Support: Disabled
 Compressed Oops: Enabled (Zero based)
 Heap Region Size: 2M
 Heap Min Capacity: 8M
 Heap Initial Capacity: 252M
 Heap Max Capacity: 4022M
 Pre-touch: Disabled
 Parallel Workers: 8
 Concurrent Workers: 2
 Concurrent Refinement Workers: 8
 Periodic GC: Disabled

Heap:
 garbage-first heap   total 202752K, used 151956K [0x0000000704a00000, 0x0000000800000000)
  region size 2048K, 23 young (47104K), 2 survivors (4096K)
 Metaspace       used 120267K, committed 121088K, reserved 1155072K
  class space    used 15771K, committed 16128K, reserved 1048576K

Heap Regions: E=young(eden), S=young(survivor), O=old, HS=humongous(starts), HC=humongous(continues), CS=collection set, F=free, OA=open archive, CA=closed archive, TAMS=top-at-mark-start (previous, next)
|   0|0x0000000704a00000, 0x0000000704c00000, 0x0000000704c00000|100%| O|  |TAMS 0x0000000704c00000, 0x0000000704a00000| Untracked 
|   1|0x0000000704c00000, 0x0000000704e00000, 0x0000000704e00000|100%| O|  |TAMS 0x0000000704e00000, 0x0000000704c00000| Untracked 
|   2|0x0000000704e00000, 0x0000000704ffffe8, 0x0000000705000000| 99%| O|  |TAMS 0x0000000704ffffe8, 0x0000000704e00000| Untracked 
|   3|0x0000000705000000, 0x0000000705200000, 0x0000000705200000|100%| O|  |TAMS 0x0000000705200000, 0x0000000705000000| Untracked 
|   4|0x0000000705200000, 0x0000000705400000, 0x0000000705400000|100%| O|  |TAMS 0x0000000705400000, 0x0000000705200000| Untracked 
|   5|0x0000000705400000, 0x00000007055fff98, 0x0000000705600000| 99%| O|  |TAMS 0x00000007055fff98, 0x0000000705400000| Untracked 
|   6|0x0000000705600000, 0x00000007057fffe8, 0x0000000705800000| 99%| O|  |TAMS 0x00000007057fffe8, 0x0000000705600000| Untracked 
|   7|0x0000000705800000, 0x00000007059ffff8, 0x0000000705a00000| 99%| O|  |TAMS 0x00000007059ffff8, 0x0000000705800000| Untracked 
|   8|0x0000000705a00000, 0x0000000705c00000, 0x0000000705c00000|100%| O|  |TAMS 0x0000000705c00000, 0x0000000705a00000| Untracked 
|   9|0x0000000705c00000, 0x0000000705dfffc0, 0x0000000705e00000| 99%| O|  |TAMS 0x0000000705dfffc0, 0x0000000705c00000| Untracked 
|  10|0x0000000705e00000, 0x0000000705ffffb0, 0x0000000706000000| 99%| O|  |TAMS 0x0000000705ffffb0, 0x0000000705e00000| Untracked 
|  11|0x0000000706000000, 0x00000007061ffff8, 0x0000000706200000| 99%| O|  |TAMS 0x00000007061ffff8, 0x0000000706000000| Untracked 
|  12|0x0000000706200000, 0x00000007063ffe60, 0x0000000706400000| 99%| O|  |TAMS 0x00000007063ffe60, 0x0000000706200000| Untracked 
|  13|0x0000000706400000, 0x00000007065fffc8, 0x0000000706600000| 99%| O|  |TAMS 0x00000007065fffc8, 0x0000000706400000| Untracked 
|  14|0x0000000706600000, 0x00000007067ffff0, 0x0000000706800000| 99%| O|  |TAMS 0x00000007067ffff0, 0x0000000706600000| Untracked 
|  15|0x0000000706800000, 0x00000007069fff68, 0x0000000706a00000| 99%| O|  |TAMS 0x00000007069fff68, 0x0000000706800000| Untracked 
|  16|0x0000000706a00000, 0x0000000706bffff8, 0x0000000706c00000| 99%| O|  |TAMS 0x0000000706bffff8, 0x0000000706a00000| Untracked 
|  17|0x0000000706c00000, 0x0000000706e00000, 0x0000000706e00000|100%| O|  |TAMS 0x0000000706e00000, 0x0000000706c00000| Untracked 
|  18|0x0000000706e00000, 0x0000000707000000, 0x0000000707000000|100%| O|  |TAMS 0x0000000706e00000, 0x0000000706e00000| Untracked 
|  19|0x0000000707000000, 0x0000000707200000, 0x0000000707200000|100%| O|  |TAMS 0x0000000707000000, 0x0000000707000000| Untracked 
|  20|0x0000000707200000, 0x00000007073d0408, 0x0000000707400000| 90%| O|  |TAMS 0x00000007073d0408, 0x0000000707200000| Untracked 
|  21|0x0000000707400000, 0x000000070757d9a0, 0x0000000707600000| 74%| O|  |TAMS 0x000000070757d9a0, 0x0000000707400000| Untracked 
|  22|0x0000000707600000, 0x0000000707788d90, 0x0000000707800000| 76%| O|  |TAMS 0x0000000707788d90, 0x0000000707600000| Untracked 
|  23|0x0000000707800000, 0x0000000707a00000, 0x0000000707a00000|100%| O|  |TAMS 0x0000000707a00000, 0x0000000707800000| Untracked 
|  24|0x0000000707a00000, 0x0000000707c00000, 0x0000000707c00000|100%| O|  |TAMS 0x0000000707c00000, 0x0000000707a00000| Untracked 
|  25|0x0000000707c00000, 0x0000000707e00000, 0x0000000707e00000|100%| O|  |TAMS 0x0000000707e00000, 0x0000000707c00000| Untracked 
|  26|0x0000000707e00000, 0x0000000708000000, 0x0000000708000000|100%| O|  |TAMS 0x0000000708000000, 0x0000000707e00000| Untracked 
|  27|0x0000000708000000, 0x0000000708200000, 0x0000000708200000|100%| O|  |TAMS 0x0000000708200000, 0x0000000708000000| Untracked 
|  28|0x0000000708200000, 0x0000000708400000, 0x0000000708400000|100%| O|  |TAMS 0x0000000708400000, 0x0000000708200000| Untracked 
|  29|0x0000000708400000, 0x0000000708600000, 0x0000000708600000|100%| O|  |TAMS 0x0000000708600000, 0x0000000708400000| Untracked 
|  30|0x0000000708600000, 0x0000000708800000, 0x0000000708800000|100%| O|  |TAMS 0x0000000708800000, 0x0000000708600000| Untracked 
|  31|0x0000000708800000, 0x0000000708a00000, 0x0000000708a00000|100%| O|  |TAMS 0x0000000708a00000, 0x0000000708800000| Untracked 
|  32|0x0000000708a00000, 0x0000000708c00000, 0x0000000708c00000|100%| O|  |TAMS 0x0000000708c00000, 0x0000000708a00000| Untracked 
|  33|0x0000000708c00000, 0x0000000708e00000, 0x0000000708e00000|100%| O|  |TAMS 0x0000000708e00000, 0x0000000708c00000| Untracked 
|  34|0x0000000708e00000, 0x0000000709000000, 0x0000000709000000|100%| O|  |TAMS 0x0000000709000000, 0x0000000708e00000| Untracked 
|  35|0x0000000709000000, 0x0000000709200000, 0x0000000709200000|100%| O|  |TAMS 0x0000000709200000, 0x0000000709000000| Untracked 
|  36|0x0000000709200000, 0x0000000709400000, 0x0000000709400000|100%| O|  |TAMS 0x0000000709400000, 0x0000000709200000| Untracked 
|  37|0x0000000709400000, 0x0000000709600000, 0x0000000709600000|100%| O|  |TAMS 0x0000000709600000, 0x0000000709400000| Untracked 
|  38|0x0000000709600000, 0x0000000709800000, 0x0000000709800000|100%| O|  |TAMS 0x0000000709800000, 0x0000000709600000| Untracked 
|  39|0x0000000709800000, 0x0000000709a00000, 0x0000000709a00000|100%| O|  |TAMS 0x0000000709a00000, 0x0000000709800000| Untracked 
|  40|0x0000000709a00000, 0x0000000709c00000, 0x0000000709c00000|100%| O|  |TAMS 0x0000000709a78600, 0x0000000709a00000| Untracked 
|  41|0x0000000709c00000, 0x0000000709e00000, 0x0000000709e00000|100%| O|  |TAMS 0x0000000709c00000, 0x0000000709c00000| Untracked 
|  42|0x0000000709e00000, 0x000000070a000000, 0x000000070a000000|100%| O|  |TAMS 0x0000000709e00000, 0x0000000709e00000| Untracked 
|  43|0x000000070a000000, 0x000000070a200000, 0x000000070a200000|100%| O|  |TAMS 0x000000070a000000, 0x000000070a000000| Untracked 
|  44|0x000000070a200000, 0x000000070a400000, 0x000000070a400000|100%| O|  |TAMS 0x000000070a200000, 0x000000070a200000| Untracked 
|  45|0x000000070a400000, 0x000000070a600000, 0x000000070a600000|100%| O|  |TAMS 0x000000070a400000, 0x000000070a400000| Untracked 
|  46|0x000000070a600000, 0x000000070a800000, 0x000000070a800000|100%| O|  |TAMS 0x000000070a600000, 0x000000070a600000| Untracked 
|  47|0x000000070a800000, 0x000000070aa00000, 0x000000070aa00000|100%| O|  |TAMS 0x000000070a800000, 0x000000070a800000| Untracked 
|  48|0x000000070aa00000, 0x000000070ac00000, 0x000000070ac00000|100%| O|  |TAMS 0x000000070aa00000, 0x000000070aa00000| Untracked 
|  49|0x000000070ac00000, 0x000000070ae00000, 0x000000070ae00000|100%| O|  |TAMS 0x000000070ac00000, 0x000000070ac00000| Untracked 
|  50|0x000000070ae00000, 0x000000070b000000, 0x000000070b000000|100%| O|  |TAMS 0x000000070ae00000, 0x000000070ae00000| Untracked 
|  51|0x000000070b000000, 0x000000070b200000, 0x000000070b200000|100%| O|  |TAMS 0x000000070b000000, 0x000000070b000000| Untracked 
|  52|0x000000070b200000, 0x000000070b400000, 0x000000070b400000|100%| O|  |TAMS 0x000000070b200000, 0x000000070b200000| Untracked 
|  53|0x000000070b400000, 0x000000070b53ac00, 0x000000070b600000| 61%| O|  |TAMS 0x000000070b400000, 0x000000070b400000| Untracked 
|  54|0x000000070b600000, 0x000000070b600000, 0x000000070b800000|  0%| F|  |TAMS 0x000000070b600000, 0x000000070b600000| Untracked 
|  55|0x000000070b800000, 0x000000070b800000, 0x000000070ba00000|  0%| F|  |TAMS 0x000000070b800000, 0x000000070b800000| Untracked 
|  56|0x000000070ba00000, 0x000000070ba00000, 0x000000070bc00000|  0%| F|  |TAMS 0x000000070ba00000, 0x000000070ba00000| Untracked 
|  57|0x000000070bc00000, 0x000000070bc00000, 0x000000070be00000|  0%| F|  |TAMS 0x000000070bc00000, 0x000000070bc00000| Untracked 
|  58|0x000000070be00000, 0x000000070be00000, 0x000000070c000000|  0%| F|  |TAMS 0x000000070be00000, 0x000000070be00000| Untracked 
|  59|0x000000070c000000, 0x000000070c000000, 0x000000070c200000|  0%| F|  |TAMS 0x000000070c000000, 0x000000070c000000| Untracked 
|  60|0x000000070c200000, 0x000000070c200000, 0x000000070c400000|  0%| F|  |TAMS 0x000000070c200000, 0x000000070c200000| Untracked 
|  61|0x000000070c400000, 0x000000070c400000, 0x000000070c600000|  0%| F|  |TAMS 0x000000070c400000, 0x000000070c400000| Untracked 
|  62|0x000000070c600000, 0x000000070c600000, 0x000000070c800000|  0%| F|  |TAMS 0x000000070c600000, 0x000000070c600000| Untracked 
|  63|0x000000070c800000, 0x000000070c800000, 0x000000070ca00000|  0%| F|  |TAMS 0x000000070c800000, 0x000000070c800000| Untracked 
|  64|0x000000070ca00000, 0x000000070ca53d18, 0x000000070cc00000| 16%| S|CS|TAMS 0x000000070ca00000, 0x000000070ca00000| Complete 
|  65|0x000000070cc00000, 0x000000070ce00000, 0x000000070ce00000|100%| S|CS|TAMS 0x000000070cc00000, 0x000000070cc00000| Complete 
|  66|0x000000070ce00000, 0x000000070ce00000, 0x000000070d000000|  0%| F|  |TAMS 0x000000070ce00000, 0x000000070ce00000| Untracked 
|  67|0x000000070d000000, 0x000000070d000000, 0x000000070d200000|  0%| F|  |TAMS 0x000000070d000000, 0x000000070d000000| Untracked 
|  68|0x000000070d200000, 0x000000070d200000, 0x000000070d400000|  0%| F|  |TAMS 0x000000070d200000, 0x000000070d200000| Untracked 
|  69|0x000000070d400000, 0x000000070d400000, 0x000000070d600000|  0%| F|  |TAMS 0x000000070d400000, 0x000000070d400000| Untracked 
|  70|0x000000070d600000, 0x000000070d600000, 0x000000070d800000|  0%| F|  |TAMS 0x000000070d600000, 0x000000070d600000| Untracked 
|  71|0x000000070d800000, 0x000000070d800000, 0x000000070da00000|  0%| F|  |TAMS 0x000000070d800000, 0x000000070d800000| Untracked 
|  72|0x000000070da00000, 0x000000070da00000, 0x000000070dc00000|  0%| F|  |TAMS 0x000000070da00000, 0x000000070da00000| Untracked 
|  73|0x000000070dc00000, 0x000000070dc00000, 0x000000070de00000|  0%| F|  |TAMS 0x000000070dc00000, 0x000000070dc00000| Untracked 
|  74|0x000000070de00000, 0x000000070de00000, 0x000000070e000000|  0%| F|  |TAMS 0x000000070de00000, 0x000000070de00000| Untracked 
|  75|0x000000070e000000, 0x000000070e000000, 0x000000070e200000|  0%| F|  |TAMS 0x000000070e000000, 0x000000070e000000| Untracked 
|  76|0x000000070e200000, 0x000000070e200000, 0x000000070e400000|  0%| F|  |TAMS 0x000000070e200000, 0x000000070e200000| Untracked 
|  77|0x000000070e400000, 0x000000070e400000, 0x000000070e600000|  0%| F|  |TAMS 0x000000070e400000, 0x000000070e400000| Untracked 
|  78|0x000000070e600000, 0x000000070e6cfce0, 0x000000070e800000| 40%| E|  |TAMS 0x000000070e600000, 0x000000070e600000| Complete 
|  79|0x000000070e800000, 0x000000070ea00000, 0x000000070ea00000|100%| E|CS|TAMS 0x000000070e800000, 0x000000070e800000| Complete 
|  80|0x000000070ea00000, 0x000000070ec00000, 0x000000070ec00000|100%| E|CS|TAMS 0x000000070ea00000, 0x000000070ea00000| Complete 
|  81|0x000000070ec00000, 0x000000070ee00000, 0x000000070ee00000|100%| E|CS|TAMS 0x000000070ec00000, 0x000000070ec00000| Complete 
|  82|0x000000070ee00000, 0x000000070f000000, 0x000000070f000000|100%| E|CS|TAMS 0x000000070ee00000, 0x000000070ee00000| Complete 
|  83|0x000000070f000000, 0x000000070f200000, 0x000000070f200000|100%| E|CS|TAMS 0x000000070f000000, 0x000000070f000000| Complete 
|  84|0x000000070f200000, 0x000000070f400000, 0x000000070f400000|100%| E|CS|TAMS 0x000000070f200000, 0x000000070f200000| Complete 
|  85|0x000000070f400000, 0x000000070f600000, 0x000000070f600000|100%| E|CS|TAMS 0x000000070f400000, 0x000000070f400000| Complete 
|  86|0x000000070f600000, 0x000000070f800000, 0x000000070f800000|100%| E|CS|TAMS 0x000000070f600000, 0x000000070f600000| Complete 
|  87|0x000000070f800000, 0x000000070fa00000, 0x000000070fa00000|100%| E|CS|TAMS 0x000000070f800000, 0x000000070f800000| Complete 
|  88|0x000000070fa00000, 0x000000070fc00000, 0x000000070fc00000|100%| E|CS|TAMS 0x000000070fa00000, 0x000000070fa00000| Complete 
|  89|0x000000070fc00000, 0x000000070fe00000, 0x000000070fe00000|100%| E|CS|TAMS 0x000000070fc00000, 0x000000070fc00000| Complete 
|  90|0x000000070fe00000, 0x0000000710000000, 0x0000000710000000|100%| E|CS|TAMS 0x000000070fe00000, 0x000000070fe00000| Complete 
|  91|0x0000000710000000, 0x0000000710200000, 0x0000000710200000|100%| E|CS|TAMS 0x0000000710000000, 0x0000000710000000| Complete 
|  92|0x0000000710200000, 0x0000000710400000, 0x0000000710400000|100%| E|CS|TAMS 0x0000000710200000, 0x0000000710200000| Complete 
|  93|0x0000000710400000, 0x0000000710600000, 0x0000000710600000|100%| E|CS|TAMS 0x0000000710400000, 0x0000000710400000| Complete 
|  94|0x0000000710600000, 0x0000000710800000, 0x0000000710800000|100%| E|CS|TAMS 0x0000000710600000, 0x0000000710600000| Complete 
|  95|0x0000000710800000, 0x0000000710a00000, 0x0000000710a00000|100%| E|CS|TAMS 0x0000000710800000, 0x0000000710800000| Complete 
|  96|0x0000000710a00000, 0x0000000710c00000, 0x0000000710c00000|100%| E|CS|TAMS 0x0000000710a00000, 0x0000000710a00000| Complete 
|  97|0x0000000710c00000, 0x0000000710e00000, 0x0000000710e00000|100%| E|CS|TAMS 0x0000000710c00000, 0x0000000710c00000| Complete 
|  98|0x0000000710e00000, 0x0000000711000000, 0x0000000711000000|100%| E|CS|TAMS 0x0000000710e00000, 0x0000000710e00000| Complete 

Card table byte_map: [0x00000256330f0000,0x00000256338d0000] _byte_map_base: 0x000002562f8cb000

Marking Bits (Prev, Next): (CMBitMap*) 0x000002562c209310, (CMBitMap*) 0x000002562c209350
 Prev Bits: [0x00000256340b0000, 0x0000025637f88000)
 Next Bits: [0x0000025637f90000, 0x000002563be68000)

Polling page: 0x000002562b910000

Metaspace:

Usage:
  Non-class:    102.05 MB used.
      Class:     15.40 MB used.
       Both:    117.45 MB used.

Virtual space:
  Non-class space:      104.00 MB reserved,     102.50 MB ( 99%) committed,  13 nodes.
      Class space:        1.00 GB reserved,      15.75 MB (  2%) committed,  1 nodes.
             Both:        1.10 GB reserved,     118.25 MB ( 10%) committed. 

Chunk freelists:
   Non-Class:  1.25 MB
       Class:  292.00 KB
        Both:  1.53 MB

MaxMetaspaceSize: unlimited
CompressedClassSpaceSize: 1.00 GB
Initial GC threshold: 21.00 MB
Current GC threshold: 184.50 MB
CDS: off
MetaspaceReclaimPolicy: balanced
 - commit_granule_bytes: 65536.
 - commit_granule_words: 8192.
 - virtual_space_node_default_size: 1048576.
 - enlarge_chunks_in_place: 1.
 - new_chunks_are_fully_committed: 0.
 - uncommit_free_chunks: 1.
 - use_allocation_guard: 0.
 - handle_deallocations: 1.


Internal statistics:

num_allocs_failed_limit: 12.
num_arena_births: 1690.
num_arena_deaths: 666.
num_vsnodes_births: 14.
num_vsnodes_deaths: 0.
num_space_committed: 1892.
num_space_uncommitted: 0.
num_chunks_returned_to_freelist: 890.
num_chunks_taken_from_freelist: 6856.
num_chunk_merges: 279.
num_chunk_splits: 4301.
num_chunks_enlarged: 2986.
num_purges: 6.
num_inconsistent_stats: 0.

CodeCache: size=49152Kb used=28718Kb max_used=30382Kb free=20433Kb
 bounds [0x000002562f800000, 0x00000256315b0000, 0x0000025632800000]
 total_blobs=16188 nmethods=15465 adapters=648
 compilation: enabled
              stopped_count=0, restarted_count=0
 full_count=0

Compilation events (20 events):
Event: 2006.689 Thread 0x000002563ea7d040 15630       1       java.io.ObjectInputStream$PeekInputStream::read (47 bytes)
Event: 2006.690 Thread 0x000002563ea7d040 nmethod 15630 0x0000025631288b10 code [0x0000025631288cc0, 0x0000025631288e28]
Event: 2006.690 Thread 0x000002563ea7d040 15631       1       java.io.ObjectInputStream$PeekInputStream::peek (49 bytes)
Event: 2006.690 Thread 0x000002563ea7d040 nmethod 15631 0x0000025631288790 code [0x0000025631288940, 0x0000025631288aa8]
Event: 2006.693 Thread 0x000002563ea7d040 15632       1       java.io.ObjectInputStream$BlockDataInputStream::setBlockDataMode (74 bytes)
Event: 2006.693 Thread 0x000002563ea7d040 nmethod 15632 0x0000025631288310 code [0x00000256312884c0, 0x00000256312886c8]
Event: 2006.694 Thread 0x000002563ea7d040 15633       1       java.io.ClassCache$CacheRef::getStrong (5 bytes)
Event: 2006.694 Thread 0x000002563ea7d040 nmethod 15633 0x0000025631288010 code [0x00000256312881a0, 0x0000025631288278]
Event: 2006.694 Thread 0x000002563ea7d040 15634       1       java.io.ObjectStreamField::getTypeCode (9 bytes)
Event: 2006.695 Thread 0x000002563ea7d040 nmethod 15634 0x0000025631287a10 code [0x0000025631287be0, 0x0000025631287e08]
Event: 2006.695 Thread 0x000002563ea7d040 15635       1       java.io.ObjectOutputStream$BlockDataOutputStream::writeByte (33 bytes)
Event: 2006.695 Thread 0x000002563ea7d040 nmethod 15635 0x0000025631287610 code [0x00000256312877a0, 0x00000256312878e8]
Event: 2066.823 Thread 0x000002563ea7d040 15636       1       java.net.InetSocketAddress$InetSocketAddressHolder::getPort (5 bytes)
Event: 2066.823 Thread 0x000002563ea7d040 nmethod 15636 0x0000025631287310 code [0x00000256312874a0, 0x0000025631287578]
Event: 2066.823 Thread 0x000002563ea7d040 15637   !   1       sun.nio.ch.NioSocketImpl::setOption (545 bytes)
Event: 2066.830 Thread 0x000002563ea7d040 nmethod 15637 0x0000025631283c90 code [0x00000256312840e0, 0x0000025631285c38]
Event: 2126.837 Thread 0x000002563ea7d040 15638       1       sun.util.logging.internal.LoggingProviderImpl$JULWrapper::toJUL (40 bytes)
Event: 2126.838 Thread 0x000002563ea7d040 nmethod 15638 0x0000025631283910 code [0x0000025631283aa0, 0x0000025631283bb8]
Event: 2186.850 Thread 0x000002563ea7d040 15639       1       java.io.ObjectOutputStream$BlockDataOutputStream::drain (45 bytes)
Event: 2186.850 Thread 0x000002563ea7d040 nmethod 15639 0x0000025631283510 code [0x00000256312836c0, 0x0000025631283838]

GC Heap History (20 events):
Event: 1868.606 GC heap before
{Heap before GC invocations=102 (full 2):
 garbage-first heap   total 202752K, used 170681K [0x0000000704a00000, 0x0000000800000000)
  region size 2048K, 32 young (65536K), 3 survivors (6144K)
 Metaspace       used 120255K, committed 121024K, reserved 1155072K
  class space    used 15769K, committed 16128K, reserved 1048576K
}
Event: 1868.613 GC heap after
{Heap after GC invocations=103 (full 2):
 garbage-first heap   total 202752K, used 111834K [0x0000000704a00000, 0x0000000800000000)
  region size 2048K, 2 young (4096K), 2 survivors (4096K)
 Metaspace       used 120255K, committed 121024K, reserved 1155072K
  class space    used 15769K, committed 16128K, reserved 1048576K
}
Event: 1908.263 GC heap before
{Heap before GC invocations=103 (full 2):
 garbage-first heap   total 202752K, used 173274K [0x0000000704a00000, 0x0000000800000000)
  region size 2048K, 32 young (65536K), 2 survivors (4096K)
 Metaspace       used 120255K, committed 121024K, reserved 1155072K
  class space    used 15769K, committed 16128K, reserved 1048576K
}
Event: 1908.268 GC heap after
{Heap after GC invocations=104 (full 2):
 garbage-first heap   total 202752K, used 111388K [0x0000000704a00000, 0x0000000800000000)
  region size 2048K, 2 young (4096K), 2 survivors (4096K)
 Metaspace       used 120255K, committed 121024K, reserved 1155072K
  class space    used 15769K, committed 16128K, reserved 1048576K
}
Event: 1948.613 GC heap before
{Heap before GC invocations=104 (full 2):
 garbage-first heap   total 202752K, used 172828K [0x0000000704a00000, 0x0000000800000000)
  region size 2048K, 32 young (65536K), 2 survivors (4096K)
 Metaspace       used 120255K, committed 121024K, reserved 1155072K
  class space    used 15769K, committed 16128K, reserved 1048576K
}
Event: 1948.618 GC heap after
{Heap after GC invocations=105 (full 2):
 garbage-first heap   total 202752K, used 111181K [0x0000000704a00000, 0x0000000800000000)
  region size 2048K, 2 young (4096K), 2 survivors (4096K)
 Metaspace       used 120255K, committed 121024K, reserved 1155072K
  class space    used 15769K, committed 16128K, reserved 1048576K
}
Event: 1989.747 GC heap before
{Heap before GC invocations=105 (full 2):
 garbage-first heap   total 202752K, used 174669K [0x0000000704a00000, 0x0000000800000000)
  region size 2048K, 33 young (67584K), 2 survivors (4096K)
 Metaspace       used 120255K, committed 121024K, reserved 1155072K
  class space    used 15769K, committed 16128K, reserved 1048576K
}
Event: 1989.755 GC heap after
{Heap after GC invocations=106 (full 2):
 garbage-first heap   total 202752K, used 110774K [0x0000000704a00000, 0x0000000800000000)
  region size 2048K, 2 young (4096K), 2 survivors (4096K)
 Metaspace       used 120255K, committed 121024K, reserved 1155072K
  class space    used 15769K, committed 16128K, reserved 1048576K
}
Event: 2029.095 GC heap before
{Heap before GC invocations=106 (full 2):
 garbage-first heap   total 202752K, used 174262K [0x0000000704a00000, 0x0000000800000000)
  region size 2048K, 33 young (67584K), 2 survivors (4096K)
 Metaspace       used 120265K, committed 121024K, reserved 1155072K
  class space    used 15770K, committed 16128K, reserved 1048576K
}
Event: 2029.101 GC heap after
{Heap after GC invocations=107 (full 2):
 garbage-first heap   total 202752K, used 110958K [0x0000000704a00000, 0x0000000800000000)
  region size 2048K, 2 young (4096K), 2 survivors (4096K)
 Metaspace       used 120265K, committed 121024K, reserved 1155072K
  class space    used 15770K, committed 16128K, reserved 1048576K
}
Event: 2070.738 GC heap before
{Heap before GC invocations=107 (full 2):
 garbage-first heap   total 202752K, used 174446K [0x0000000704a00000, 0x0000000800000000)
  region size 2048K, 33 young (67584K), 2 survivors (4096K)
 Metaspace       used 120267K, committed 121088K, reserved 1155072K
  class space    used 15771K, committed 16128K, reserved 1048576K
}
Event: 2070.744 GC heap after
{Heap after GC invocations=108 (full 2):
 garbage-first heap   total 202752K, used 110866K [0x0000000704a00000, 0x0000000800000000)
  region size 2048K, 2 young (4096K), 2 survivors (4096K)
 Metaspace       used 120267K, committed 121088K, reserved 1155072K
  class space    used 15771K, committed 16128K, reserved 1048576K
}
Event: 2112.019 GC heap before
{Heap before GC invocations=108 (full 2):
 garbage-first heap   total 202752K, used 174354K [0x0000000704a00000, 0x0000000800000000)
  region size 2048K, 33 young (67584K), 2 survivors (4096K)
 Metaspace       used 120267K, committed 121088K, reserved 1155072K
  class space    used 15771K, committed 16128K, reserved 1048576K
}
Event: 2112.025 GC heap after
{Heap after GC invocations=109 (full 2):
 garbage-first heap   total 202752K, used 110660K [0x0000000704a00000, 0x0000000800000000)
  region size 2048K, 1 young (2048K), 1 survivors (2048K)
 Metaspace       used 120267K, committed 121088K, reserved 1155072K
  class space    used 15771K, committed 16128K, reserved 1048576K
}
Event: 2155.268 GC heap before
{Heap before GC invocations=109 (full 2):
 garbage-first heap   total 202752K, used 178244K [0x0000000704a00000, 0x0000000800000000)
  region size 2048K, 34 young (69632K), 1 survivors (2048K)
 Metaspace       used 120267K, committed 121088K, reserved 1155072K
  class space    used 15771K, committed 16128K, reserved 1048576K
}
Event: 2155.272 GC heap after
{Heap after GC invocations=110 (full 2):
 garbage-first heap   total 202752K, used 111155K [0x0000000704a00000, 0x0000000800000000)
  region size 2048K, 2 young (4096K), 2 survivors (4096K)
 Metaspace       used 120267K, committed 121088K, reserved 1155072K
  class space    used 15771K, committed 16128K, reserved 1048576K
}
Event: 2196.308 GC heap before
{Heap before GC invocations=110 (full 2):
 garbage-first heap   total 202752K, used 174643K [0x0000000704a00000, 0x0000000800000000)
  region size 2048K, 33 young (67584K), 2 survivors (4096K)
 Metaspace       used 120267K, committed 121088K, reserved 1155072K
  class space    used 15771K, committed 16128K, reserved 1048576K
}
Event: 2196.315 GC heap after
{Heap after GC invocations=111 (full 2):
 garbage-first heap   total 202752K, used 111103K [0x0000000704a00000, 0x0000000800000000)
  region size 2048K, 2 young (4096K), 2 survivors (4096K)
 Metaspace       used 120267K, committed 121088K, reserved 1155072K
  class space    used 15771K, committed 16128K, reserved 1048576K
}
Event: 2237.783 GC heap before
{Heap before GC invocations=111 (full 2):
 garbage-first heap   total 202752K, used 174591K [0x0000000704a00000, 0x0000000800000000)
  region size 2048K, 33 young (67584K), 2 survivors (4096K)
 Metaspace       used 120267K, committed 121088K, reserved 1155072K
  class space    used 15771K, committed 16128K, reserved 1048576K
}
Event: 2237.787 GC heap after
{Heap after GC invocations=112 (full 2):
 garbage-first heap   total 202752K, used 110996K [0x0000000704a00000, 0x0000000800000000)
  region size 2048K, 2 young (4096K), 2 survivors (4096K)
 Metaspace       used 120267K, committed 121088K, reserved 1155072K
  class space    used 15771K, committed 16128K, reserved 1048576K
}

Deoptimization events (20 events):
Event: 2006.692 Thread 0x00000256464a64d0 DEOPT PACKING pc=0x0000025630535c8c sp=0x000000e0b32fd940
Event: 2006.692 Thread 0x00000256464a64d0 DEOPT UNPACKING pc=0x000002562f856763 sp=0x000000e0b32fcea8 mode 1
Event: 2006.692 Thread 0x00000256464a64d0 DEOPT PACKING pc=0x0000025630535c8c sp=0x000000e0b32fd940
Event: 2006.692 Thread 0x00000256464a64d0 DEOPT UNPACKING pc=0x000002562f856763 sp=0x000000e0b32fcea8 mode 1
Event: 2006.693 Thread 0x00000256464a64d0 DEOPT PACKING pc=0x000002563082d45c sp=0x000000e0b32fd610
Event: 2006.693 Thread 0x00000256464a64d0 DEOPT UNPACKING pc=0x000002562f856763 sp=0x000000e0b32fcb78 mode 1
Event: 2006.694 Thread 0x00000256464a64d0 DEOPT PACKING pc=0x0000025630535c8c sp=0x000000e0b32fd680
Event: 2006.694 Thread 0x00000256464a64d0 DEOPT UNPACKING pc=0x000002562f856763 sp=0x000000e0b32fcbe8 mode 1
Event: 2006.694 Thread 0x00000256464a64d0 DEOPT PACKING pc=0x0000025630535c8c sp=0x000000e0b32fd680
Event: 2006.694 Thread 0x00000256464a64d0 DEOPT UNPACKING pc=0x000002562f856763 sp=0x000000e0b32fcbe8 mode 1
Event: 2006.694 Thread 0x00000256464a64d0 DEOPT PACKING pc=0x0000025630535c8c sp=0x000000e0b32fd680
Event: 2006.694 Thread 0x00000256464a64d0 DEOPT UNPACKING pc=0x000002562f856763 sp=0x000000e0b32fcbe8 mode 1
Event: 2006.694 Thread 0x00000256464a64d0 DEOPT PACKING pc=0x0000025630535c8c sp=0x000000e0b32fd680
Event: 2006.694 Thread 0x00000256464a64d0 DEOPT UNPACKING pc=0x000002562f856763 sp=0x000000e0b32fcbe8 mode 1
Event: 2006.694 Thread 0x00000256464a64d0 DEOPT PACKING pc=0x0000025630535c8c sp=0x000000e0b32fd680
Event: 2006.694 Thread 0x00000256464a64d0 DEOPT UNPACKING pc=0x000002562f856763 sp=0x000000e0b32fcbe8 mode 1
Event: 2006.694 Thread 0x00000256464a64d0 DEOPT PACKING pc=0x0000025630535c8c sp=0x000000e0b32fd680
Event: 2006.694 Thread 0x00000256464a64d0 DEOPT UNPACKING pc=0x000002562f856763 sp=0x000000e0b32fcbe8 mode 1
Event: 2006.694 Thread 0x00000256464a64d0 DEOPT PACKING pc=0x0000025630535c8c sp=0x000000e0b32fd680
Event: 2006.694 Thread 0x00000256464a64d0 DEOPT UNPACKING pc=0x000002562f856763 sp=0x000000e0b32fcbe8 mode 1

Classes unloaded (20 events):
Event: 1802.197 Thread 0x000002563c0fe450 Unloading class 0x0000000800102400 'java/lang/invoke/LambdaForm$MH+0x0000000800102400'
Event: 1802.197 Thread 0x000002563c0fe450 Unloading class 0x0000000800101c00 'java/lang/invoke/LambdaForm$MH+0x0000000800101c00'
Event: 1819.719 Thread 0x000002563c0fe450 Unloading class 0x0000000800e84400 'jdk/internal/reflect/GeneratedSerializationConstructorAccessor143'
Event: 1819.719 Thread 0x000002563c0fe450 Unloading class 0x0000000800e84000 'jdk/internal/reflect/GeneratedSerializationConstructorAccessor142'
Event: 1819.719 Thread 0x000002563c0fe450 Unloading class 0x0000000800e7d800 'jdk/internal/reflect/GeneratedSerializationConstructorAccessor141'
Event: 1819.719 Thread 0x000002563c0fe450 Unloading class 0x0000000800e7cc00 'jdk/internal/reflect/GeneratedSerializationConstructorAccessor140'
Event: 1819.719 Thread 0x000002563c0fe450 Unloading class 0x0000000800e7c800 'jdk/internal/reflect/GeneratedSerializationConstructorAccessor139'
Event: 1819.719 Thread 0x000002563c0fe450 Unloading class 0x0000000800e7c400 'jdk/internal/reflect/GeneratedSerializationConstructorAccessor138'
Event: 1819.719 Thread 0x000002563c0fe450 Unloading class 0x0000000800e7c000 'jdk/internal/reflect/GeneratedSerializationConstructorAccessor137'
Event: 1819.719 Thread 0x000002563c0fe450 Unloading class 0x0000000800e75800 'jdk/internal/reflect/GeneratedSerializationConstructorAccessor136'
Event: 1819.719 Thread 0x000002563c0fe450 Unloading class 0x0000000800e75400 'jdk/internal/reflect/GeneratedSerializationConstructorAccessor135'
Event: 1819.719 Thread 0x000002563c0fe450 Unloading class 0x0000000800e75000 'jdk/internal/reflect/GeneratedSerializationConstructorAccessor134'
Event: 1819.719 Thread 0x000002563c0fe450 Unloading class 0x0000000800e74c00 'jdk/internal/reflect/GeneratedSerializationConstructorAccessor133'
Event: 1819.719 Thread 0x000002563c0fe450 Unloading class 0x0000000800e74800 'jdk/internal/reflect/GeneratedSerializationConstructorAccessor132'
Event: 1819.719 Thread 0x000002563c0fe450 Unloading class 0x0000000800e74400 'jdk/internal/reflect/GeneratedSerializationConstructorAccessor131'
Event: 1819.719 Thread 0x000002563c0fe450 Unloading class 0x0000000800e74000 'jdk/internal/reflect/GeneratedSerializationConstructorAccessor130'
Event: 1819.719 Thread 0x000002563c0fe450 Unloading class 0x0000000800e6f400 'jdk/internal/reflect/GeneratedSerializationConstructorAccessor129'
Event: 1819.719 Thread 0x000002563c0fe450 Unloading class 0x0000000800e64c00 'jdk/internal/reflect/GeneratedSerializationConstructorAccessor128'
Event: 1819.719 Thread 0x000002563c0fe450 Unloading class 0x0000000800e64800 'jdk/internal/reflect/GeneratedSerializationConstructorAccessor127'
Event: 1819.719 Thread 0x000002563c0fe450 Unloading class 0x0000000800e38800 'jdk/internal/reflect/GeneratedSerializationConstructorAccessor126'

Classes redefined (5 events):
Event: 1282.736 Thread 0x000002563c0fe450 redefined class name=br.com.ultraworks.erp.api.fiscal.service.CfopService, count=1
Event: 1837.428 Thread 0x000002563c0fe450 redefined class name=br.com.ultraworks.erp.api.fiscal.service.CfopService, count=1
Event: 1837.428 Thread 0x000002563c0fe450 redefined class name=br.com.ultraworks.erp.api.fiscal.service.CfopService, count=1
Event: 1837.428 Thread 0x000002563c0fe450 redefined class name=br.com.ultraworks.erp.api.fiscal.service.CfopService, count=1
Event: 1837.428 Thread 0x000002563c0fe450 redefined class name=br.com.ultraworks.erp.api.fiscal.service.CfopService, count=2

Internal exceptions (20 events):
Event: 1839.940 Thread 0x00000256464a5190 Exception <a 'sun/nio/fs/WindowsException'{0x000000070f892198}> (0x000000070f892198) 
thrown [s\src\hotspot\share\prims\jni.cpp, line 516]
Event: 1840.391 Thread 0x00000256464a5190 Exception <a 'java/lang/NoClassDefFoundError'{0x000000070d24f9c8}: liquibase/integration/spring/SpringLiquibase> (0x000000070d24f9c8) 
thrown [s\src\hotspot\share\oops\constantPool.cpp, line 835]
Event: 1840.428 Thread 0x00000256464a5190 Exception <a 'java/lang/NoClassDefFoundError'{0x000000070d09b2b0}: org/jooq/DSLContext> (0x000000070d09b2b0) 
thrown [s\src\hotspot\share\oops\constantPool.cpp, line 835]
Event: 1840.434 Thread 0x00000256464a5190 Exception <a 'java/lang/NoClassDefFoundError'{0x000000070d111440}: org/springframework/batch/core/repository/JobRepository> (0x000000070d111440) 
thrown [s\src\hotspot\share\oops\constantPool.cpp, line 835]
Event: 1840.436 Thread 0x00000256464a5190 Exception <a 'java/lang/NoClassDefFoundError'{0x000000070d111a88}: org/quartz/Scheduler> (0x000000070d111a88) 
thrown [s\src\hotspot\share\oops\constantPool.cpp, line 835]
Event: 1840.438 Thread 0x00000256464a5190 Exception <a 'java/lang/NoClassDefFoundError'{0x000000070d1120f8}: org/springframework/session/jdbc/JdbcIndexedSessionRepository> (0x000000070d1120f8) 
thrown [s\src\hotspot\share\oops\constantPool.cpp, line 835]
Event: 1840.707 Thread 0x00000256464a5190 Exception <a 'sun/nio/fs/WindowsException'{0x0000000710484998}> (0x0000000710484998) 
thrown [s\src\hotspot\share\prims\jni.cpp, line 516]
Event: 1840.708 Thread 0x00000256464a5190 Exception <a 'sun/nio/fs/WindowsException'{0x0000000710485050}> (0x0000000710485050) 
thrown [s\src\hotspot\share\prims\jni.cpp, line 516]
Event: 1840.709 Thread 0x00000256464a5190 Exception <a 'sun/nio/fs/WindowsException'{0x0000000710485788}> (0x0000000710485788) 
thrown [s\src\hotspot\share\prims\jni.cpp, line 516]
Event: 1840.748 Thread 0x00000256464a5190 Exception <a 'java/io/FileNotFoundException'{0x00000007104dd778}> (0x00000007104dd778) 
thrown [s\src\hotspot\share\prims\jni.cpp, line 516]
Event: 1841.120 Thread 0x00000256464a5190 Exception <a 'sun/nio/fs/WindowsException'{0x000000070f21b0f8}> (0x000000070f21b0f8) 
thrown [s\src\hotspot\share\prims\jni.cpp, line 516]
Event: 1842.051 Thread 0x00000256464a5190 Exception <a 'sun/nio/fs/WindowsException'{0x00000007107ad8b0}> (0x00000007107ad8b0) 
thrown [s\src\hotspot\share\prims\jni.cpp, line 516]
Event: 1842.120 Thread 0x00000256464a5190 Exception <a 'sun/nio/fs/WindowsException'{0x0000000710344fd8}> (0x0000000710344fd8) 
thrown [s\src\hotspot\share\prims\jni.cpp, line 516]
Event: 1844.316 Thread 0x00000256464a5190 Exception <a 'sun/nio/fs/WindowsException'{0x00000007101c5078}> (0x00000007101c5078) 
thrown [s\src\hotspot\share\prims\jni.cpp, line 516]
Event: 1844.391 Thread 0x00000256464a5190 Exception <a 'java/io/FileNotFoundException'{0x000000070f7911e0}> (0x000000070f7911e0) 
thrown [s\src\hotspot\share\prims\jni.cpp, line 516]
Event: 1846.141 Thread 0x00000256464a5190 Exception <a 'java/lang/reflect/InvocationTargetException'{0x000000070f833098}> (0x000000070f833098) 
thrown [s\src\hotspot\share\runtime\reflection.cpp, line 1121]
Event: 1846.165 Thread 0x00000256464a3e50 Exception <a 'java/lang/InterruptedException'{0x000000070f968778}: sleep interrupted> (0x000000070f968778) 
thrown [s\src\hotspot\share\prims\jvm.cpp, line 3070]
Event: 1846.181 Thread 0x00000256464a5190 Exception <a 'java/lang/NoClassDefFoundError'{0x000000070f8ec9e8}: liquibase/exception/ChangeLogParseException> (0x000000070f8ec9e8) 
thrown [s\src\hotspot\share\classfile\systemDictionary.cpp, line 245]
Event: 1846.204 Thread 0x00000256464a5190 Exception <a 'java/lang/reflect/InvocationTargetException'{0x000000070f66d500}> (0x000000070f66d500) 
thrown [s\src\hotspot\share\runtime\reflection.cpp, line 1121]
Event: 2006.694 Thread 0x00000256464a64d0 Exception <a 'java/lang/NoSuchMethodError'{0x000000070f5d0cc8}: static [B.<clinit>()V> (0x000000070f5d0cc8) 
thrown [s\src\hotspot\share\prims\jni.cpp, line 1107]

VM Operations (20 events):
Event: 2256.991 Executing VM operation: ChangeBreakpoints
Event: 2256.994 Executing VM operation: ChangeBreakpoints done
Event: 2256.996 Executing VM operation: ChangeBreakpoints
Event: 2257.001 Executing VM operation: ChangeBreakpoints done
Event: 2257.017 Executing VM operation: ChangeBreakpoints
Event: 2257.021 Executing VM operation: ChangeBreakpoints done
Event: 2257.022 Executing VM operation: ChangeBreakpoints
Event: 2257.026 Executing VM operation: ChangeBreakpoints done
Event: 2257.042 Executing VM operation: ChangeBreakpoints
Event: 2257.045 Executing VM operation: ChangeBreakpoints done
Event: 2257.047 Executing VM operation: ChangeBreakpoints
Event: 2257.049 Executing VM operation: ChangeBreakpoints done
Event: 2257.071 Executing VM operation: ChangeBreakpoints
Event: 2257.075 Executing VM operation: ChangeBreakpoints done
Event: 2257.077 Executing VM operation: ChangeBreakpoints
Event: 2257.079 Executing VM operation: ChangeBreakpoints done
Event: 2257.095 Executing VM operation: ChangeBreakpoints
Event: 2257.098 Executing VM operation: ChangeBreakpoints done
Event: 2257.099 Executing VM operation: ChangeBreakpoints
Event: 2257.101 Executing VM operation: ChangeBreakpoints done

Events (20 events):
Event: 1842.938 Thread 0x00000256465b4fe0 Thread added: 0x00000256465b4fe0
Event: 1842.938 Thread 0x00000256485c5220 Thread added: 0x00000256485c5220
Event: 1842.938 Thread 0x0000025648367890 Thread added: 0x0000025648367890
Event: 1844.392 Thread 0x00000256464a6000 Thread added: 0x00000256464a6000
Event: 1844.392 Thread 0x00000256464a1300 Thread added: 0x00000256464a1300
Event: 1844.393 Thread 0x00000256464a3e50 Thread added: 0x00000256464a3e50
Event: 1846.079 Thread 0x000002564649faf0 Thread exited: 0x000002564649faf0
Event: 1846.152 Thread 0x000002564649faf0 Thread added: 0x000002564649faf0
Event: 1846.153 Thread 0x00000256464a3980 Thread exited: 0x00000256464a3980
Event: 1846.159 Thread 0x000002564649faf0 Thread exited: 0x000002564649faf0
Event: 1846.165 Thread 0x00000256464a3e50 Thread exited: 0x00000256464a3e50
Event: 1846.169 Thread 0x00000256464a1300 Thread exited: 0x00000256464a1300
Event: 1846.169 Thread 0x00000256464a6000 Thread exited: 0x00000256464a6000
Event: 1846.204 Thread 0x00000256464a5190 Thread exited: 0x00000256464a5190
Event: 1846.205 Thread 0x00000256464a2170 Thread added: 0x00000256464a2170
Event: 1851.203 Thread 0x0000025648367890 Thread exited: 0x0000025648367890
Event: 1856.204 Thread 0x00000256485c5220 Thread exited: 0x00000256485c5220
Event: 1861.204 Thread 0x00000256465b4fe0 Thread exited: 0x00000256465b4fe0
Event: 1941.386 Thread 0x00000256464a0960 Thread added: 0x00000256464a0960
Event: 1946.402 Thread 0x00000256464a0960 Thread exited: 0x00000256464a0960


Dynamic libraries:
0x00007ff685850000 - 0x00007ff68585e000 	C:\Accenture\Ferramentas\IDE\sts-4.15.3.RELEASE\plugins\org.eclipse.justj.openjdk.hotspot.jre.full.win32.x86_64_17.0.4.v20220805-1047\jre\bin\javaw.exe
0x00007ffc2e1e0000 - 0x00007ffc2e3ea000 	C:\windows\SYSTEM32\ntdll.dll
0x00007ffc2c090000 - 0x00007ffc2c14d000 	C:\windows\System32\KERNEL32.DLL
0x00007ffc2baf0000 - 0x00007ffc2be75000 	C:\windows\System32\KERNELBASE.dll
0x00007ffc2b630000 - 0x00007ffc2b741000 	C:\windows\System32\ucrtbase.dll
0x00007ffbbd090000 - 0x00007ffbbd0a8000 	C:\Accenture\Ferramentas\IDE\sts-4.15.3.RELEASE\plugins\org.eclipse.justj.openjdk.hotspot.jre.full.win32.x86_64_17.0.4.v20220805-1047\jre\bin\jli.dll
0x00007ffc038b0000 - 0x00007ffc038c9000 	C:\Accenture\Ferramentas\IDE\sts-4.15.3.RELEASE\plugins\org.eclipse.justj.openjdk.hotspot.jre.full.win32.x86_64_17.0.4.v20220805-1047\jre\bin\VCRUNTIME140.dll
0x00007ffc2d740000 - 0x00007ffc2d8ec000 	C:\windows\System32\USER32.dll
0x00007ffc2b750000 - 0x00007ffc2b776000 	C:\windows\System32\win32u.dll
0x00007ffbfe890000 - 0x00007ffbfeb35000 	C:\windows\WinSxS\amd64_microsoft.windows.common-controls_6595b64144ccf1df_6.0.22000.2600_none_1b65155c6ae217ae\COMCTL32.dll
0x00007ffc2c200000 - 0x00007ffc2c229000 	C:\windows\System32\GDI32.dll
0x00007ffc2b8a0000 - 0x00007ffc2b9bb000 	C:\windows\System32\gdi32full.dll
0x00007ffc2b800000 - 0x00007ffc2b89d000 	C:\windows\System32\msvcp_win.dll
0x00007ffc2c150000 - 0x00007ffc2c1f3000 	C:\windows\System32\msvcrt.dll
0x00007ffc2c950000 - 0x00007ffc2c981000 	C:\windows\System32\IMM32.DLL
0x00007ffc29dd0000 - 0x00007ffc29f52000 	C:\Program Files\Avecto\Privilege Guard Client\PGHook.dll
0x00007ffc2c230000 - 0x00007ffc2c2e1000 	C:\windows\System32\ADVAPI32.dll
0x00007ffc2d390000 - 0x00007ffc2d432000 	C:\windows\System32\sechost.dll
0x00007ffc2be80000 - 0x00007ffc2bea7000 	C:\windows\System32\bcrypt.dll
0x00007ffc2c790000 - 0x00007ffc2c8b1000 	C:\windows\System32\RPCRT4.dll
0x000000005a760000 - 0x000000005a7d2000 	C:\windows\System32\QIPCAP64.dll
0x00007ffc2cbc0000 - 0x00007ffc2d385000 	C:\windows\System32\SHELL32.dll
0x00007ffc29f90000 - 0x00007ffc2a079000 	C:\windows\SYSTEM32\DNSAPI.dll
0x00007ffc29f60000 - 0x00007ffc29f8d000 	C:\windows\SYSTEM32\IPHLPAPI.DLL
0x00007ffc2d4f0000 - 0x00007ffc2d4f9000 	C:\windows\System32\NSI.dll
0x00007ffc22bc0000 - 0x00007ffc22bcc000 	C:\Accenture\Ferramentas\IDE\sts-4.15.3.RELEASE\plugins\org.eclipse.justj.openjdk.hotspot.jre.full.win32.x86_64_17.0.4.v20220805-1047\jre\bin\vcruntime140_1.dll
0x00007ffbb9c90000 - 0x00007ffbb9d21000 	C:\Accenture\Ferramentas\IDE\sts-4.15.3.RELEASE\plugins\org.eclipse.justj.openjdk.hotspot.jre.full.win32.x86_64_17.0.4.v20220805-1047\jre\bin\msvcp140.dll
0x00007ffbb8640000 - 0x00007ffbb9286000 	C:\Accenture\Ferramentas\IDE\sts-4.15.3.RELEASE\plugins\org.eclipse.justj.openjdk.hotspot.jre.full.win32.x86_64_17.0.4.v20220805-1047\jre\bin\server\jvm.dll
0x00007ffc2ca00000 - 0x00007ffc2ca08000 	C:\windows\System32\PSAPI.DLL
0x00007ffbfd120000 - 0x00007ffbfd129000 	C:\windows\SYSTEM32\WSOCK32.dll
0x00007ffc2c990000 - 0x00007ffc2c9ff000 	C:\windows\System32\WS2_32.dll
0x00007ffc21400000 - 0x00007ffc21433000 	C:\windows\SYSTEM32\WINMM.dll
0x00007ffc29620000 - 0x00007ffc2962a000 	C:\windows\SYSTEM32\VERSION.dll
0x00007ffc2a680000 - 0x00007ffc2a698000 	C:\windows\SYSTEM32\kernel.appcore.dll
0x00007ffbf1280000 - 0x00007ffbf128a000 	C:\Accenture\Ferramentas\IDE\sts-4.15.3.RELEASE\plugins\org.eclipse.justj.openjdk.hotspot.jre.full.win32.x86_64_17.0.4.v20220805-1047\jre\bin\jimage.dll
0x00007ffc27ec0000 - 0x00007ffc280e1000 	C:\windows\SYSTEM32\DBGHELP.DLL
0x00007ffc07670000 - 0x00007ffc076a1000 	C:\windows\SYSTEM32\dbgcore.DLL
0x00007ffc2b780000 - 0x00007ffc2b7ff000 	C:\windows\System32\bcryptPrimitives.dll
0x00007ffbec580000 - 0x00007ffbec5bb000 	C:\Accenture\Ferramentas\IDE\sts-4.15.3.RELEASE\plugins\org.eclipse.justj.openjdk.hotspot.jre.full.win32.x86_64_17.0.4.v20220805-1047\jre\bin\jdwp.dll
0x00007ffbf0100000 - 0x00007ffbf010e000 	C:\Accenture\Ferramentas\IDE\sts-4.15.3.RELEASE\plugins\org.eclipse.justj.openjdk.hotspot.jre.full.win32.x86_64_17.0.4.v20220805-1047\jre\bin\instrument.dll
0x00007ffbbd0b0000 - 0x00007ffbbd0d5000 	C:\Accenture\Ferramentas\IDE\sts-4.15.3.RELEASE\plugins\org.eclipse.justj.openjdk.hotspot.jre.full.win32.x86_64_17.0.4.v20220805-1047\jre\bin\java.dll
0x00007ffbb9620000 - 0x00007ffbb9638000 	C:\Accenture\Ferramentas\IDE\sts-4.15.3.RELEASE\plugins\org.eclipse.justj.openjdk.hotspot.jre.full.win32.x86_64_17.0.4.v20220805-1047\jre\bin\zip.dll
0x00007ffc28db0000 - 0x00007ffc29612000 	C:\windows\SYSTEM32\windows.storage.dll
0x00007ffc2c410000 - 0x00007ffc2c786000 	C:\windows\System32\combase.dll
0x00007ffc28c20000 - 0x00007ffc28d87000 	C:\windows\SYSTEM32\wintypes.dll
0x00007ffc2df20000 - 0x00007ffc2e00a000 	C:\windows\System32\SHCORE.dll
0x00007ffc2c8c0000 - 0x00007ffc2c91d000 	C:\windows\System32\shlwapi.dll
0x00007ffc2b560000 - 0x00007ffc2b585000 	C:\windows\SYSTEM32\profapi.dll
0x00007ffc21750000 - 0x00007ffc2175c000 	C:\Accenture\Ferramentas\IDE\sts-4.15.3.RELEASE\plugins\org.eclipse.justj.openjdk.hotspot.jre.full.win32.x86_64_17.0.4.v20220805-1047\jre\bin\dt_socket.dll
0x00007ffc2ac20000 - 0x00007ffc2ac87000 	C:\windows\system32\mswsock.dll
0x00007ffc205c0000 - 0x00007ffc205ca000 	C:\Windows\System32\rasadhlp.dll
0x00007ffc222b0000 - 0x00007ffc22331000 	C:\windows\System32\fwpuclnt.dll
0x00007ffbb9600000 - 0x00007ffbb9619000 	C:\Accenture\Ferramentas\IDE\sts-4.15.3.RELEASE\plugins\org.eclipse.justj.openjdk.hotspot.jre.full.win32.x86_64_17.0.4.v20220805-1047\jre\bin\net.dll
0x00007ffc2a6a0000 - 0x00007ffc2a7b4000 	C:\windows\SYSTEM32\WINHTTP.dll
0x00007ffbb95e0000 - 0x00007ffbb95f5000 	C:\Accenture\Ferramentas\IDE\sts-4.15.3.RELEASE\plugins\org.eclipse.justj.openjdk.hotspot.jre.full.win32.x86_64_17.0.4.v20220805-1047\jre\bin\nio.dll
0x00007ffc038a0000 - 0x00007ffc038a9000 	C:\Accenture\Ferramentas\IDE\sts-4.15.3.RELEASE\plugins\org.eclipse.justj.openjdk.hotspot.jre.full.win32.x86_64_17.0.4.v20220805-1047\jre\bin\management.dll
0x00007ffc03890000 - 0x00007ffc0389b000 	C:\Accenture\Ferramentas\IDE\sts-4.15.3.RELEASE\plugins\org.eclipse.justj.openjdk.hotspot.jre.full.win32.x86_64_17.0.4.v20220805-1047\jre\bin\management_ext.dll
0x00007ffc191c0000 - 0x00007ffc191d7000 	C:\windows\system32\napinsp.dll
0x00007ffc191a0000 - 0x00007ffc191bb000 	C:\windows\system32\pnrpnsp.dll
0x00007ffc170d0000 - 0x00007ffc170e2000 	C:\windows\System32\winrnr.dll
0x00007ffc20b50000 - 0x00007ffc20b65000 	C:\windows\system32\wshbth.dll
0x00007ffc17080000 - 0x00007ffc1709f000 	C:\windows\system32\nlansp_c.dll
0x00007ffc2aef0000 - 0x00007ffc2af08000 	C:\windows\SYSTEM32\CRYPTSP.dll
0x00007ffc2a5e0000 - 0x00007ffc2a615000 	C:\windows\system32\rsaenh.dll
0x00007ffc2acc0000 - 0x00007ffc2acec000 	C:\windows\SYSTEM32\USERENV.dll
0x00007ffc2aed0000 - 0x00007ffc2aedc000 	C:\windows\SYSTEM32\CRYPTBASE.dll
0x00007ffc22550000 - 0x00007ffc22569000 	C:\windows\SYSTEM32\dhcpcsvc6.DLL
0x00007ffc224f0000 - 0x00007ffc2250e000 	C:\windows\SYSTEM32\dhcpcsvc.DLL
0x00007ffbefc90000 - 0x00007ffbefca0000 	C:\Accenture\Ferramentas\IDE\sts-4.15.3.RELEASE\plugins\org.eclipse.justj.openjdk.hotspot.jre.full.win32.x86_64_17.0.4.v20220805-1047\jre\bin\verify.dll
0x00007ffc045c0000 - 0x00007ffc045ce000 	C:\Accenture\Ferramentas\IDE\sts-4.15.3.RELEASE\plugins\org.eclipse.justj.openjdk.hotspot.jre.full.win32.x86_64_17.0.4.v20220805-1047\jre\bin\sunmscapi.dll
0x0000025641d20000 - 0x0000025641e82000 	C:\windows\System32\CRYPT32.dll
0x00007ffc2b000000 - 0x00007ffc2b02a000 	C:\windows\SYSTEM32\ncrypt.dll
0x00007ffc2afc0000 - 0x00007ffc2aff7000 	C:\windows\SYSTEM32\NTASN1.dll
0x00007ffbf3f20000 - 0x00007ffbf3f28000 	C:\windows\system32\wshunix.dll

dbghelp: loaded successfully - version: 4.0.5 - missing functions: none
symbol engine: initialized successfully - sym options: 0x614 - pdb path: .;C:\Accenture\Ferramentas\IDE\sts-4.15.3.RELEASE\plugins\org.eclipse.justj.openjdk.hotspot.jre.full.win32.x86_64_17.0.4.v20220805-1047\jre\bin;C:\windows\SYSTEM32;C:\windows\WinSxS\amd64_microsoft.windows.common-controls_6595b64144ccf1df_6.0.22000.2600_none_1b65155c6ae217ae;C:\Program Files\Avecto\Privilege Guard Client;C:\Accenture\Ferramentas\IDE\sts-4.15.3.RELEASE\plugins\org.eclipse.justj.openjdk.hotspot.jre.full.win32.x86_64_17.0.4.v20220805-1047\jre\bin\server

VM Arguments:
jvm_args: -XX:+ShowCodeDetailsInExceptionMessages -agentlib:jdwp=transport=dt_socket,suspend=y,address=localhost:57416 -Dcom.sun.management.jmxremote -Dcom.sun.management.jmxremote.port=57412 -Dcom.sun.management.jmxremote.authenticate=false -Dcom.sun.management.jmxremote.ssl=false -Djava.rmi.server.hostname=localhost -Dspring.jmx.enabled=true -Dspring.application.admin.enabled=true -XX:TieredStopAtLevel=1 -Dspring.boot.project.name=uworks_erp -javaagent:C:\Accenture\Ferramentas\IDE\sts-4.15.3.RELEASE\configuration\org.eclipse.osgi\258\0\.cp\lib\javaagent-shaded.jar -Dfile.encoding=UTF-8 
java_command: br.com.ultraworks.erp.ErpApplication --spring.output.ansi.enabled=always debug
java_class_path (initial): C:\Pessoal\projetos\uw\uworks_erp\target\classes;C:\Users\rodrigo.cristo.fuhr\.m2\repository\org\springframework\boot\spring-boot-starter-data-jpa\3.1.4\spring-boot-starter-data-jpa-3.1.4.jar;C:\Users\rodrigo.cristo.fuhr\.m2\repository\org\springframework\boot\spring-boot-starter-aop\3.1.4\spring-boot-starter-aop-3.1.4.jar;C:\Users\rodrigo.cristo.fuhr\.m2\repository\org\aspectj\aspectjweaver\1.9.20\aspectjweaver-1.9.20.jar;C:\Users\rodrigo.cristo.fuhr\.m2\repository\org\springframework\boot\spring-boot-starter-jdbc\3.1.4\spring-boot-starter-jdbc-3.1.4.jar;C:\Users\rodrigo.cristo.fuhr\.m2\repository\org\springframework\spring-jdbc\6.0.12\spring-jdbc-6.0.12.jar;C:\Users\rodrigo.cristo.fuhr\.m2\repository\org\hibernate\orm\hibernate-core\6.2.9.Final\hibernate-core-6.2.9.Final.jar;C:\Users\rodrigo.cristo.fuhr\.m2\repository\jakarta\persistence\jakarta.persistence-api\3.1.0\jakarta.persistence-api-3.1.0.jar;C:\Users\rodrigo.cristo.fuhr\.m2\repository\jakarta\transaction\jakarta.transaction-api\2.0.1\jakarta.transaction-api-2.0.1.jar;C:\Users\rodrigo.cristo.fuhr\.m2\repository\org\jboss\logging\jboss-logging\3.5.3.Final\jboss-logging-3.5.3.Final.jar;C:\Users\rodrigo.cristo.fuhr\.m2\repository\org\hibernate\common\hibernate-commons-annotations\6.0.6.Final\hibernate-commons-annotations-6.0.6.Final.jar;C:\Users\rodrigo.cristo.fuhr\.m2\repository\io\smallrye\jandex\3.0.5\jandex-3.0.5.jar;C:\Users\rodrigo.cristo.fuhr\.m2\repository\com\fasterxml\classmate\1.5.1\classmate-1.5.1.jar;C:\Users\rodrigo.cristo.fuhr\.m2\repository\net\bytebuddy\byte-buddy\1.14.8\byte-buddy-1.14.8.jar;C:\Users\rodrigo.cristo.fuhr\.m2\repository\org\glassfish\jaxb\jaxb-runtime\4.0.3\jaxb-runtime-4.0.3.jar;C:\Users\rodrigo.cristo.fuhr\.m2\repository\org\glassfish\jaxb\jaxb-core\4.0.3\jaxb-core-4.0.3.jar;C:\Users\rodrigo.cristo.fuhr\.m2\repository\org\glassfish\jaxb\txw2\4.0.3\txw2-4.0.3.jar;C:\Users\rodrigo.cristo.fuhr\.m2\repository\com\sun\istack\istack-commons-runtime\4.1
Launcher Type: SUN_STANDARD

[Global flags]
     intx CICompilerCount                          = 4                                         {product} {ergonomic}
     uint ConcGCThreads                            = 2                                         {product} {ergonomic}
     uint G1ConcRefinementThreads                  = 8                                         {product} {ergonomic}
   size_t G1HeapRegionSize                         = 2097152                                   {product} {ergonomic}
    uintx GCDrainStackTargetSize                   = 64                                        {product} {ergonomic}
   size_t InitialHeapSize                          = 264241152                                 {product} {ergonomic}
     bool ManagementServer                         = true                                      {product} {command line}
   size_t MarkStackSize                            = 4194304                                   {product} {ergonomic}
   size_t MaxHeapSize                              = 4217372672                                {product} {ergonomic}
   size_t MaxNewSize                               = 2529165312                                {product} {ergonomic}
   size_t MinHeapDeltaBytes                        = 2097152                                   {product} {ergonomic}
   size_t MinHeapSize                              = 8388608                                   {product} {ergonomic}
    uintx NonProfiledCodeHeapSize                  = 0                                      {pd product} {ergonomic}
     bool ProfileInterpreter                       = false                                  {pd product} {command line}
    uintx ProfiledCodeHeapSize                     = 0                                      {pd product} {ergonomic}
     bool ShowCodeDetailsInExceptionMessages       = true                                   {manageable} {command line}
   size_t SoftMaxHeapSize                          = 4217372672                             {manageable} {ergonomic}
     intx TieredStopAtLevel                        = 1                                         {product} {command line}
     bool UseCompressedClassPointers               = true                           {product lp64_product} {ergonomic}
     bool UseCompressedOops                        = true                           {product lp64_product} {ergonomic}
     bool UseG1GC                                  = true                                      {product} {ergonomic}
     bool UseLargePagesIndividualAllocation        = false                                  {pd product} {ergonomic}

Logging:
Log output configuration:
 #0: stdout all=warning uptime,level,tags
 #1: stderr all=off uptime,level,tags

Environment Variables:
JAVA_HOME=C:\Program Files\Eclipse Adoptium\jdk-11.0.17.8-hotspot
PATH=C:\Accenture\Ferramentas\IDE\sts-4.15.3.RELEASE\plugins\org.eclipse.justj.openjdk.hotspot.jre.full.win32.x86_64_17.0.4.v20220805-1047\jre\bin;C:/Accenture/Ferramentas/IDE/sts-4.15.3.RELEASE//plugins/org.eclipse.justj.openjdk.hotspot.jre.full.win32.x86_64_17.0.4.v20220805-1047/jre/bin/server;C:/Accenture/Ferramentas/IDE/sts-4.15.3.RELEASE//plugins/org.eclipse.justj.openjdk.hotspot.jre.full.win32.x86_64_17.0.4.v20220805-1047/jre/bin;C:\windows\system32;C:\windows;C:\windows\System32\Wbem;C:\windows\System32\WindowsPowerShell\v1.0\;C:\windows\System32\OpenSSH\;C:\Program Files (x86)\Pulse Secure\VC142.CRT\X64\;C:\Program Files (x86)\Pulse Secure\VC142.CRT\X86\;C:\Program Files (x86)\Common Files\Pulse Secure\VC142.CRT\X64\;C:\Program Files (x86)\Common Files\Pulse Secure\VC142.CRT\X86\;C:\Accenture\Ferramentas\apache-maven-3.8.6\bin;C:\Program Files\Eclipse Adoptium\jdk-11.0.17.8-hotspot\bin;C:\Users\rodrigo.cristo.fuhr\AppData\Roaming\nvm;C:\Program Files\nodejs;C:\Program Files (x86)\Yarn\bin\;C:\Program Files\Git\cmd;C:\Users\rodrigo.cristo.fuhr\AppData\Local\Programs\Python\Python312\Scripts\;C:\Users\rodrigo.cristo.fuhr\AppData\Local\Programs\Python\Python312\;C:\Users\rodrigo.cristo.fuhr\AppData\Local\Microsoft\WindowsApps;C:\Accenture\Ferramentas\Git\cmd;C:\Users\rodrigo.cristo.fuhr\AppData\Local\Programs\Microsoft VS Code\bin;C:\Users\rodrigo.cristo.fuhr\AppData\Roaming\nvm;C:\Program Files\nodejs;C:\Users\rodrigo.cristo.fuhr\AppData\Local\Yarn\bin;;C:\Accenture\Ferramentas\IDE\sts-4.15.3.RELEASE;
USERNAME=rodrigo.cristo.fuhr
OS=Windows_NT
PROCESSOR_IDENTIFIER=Intel64 Family 6 Model 140 Stepping 1, GenuineIntel
TMP=C:\Users\RODRIG~1.FUH\AppData\Local\Temp
TEMP=C:\Users\RODRIG~1.FUH\AppData\Local\Temp



---------------  S Y S T E M  ---------------

OS:
 Windows 11 , 64 bit Build 22000 (10.0.22000.2836)
OS uptime: 0 days 1:42 hours
Hyper-V role detected

CPU: total 8 (initial active 8) (4 cores per cpu, 2 threads per core) family 6 model 140 stepping 1 microcode 0xa4, cx8, cmov, fxsr, ht, mmx, 3dnowpref, sse, sse2, sse3, ssse3, sse4.1, sse4.2, popcnt, lzcnt, tsc, tscinvbit, avx, avx2, aes, erms, clmul, bmi1, bmi2, adx, avx512f, avx512dq, avx512cd, avx512bw, avx512vl, sha, fma, vzeroupper, avx512_vpopcntdq, avx512_vpclmulqdq, avx512_vaes, avx512_vnni, clflush, clflushopt, clwb, avx512_vbmi2, avx512_vbmi, hv

Memory: 4k page, system-wide physical 16087M (2997M free)
TotalPageFile size 32174M (AvailPageFile size 15953M)
current process WorkingSet (physical memory assigned to process): 435M, peak: 444M
current process commit charge ("private bytes"): 480M, peak: 480M

vm_info: OpenJDK 64-Bit Server VM (17.0.4+8) for windows-amd64 JRE (17.0.4+8), built on Jul 19 2022 16:05:16 by "temurin" with MS VC++ 16.7 (VS2019)

END.
