#
# A fatal error has been detected by the Java Runtime Environment:
#
#  EXCEPTION_ACCESS_VIOLATION (0xc0000005) at pc=0x00007ffee6e8fa7a, pid=15400, tid=16284
#
# JRE version: OpenJDK Runtime Environment Temurin-17.0.4+8 (17.0.4+8) (build 17.0.4+8)
# Java VM: OpenJDK 64-Bit Server VM Temurin-17.0.4+8 (17.0.4+8, mixed mode, emulated-client, tiered, compressed oops, compressed class ptrs, g1 gc, windows-amd64)
# Problematic frame:
# V  [jvm.dll+0x79fa7a]
#
# No core dump will be written. Minidumps are not enabled by default on client versions of Windows
#
# If you would like to submit a bug report, please visit:
#   https://github.com/adoptium/adoptium-support/issues
#

---------------  S U M M A R Y ------------

Command Line: -XX:+ShowCodeDetailsInExceptionMessages -agentlib:jdwp=transport=dt_socket,suspend=y,address=localhost:51205 -Dcom.sun.management.jmxremote -Dcom.sun.management.jmxremote.port=51201 -Dcom.sun.management.jmxremote.authenticate=false -Dcom.sun.management.jmxremote.ssl=false -Djava.rmi.server.hostname=localhost -Dspring.jmx.enabled=true -Dspring.application.admin.enabled=true -XX:TieredStopAtLevel=1 -Dspring.boot.project.name=uworks_erp -javaagent:C:\Accenture\Ferramentas\IDE\sts-4.15.3.RELEASE\configuration\org.eclipse.osgi\258\0\.cp\lib\javaagent-shaded.jar -Dfile.encoding=UTF-8 br.com.ultraworks.erp.ErpApplication --spring.output.ansi.enabled=always debug

Host: 11th Gen Intel(R) Core(TM) i7-1185G7 @ 3.00GHz, 8 cores, 15G,  Windows 11 , 64 bit Build 22000 (10.0.22000.2836)
Time: Fri Apr  5 13:23:23 2024 E. South America Standard Time elapsed time: 1253.115094 seconds (0d 0h 20m 53s)

---------------  T H R E A D  ---------------

Current thread (0x000002a02eb05a40):  JavaThread "JDWP Transport Listener: dt_socket" daemon [_thread_in_vm, id=16284, stack(0x000000b009e00000,0x000000b009f00000)]

Stack: [0x000000b009e00000,0x000000b009f00000],  sp=0x000000b009eff170,  free space=1020k
Native frames: (J=compiled Java code, j=interpreted, Vv=VM code, C=native code)
V  [jvm.dll+0x79fa7a]
V  [jvm.dll+0x50963c]
V  [jvm.dll+0x4d0ca4]
C  [jdwp.dll+0x22f7b]


siginfo: EXCEPTION_ACCESS_VIOLATION (0xc0000005), reading address 0x00000000008a000c


Register to memory mapping:

RIP=0x00007ffee6e8fa7a jvm.dll
RAX=0x0000000000000089 is an unknown value
RBX=0x000002a02e8a2986 points into unknown readable memory: 2f 63
RCX=0x00000000008a0008 is an unknown value
RDX=0x000002a036327f20 points into unknown readable memory: 0x2f6d6f632f72624c | 4c 62 72 2f 63 6f 6d 2f
RSP=0x000000b009eff170 is pointing into the stack for thread: 0x000002a02eb05a40
RBP=0x000002a02ead1080 points into unknown readable memory: 0x0000000200000002 | 02 00 00 00 02 00 00 00
RSI=0x0 is NULL
RDI=0xffffffffffffffff is an unknown value
R8 =0x0000000000000193 is an unknown value
R9 =0x0000000000000040 is an unknown value
R10=0x0000000000000180 is an unknown value
R11=0x000000b009eff190 is pointing into the stack for thread: 0x000002a02eb05a40
R12=0x000000b009eff2c8 is pointing into the stack for thread: 0x000002a02eb05a40
R13=0x0 is NULL
R14=0x0000000800e52430 is a pointer to class: 
br.com.ultraworks.erp.api.tabela.mapper.OperacaoInternaFiscalMapper {0x0000000800e52438}
 - instance size:     3
 - klass size:        87
 - access:            public synchronized 
 - state:             fully_initialized
 - name:              'br/com/ultraworks/erp/api/tabela/mapper/OperacaoInternaFiscalMapper'
 - super:             'br/com/ultraworks/erp/core/mapper/GenericMapper'
 - sub:               
 - arrays:            NULL
 - methods:           Array<T>(0x000002a039732340)
 - method ordering:   Array<T>(0x000002a03968b4d0)
 - default_methods:   Array<T>(0x0000000000000000)
 - local interfaces:  Array<T>(0x000002a02ec00058)
 - trans. interfaces: Array<T>(0x000002a039364808)
 - constants:         constant pool [174]/operands[14] {0x000002a039d644c8} for 'br/com/ultraworks/erp/api/tabela/mapper/OperacaoInternaFiscalMapper' cache=0x000002a039d572c0
 - class loader data:  loader data: 0x000002a036365eb0 for instance a 'org/springframework/boot/devtools/restart/classloader/RestartClassLoader'{0x0000000706d35dd8}
 - source file:       'OperacaoInternaFiscalMapper.java'
 - source debug extension:       SMAP
OperacaoInternaFiscalMapper.java
Java
*S jdt
*F
1 OperacaoInternaFiscalMapper.java
2 file:/C:/Pessoal/projetos/uw/uworks_erp/target/classes/
*L
*E

 - class annotations:       Array<T>(0x000002a0396c7850)
 - class type annotations:  Array<T>(0x0000000000000000)
 - field annotations:       Array<T>(0x0000000000000000)
 - field type annotations:  Array<T>(0x0000000000000000)
 - generic signature: '
[error occurred during error reporting (printing register info), id 0xc0000005, EXCEPTION_ACCESS_VIOLATION (0xc0000005) at pc=0x00007ffee6e90686]

Registers:
RAX=0x0000000000000089, RBX=0x000002a02e8a2986, RCX=0x00000000008a0008, RDX=0x000002a036327f20
RSP=0x000000b009eff170, RBP=0x000002a02ead1080, RSI=0x0000000000000000, RDI=0xffffffffffffffff
R8 =0x0000000000000193, R9 =0x0000000000000040, R10=0x0000000000000180, R11=0x000000b009eff190
R12=0x000000b009eff2c8, R13=0x0000000000000000, R14=0x0000000800e52430, R15=0x000000b009eff2f0
RIP=0x00007ffee6e8fa7a, EFLAGS=0x0000000000010202

Top of Stack: (sp=0x000000b009eff170)
0x000000b009eff170:   0000000000000043 0000000800e52430
0x000000b009eff180:   000002a03825f6e0 00007fff7d8476e1
0x000000b009eff190:   ffffffffffffffff 00007ffee6bf963c
0x000000b009eff1a0:   000002a02e8a2986 000002a02e8a2940
0x000000b009eff1b0:   000002a02ead1080 0000000000000000
0x000000b009eff1c0:   000002a02e8a28e0 00000000000003d8
0x000000b009eff1d0:   000002a02e8a28f0 000002a02e8a2cc8
0x000000b009eff1e0:   000000000002af01 000000b009eff2c8
0x000000b009eff1f0:   0000000000000007 000002a02eb05ce8
0x000000b009eff200:   0000000706d60a18 00007ffee6bc0ca4
0x000000b009eff210:   000002a02eb05a40 000000b009eff2f0
0x000000b009eff220:   000002a01bf523f0 000000b009eff2f0
0x000000b009eff230:   000002a02eb05a40 0000000000000000
0x000000b009eff240:   0000000000000000 0000000000000000
0x000000b009eff250:   000002a031bac288 00007fff519d2f7b
0x000000b009eff260:   000000b009eff2e8 00007fff519e1600 

Instructions: (pc=0x00007ffee6e8fa7a)
0x00007ffee6e8f97a:   48 83 c4 20 5f e9 6c 69 90 ff cc cc cc cc cc cc
0x00007ffee6e8f98a:   cc cc cc cc cc cc 48 89 5c 24 08 57 48 83 ec 20
0x00007ffee6e8f99a:   83 fa 02 8d 42 06 b9 08 00 00 00 49 8b d8 0f 4e
0x00007ffee6e8f9aa:   c1 48 63 c8 48 83 c1 07 83 e1 f8 48 63 f9 49 8b
0x00007ffee6e8f9ba:   48 18 48 8b c7 48 f7 d0 48 3b c1 73 16 4c 8d 05
0x00007ffee6e8f9ca:   6a 58 17 00 48 8b d7 48 8b cb e8 77 cc 90 ff 48
0x00007ffee6e8f9da:   8b 4b 18 48 8d 04 39 48 3b 43 20 76 18 45 33 c0
0x00007ffee6e8f9ea:   48 8b d7 48 8b cb 48 8b 5c 24 30 48 83 c4 20 5f
0x00007ffee6e8f9fa:   e9 d1 c8 90 ff 48 89 43 18 48 8b c1 48 8b 5c 24
0x00007ffee6e8fa0a:   30 48 83 c4 20 5f c3 cc cc cc cc cc cc cc cc cc
0x00007ffee6e8fa1a:   cc cc cc cc cc cc 4c 8b d2 4c 8b d9 45 85 c0 7e
0x00007ffee6e8fa2a:   3c 44 0f b7 49 04 41 8d 40 ff 41 3b c1 44 0f 4c
0x00007ffee6e8fa3a:   c8 4d 63 c1 45 85 c9 7e 1f 48 8b c2 4c 2b da 49
0x00007ffee6e8fa4a:   8b d0 0f 1f 40 00 41 0f b6 4c 03 06 88 08 48 8d
0x00007ffee6e8fa5a:   40 01 48 83 ea 01 75 ee 43 c6 04 10 00 49 8b c2
0x00007ffee6e8fa6a:   c3 cc cc cc cc cc 48 89 5c 24 08 57 48 83 ec 20
0x00007ffee6e8fa7a:   0f b7 59 04 48 8b f9 33 d2 48 8d 4b 01 e8 c4 d9
0x00007ffee6e8fa8a:   f2 ff 0f b7 57 04 4c 8b c0 3b da 0f 42 d3 44 8b
0x00007ffee6e8fa9a:   ca 85 d2 74 39 48 2b f8 0f 1f 40 00 66 66 0f 1f
0x00007ffee6e8faaa:   84 00 00 00 00 00 0f b6 4c 07 06 88 08 48 ff c0
0x00007ffee6e8faba:   48 8b c8 49 2b c8 49 3b c9 7c eb 42 c6 04 02 00
0x00007ffee6e8faca:   49 8b c0 48 8b 5c 24 30 48 83 c4 20 5f c3 48 8b
0x00007ffee6e8fada:   5c 24 30 c6 04 02 00 48 83 c4 20 5f c3 cc cc cc
0x00007ffee6e8faea:   cc cc cc cc cc cc 4c 8b d1 45 85 c0 7e 6c 44 0f
0x00007ffee6e8fafa:   b7 49 04 41 8d 40 ff 41 3b c1 44 0f 4c c8 4d 63
0x00007ffee6e8fb0a:   d9 45 85 c9 7e 22 48 8b ca 4c 2b d2 4d 8b c3 0f
0x00007ffee6e8fb1a:   1f 80 00 00 00 00 41 0f b6 44 0a 06 88 01 48 8d
0x00007ffee6e8fb2a:   49 01 49 83 e8 01 75 ee 41 c6 04 13 00 48 c7 c0
0x00007ffee6e8fb3a:   ff ff ff ff 66 90 48 ff c0 80 3c 02 00 75 f7 48
0x00007ffee6e8fb4a:   63 c8 85 c0 48 8b c2 7e 14 80 38 2f 75 03 c6 00
0x00007ffee6e8fb5a:   2e 48 ff c0 48 83 e9 01 75 ef 48 8b c2 c3 cc cc
0x00007ffee6e8fb6a:   cc cc cc cc cc cc 48 83 ec 28 e8 f7 fe ff ff 4c 


Stack slot to memory mapping:
stack at sp + 0 slots: 0x0000000000000043 is an unknown value
stack at sp + 1 slots: 0x0000000800e52430 is a pointer to class: 
br.com.ultraworks.erp.api.tabela.mapper.OperacaoInternaFiscalMapper {0x0000000800e52438}
 - instance size:     3
 - klass size:        87
 - access:            public synchronized 
 - state:             fully_initialized
 - name:              'br/com/ultraworks/erp/api/tabela/mapper/OperacaoInternaFiscalMapper'
 - super:             'br/com/ultraworks/erp/core/mapper/GenericMapper'
 - sub:               
 - arrays:            NULL
 - methods:           Array<T>(0x000002a039732340)
 - method ordering:   Array<T>(0x000002a03968b4d0)
 - default_methods:   Array<T>(0x0000000000000000)
 - local interfaces:  Array<T>(0x000002a02ec00058)
 - trans. interfaces: Array<T>(0x000002a039364808)
 - constants:         constant pool [174]/operands[14] {0x000002a039d644c8} for 'br/com/ultraworks/erp/api/tabela/mapper/OperacaoInternaFiscalMapper' cache=0x000002a039d572c0
 - class loader data:  loader data: 0x000002a036365eb0 for instance a 'org/springframework/boot/devtools/restart/classloader/RestartClassLoader'{0x0000000706d35dd8}
 - source file:       'OperacaoInternaFiscalMapper.java'
 - source debug extension:       SMAP
OperacaoInternaFiscalMapper.java
Java
*S jdt
*F
1 OperacaoInternaFiscalMapper.java
2 file:/C:/Pessoal/projetos/uw/uworks_erp/target/classes/
*L
*E

 - class annotations:       Array<T>(0x000002a0396c7850)
 - class type annotations:  Array<T>(0x0000000000000000)
 - field annotations:       Array<T>(0x0000000000000000)
 - field type annotations:  Array<T>(0x0000000000000000)
 - generic signature: '
[error occurred during error reporting (inspecting top of stack), id 0xc0000005, EXCEPTION_ACCESS_VIOLATION (0xc0000005) at pc=0x00007ffee6e90686]


---------------  P R O C E S S  ---------------

Threads class SMR info:
_java_thread_list=0x000002a03806b980, length=45, elements={
0x000002a02be7eb30, 0x000002a02bebc710, 0x000002a02e83d010, 0x000002a02e83d4e0,
0x000002a02e83dda0, 0x000002a02e83ef70, 0x000002a02e842e20, 0x000002a02e864440,
0x000002a02e8c2f80, 0x000002a02eb05a40, 0x000002a02eb12f80, 0x000002a02eb13660,
0x000002a02ff79670, 0x000002a030c96fe0, 0x000002a030c74840, 0x000002a030c84dd0,
0x000002a030c852a0, 0x000002a030d5cdb0, 0x000002a030c4c990, 0x000002a031112bd0,
0x000002a035c71800, 0x000002a035c6a480, 0x000002a035c6fb20, 0x000002a038411810,
0x000002a038414360, 0x000002a038411ce0, 0x000002a0384139c0, 0x000002a03840f190,
0x000002a038411340, 0x000002a0384134f0, 0x000002a03840fb30, 0x000002a03840d4b0,
0x000002a038414830, 0x000002a038413e90, 0x000002a03840cfe0, 0x000002a03840de50,
0x000002a038410e70, 0x000002a03840e320, 0x000002a0384109a0, 0x000002a03840e7f0,
0x000002a03840ecc0, 0x000002a038410000, 0x000002a035c70e60, 0x000002a035c6ecb0,
0x000002a035c6e7e0
}

Java Threads: ( => current thread )
  0x000002a02be7eb30 JavaThread "Reference Handler" daemon [_thread_blocked, id=17536, stack(0x000000b009400000,0x000000b009500000)]
  0x000002a02bebc710 JavaThread "Finalizer" daemon [_thread_blocked, id=23416, stack(0x000000b009500000,0x000000b009600000)]
  0x000002a02e83d010 JavaThread "Signal Dispatcher" daemon [_thread_blocked, id=18496, stack(0x000000b009600000,0x000000b009700000)]
  0x000002a02e83d4e0 JavaThread "Attach Listener" daemon [_thread_blocked, id=12996, stack(0x000000b009700000,0x000000b009800000)]
  0x000002a02e83dda0 JavaThread "Service Thread" daemon [_thread_blocked, id=21108, stack(0x000000b009800000,0x000000b009900000)]
  0x000002a02e83ef70 JavaThread "Monitor Deflation Thread" daemon [_thread_blocked, id=22292, stack(0x000000b009900000,0x000000b009a00000)]
  0x000002a02e842e20 JavaThread "C1 CompilerThread0" daemon [_thread_blocked, id=13956, stack(0x000000b009a00000,0x000000b009b00000)]
  0x000002a02e864440 JavaThread "Sweeper thread" daemon [_thread_blocked, id=14560, stack(0x000000b009b00000,0x000000b009c00000)]
  0x000002a02e8c2f80 JavaThread "Common-Cleaner" daemon [_thread_blocked, id=17144, stack(0x000000b009c00000,0x000000b009d00000)]
=>0x000002a02eb05a40 JavaThread "JDWP Transport Listener: dt_socket" daemon [_thread_in_vm, id=16284, stack(0x000000b009e00000,0x000000b009f00000)]
  0x000002a02eb12f80 JavaThread "JDWP Event Helper Thread" daemon [_thread_blocked, id=19024, stack(0x000000b009f00000,0x000000b00a000000)]
  0x000002a02eb13660 JavaThread "JDWP Command Reader" daemon [_thread_in_native, id=20748, stack(0x000000b00a000000,0x000000b00a100000)]
  0x000002a02ff79670 JavaThread "Notification Thread" daemon [_thread_blocked, id=21720, stack(0x000000b009d00000,0x000000b009e00000)]
  0x000002a030c96fe0 JavaThread "RMI TCP Accept-0" daemon [_thread_in_native, id=10860, stack(0x000000b00aa00000,0x000000b00ab00000)]
  0x000002a030c74840 JavaThread "RMI TCP Accept-51201" daemon [_thread_in_native, id=5076, stack(0x000000b00ab00000,0x000000b00ac00000)]
  0x000002a030c84dd0 JavaThread "RMI TCP Accept-0" daemon [_thread_in_native, id=15996, stack(0x000000b00ad00000,0x000000b00ae00000)]
  0x000002a030c852a0 JavaThread "RMI Scheduler(0)" daemon [_thread_blocked, id=17836, stack(0x000000b00af00000,0x000000b00b000000)]
  0x000002a030d5cdb0 JavaThread "RMI TCP Connection(idle)" daemon [_thread_blocked, id=5228, stack(0x000000b00b000000,0x000000b00b100000)]
  0x000002a030c4c990 JavaThread "JMX server connection timeout 25" daemon [_thread_blocked, id=14944, stack(0x000000b00b100000,0x000000b00b200000)]
  0x000002a031112bd0 JavaThread "PostgreSQL-JDBC-Cleaner" daemon [_thread_blocked, id=5600, stack(0x000000b00b700000,0x000000b00b800000)]
  0x000002a035c71800 JavaThread "Live Reload Server" daemon [_thread_in_native, id=24468, stack(0x000000b00be00000,0x000000b00bf00000)]
  0x000002a035c6a480 JavaThread "ultraDataSource housekeeper" daemon [_thread_blocked, id=15180, stack(0x000000b00cb00000,0x000000b00cc00000)]
  0x000002a035c6fb20 JavaThread "DestroyJavaVM" [_thread_blocked, id=22648, stack(0x000000b008d00000,0x000000b008e00000)]
  0x000002a038411810 JavaThread "ultraDataSource housekeeper" daemon [_thread_blocked, id=24140, stack(0x000000b00c800000,0x000000b00c900000)]
  0x000002a038414360 JavaThread "ultraDataSource housekeeper" daemon [_thread_blocked, id=21556, stack(0x000000b00cc00000,0x000000b00cd00000)]
  0x000002a038411ce0 JavaThread "ultraDataSource housekeeper" daemon [_thread_blocked, id=24544, stack(0x000000b00c900000,0x000000b00ca00000)]
  0x000002a0384139c0 JavaThread "ultraDataSource housekeeper" daemon [_thread_blocked, id=5216, stack(0x000000b00cd00000,0x000000b00ce00000)]
  0x000002a03840f190 JavaThread "masterDataSource housekeeper" daemon [_thread_blocked, id=21956, stack(0x000000b00b300000,0x000000b00b400000)]
  0x000002a038411340 JavaThread "Catalina-utility-1" [_thread_blocked, id=20700, stack(0x000000b00b900000,0x000000b00ba00000)]
  0x000002a0384134f0 JavaThread "Catalina-utility-2" [_thread_blocked, id=13736, stack(0x000000b00ba00000,0x000000b00bb00000)]
  0x000002a03840fb30 JavaThread "container-0" [_thread_blocked, id=16920, stack(0x000000b00bb00000,0x000000b00bc00000)]
  0x000002a03840d4b0 JavaThread "File Watcher" daemon [_thread_blocked, id=21492, stack(0x000000b00b600000,0x000000b00b700000)]
  0x000002a038414830 JavaThread "http-nio-3333-exec-1" daemon [_thread_blocked, id=15144, stack(0x000000b00b800000,0x000000b00b900000)]
  0x000002a038413e90 JavaThread "http-nio-3333-exec-2" daemon [_thread_blocked, id=23276, stack(0x000000b00bc00000,0x000000b00bd00000)]
  0x000002a03840cfe0 JavaThread "http-nio-3333-exec-3" daemon [_thread_blocked, id=20716, stack(0x000000b00bd00000,0x000000b00be00000)]
  0x000002a03840de50 JavaThread "http-nio-3333-exec-4" daemon [_thread_blocked, id=15496, stack(0x000000b00bf00000,0x000000b00c000000)]
  0x000002a038410e70 JavaThread "http-nio-3333-exec-5" daemon [_thread_blocked, id=13932, stack(0x000000b00c000000,0x000000b00c100000)]
  0x000002a03840e320 JavaThread "http-nio-3333-exec-6" daemon [_thread_blocked, id=13012, stack(0x000000b00c100000,0x000000b00c200000)]
  0x000002a0384109a0 JavaThread "http-nio-3333-exec-7" daemon [_thread_blocked, id=20168, stack(0x000000b00c200000,0x000000b00c300000)]
  0x000002a03840e7f0 JavaThread "http-nio-3333-exec-8" daemon [_thread_blocked, id=14056, stack(0x000000b00c300000,0x000000b00c400000)]
  0x000002a03840ecc0 JavaThread "http-nio-3333-exec-9" daemon [_thread_blocked, id=7844, stack(0x000000b00c400000,0x000000b00c500000)]
  0x000002a038410000 JavaThread "http-nio-3333-exec-10" daemon [_thread_blocked, id=20184, stack(0x000000b00c500000,0x000000b00c600000)]
  0x000002a035c70e60 JavaThread "http-nio-3333-Poller" daemon [_thread_in_native, id=9008, stack(0x000000b00c600000,0x000000b00c700000)]
  0x000002a035c6ecb0 JavaThread "http-nio-3333-Acceptor" daemon [_thread_in_native, id=9780, stack(0x000000b00c700000,0x000000b00c800000)]
  0x000002a035c6e7e0 JavaThread "ultraDataSource housekeeper" daemon [_thread_blocked, id=4856, stack(0x000000b00ce00000,0x000000b00cf00000)]

Other Threads:
  0x000002a02be7e610 VMThread "VM Thread" [stack: 0x000000b009300000,0x000000b009400000] [id=24432]
  0x000002a02bce3e20 WatcherThread [stack: 0x000000b00ae00000,0x000000b00af00000] [id=22604]
  0x000002a01bfd0760 GCTaskThread "GC Thread#0" [stack: 0x000000b008e00000,0x000000b008f00000] [id=18028]
  0x000002a030c08090 GCTaskThread "GC Thread#1" [stack: 0x000000b00a200000,0x000000b00a300000] [id=23472]
  0x000002a030c08340 GCTaskThread "GC Thread#2" [stack: 0x000000b00a300000,0x000000b00a400000] [id=16876]
  0x000002a030c085f0 GCTaskThread "GC Thread#3" [stack: 0x000000b00a400000,0x000000b00a500000] [id=16380]
  0x000002a030c088a0 GCTaskThread "GC Thread#4" [stack: 0x000000b00a500000,0x000000b00a600000] [id=3388]
  0x000002a030c08b50 GCTaskThread "GC Thread#5" [stack: 0x000000b00a600000,0x000000b00a700000] [id=5144]
  0x000002a030c24790 GCTaskThread "GC Thread#6" [stack: 0x000000b00a700000,0x000000b00a800000] [id=20464]
  0x000002a030c24a40 GCTaskThread "GC Thread#7" [stack: 0x000000b00a800000,0x000000b00a900000] [id=22464]
  0x000002a02bcd4700 ConcurrentGCThread "G1 Main Marker" [stack: 0x000000b008f00000,0x000000b009000000] [id=4236]
  0x000002a01bfdd480 ConcurrentGCThread "G1 Conc#0" [stack: 0x000000b009000000,0x000000b009100000] [id=16320]
  0x000002a031274f10 ConcurrentGCThread "G1 Conc#1" [stack: 0x000000b00b400000,0x000000b00b500000] [id=23560]
  0x000002a02bdabd50 ConcurrentGCThread "G1 Refine#0" [stack: 0x000000b009100000,0x000000b009200000] [id=21876]
  0x000002a030c24cf0 ConcurrentGCThread "G1 Refine#1" [stack: 0x000000b00a900000,0x000000b00aa00000] [id=5068]
  0x000002a02bdac510 ConcurrentGCThread "G1 Service" [stack: 0x000000b009200000,0x000000b009300000] [id=8536]

Threads with active compile tasks:

VM state: not at safepoint (normal execution)

VM Mutex/Monitor currently owned by a thread: None

Heap address: 0x0000000704a00000, size: 4022 MB, Compressed Oops mode: Zero based, Oop shift amount: 3

CDS archive(s) not mapped
Compressed class space mapped at: 0x0000000800000000-0x0000000840000000, reserved size: 1073741824
Narrow klass base: 0x0000000800000000, Narrow klass shift: 0, Narrow klass range: 0x40000000

GC Precious Log:
 CPUs: 8 total, 8 available
 Memory: 16087M
 Large Page Support: Disabled
 NUMA Support: Disabled
 Compressed Oops: Enabled (Zero based)
 Heap Region Size: 2M
 Heap Min Capacity: 8M
 Heap Initial Capacity: 252M
 Heap Max Capacity: 4022M
 Pre-touch: Disabled
 Parallel Workers: 8
 Concurrent Workers: 2
 Concurrent Refinement Workers: 8
 Periodic GC: Disabled

Heap:
 garbage-first heap   total 307200K, used 138567K [0x0000000704a00000, 0x0000000800000000)
  region size 2048K, 32 young (65536K), 7 survivors (14336K)
 Metaspace       used 139577K, committed 140352K, reserved 1171456K
  class space    used 17472K, committed 17856K, reserved 1048576K

Heap Regions: E=young(eden), S=young(survivor), O=old, HS=humongous(starts), HC=humongous(continues), CS=collection set, F=free, OA=open archive, CA=closed archive, TAMS=top-at-mark-start (previous, next)
|   0|0x0000000704a00000, 0x0000000704c00000, 0x0000000704c00000|100%| O|  |TAMS 0x0000000704c00000, 0x0000000704a00000| Untracked 
|   1|0x0000000704c00000, 0x0000000704dffff0, 0x0000000704e00000| 99%| O|  |TAMS 0x0000000704dffff0, 0x0000000704c00000| Untracked 
|   2|0x0000000704e00000, 0x0000000704ffff90, 0x0000000705000000| 99%| O|  |TAMS 0x0000000704ffff90, 0x0000000704e00000| Untracked 
|   3|0x0000000705000000, 0x0000000705200000, 0x0000000705200000|100%| O|  |TAMS 0x0000000705200000, 0x0000000705000000| Untracked 
|   4|0x0000000705200000, 0x0000000705400000, 0x0000000705400000|100%| O|  |TAMS 0x0000000705400000, 0x0000000705200000| Untracked 
|   5|0x0000000705400000, 0x00000007055ffff0, 0x0000000705600000| 99%| O|  |TAMS 0x00000007055ffff0, 0x0000000705400000| Untracked 
|   6|0x0000000705600000, 0x00000007057fffb0, 0x0000000705800000| 99%| O|  |TAMS 0x00000007057fffb0, 0x0000000705600000| Untracked 
|   7|0x0000000705800000, 0x00000007059fffd0, 0x0000000705a00000| 99%| O|  |TAMS 0x00000007059fffd0, 0x0000000705800000| Untracked 
|   8|0x0000000705a00000, 0x0000000705bfffd8, 0x0000000705c00000| 99%| O|  |TAMS 0x0000000705bfffd8, 0x0000000705a00000| Untracked 
|   9|0x0000000705c00000, 0x0000000705dfff98, 0x0000000705e00000| 99%| O|  |TAMS 0x0000000705dfff98, 0x0000000705c00000| Untracked 
|  10|0x0000000705e00000, 0x0000000706000000, 0x0000000706000000|100%| O|  |TAMS 0x0000000706000000, 0x0000000705e00000| Untracked 
|  11|0x0000000706000000, 0x00000007061ffff8, 0x0000000706200000| 99%| O|  |TAMS 0x00000007061ffff8, 0x0000000706000000| Untracked 
|  12|0x0000000706200000, 0x00000007063fffd0, 0x0000000706400000| 99%| O|  |TAMS 0x00000007063fffd0, 0x0000000706200000| Untracked 
|  13|0x0000000706400000, 0x00000007065ffff0, 0x0000000706600000| 99%| O|  |TAMS 0x00000007065ffff0, 0x0000000706400000| Untracked 
|  14|0x0000000706600000, 0x00000007067ffff8, 0x0000000706800000| 99%| O|  |TAMS 0x00000007067ffff8, 0x0000000706600000| Untracked 
|  15|0x0000000706800000, 0x00000007069ffff8, 0x0000000706a00000| 99%| O|  |TAMS 0x0000000706800000, 0x0000000706800000| Untracked 
|  16|0x0000000706a00000, 0x0000000706bfffe8, 0x0000000706c00000| 99%| O|  |TAMS 0x0000000706bfffe8, 0x0000000706a00000| Untracked 
|  17|0x0000000706c00000, 0x0000000706dfff58, 0x0000000706e00000| 99%| O|  |TAMS 0x0000000706c00000, 0x0000000706c00000| Untracked 
|  18|0x0000000706e00000, 0x0000000706ffffe8, 0x0000000707000000| 99%| O|  |TAMS 0x0000000706e00000, 0x0000000706e00000| Untracked 
|  19|0x0000000707000000, 0x00000007071fffd8, 0x0000000707200000| 99%| O|  |TAMS 0x0000000707000000, 0x0000000707000000| Untracked 
|  20|0x0000000707200000, 0x0000000707400000, 0x0000000707400000|100%| O|  |TAMS 0x0000000707200000, 0x0000000707200000| Untracked 
|  21|0x0000000707400000, 0x00000007075ffff8, 0x0000000707600000| 99%| O|  |TAMS 0x0000000707400000, 0x0000000707400000| Untracked 
|  22|0x0000000707600000, 0x0000000707800000, 0x0000000707800000|100%| O|  |TAMS 0x0000000707600000, 0x0000000707600000| Untracked 
|  23|0x0000000707800000, 0x0000000707871588, 0x0000000707a00000| 22%| O|  |TAMS 0x0000000707800000, 0x0000000707800000| Untracked 
|  24|0x0000000707a00000, 0x0000000707a4e890, 0x0000000707c00000| 15%| O|  |TAMS 0x0000000707a00000, 0x0000000707a00000| Untracked 
|  25|0x0000000707c00000, 0x0000000707e00000, 0x0000000707e00000|100%| O|  |TAMS 0x0000000707c00000, 0x0000000707c00000| Untracked 
|  26|0x0000000707e00000, 0x0000000708000000, 0x0000000708000000|100%| O|  |TAMS 0x0000000707e00000, 0x0000000707e00000| Untracked 
|  27|0x0000000708000000, 0x000000070808bc60, 0x0000000708200000| 27%| O|  |TAMS 0x0000000708000000, 0x0000000708000000| Untracked 
|  28|0x0000000708200000, 0x0000000708400000, 0x0000000708400000|100%| O|  |TAMS 0x0000000708200000, 0x0000000708200000| Untracked 
|  29|0x0000000708400000, 0x00000007085ffff8, 0x0000000708600000| 99%| O|  |TAMS 0x0000000708400000, 0x0000000708400000| Untracked 
|  30|0x0000000708600000, 0x0000000708800000, 0x0000000708800000|100%| O|  |TAMS 0x0000000708600000, 0x0000000708600000| Untracked 
|  31|0x0000000708800000, 0x00000007088783f0, 0x0000000708a00000| 23%| O|  |TAMS 0x0000000708800000, 0x0000000708800000| Untracked 
|  32|0x0000000708a00000, 0x0000000708c00000, 0x0000000708c00000|100%| O|  |TAMS 0x0000000708a00000, 0x0000000708a00000| Untracked 
|  33|0x0000000708c00000, 0x0000000708e00000, 0x0000000708e00000|100%| O|  |TAMS 0x0000000708c00000, 0x0000000708c00000| Untracked 
|  34|0x0000000708e00000, 0x0000000709000000, 0x0000000709000000|100%| O|  |TAMS 0x0000000708e00000, 0x0000000708e00000| Untracked 
|  35|0x0000000709000000, 0x000000070907ef28, 0x0000000709200000| 24%| O|  |TAMS 0x0000000709000000, 0x0000000709000000| Untracked 
|  36|0x0000000709200000, 0x0000000709400000, 0x0000000709400000|100%| O|  |TAMS 0x0000000709200000, 0x0000000709200000| Untracked 
|  37|0x0000000709400000, 0x0000000709600000, 0x0000000709600000|100%| O|  |TAMS 0x0000000709400000, 0x0000000709400000| Untracked 
|  38|0x0000000709600000, 0x0000000709800000, 0x0000000709800000|100%| O|  |TAMS 0x0000000709600000, 0x0000000709600000| Untracked 
|  39|0x0000000709800000, 0x0000000709a00000, 0x0000000709a00000|100%| O|  |TAMS 0x0000000709800000, 0x0000000709800000| Untracked 
|  40|0x0000000709a00000, 0x0000000709b124d8, 0x0000000709c00000| 53%| O|  |TAMS 0x0000000709a00000, 0x0000000709a00000| Untracked 
|  41|0x0000000709c00000, 0x0000000709dbc200, 0x0000000709e00000| 86%| O|  |TAMS 0x0000000709c00000, 0x0000000709c00000| Untracked 
|  42|0x0000000709e00000, 0x0000000709e00000, 0x000000070a000000|  0%| F|  |TAMS 0x0000000709e00000, 0x0000000709e00000| Untracked 
|  43|0x000000070a000000, 0x000000070a000000, 0x000000070a200000|  0%| F|  |TAMS 0x000000070a000000, 0x000000070a000000| Untracked 
|  44|0x000000070a200000, 0x000000070a200000, 0x000000070a400000|  0%| F|  |TAMS 0x000000070a200000, 0x000000070a200000| Untracked 
|  45|0x000000070a400000, 0x000000070a400000, 0x000000070a600000|  0%| F|  |TAMS 0x000000070a400000, 0x000000070a400000| Untracked 
|  46|0x000000070a600000, 0x000000070a600000, 0x000000070a800000|  0%| F|  |TAMS 0x000000070a600000, 0x000000070a600000| Untracked 
|  47|0x000000070a800000, 0x000000070a800000, 0x000000070aa00000|  0%| F|  |TAMS 0x000000070a800000, 0x000000070a800000| Untracked 
|  48|0x000000070aa00000, 0x000000070aa00000, 0x000000070ac00000|  0%| F|  |TAMS 0x000000070aa00000, 0x000000070aa00000| Untracked 
|  49|0x000000070ac00000, 0x000000070ac00000, 0x000000070ae00000|  0%| F|  |TAMS 0x000000070ac00000, 0x000000070ac00000| Untracked 
|  50|0x000000070ae00000, 0x000000070ae00000, 0x000000070b000000|  0%| F|  |TAMS 0x000000070ae00000, 0x000000070ae00000| Untracked 
|  51|0x000000070b000000, 0x000000070b000000, 0x000000070b200000|  0%| F|  |TAMS 0x000000070b000000, 0x000000070b000000| Untracked 
|  52|0x000000070b200000, 0x000000070b200000, 0x000000070b400000|  0%| F|  |TAMS 0x000000070b200000, 0x000000070b200000| Untracked 
|  53|0x000000070b400000, 0x000000070b400000, 0x000000070b600000|  0%| F|  |TAMS 0x000000070b400000, 0x000000070b400000| Untracked 
|  54|0x000000070b600000, 0x000000070b600000, 0x000000070b800000|  0%| F|  |TAMS 0x000000070b600000, 0x000000070b600000| Untracked 
|  55|0x000000070b800000, 0x000000070b800000, 0x000000070ba00000|  0%| F|  |TAMS 0x000000070b800000, 0x000000070b800000| Untracked 
|  56|0x000000070ba00000, 0x000000070ba00000, 0x000000070bc00000|  0%| F|  |TAMS 0x000000070ba00000, 0x000000070ba00000| Untracked 
|  57|0x000000070bc00000, 0x000000070bc40ca8, 0x000000070be00000| 12%| S|CS|TAMS 0x000000070bc00000, 0x000000070bc00000| Complete 
|  58|0x000000070be00000, 0x000000070c000000, 0x000000070c000000|100%| S|CS|TAMS 0x000000070be00000, 0x000000070be00000| Complete 
|  59|0x000000070c000000, 0x000000070c200000, 0x000000070c200000|100%| S|CS|TAMS 0x000000070c000000, 0x000000070c000000| Complete 
|  60|0x000000070c200000, 0x000000070c400000, 0x000000070c400000|100%| S|CS|TAMS 0x000000070c200000, 0x000000070c200000| Complete 
|  61|0x000000070c400000, 0x000000070c600000, 0x000000070c600000|100%| S|CS|TAMS 0x000000070c400000, 0x000000070c400000| Complete 
|  62|0x000000070c600000, 0x000000070c600000, 0x000000070c800000|  0%| F|  |TAMS 0x000000070c600000, 0x000000070c600000| Untracked 
|  63|0x000000070c800000, 0x000000070c800000, 0x000000070ca00000|  0%| F|  |TAMS 0x000000070c800000, 0x000000070c800000| Untracked 
|  64|0x000000070ca00000, 0x000000070cc00000, 0x000000070cc00000|100%| S|CS|TAMS 0x000000070ca00000, 0x000000070ca00000| Complete 
|  65|0x000000070cc00000, 0x000000070cc00000, 0x000000070ce00000|  0%| F|  |TAMS 0x000000070cc00000, 0x000000070cc00000| Untracked 
|  66|0x000000070ce00000, 0x000000070ce00000, 0x000000070d000000|  0%| F|  |TAMS 0x000000070ce00000, 0x000000070ce00000| Untracked 
|  67|0x000000070d000000, 0x000000070d000000, 0x000000070d200000|  0%| F|  |TAMS 0x000000070d000000, 0x000000070d000000| Untracked 
|  68|0x000000070d200000, 0x000000070d200000, 0x000000070d400000|  0%| F|  |TAMS 0x000000070d200000, 0x000000070d200000| Untracked 
|  69|0x000000070d400000, 0x000000070d600000, 0x000000070d600000|100%| S|CS|TAMS 0x000000070d400000, 0x000000070d400000| Complete 
|  70|0x000000070d600000, 0x000000070d600000, 0x000000070d800000|  0%| F|  |TAMS 0x000000070d600000, 0x000000070d600000| Untracked 
|  71|0x000000070d800000, 0x000000070d800000, 0x000000070da00000|  0%| F|  |TAMS 0x000000070d800000, 0x000000070d800000| Untracked 
|  72|0x000000070da00000, 0x000000070da00000, 0x000000070dc00000|  0%| F|  |TAMS 0x000000070da00000, 0x000000070da00000| Untracked 
|  73|0x000000070dc00000, 0x000000070dc00000, 0x000000070de00000|  0%| F|  |TAMS 0x000000070dc00000, 0x000000070dc00000| Untracked 
|  74|0x000000070de00000, 0x000000070de00000, 0x000000070e000000|  0%| F|  |TAMS 0x000000070de00000, 0x000000070de00000| Untracked 
|  75|0x000000070e000000, 0x000000070e000000, 0x000000070e200000|  0%| F|  |TAMS 0x000000070e000000, 0x000000070e000000| Untracked 
|  76|0x000000070e200000, 0x000000070e200000, 0x000000070e400000|  0%| F|  |TAMS 0x000000070e200000, 0x000000070e200000| Untracked 
|  77|0x000000070e400000, 0x000000070e400000, 0x000000070e600000|  0%| F|  |TAMS 0x000000070e400000, 0x000000070e400000| Untracked 
|  78|0x000000070e600000, 0x000000070e600000, 0x000000070e800000|  0%| F|  |TAMS 0x000000070e600000, 0x000000070e600000| Untracked 
|  79|0x000000070e800000, 0x000000070e800000, 0x000000070ea00000|  0%| F|  |TAMS 0x000000070e800000, 0x000000070e800000| Untracked 
|  80|0x000000070ea00000, 0x000000070ea00000, 0x000000070ec00000|  0%| F|  |TAMS 0x000000070ea00000, 0x000000070ea00000| Untracked 
|  81|0x000000070ec00000, 0x000000070ec00000, 0x000000070ee00000|  0%| F|  |TAMS 0x000000070ec00000, 0x000000070ec00000| Untracked 
|  82|0x000000070ee00000, 0x000000070ee00000, 0x000000070f000000|  0%| F|  |TAMS 0x000000070ee00000, 0x000000070ee00000| Untracked 
|  83|0x000000070f000000, 0x000000070f000000, 0x000000070f200000|  0%| F|  |TAMS 0x000000070f000000, 0x000000070f000000| Untracked 
|  84|0x000000070f200000, 0x000000070f200000, 0x000000070f400000|  0%| F|  |TAMS 0x000000070f200000, 0x000000070f200000| Untracked 
|  85|0x000000070f400000, 0x000000070f400000, 0x000000070f600000|  0%| F|  |TAMS 0x000000070f400000, 0x000000070f400000| Untracked 
|  86|0x000000070f600000, 0x000000070f600000, 0x000000070f800000|  0%| F|  |TAMS 0x000000070f600000, 0x000000070f600000| Untracked 
|  87|0x000000070f800000, 0x000000070f800000, 0x000000070fa00000|  0%| F|  |TAMS 0x000000070f800000, 0x000000070f800000| Untracked 
|  88|0x000000070fa00000, 0x000000070fa00000, 0x000000070fc00000|  0%| F|  |TAMS 0x000000070fa00000, 0x000000070fa00000| Untracked 
|  89|0x000000070fc00000, 0x000000070fc00000, 0x000000070fe00000|  0%| F|  |TAMS 0x000000070fc00000, 0x000000070fc00000| Untracked 
|  90|0x000000070fe00000, 0x000000070fe00000, 0x0000000710000000|  0%| F|  |TAMS 0x000000070fe00000, 0x000000070fe00000| Untracked 
|  91|0x0000000710000000, 0x0000000710000000, 0x0000000710200000|  0%| F|  |TAMS 0x0000000710000000, 0x0000000710000000| Untracked 
|  92|0x0000000710200000, 0x0000000710200000, 0x0000000710400000|  0%| F|  |TAMS 0x0000000710200000, 0x0000000710200000| Untracked 
|  93|0x0000000710400000, 0x0000000710400000, 0x0000000710600000|  0%| F|  |TAMS 0x0000000710400000, 0x0000000710400000| Untracked 
|  94|0x0000000710600000, 0x0000000710600000, 0x0000000710800000|  0%| F|  |TAMS 0x0000000710600000, 0x0000000710600000| Untracked 
|  95|0x0000000710800000, 0x0000000710800000, 0x0000000710a00000|  0%| F|  |TAMS 0x0000000710800000, 0x0000000710800000| Untracked 
|  96|0x0000000710a00000, 0x0000000710a00000, 0x0000000710c00000|  0%| F|  |TAMS 0x0000000710a00000, 0x0000000710a00000| Untracked 
|  97|0x0000000710c00000, 0x0000000710c00000, 0x0000000710e00000|  0%| F|  |TAMS 0x0000000710c00000, 0x0000000710c00000| Untracked 
|  98|0x0000000710e00000, 0x0000000710e00000, 0x0000000711000000|  0%| F|  |TAMS 0x0000000710e00000, 0x0000000710e00000| Untracked 
|  99|0x0000000711000000, 0x0000000711000000, 0x0000000711200000|  0%| F|  |TAMS 0x0000000711000000, 0x0000000711000000| Untracked 
| 100|0x0000000711200000, 0x0000000711200000, 0x0000000711400000|  0%| F|  |TAMS 0x0000000711200000, 0x0000000711200000| Untracked 
| 101|0x0000000711400000, 0x0000000711400000, 0x0000000711600000|  0%| F|  |TAMS 0x0000000711400000, 0x0000000711400000| Untracked 
| 102|0x0000000711600000, 0x0000000711600000, 0x0000000711800000|  0%| F|  |TAMS 0x0000000711600000, 0x0000000711600000| Untracked 
| 103|0x0000000711800000, 0x0000000711800000, 0x0000000711a00000|  0%| F|  |TAMS 0x0000000711800000, 0x0000000711800000| Untracked 
| 104|0x0000000711a00000, 0x0000000711a00000, 0x0000000711c00000|  0%| F|  |TAMS 0x0000000711a00000, 0x0000000711a00000| Untracked 
| 105|0x0000000711c00000, 0x0000000711c00000, 0x0000000711e00000|  0%| F|  |TAMS 0x0000000711c00000, 0x0000000711c00000| Untracked 
| 106|0x0000000711e00000, 0x0000000711e00000, 0x0000000712000000|  0%| F|  |TAMS 0x0000000711e00000, 0x0000000711e00000| Untracked 
| 107|0x0000000712000000, 0x0000000712000000, 0x0000000712200000|  0%| F|  |TAMS 0x0000000712000000, 0x0000000712000000| Untracked 
| 108|0x0000000712200000, 0x0000000712200000, 0x0000000712400000|  0%| F|  |TAMS 0x0000000712200000, 0x0000000712200000| Untracked 
| 109|0x0000000712400000, 0x0000000712400000, 0x0000000712600000|  0%| F|  |TAMS 0x0000000712400000, 0x0000000712400000| Untracked 
| 110|0x0000000712600000, 0x0000000712600000, 0x0000000712800000|  0%| F|  |TAMS 0x0000000712600000, 0x0000000712600000| Untracked 
| 111|0x0000000712800000, 0x0000000712800000, 0x0000000712a00000|  0%| F|  |TAMS 0x0000000712800000, 0x0000000712800000| Untracked 
| 112|0x0000000712a00000, 0x0000000712a00000, 0x0000000712c00000|  0%| F|  |TAMS 0x0000000712a00000, 0x0000000712a00000| Untracked 
| 113|0x0000000712c00000, 0x0000000712c00000, 0x0000000712e00000|  0%| F|  |TAMS 0x0000000712c00000, 0x0000000712c00000| Untracked 
| 114|0x0000000712e00000, 0x0000000712e00000, 0x0000000713000000|  0%| F|  |TAMS 0x0000000712e00000, 0x0000000712e00000| Untracked 
| 115|0x0000000713000000, 0x0000000713000000, 0x0000000713200000|  0%| F|  |TAMS 0x0000000713000000, 0x0000000713000000| Untracked 
| 116|0x0000000713200000, 0x0000000713200000, 0x0000000713400000|  0%| F|  |TAMS 0x0000000713200000, 0x0000000713200000| Untracked 
| 117|0x0000000713400000, 0x0000000713400000, 0x0000000713600000|  0%| F|  |TAMS 0x0000000713400000, 0x0000000713400000| Untracked 
| 118|0x0000000713600000, 0x0000000713600000, 0x0000000713800000|  0%| F|  |TAMS 0x0000000713600000, 0x0000000713600000| Untracked 
| 119|0x0000000713800000, 0x0000000713800000, 0x0000000713a00000|  0%| F|  |TAMS 0x0000000713800000, 0x0000000713800000| Untracked 
| 120|0x0000000713a00000, 0x0000000713a00000, 0x0000000713c00000|  0%| F|  |TAMS 0x0000000713a00000, 0x0000000713a00000| Untracked 
| 121|0x0000000713c00000, 0x0000000713c00000, 0x0000000713e00000|  0%| F|  |TAMS 0x0000000713c00000, 0x0000000713c00000| Untracked 
| 122|0x0000000713e00000, 0x0000000713e00000, 0x0000000714000000|  0%| F|  |TAMS 0x0000000713e00000, 0x0000000713e00000| Untracked 
| 123|0x0000000714000000, 0x0000000714000000, 0x0000000714200000|  0%| F|  |TAMS 0x0000000714000000, 0x0000000714000000| Untracked 
| 124|0x0000000714200000, 0x0000000714200000, 0x0000000714400000|  0%| F|  |TAMS 0x0000000714200000, 0x0000000714200000| Untracked 
| 125|0x0000000714400000, 0x0000000714500800, 0x0000000714600000| 50%| E|  |TAMS 0x0000000714400000, 0x0000000714400000| Complete 
| 126|0x0000000714600000, 0x0000000714800000, 0x0000000714800000|100%| E|CS|TAMS 0x0000000714600000, 0x0000000714600000| Complete 
| 127|0x0000000714800000, 0x0000000714a00000, 0x0000000714a00000|100%| E|CS|TAMS 0x0000000714800000, 0x0000000714800000| Complete 
| 128|0x0000000714a00000, 0x0000000714c00000, 0x0000000714c00000|100%| E|CS|TAMS 0x0000000714a00000, 0x0000000714a00000| Complete 
| 129|0x0000000714c00000, 0x0000000714e00000, 0x0000000714e00000|100%| E|CS|TAMS 0x0000000714c00000, 0x0000000714c00000| Complete 
| 130|0x0000000714e00000, 0x0000000715000000, 0x0000000715000000|100%| E|CS|TAMS 0x0000000714e00000, 0x0000000714e00000| Complete 
| 131|0x0000000715000000, 0x0000000715200000, 0x0000000715200000|100%| E|CS|TAMS 0x0000000715000000, 0x0000000715000000| Complete 
| 132|0x0000000715200000, 0x0000000715400000, 0x0000000715400000|100%| E|CS|TAMS 0x0000000715200000, 0x0000000715200000| Complete 
| 133|0x0000000715400000, 0x0000000715600000, 0x0000000715600000|100%| E|CS|TAMS 0x0000000715400000, 0x0000000715400000| Complete 
| 134|0x0000000715600000, 0x0000000715800000, 0x0000000715800000|100%| E|CS|TAMS 0x0000000715600000, 0x0000000715600000| Complete 
| 135|0x0000000715800000, 0x0000000715a00000, 0x0000000715a00000|100%| E|CS|TAMS 0x0000000715800000, 0x0000000715800000| Complete 
| 136|0x0000000715a00000, 0x0000000715c00000, 0x0000000715c00000|100%| E|CS|TAMS 0x0000000715a00000, 0x0000000715a00000| Complete 
| 137|0x0000000715c00000, 0x0000000715e00000, 0x0000000715e00000|100%| E|CS|TAMS 0x0000000715c00000, 0x0000000715c00000| Complete 
| 138|0x0000000715e00000, 0x0000000716000000, 0x0000000716000000|100%| E|CS|TAMS 0x0000000715e00000, 0x0000000715e00000| Complete 
| 139|0x0000000716000000, 0x0000000716200000, 0x0000000716200000|100%| E|CS|TAMS 0x0000000716000000, 0x0000000716000000| Complete 
| 140|0x0000000716200000, 0x0000000716400000, 0x0000000716400000|100%| E|CS|TAMS 0x0000000716200000, 0x0000000716200000| Complete 
| 141|0x0000000716400000, 0x0000000716600000, 0x0000000716600000|100%| E|CS|TAMS 0x0000000716400000, 0x0000000716400000| Complete 
| 142|0x0000000716600000, 0x0000000716800000, 0x0000000716800000|100%| E|CS|TAMS 0x0000000716600000, 0x0000000716600000| Complete 
| 143|0x0000000716800000, 0x0000000716a00000, 0x0000000716a00000|100%| E|CS|TAMS 0x0000000716800000, 0x0000000716800000| Complete 
| 144|0x0000000716a00000, 0x0000000716c00000, 0x0000000716c00000|100%| E|CS|TAMS 0x0000000716a00000, 0x0000000716a00000| Complete 
| 145|0x0000000716c00000, 0x0000000716e00000, 0x0000000716e00000|100%| E|CS|TAMS 0x0000000716c00000, 0x0000000716c00000| Complete 
| 146|0x0000000716e00000, 0x0000000717000000, 0x0000000717000000|100%| E|CS|TAMS 0x0000000716e00000, 0x0000000716e00000| Complete 
| 147|0x0000000717000000, 0x0000000717200000, 0x0000000717200000|100%| E|CS|TAMS 0x0000000717000000, 0x0000000717000000| Complete 
| 148|0x0000000717200000, 0x0000000717400000, 0x0000000717400000|100%| E|CS|TAMS 0x0000000717200000, 0x0000000717200000| Complete 
| 149|0x0000000717400000, 0x0000000717600000, 0x0000000717600000|100%| E|CS|TAMS 0x0000000717400000, 0x0000000717400000| Complete 

Card table byte_map: [0x000002a022ec0000,0x000002a0236a0000] _byte_map_base: 0x000002a01f69b000

Marking Bits (Prev, Next): (CMBitMap*) 0x000002a01bfd0b10, (CMBitMap*) 0x000002a01bfd0b50
 Prev Bits: [0x000002a023e80000, 0x000002a027d58000)
 Next Bits: [0x000002a027d60000, 0x000002a02bc38000)

Polling page: 0x000002a01b6e0000

Metaspace:

Usage:
  Non-class:    119.24 MB used.
      Class:     17.06 MB used.
       Both:    136.31 MB used.

Virtual space:
  Non-class space:      120.00 MB reserved,     119.62 MB (>99%) committed,  15 nodes.
      Class space:        1.00 GB reserved,      17.44 MB (  2%) committed,  1 nodes.
             Both:        1.12 GB reserved,     137.06 MB ( 12%) committed. 

Chunk freelists:
   Non-Class:  9.00 KB
       Class:  2.41 MB
        Both:  2.42 MB

MaxMetaspaceSize: unlimited
CompressedClassSpaceSize: 1.00 GB
Initial GC threshold: 21.00 MB
Current GC threshold: 214.38 MB
CDS: off
MetaspaceReclaimPolicy: balanced
 - commit_granule_bytes: 65536.
 - commit_granule_words: 8192.
 - virtual_space_node_default_size: 1048576.
 - enlarge_chunks_in_place: 1.
 - new_chunks_are_fully_committed: 0.
 - uncommit_free_chunks: 1.
 - use_allocation_guard: 0.
 - handle_deallocations: 1.


Internal statistics:

num_allocs_failed_limit: 9.
num_arena_births: 2098.
num_arena_deaths: 964.
num_vsnodes_births: 16.
num_vsnodes_deaths: 0.
num_space_committed: 2193.
num_space_uncommitted: 0.
num_chunks_returned_to_freelist: 1336.
num_chunks_taken_from_freelist: 8705.
num_chunk_merges: 393.
num_chunk_splits: 5181.
num_chunks_enlarged: 3420.
num_purges: 14.
num_inconsistent_stats: 0.

CodeCache: size=49152Kb used=35710Kb max_used=37366Kb free=13441Kb
 bounds [0x000002a01f5d0000, 0x000002a021a50000, 0x000002a0225d0000]
 total_blobs=20054 nmethods=19329 adapters=651
 compilation: enabled
              stopped_count=0, restarted_count=0
 full_count=0

Compilation events (20 events):
Event: 1173.066 Thread 0x000002a02e842e20 19480       1       ch.qos.logback.classic.Logger::debug (16 bytes)
Event: 1173.067 Thread 0x000002a02e842e20 nmethod 19480 0x000002a0219ed690 code [0x000002a0219ed820, 0x000002a0219ed948]
Event: 1191.432 Thread 0x000002a02e842e20 19481   !   1       org.postgresql.jdbc.PgConnection::executeTransactionCommand (95 bytes)
Event: 1191.433 Thread 0x000002a02e842e20 nmethod 19481 0x000002a0219eca10 code [0x000002a0219ecc20, 0x000002a0219ed248]
Event: 1191.442 Thread 0x000002a02e842e20 19482   !   1       java.text.SimpleDateFormat::zeroPaddingNumber (270 bytes)
Event: 1191.445 Thread 0x000002a02e842e20 nmethod 19482 0x000002a0219ea690 code [0x000002a0219ea9a0, 0x000002a0219ebd38]
Event: 1218.542 Thread 0x000002a02e842e20 19483       1       sun.rmi.transport.StreamRemoteCall::getInputStream (60 bytes)
Event: 1218.543 Thread 0x000002a02e842e20 nmethod 19483 0x000002a0219e9a90 code [0x000002a0219e9ce0, 0x000002a0219ea3a8]
Event: 1218.543 Thread 0x000002a02e842e20 19485       1       java.io.ObjectInputStream::readClassDesc (121 bytes)
Event: 1218.544 Thread 0x000002a02e842e20 nmethod 19485 0x000002a0219e8690 code [0x000002a0219e8960, 0x000002a0219e9408]
Event: 1218.544 Thread 0x000002a02e842e20 19486       1       java.io.ObjectStreamClass::<init> (10 bytes)
Event: 1218.544 Thread 0x000002a02e842e20 nmethod 19486 0x000002a0219e8390 code [0x000002a0219e8520, 0x000002a0219e85f8]
Event: 1218.544 Thread 0x000002a02e842e20 19484       1       java.io.ObjectStreamClass::getResolveException (5 bytes)
Event: 1218.544 Thread 0x000002a02e842e20 nmethod 19484 0x000002a0219e8090 code [0x000002a0219e8220, 0x000002a0219e82f8]
Event: 1218.544 Thread 0x000002a02e842e20 19487       1       java.io.ObjectStreamClass::getName (5 bytes)
Event: 1218.544 Thread 0x000002a02e842e20 nmethod 19487 0x000002a0219e7d90 code [0x000002a0219e7f20, 0x000002a0219e7ff8]
Event: 1218.544 Thread 0x000002a02e842e20 19488       1       java.io.ObjectStreamClass$FieldReflector::getFields (5 bytes)
Event: 1218.544 Thread 0x000002a02e842e20 nmethod 19488 0x000002a0219e7a90 code [0x000002a0219e7c20, 0x000002a0219e7cf8]
Event: 1218.544 Thread 0x000002a02e842e20 19489       1       java.io.ObjectStreamField::setOffset (6 bytes)
Event: 1218.544 Thread 0x000002a02e842e20 nmethod 19489 0x000002a0219e7790 code [0x000002a0219e7920, 0x000002a0219e79f8]

GC Heap History (20 events):
Event: 925.715 GC heap before
{Heap before GC invocations=117 (full 5):
 garbage-first heap   total 212992K, used 173395K [0x0000000704a00000, 0x0000000800000000)
  region size 2048K, 56 young (114688K), 0 survivors (0K)
 Metaspace       used 132780K, committed 133504K, reserved 1171456K
  class space    used 16831K, committed 17152K, reserved 1048576K
}
Event: 925.720 GC heap after
{Heap after GC invocations=118 (full 5):
 garbage-first heap   total 256000K, used 66286K [0x0000000704a00000, 0x0000000800000000)
  region size 2048K, 4 young (8192K), 4 survivors (8192K)
 Metaspace       used 132780K, committed 133504K, reserved 1171456K
  class space    used 16831K, committed 17152K, reserved 1048576K
}
Event: 928.563 GC heap before
{Heap before GC invocations=118 (full 5):
 garbage-first heap   total 256000K, used 203502K [0x0000000704a00000, 0x0000000800000000)
  region size 2048K, 71 young (145408K), 4 survivors (8192K)
 Metaspace       used 133034K, committed 133696K, reserved 1171456K
  class space    used 16856K, committed 17152K, reserved 1048576K
}
Event: 928.569 GC heap after
{Heap after GC invocations=119 (full 5):
 garbage-first heap   total 256000K, used 68947K [0x0000000704a00000, 0x0000000800000000)
  region size 2048K, 5 young (10240K), 5 survivors (10240K)
 Metaspace       used 133034K, committed 133696K, reserved 1171456K
  class space    used 16856K, committed 17152K, reserved 1048576K
}
Event: 929.304 GC heap before
{Heap before GC invocations=119 (full 5):
 garbage-first heap   total 256000K, used 202067K [0x0000000704a00000, 0x0000000800000000)
  region size 2048K, 70 young (143360K), 5 survivors (10240K)
 Metaspace       used 133623K, committed 134336K, reserved 1171456K
  class space    used 16937K, committed 17280K, reserved 1048576K
}
Event: 929.313 GC heap after
{Heap after GC invocations=120 (full 5):
 garbage-first heap   total 256000K, used 73185K [0x0000000704a00000, 0x0000000800000000)
  region size 2048K, 5 young (10240K), 5 survivors (10240K)
 Metaspace       used 133623K, committed 134336K, reserved 1171456K
  class space    used 16937K, committed 17280K, reserved 1048576K
}
Event: 930.036 GC heap before
{Heap before GC invocations=120 (full 5):
 garbage-first heap   total 256000K, used 202209K [0x0000000704a00000, 0x0000000800000000)
  region size 2048K, 68 young (139264K), 5 survivors (10240K)
 Metaspace       used 134415K, committed 135104K, reserved 1171456K
  class space    used 17022K, committed 17344K, reserved 1048576K
}
Event: 930.043 GC heap after
{Heap after GC invocations=121 (full 5):
 garbage-first heap   total 256000K, used 77385K [0x0000000704a00000, 0x0000000800000000)
  region size 2048K, 7 young (14336K), 7 survivors (14336K)
 Metaspace       used 134415K, committed 135104K, reserved 1171456K
  class space    used 17022K, committed 17344K, reserved 1048576K
}
Event: 930.661 GC heap before
{Heap before GC invocations=121 (full 5):
 garbage-first heap   total 256000K, used 204361K [0x0000000704a00000, 0x0000000800000000)
  region size 2048K, 69 young (141312K), 7 survivors (14336K)
 Metaspace       used 135344K, committed 136128K, reserved 1171456K
  class space    used 17101K, committed 17472K, reserved 1048576K
}
Event: 930.667 GC heap after
{Heap after GC invocations=122 (full 5):
 garbage-first heap   total 256000K, used 80090K [0x0000000704a00000, 0x0000000800000000)
  region size 2048K, 6 young (12288K), 6 survivors (12288K)
 Metaspace       used 135344K, committed 136128K, reserved 1171456K
  class space    used 17101K, committed 17472K, reserved 1048576K
}
Event: 931.144 GC heap before
{Heap before GC invocations=122 (full 5):
 garbage-first heap   total 256000K, used 207066K [0x0000000704a00000, 0x0000000800000000)
  region size 2048K, 68 young (139264K), 6 survivors (12288K)
 Metaspace       used 136239K, committed 136896K, reserved 1171456K
  class space    used 17171K, committed 17472K, reserved 1048576K
}
Event: 931.150 GC heap after
{Heap after GC invocations=123 (full 5):
 garbage-first heap   total 256000K, used 81882K [0x0000000704a00000, 0x0000000800000000)
  region size 2048K, 5 young (10240K), 5 survivors (10240K)
 Metaspace       used 136239K, committed 136896K, reserved 1171456K
  class space    used 17171K, committed 17472K, reserved 1048576K
}
Event: 931.666 GC heap before
{Heap before GC invocations=123 (full 5):
 garbage-first heap   total 256000K, used 206810K [0x0000000704a00000, 0x0000000800000000)
  region size 2048K, 66 young (135168K), 5 survivors (10240K)
 Metaspace       used 137028K, committed 137728K, reserved 1171456K
  class space    used 17234K, committed 17536K, reserved 1048576K
}
Event: 931.672 GC heap after
{Heap after GC invocations=124 (full 5):
 garbage-first heap   total 256000K, used 83273K [0x0000000704a00000, 0x0000000800000000)
  region size 2048K, 6 young (12288K), 6 survivors (12288K)
 Metaspace       used 137028K, committed 137728K, reserved 1171456K
  class space    used 17234K, committed 17536K, reserved 1048576K
}
Event: 932.343 GC heap before
{Heap before GC invocations=124 (full 5):
 garbage-first heap   total 256000K, used 206153K [0x0000000704a00000, 0x0000000800000000)
  region size 2048K, 66 young (135168K), 6 survivors (12288K)
 Metaspace       used 138173K, committed 138880K, reserved 1171456K
  class space    used 17331K, committed 17664K, reserved 1048576K
}
Event: 932.350 GC heap after
{Heap after GC invocations=125 (full 5):
 garbage-first heap   total 307200K, used 85572K [0x0000000704a00000, 0x0000000800000000)
  region size 2048K, 5 young (10240K), 5 survivors (10240K)
 Metaspace       used 138173K, committed 138880K, reserved 1171456K
  class space    used 17331K, committed 17664K, reserved 1048576K
}
Event: 991.314 GC heap before
{Heap before GC invocations=125 (full 5):
 garbage-first heap   total 307200K, used 251460K [0x0000000704a00000, 0x0000000800000000)
  region size 2048K, 86 young (176128K), 5 survivors (10240K)
 Metaspace       used 139346K, committed 140096K, reserved 1171456K
  class space    used 17432K, committed 17792K, reserved 1048576K
}
Event: 991.321 GC heap after
{Heap after GC invocations=126 (full 5):
 garbage-first heap   total 307200K, used 88750K [0x0000000704a00000, 0x0000000800000000)
  region size 2048K, 6 young (12288K), 6 survivors (12288K)
 Metaspace       used 139346K, committed 140096K, reserved 1171456K
  class space    used 17432K, committed 17792K, reserved 1048576K
}
Event: 1191.421 GC heap before
{Heap before GC invocations=126 (full 5):
 garbage-first heap   total 307200K, used 252590K [0x0000000704a00000, 0x0000000800000000)
  region size 2048K, 86 young (176128K), 6 survivors (12288K)
 Metaspace       used 139574K, committed 140352K, reserved 1171456K
  class space    used 17472K, committed 17856K, reserved 1048576K
}
Event: 1191.429 GC heap after
{Heap after GC invocations=127 (full 5):
 garbage-first heap   total 307200K, used 89415K [0x0000000704a00000, 0x0000000800000000)
  region size 2048K, 7 young (14336K), 7 survivors (14336K)
 Metaspace       used 139574K, committed 140352K, reserved 1171456K
  class space    used 17472K, committed 17856K, reserved 1048576K
}

Deoptimization events (20 events):
Event: 1045.469 Thread 0x000002a03840e7f0 DEOPT PACKING pc=0x000002a02009bd6c sp=0x000000b00c3f7f50
Event: 1045.469 Thread 0x000002a03840e7f0 DEOPT UNPACKING pc=0x000002a01f626763 sp=0x000000b00c3f7420 mode 1
Event: 1165.432 Thread 0x000002a0384109a0 DEOPT PACKING pc=0x000002a01fdda334 sp=0x000000b00c2f9470
Event: 1165.432 Thread 0x000002a0384109a0 DEOPT UNPACKING pc=0x000002a01f626763 sp=0x000000b00c2f89a8 mode 1
Event: 1165.432 Thread 0x000002a0384109a0 DEOPT PACKING pc=0x000002a01fddd4dc sp=0x000000b00c2f9560
Event: 1165.432 Thread 0x000002a0384109a0 DEOPT UNPACKING pc=0x000002a01f626763 sp=0x000000b00c2f8b10 mode 1
Event: 1165.432 Thread 0x000002a0384109a0 DEOPT PACKING pc=0x000002a01fddb3cc sp=0x000000b00c2f96d0
Event: 1165.432 Thread 0x000002a0384109a0 DEOPT UNPACKING pc=0x000002a01f626763 sp=0x000000b00c2f8ca0 mode 1
Event: 1165.432 Thread 0x000002a0384109a0 DEOPT PACKING pc=0x000002a01fdda334 sp=0x000000b00c2f9470
Event: 1165.432 Thread 0x000002a0384109a0 DEOPT UNPACKING pc=0x000002a01f626763 sp=0x000000b00c2f89a8 mode 1
Event: 1165.432 Thread 0x000002a0384109a0 DEOPT PACKING pc=0x000002a01fddd4dc sp=0x000000b00c2f9560
Event: 1165.432 Thread 0x000002a0384109a0 DEOPT UNPACKING pc=0x000002a01f626763 sp=0x000000b00c2f8b10 mode 1
Event: 1165.432 Thread 0x000002a0384109a0 DEOPT PACKING pc=0x000002a01fddb3cc sp=0x000000b00c2f96d0
Event: 1165.432 Thread 0x000002a0384109a0 DEOPT UNPACKING pc=0x000002a01f626763 sp=0x000000b00c2f8ca0 mode 1
Event: 1165.432 Thread 0x000002a0384109a0 DEOPT PACKING pc=0x000002a01fdda334 sp=0x000000b00c2f9470
Event: 1165.432 Thread 0x000002a0384109a0 DEOPT UNPACKING pc=0x000002a01f626763 sp=0x000000b00c2f89a8 mode 1
Event: 1165.432 Thread 0x000002a0384109a0 DEOPT PACKING pc=0x000002a01fddd4dc sp=0x000000b00c2f9560
Event: 1165.432 Thread 0x000002a0384109a0 DEOPT UNPACKING pc=0x000002a01f626763 sp=0x000000b00c2f8b10 mode 1
Event: 1165.432 Thread 0x000002a0384109a0 DEOPT PACKING pc=0x000002a01fddb3cc sp=0x000000b00c2f96d0
Event: 1165.432 Thread 0x000002a0384109a0 DEOPT UNPACKING pc=0x000002a01f626763 sp=0x000000b00c2f8ca0 mode 1

Classes unloaded (20 events):
Event: 924.115 Thread 0x000002a02be7e610 Unloading class 0x0000000801061c00 'jdk/internal/reflect/GeneratedSerializationConstructorAccessor259'
Event: 924.115 Thread 0x000002a02be7e610 Unloading class 0x0000000801061800 'jdk/internal/reflect/GeneratedSerializationConstructorAccessor258'
Event: 924.115 Thread 0x000002a02be7e610 Unloading class 0x0000000801061400 'jdk/internal/reflect/GeneratedSerializationConstructorAccessor257'
Event: 924.115 Thread 0x000002a02be7e610 Unloading class 0x0000000801061000 'jdk/internal/reflect/GeneratedSerializationConstructorAccessor256'
Event: 924.115 Thread 0x000002a02be7e610 Unloading class 0x0000000801060c00 'jdk/internal/reflect/GeneratedSerializationConstructorAccessor255'
Event: 924.115 Thread 0x000002a02be7e610 Unloading class 0x0000000801060800 'jdk/internal/reflect/GeneratedSerializationConstructorAccessor254'
Event: 924.115 Thread 0x000002a02be7e610 Unloading class 0x0000000801060400 'jdk/internal/reflect/GeneratedSerializationConstructorAccessor253'
Event: 924.115 Thread 0x000002a02be7e610 Unloading class 0x0000000801060000 'jdk/internal/reflect/GeneratedSerializationConstructorAccessor252'
Event: 924.115 Thread 0x000002a02be7e610 Unloading class 0x0000000801051400 'jdk/internal/reflect/GeneratedSerializationConstructorAccessor251'
Event: 924.115 Thread 0x000002a02be7e610 Unloading class 0x0000000801051000 'jdk/internal/reflect/GeneratedSerializationConstructorAccessor250'
Event: 924.115 Thread 0x000002a02be7e610 Unloading class 0x0000000801030400 'jdk/internal/reflect/GeneratedSerializationConstructorAccessor249'
Event: 924.115 Thread 0x000002a02be7e610 Unloading class 0x0000000800fee400 'jdk/internal/reflect/GeneratedMethodAccessor96'
Event: 924.116 Thread 0x000002a02be7e610 Unloading class 0x0000000800fee000 'jdk/internal/reflect/GeneratedMethodAccessor95'
Event: 924.116 Thread 0x000002a02be7e610 Unloading class 0x0000000800fedc00 'jdk/internal/reflect/GeneratedMethodAccessor94'
Event: 924.116 Thread 0x000002a02be7e610 Unloading class 0x0000000800fed800 'jdk/internal/reflect/GeneratedMethodAccessor93'
Event: 924.116 Thread 0x000002a02be7e610 Unloading class 0x0000000800fed000 'jdk/internal/reflect/GeneratedConstructorAccessor133'
Event: 924.116 Thread 0x000002a02be7e610 Unloading class 0x0000000800fd1400 'jdk/internal/reflect/GeneratedConstructorAccessor132'
Event: 924.116 Thread 0x000002a02be7e610 Unloading class 0x0000000800fd1000 'jdk/internal/reflect/GeneratedMethodAccessor92'
Event: 924.116 Thread 0x000002a02be7e610 Unloading class 0x0000000800fd0c00 'jdk/internal/reflect/GeneratedMethodAccessor91'
Event: 924.116 Thread 0x000002a02be7e610 Unloading class 0x0000000800fef800 'org/apache/catalina/loader/JdbcLeakPrevention'

Classes redefined (10 events):
Event: 564.844 Thread 0x000002a02be7e610 redefined class name=br.com.ultraworks.erp.api.tabela.domain.operacaointernafiscal.OperacaoInternaFiscal, count=1
Event: 612.847 Thread 0x000002a02be7e610 redefined class name=br.com.ultraworks.erp.api.tabela.domain.operacaointernafiscal.OperacaoInternaFiscal, count=1
Event: 612.847 Thread 0x000002a02be7e610 redefined class name=br.com.ultraworks.erp.api.tabela.domain.operacaointernafiscal.OperacaoInternaFiscal, count=2
Event: 768.625 Thread 0x000002a02be7e610 redefined class name=br.com.ultraworks.erp.api.tabela.mapper.OperacaoInternaFiscalMapper, count=1
Event: 768.625 Thread 0x000002a02be7e610 redefined class name=br.com.ultraworks.erp.api.tabela.mapper.OperacaoInternaFiscalMapper, count=1
Event: 768.625 Thread 0x000002a02be7e610 redefined class name=br.com.ultraworks.erp.api.tabela.mapper.OperacaoInternaFiscalMapper, count=1
Event: 917.465 Thread 0x000002a02be7e610 redefined class name=br.com.ultraworks.erp.api.tabela.mapper.OperacaoInternaFiscalMapper, count=1
Event: 917.465 Thread 0x000002a02be7e610 redefined class name=br.com.ultraworks.erp.api.tabela.mapper.OperacaoInternaFiscalMapper, count=2
Event: 917.465 Thread 0x000002a02be7e610 redefined class name=br.com.ultraworks.erp.api.tabela.mapper.OperacaoInternaFiscalMapper, count=2
Event: 917.465 Thread 0x000002a02be7e610 redefined class name=br.com.ultraworks.erp.api.tabela.mapper.OperacaoInternaFiscalMapper, count=2

Internal exceptions (20 events):
Event: 925.117 Thread 0x000002a038413020 Exception <a 'sun/nio/fs/WindowsException'{0x000000070de11048}> (0x000000070de11048) 
thrown [s\src\hotspot\share\prims\jni.cpp, line 516]
Event: 925.128 Thread 0x000002a038413020 Exception <a 'sun/nio/fs/WindowsException'{0x000000070de5af10}> (0x000000070de5af10) 
thrown [s\src\hotspot\share\prims\jni.cpp, line 516]
Event: 925.131 Thread 0x000002a038413020 Exception <a 'sun/nio/fs/WindowsException'{0x000000070de853b0}> (0x000000070de853b0) 
thrown [s\src\hotspot\share\prims\jni.cpp, line 516]
Event: 925.403 Thread 0x000002a038413020 Exception <a 'sun/nio/fs/WindowsException'{0x000000070d1913a0}> (0x000000070d1913a0) 
thrown [s\src\hotspot\share\prims\jni.cpp, line 516]
Event: 925.410 Thread 0x000002a038413020 Exception <a 'sun/nio/fs/WindowsException'{0x000000070d1ec680}> (0x000000070d1ec680) 
thrown [s\src\hotspot\share\prims\jni.cpp, line 516]
Event: 925.438 Thread 0x000002a038413020 Exception <a 'sun/nio/fs/WindowsException'{0x000000070ccb27e8}> (0x000000070ccb27e8) 
thrown [s\src\hotspot\share\prims\jni.cpp, line 516]
Event: 925.745 Thread 0x000002a038413020 Exception <a 'java/lang/NoClassDefFoundError'{0x00000007140721b0}: liquibase/integration/spring/SpringLiquibase> (0x00000007140721b0) 
thrown [s\src\hotspot\share\oops\constantPool.cpp, line 835]
Event: 926.844 Thread 0x000002a038413020 Exception <a 'java/lang/NoClassDefFoundError'{0x0000000713ea5b28}: org/jooq/DSLContext> (0x0000000713ea5b28) 
thrown [s\src\hotspot\share\oops\constantPool.cpp, line 835]
Event: 926.848 Thread 0x000002a038413020 Exception <a 'java/lang/NoClassDefFoundError'{0x0000000713f1a798}: org/springframework/batch/core/repository/JobRepository> (0x0000000713f1a798) 
thrown [s\src\hotspot\share\oops\constantPool.cpp, line 835]
Event: 926.849 Thread 0x000002a038413020 Exception <a 'java/lang/NoClassDefFoundError'{0x0000000713f1ade0}: org/quartz/Scheduler> (0x0000000713f1ade0) 
thrown [s\src\hotspot\share\oops\constantPool.cpp, line 835]
Event: 926.849 Thread 0x000002a038413020 Exception <a 'java/lang/NoClassDefFoundError'{0x0000000713f1b450}: org/springframework/session/jdbc/JdbcIndexedSessionRepository> (0x0000000713f1b450) 
thrown [s\src\hotspot\share\oops\constantPool.cpp, line 835]
Event: 926.973 Thread 0x000002a038413020 Exception <a 'sun/nio/fs/WindowsException'{0x0000000712ebdc28}> (0x0000000712ebdc28) 
thrown [s\src\hotspot\share\prims\jni.cpp, line 516]
Event: 926.974 Thread 0x000002a038413020 Exception <a 'sun/nio/fs/WindowsException'{0x0000000712ebe2e0}> (0x0000000712ebe2e0) 
thrown [s\src\hotspot\share\prims\jni.cpp, line 516]
Event: 926.974 Thread 0x000002a038413020 Exception <a 'sun/nio/fs/WindowsException'{0x0000000712ebea18}> (0x0000000712ebea18) 
thrown [s\src\hotspot\share\prims\jni.cpp, line 516]
Event: 926.995 Thread 0x000002a038413020 Exception <a 'java/io/FileNotFoundException'{0x0000000712f14bb8}> (0x0000000712f14bb8) 
thrown [s\src\hotspot\share\prims\jni.cpp, line 516]
Event: 927.289 Thread 0x000002a038413020 Exception <a 'sun/nio/fs/WindowsException'{0x0000000711cbbf98}> (0x0000000711cbbf98) 
thrown [s\src\hotspot\share\prims\jni.cpp, line 516]
Event: 928.084 Thread 0x000002a038413020 Exception <a 'sun/nio/fs/WindowsException'{0x000000070e781f08}> (0x000000070e781f08) 
thrown [s\src\hotspot\share\prims\jni.cpp, line 516]
Event: 928.126 Thread 0x000002a038413020 Exception <a 'sun/nio/fs/WindowsException'{0x000000070e2f9bf0}> (0x000000070e2f9bf0) 
thrown [s\src\hotspot\share\prims\jni.cpp, line 516]
Event: 929.865 Thread 0x000002a038413020 Exception <a 'sun/nio/fs/WindowsException'{0x000000070e3edac0}> (0x000000070e3edac0) 
thrown [s\src\hotspot\share\prims\jni.cpp, line 516]
Event: 929.951 Thread 0x000002a038413020 Exception <a 'java/io/FileNotFoundException'{0x000000070d9fe7d8}> (0x000000070d9fe7d8) 
thrown [s\src\hotspot\share\prims\jni.cpp, line 516]

VM Operations (20 events):
Event: 1252.993 Executing VM operation: ChangeBreakpoints
Event: 1252.997 Executing VM operation: ChangeBreakpoints done
Event: 1253.001 Executing VM operation: ChangeBreakpoints
Event: 1253.005 Executing VM operation: ChangeBreakpoints done
Event: 1253.009 Executing VM operation: ChangeBreakpoints
Event: 1253.013 Executing VM operation: ChangeBreakpoints done
Event: 1253.015 Executing VM operation: ChangeBreakpoints
Event: 1253.018 Executing VM operation: ChangeBreakpoints done
Event: 1253.035 Executing VM operation: ChangeBreakpoints
Event: 1253.039 Executing VM operation: ChangeBreakpoints done
Event: 1253.040 Executing VM operation: ChangeBreakpoints
Event: 1253.044 Executing VM operation: ChangeBreakpoints done
Event: 1253.045 Executing VM operation: ChangeBreakpoints
Event: 1253.048 Executing VM operation: ChangeBreakpoints done
Event: 1253.049 Executing VM operation: ChangeBreakpoints
Event: 1253.053 Executing VM operation: ChangeBreakpoints done
Event: 1253.053 Executing VM operation: ChangeBreakpoints
Event: 1253.056 Executing VM operation: ChangeBreakpoints done
Event: 1253.057 Executing VM operation: ChangeBreakpoints
Event: 1253.061 Executing VM operation: ChangeBreakpoints done

Events (20 events):
Event: 991.266 Thread 0x000002a036232910 Thread exited: 0x000002a036232910
Event: 1026.885 Thread 0x000002a0384dee90 Thread added: 0x000002a0384dee90
Event: 1029.181 Thread 0x000002a0384dee90 Thread exited: 0x000002a0384dee90
Event: 1029.811 Thread 0x000002a0384dee90 Thread added: 0x000002a0384dee90
Event: 1034.951 Thread 0x000002a0384dee90 Thread exited: 0x000002a0384dee90
Event: 1035.055 Thread 0x000002a0384dee90 Thread added: 0x000002a0384dee90
Event: 1038.700 Thread 0x000002a0384dee90 Thread exited: 0x000002a0384dee90
Event: 1045.363 Thread 0x000002a0384e5520 Thread added: 0x000002a0384e5520
Event: 1045.367 loading class jdk/internal/reflect/UnsafeIntegerFieldAccessorImpl
Event: 1045.367 loading class jdk/internal/reflect/UnsafeIntegerFieldAccessorImpl done
Event: 1050.503 Thread 0x000002a0384e5520 Thread exited: 0x000002a0384e5520
Event: 1105.394 Thread 0x000002a038412b50 Thread exited: 0x000002a038412b50
Event: 1157.556 Thread 0x000002a02fa1b100 Thread added: 0x000002a02fa1b100
Event: 1157.556 Thread 0x000002a037f34c90 Thread added: 0x000002a037f34c90
Event: 1157.559 Thread 0x000002a035c704c0 Thread added: 0x000002a035c704c0
Event: 1165.716 Thread 0x000002a035a1ad20 Thread added: 0x000002a035a1ad20
Event: 1168.869 Thread 0x000002a035a1ad20 Thread exited: 0x000002a035a1ad20
Event: 1173.066 Thread 0x000002a02fa1b100 Thread exited: 0x000002a02fa1b100
Event: 1173.066 Thread 0x000002a037f34c90 Thread exited: 0x000002a037f34c90
Event: 1228.888 Thread 0x000002a035c704c0 Thread exited: 0x000002a035c704c0


Dynamic libraries:
0x00007ff754aa0000 - 0x00007ff754aae000 	C:\Accenture\Ferramentas\IDE\sts-4.15.3.RELEASE\plugins\org.eclipse.justj.openjdk.hotspot.jre.full.win32.x86_64_17.0.4.v20220805-1047\jre\bin\javaw.exe
0x00007fff7d820000 - 0x00007fff7da2a000 	C:\windows\SYSTEM32\ntdll.dll
0x00007fff7cc70000 - 0x00007fff7cd2d000 	C:\windows\System32\KERNEL32.DLL
0x00007fff7b2d0000 - 0x00007fff7b655000 	C:\windows\System32\KERNELBASE.dll
0x00007fff7aeb0000 - 0x00007fff7afc1000 	C:\windows\System32\ucrtbase.dll
0x00007fff72fd0000 - 0x00007fff72fe8000 	C:\Accenture\Ferramentas\IDE\sts-4.15.3.RELEASE\plugins\org.eclipse.justj.openjdk.hotspot.jre.full.win32.x86_64_17.0.4.v20220805-1047\jre\bin\jli.dll
0x00007fff5fb40000 - 0x00007fff5fb59000 	C:\Accenture\Ferramentas\IDE\sts-4.15.3.RELEASE\plugins\org.eclipse.justj.openjdk.hotspot.jre.full.win32.x86_64_17.0.4.v20220805-1047\jre\bin\VCRUNTIME140.dll
0x00007fff7b980000 - 0x00007fff7bb2c000 	C:\windows\System32\USER32.dll
0x00007fff7b170000 - 0x00007fff7b196000 	C:\windows\System32\win32u.dll
0x00007fff49ae0000 - 0x00007fff49d85000 	C:\windows\WinSxS\amd64_microsoft.windows.common-controls_6595b64144ccf1df_6.0.22000.2600_none_1b65155c6ae217ae\COMCTL32.dll
0x00007fff7d180000 - 0x00007fff7d1a9000 	C:\windows\System32\GDI32.dll
0x00007fff7cef0000 - 0x00007fff7cf93000 	C:\windows\System32\msvcrt.dll
0x00007fff7b050000 - 0x00007fff7b16b000 	C:\windows\System32\gdi32full.dll
0x00007fff7ade0000 - 0x00007fff7ae7d000 	C:\windows\System32\msvcp_win.dll
0x00007fff7b840000 - 0x00007fff7b871000 	C:\windows\System32\IMM32.DLL
0x00007fff79410000 - 0x00007fff79592000 	C:\Program Files\Avecto\Privilege Guard Client\PGHook.dll
0x00007fff7cac0000 - 0x00007fff7cb71000 	C:\windows\System32\ADVAPI32.dll
0x00007fff7cfa0000 - 0x00007fff7d042000 	C:\windows\System32\sechost.dll
0x00007fff7ae80000 - 0x00007fff7aea7000 	C:\windows\System32\bcrypt.dll
0x00007fff7d690000 - 0x00007fff7d7b1000 	C:\windows\System32\RPCRT4.dll
0x000000006a0d0000 - 0x000000006a142000 	C:\windows\System32\QIPCAP64.dll
0x00007fff7bb30000 - 0x00007fff7c2f5000 	C:\windows\System32\SHELL32.dll
0x00007fff795d0000 - 0x00007fff796b9000 	C:\windows\SYSTEM32\DNSAPI.dll
0x00007fff795a0000 - 0x00007fff795cd000 	C:\windows\SYSTEM32\IPHLPAPI.DLL
0x00007fff7cb80000 - 0x00007fff7cb89000 	C:\windows\System32\NSI.dll
0x00007fff70d90000 - 0x00007fff70d9c000 	C:\Accenture\Ferramentas\IDE\sts-4.15.3.RELEASE\plugins\org.eclipse.justj.openjdk.hotspot.jre.full.win32.x86_64_17.0.4.v20220805-1047\jre\bin\vcruntime140_1.dll
0x00007fff40ab0000 - 0x00007fff40b41000 	C:\Accenture\Ferramentas\IDE\sts-4.15.3.RELEASE\plugins\org.eclipse.justj.openjdk.hotspot.jre.full.win32.x86_64_17.0.4.v20220805-1047\jre\bin\msvcp140.dll
0x00007ffee66f0000 - 0x00007ffee7336000 	C:\Accenture\Ferramentas\IDE\sts-4.15.3.RELEASE\plugins\org.eclipse.justj.openjdk.hotspot.jre.full.win32.x86_64_17.0.4.v20220805-1047\jre\bin\server\jvm.dll
0x000002a01b6d0000 - 0x000002a01b6d8000 	C:\windows\System32\PSAPI.DLL
0x00007fff51470000 - 0x00007fff51479000 	C:\windows\SYSTEM32\WSOCK32.dll
0x00007fff7d620000 - 0x00007fff7d68f000 	C:\windows\System32\WS2_32.dll
0x00007fff70cb0000 - 0x00007fff70ce3000 	C:\windows\SYSTEM32\WINMM.dll
0x00007fff78c40000 - 0x00007fff78c4a000 	C:\windows\SYSTEM32\VERSION.dll
0x00007fff79cc0000 - 0x00007fff79cd8000 	C:\windows\SYSTEM32\kernel.appcore.dll
0x00007fff73760000 - 0x00007fff7376a000 	C:\Accenture\Ferramentas\IDE\sts-4.15.3.RELEASE\plugins\org.eclipse.justj.openjdk.hotspot.jre.full.win32.x86_64_17.0.4.v20220805-1047\jre\bin\jimage.dll
0x00007fff77500000 - 0x00007fff77721000 	C:\windows\SYSTEM32\DBGHELP.DLL
0x00007fff56fa0000 - 0x00007fff56fd1000 	C:\windows\SYSTEM32\dbgcore.DLL
0x00007fff7afd0000 - 0x00007fff7b04f000 	C:\windows\System32\bcryptPrimitives.dll
0x00007fff519b0000 - 0x00007fff519eb000 	C:\Accenture\Ferramentas\IDE\sts-4.15.3.RELEASE\plugins\org.eclipse.justj.openjdk.hotspot.jre.full.win32.x86_64_17.0.4.v20220805-1047\jre\bin\jdwp.dll
0x00007fff73550000 - 0x00007fff7355e000 	C:\Accenture\Ferramentas\IDE\sts-4.15.3.RELEASE\plugins\org.eclipse.justj.openjdk.hotspot.jre.full.win32.x86_64_17.0.4.v20220805-1047\jre\bin\instrument.dll
0x00007fff72ff0000 - 0x00007fff73015000 	C:\Accenture\Ferramentas\IDE\sts-4.15.3.RELEASE\plugins\org.eclipse.justj.openjdk.hotspot.jre.full.win32.x86_64_17.0.4.v20220805-1047\jre\bin\java.dll
0x00007fff72f70000 - 0x00007fff72f88000 	C:\Accenture\Ferramentas\IDE\sts-4.15.3.RELEASE\plugins\org.eclipse.justj.openjdk.hotspot.jre.full.win32.x86_64_17.0.4.v20220805-1047\jre\bin\zip.dll
0x00007fff783d0000 - 0x00007fff78c32000 	C:\windows\SYSTEM32\windows.storage.dll
0x00007fff7c3e0000 - 0x00007fff7c756000 	C:\windows\System32\combase.dll
0x00007fff78260000 - 0x00007fff783c7000 	C:\windows\SYSTEM32\wintypes.dll
0x00007fff7b660000 - 0x00007fff7b74a000 	C:\windows\System32\SHCORE.dll
0x00007fff7b7e0000 - 0x00007fff7b83d000 	C:\windows\System32\shlwapi.dll
0x00007fff7aba0000 - 0x00007fff7abc5000 	C:\windows\SYSTEM32\profapi.dll
0x00007fff58f10000 - 0x00007fff58f1c000 	C:\Accenture\Ferramentas\IDE\sts-4.15.3.RELEASE\plugins\org.eclipse.justj.openjdk.hotspot.jre.full.win32.x86_64_17.0.4.v20220805-1047\jre\bin\dt_socket.dll
0x00007fff7a260000 - 0x00007fff7a2c7000 	C:\windows\system32\mswsock.dll
0x00007fff6ec10000 - 0x00007fff6ec1a000 	C:\Windows\System32\rasadhlp.dll
0x00007fff71b20000 - 0x00007fff71ba1000 	C:\windows\System32\fwpuclnt.dll
0x00007fff62220000 - 0x00007fff62239000 	C:\Accenture\Ferramentas\IDE\sts-4.15.3.RELEASE\plugins\org.eclipse.justj.openjdk.hotspot.jre.full.win32.x86_64_17.0.4.v20220805-1047\jre\bin\net.dll
0x00007fff79ce0000 - 0x00007fff79df4000 	C:\windows\SYSTEM32\WINHTTP.dll
0x00007fff60380000 - 0x00007fff60395000 	C:\Accenture\Ferramentas\IDE\sts-4.15.3.RELEASE\plugins\org.eclipse.justj.openjdk.hotspot.jre.full.win32.x86_64_17.0.4.v20220805-1047\jre\bin\nio.dll
0x00007fff70d40000 - 0x00007fff70d49000 	C:\Accenture\Ferramentas\IDE\sts-4.15.3.RELEASE\plugins\org.eclipse.justj.openjdk.hotspot.jre.full.win32.x86_64_17.0.4.v20220805-1047\jre\bin\management.dll
0x00007fff65a60000 - 0x00007fff65a6b000 	C:\Accenture\Ferramentas\IDE\sts-4.15.3.RELEASE\plugins\org.eclipse.justj.openjdk.hotspot.jre.full.win32.x86_64_17.0.4.v20220805-1047\jre\bin\management_ext.dll
0x00007fff51500000 - 0x00007fff51517000 	C:\windows\system32\napinsp.dll
0x00007fff51520000 - 0x00007fff5153b000 	C:\windows\system32\pnrpnsp.dll
0x00007fff51540000 - 0x00007fff51552000 	C:\windows\System32\winrnr.dll
0x00007fff6fbb0000 - 0x00007fff6fbc5000 	C:\windows\system32\wshbth.dll
0x00007fff51440000 - 0x00007fff5145f000 	C:\windows\system32\nlansp_c.dll
0x00007fff7a530000 - 0x00007fff7a548000 	C:\windows\SYSTEM32\CRYPTSP.dll
0x00007fff79c20000 - 0x00007fff79c55000 	C:\windows\system32\rsaenh.dll
0x00007fff7a300000 - 0x00007fff7a32c000 	C:\windows\SYSTEM32\USERENV.dll
0x00007fff7a510000 - 0x00007fff7a51c000 	C:\windows\SYSTEM32\CRYPTBASE.dll
0x00007fff71850000 - 0x00007fff71869000 	C:\windows\SYSTEM32\dhcpcsvc6.DLL
0x00007fff717f0000 - 0x00007fff7180e000 	C:\windows\SYSTEM32\dhcpcsvc.DLL
0x00007fff73450000 - 0x00007fff73460000 	C:\Accenture\Ferramentas\IDE\sts-4.15.3.RELEASE\plugins\org.eclipse.justj.openjdk.hotspot.jre.full.win32.x86_64_17.0.4.v20220805-1047\jre\bin\verify.dll
0x00007fff70de0000 - 0x00007fff70dee000 	C:\Accenture\Ferramentas\IDE\sts-4.15.3.RELEASE\plugins\org.eclipse.justj.openjdk.hotspot.jre.full.win32.x86_64_17.0.4.v20220805-1047\jre\bin\sunmscapi.dll
0x00007fff7ac70000 - 0x00007fff7add2000 	C:\windows\System32\CRYPT32.dll
0x00007fff7a640000 - 0x00007fff7a66a000 	C:\windows\SYSTEM32\ncrypt.dll
0x00007fff7a600000 - 0x00007fff7a637000 	C:\windows\SYSTEM32\NTASN1.dll
0x00007fff65a00000 - 0x00007fff65a08000 	C:\windows\system32\wshunix.dll

dbghelp: loaded successfully - version: 4.0.5 - missing functions: none
symbol engine: initialized successfully - sym options: 0x614 - pdb path: .;C:\Accenture\Ferramentas\IDE\sts-4.15.3.RELEASE\plugins\org.eclipse.justj.openjdk.hotspot.jre.full.win32.x86_64_17.0.4.v20220805-1047\jre\bin;C:\windows\SYSTEM32;C:\windows\WinSxS\amd64_microsoft.windows.common-controls_6595b64144ccf1df_6.0.22000.2600_none_1b65155c6ae217ae;C:\Program Files\Avecto\Privilege Guard Client;C:\Accenture\Ferramentas\IDE\sts-4.15.3.RELEASE\plugins\org.eclipse.justj.openjdk.hotspot.jre.full.win32.x86_64_17.0.4.v20220805-1047\jre\bin\server

VM Arguments:
jvm_args: -XX:+ShowCodeDetailsInExceptionMessages -agentlib:jdwp=transport=dt_socket,suspend=y,address=localhost:51205 -Dcom.sun.management.jmxremote -Dcom.sun.management.jmxremote.port=51201 -Dcom.sun.management.jmxremote.authenticate=false -Dcom.sun.management.jmxremote.ssl=false -Djava.rmi.server.hostname=localhost -Dspring.jmx.enabled=true -Dspring.application.admin.enabled=true -XX:TieredStopAtLevel=1 -Dspring.boot.project.name=uworks_erp -javaagent:C:\Accenture\Ferramentas\IDE\sts-4.15.3.RELEASE\configuration\org.eclipse.osgi\258\0\.cp\lib\javaagent-shaded.jar -Dfile.encoding=UTF-8 
java_command: br.com.ultraworks.erp.ErpApplication --spring.output.ansi.enabled=always debug
java_class_path (initial): C:\Pessoal\projetos\uw\uworks_erp\target\classes;C:\Users\rodrigo.cristo.fuhr\.m2\repository\org\springframework\boot\spring-boot-starter-data-jpa\3.1.4\spring-boot-starter-data-jpa-3.1.4.jar;C:\Users\rodrigo.cristo.fuhr\.m2\repository\org\springframework\boot\spring-boot-starter-aop\3.1.4\spring-boot-starter-aop-3.1.4.jar;C:\Users\rodrigo.cristo.fuhr\.m2\repository\org\aspectj\aspectjweaver\1.9.20\aspectjweaver-1.9.20.jar;C:\Users\rodrigo.cristo.fuhr\.m2\repository\org\springframework\boot\spring-boot-starter-jdbc\3.1.4\spring-boot-starter-jdbc-3.1.4.jar;C:\Users\rodrigo.cristo.fuhr\.m2\repository\com\zaxxer\HikariCP\5.0.1\HikariCP-5.0.1.jar;C:\Users\rodrigo.cristo.fuhr\.m2\repository\org\springframework\spring-jdbc\6.0.12\spring-jdbc-6.0.12.jar;C:\Users\rodrigo.cristo.fuhr\.m2\repository\org\hibernate\orm\hibernate-core\6.2.9.Final\hibernate-core-6.2.9.Final.jar;C:\Users\rodrigo.cristo.fuhr\.m2\repository\jakarta\persistence\jakarta.persistence-api\3.1.0\jakarta.persistence-api-3.1.0.jar;C:\Users\rodrigo.cristo.fuhr\.m2\repository\jakarta\transaction\jakarta.transaction-api\2.0.1\jakarta.transaction-api-2.0.1.jar;C:\Users\rodrigo.cristo.fuhr\.m2\repository\org\jboss\logging\jboss-logging\3.5.3.Final\jboss-logging-3.5.3.Final.jar;C:\Users\rodrigo.cristo.fuhr\.m2\repository\org\hibernate\common\hibernate-commons-annotations\6.0.6.Final\hibernate-commons-annotations-6.0.6.Final.jar;C:\Users\rodrigo.cristo.fuhr\.m2\repository\io\smallrye\jandex\3.0.5\jandex-3.0.5.jar;C:\Users\rodrigo.cristo.fuhr\.m2\repository\com\fasterxml\classmate\1.5.1\classmate-1.5.1.jar;C:\Users\rodrigo.cristo.fuhr\.m2\repository\net\bytebuddy\byte-buddy\1.14.8\byte-buddy-1.14.8.jar;C:\Users\rodrigo.cristo.fuhr\.m2\repository\org\glassfish\jaxb\jaxb-runtime\4.0.3\jaxb-runtime-4.0.3.jar;C:\Users\rodrigo.cristo.fuhr\.m2\repository\org\glassfish\jaxb\jaxb-core\4.0.3\jaxb-core-4.0.3.jar;C:\Users\rodrigo.cristo.fuhr\.m2\repository\org\glassfish\jaxb\txw2\4.0.3\txw2-4.0.3.
Launcher Type: SUN_STANDARD

[Global flags]
     intx CICompilerCount                          = 4                                         {product} {ergonomic}
     uint ConcGCThreads                            = 2                                         {product} {ergonomic}
     uint G1ConcRefinementThreads                  = 8                                         {product} {ergonomic}
   size_t G1HeapRegionSize                         = 2097152                                   {product} {ergonomic}
    uintx GCDrainStackTargetSize                   = 64                                        {product} {ergonomic}
   size_t InitialHeapSize                          = 264241152                                 {product} {ergonomic}
     bool ManagementServer                         = true                                      {product} {command line}
   size_t MarkStackSize                            = 4194304                                   {product} {ergonomic}
   size_t MaxHeapSize                              = 4217372672                                {product} {ergonomic}
   size_t MaxNewSize                               = 2529165312                                {product} {ergonomic}
   size_t MinHeapDeltaBytes                        = 2097152                                   {product} {ergonomic}
   size_t MinHeapSize                              = 8388608                                   {product} {ergonomic}
    uintx NonProfiledCodeHeapSize                  = 0                                      {pd product} {ergonomic}
     bool ProfileInterpreter                       = false                                  {pd product} {command line}
    uintx ProfiledCodeHeapSize                     = 0                                      {pd product} {ergonomic}
     bool ShowCodeDetailsInExceptionMessages       = true                                   {manageable} {command line}
   size_t SoftMaxHeapSize                          = 4217372672                             {manageable} {ergonomic}
     intx TieredStopAtLevel                        = 1                                         {product} {command line}
     bool UseCompressedClassPointers               = true                           {product lp64_product} {ergonomic}
     bool UseCompressedOops                        = true                           {product lp64_product} {ergonomic}
     bool UseG1GC                                  = true                                      {product} {ergonomic}
     bool UseLargePagesIndividualAllocation        = false                                  {pd product} {ergonomic}

Logging:
Log output configuration:
 #0: stdout all=warning uptime,level,tags
 #1: stderr all=off uptime,level,tags

Environment Variables:
JAVA_HOME=C:\Program Files\Eclipse Adoptium\jdk-11.0.17.8-hotspot
PATH=C:\Accenture\Ferramentas\IDE\sts-4.15.3.RELEASE\plugins\org.eclipse.justj.openjdk.hotspot.jre.full.win32.x86_64_17.0.4.v20220805-1047\jre\bin;C:/Accenture/Ferramentas/IDE/sts-4.15.3.RELEASE//plugins/org.eclipse.justj.openjdk.hotspot.jre.full.win32.x86_64_17.0.4.v20220805-1047/jre/bin/server;C:/Accenture/Ferramentas/IDE/sts-4.15.3.RELEASE//plugins/org.eclipse.justj.openjdk.hotspot.jre.full.win32.x86_64_17.0.4.v20220805-1047/jre/bin;C:\windows\system32;C:\windows;C:\windows\System32\Wbem;C:\windows\System32\WindowsPowerShell\v1.0\;C:\windows\System32\OpenSSH\;C:\Program Files (x86)\Pulse Secure\VC142.CRT\X64\;C:\Program Files (x86)\Pulse Secure\VC142.CRT\X86\;C:\Program Files (x86)\Common Files\Pulse Secure\VC142.CRT\X64\;C:\Program Files (x86)\Common Files\Pulse Secure\VC142.CRT\X86\;C:\Accenture\Ferramentas\apache-maven-3.8.6\bin;C:\Program Files\Eclipse Adoptium\jdk-11.0.17.8-hotspot\bin;C:\Users\rodrigo.cristo.fuhr\AppData\Roaming\nvm;C:\Program Files\nodejs;C:\Program Files (x86)\Yarn\bin\;C:\Program Files\Git\cmd;C:\Users\rodrigo.cristo.fuhr\AppData\Local\Programs\Python\Python312\Scripts\;C:\Users\rodrigo.cristo.fuhr\AppData\Local\Programs\Python\Python312\;C:\Users\rodrigo.cristo.fuhr\AppData\Local\Microsoft\WindowsApps;C:\Accenture\Ferramentas\Git\cmd;C:\Users\rodrigo.cristo.fuhr\AppData\Local\Programs\Microsoft VS Code\bin;C:\Users\rodrigo.cristo.fuhr\AppData\Roaming\nvm;C:\Program Files\nodejs;C:\Users\rodrigo.cristo.fuhr\AppData\Local\Yarn\bin;;C:\Accenture\Ferramentas\IDE\sts-4.15.3.RELEASE;
USERNAME=rodrigo.cristo.fuhr
OS=Windows_NT
PROCESSOR_IDENTIFIER=Intel64 Family 6 Model 140 Stepping 1, GenuineIntel
TMP=C:\Users\RODRIG~1.FUH\AppData\Local\Temp
TEMP=C:\Users\RODRIG~1.FUH\AppData\Local\Temp



---------------  S Y S T E M  ---------------

OS:
 Windows 11 , 64 bit Build 22000 (10.0.22000.2836)
OS uptime: 0 days 2:45 hours
Hyper-V role detected

CPU: total 8 (initial active 8) (4 cores per cpu, 2 threads per core) family 6 model 140 stepping 1 microcode 0xa4, cx8, cmov, fxsr, ht, mmx, 3dnowpref, sse, sse2, sse3, ssse3, sse4.1, sse4.2, popcnt, lzcnt, tsc, tscinvbit, avx, avx2, aes, erms, clmul, bmi1, bmi2, adx, avx512f, avx512dq, avx512cd, avx512bw, avx512vl, sha, fma, vzeroupper, avx512_vpopcntdq, avx512_vpclmulqdq, avx512_vaes, avx512_vnni, clflush, clflushopt, clwb, avx512_vbmi2, avx512_vbmi, hv

Memory: 4k page, system-wide physical 16087M (2870M free)
TotalPageFile size 32174M (AvailPageFile size 14726M)
current process WorkingSet (physical memory assigned to process): 580M, peak: 580M
current process commit charge ("private bytes"): 616M, peak: 616M

vm_info: OpenJDK 64-Bit Server VM (17.0.4+8) for windows-amd64 JRE (17.0.4+8), built on Jul 19 2022 16:05:16 by "temurin" with MS VC++ 16.7 (VS2019)

END.
