#
# A fatal error has been detected by the Java Runtime Environment:
#
#  EXCEPTION_ACCESS_VIOLATION (0xc0000005) at pc=0x00007ffa664ffa7a, pid=9048, tid=26120
#
# JRE version: OpenJDK Runtime Environment Temurin-17.0.4+8 (17.0.4+8) (build 17.0.4+8)
# Java VM: OpenJDK 64-Bit Server VM Temurin-17.0.4+8 (17.0.4+8, mixed mode, emulated-client, tiered, compressed oops, compressed class ptrs, g1 gc, windows-amd64)
# Problematic frame:
# V  [jvm.dll+0x79fa7a]
#
# No core dump will be written. Minidumps are not enabled by default on client versions of Windows
#
# If you would like to submit a bug report, please visit:
#   https://github.com/adoptium/adoptium-support/issues
#

---------------  S U M M A R Y ------------

Command Line: -XX:+ShowCodeDetailsInExceptionMessages -agentlib:jdwp=transport=dt_socket,suspend=y,address=localhost:59808 -Dcom.sun.management.jmxremote -Dcom.sun.management.jmxremote.port=59807 -Dcom.sun.management.jmxremote.authenticate=false -Dcom.sun.management.jmxremote.ssl=false -Djava.rmi.server.hostname=localhost -Dspring.jmx.enabled=true -Dspring.application.admin.enabled=true -XX:TieredStopAtLevel=1 -Dspring.boot.project.name=uworks_erp -javaagent:C:\Accenture\Ferramentas\IDE\sts-4.15.3.RELEASE\configuration\org.eclipse.osgi\258\0\.cp\lib\javaagent-shaded.jar -Dfile.encoding=UTF-8 br.com.ultraworks.erp.ErpApplication --spring.output.ansi.enabled=always debug

Host: 11th Gen Intel(R) Core(TM) i7-1185G7 @ 3.00GHz, 8 cores, 15G,  Windows 11 , 64 bit Build 22000 (10.0.22000.2600)
Time: Fri Feb  9 23:57:41 2024 E. South America Standard Time elapsed time: 386.786337 seconds (0d 0h 6m 26s)

---------------  T H R E A D  ---------------

Current thread (0x0000020a1bd97480):  JavaThread "JDWP Transport Listener: dt_socket" daemon [_thread_in_vm, id=26120, stack(0x000000dd75a00000,0x000000dd75b00000)]

Stack: [0x000000dd75a00000,0x000000dd75b00000],  sp=0x000000dd75aff7a0,  free space=1021k
Native frames: (J=compiled Java code, j=interpreted, Vv=VM code, C=native code)
V  [jvm.dll+0x79fa7a]
V  [jvm.dll+0x50963c]
V  [jvm.dll+0x4d0ca4]
C  [jdwp.dll+0x22f7b]


siginfo: EXCEPTION_ACCESS_VIOLATION (0xc0000005), reading address 0x0000000000f500f7


Register to memory mapping:

RIP=0x00007ffa664ffa7a jvm.dll
RAX=0x00000000000000f2 is an unknown value
RBX=0x0000020a1bbc0bf6 points into unknown readable memory: 6e 64
RCX=0x0000000000f500f3 is an unknown value
RDX=0x0000020a2087f390 points into unknown readable memory: 0x2f6d6f632f72624c | 4c 62 72 2f 63 6f 6d 2f
RSP=0x000000dd75aff7a0 is pointing into the stack for thread: 0x0000020a1bd97480
RBP=0x0000020a1bd46590 points into unknown readable memory: 0x0000000200000002 | 02 00 00 00 02 00 00 00
RSI=0x0 is NULL
RDI=0xffffffffffffffff is an unknown value
R8 =0x00000000000003a1 is an unknown value
R9 =0x0000000000000040 is an unknown value
R10=0x0000000000000380 is an unknown value
R11=0x000000dd75aff7c0 is pointing into the stack for thread: 0x0000020a1bd97480
R12=0x000000dd75aff8f8 is pointing into the stack for thread: 0x0000020a1bd97480
R13=0x0 is NULL
R14=0x0000000800418828 is a pointer to class: 
br.com.ultraworks.erp.api.relacionamento.mapper.ParceiroLocalMapper {0x0000000800418830}
 - instance size:     7
 - klass size:        87
 - access:            public synchronized 
 - state:             fully_initialized
 - name:              'br/com/ultraworks/erp/api/relacionamento/mapper/ParceiroLocalMapper'
 - super:             'br/com/ultraworks/erp/core/mapper/GenericMapper'
 - sub:               
 - arrays:            NULL
 - methods:           Array<T>(0x0000020a25012248)
 - method ordering:   Array<T>(0x0000020a25012a30)
 - default_methods:   Array<T>(0x0000000000000000)
 - local interfaces:  Array<T>(0x0000020a1c000058)
 - trans. interfaces: Array<T>(0x0000020a1fd354e0)
 - constants:         constant pool [277]/operands[21] {0x0000020a245a0008} for 'br/com/ultraworks/erp/api/relacionamento/mapper/ParceiroLocalMapper' cache=0x0000020a245a0998
 - class loader data:  loader data: 0x0000020a1dfa0830 for instance a 'org/springframework/boot/devtools/restart/classloader/RestartClassLoader'{0x0000000705203098}
 - source file:       'ParceiroLocalMapper.java'
 - source debug extension:       SMAP
ParceiroLocalMapper.java
Java
*S jdt
*F
1 ParceiroLocalMapper.java
2 file:/C:/Pessoal/projetos/uw/uworks_erp/target/classes/
*L
*E

 - class annotations:       Array<T>(0x0000020a250129e8)
 - class type annotations:  Array<T>(0x0000000000000000)
 - field annotations:       Array<T>(0x0000000000000000)
 - field type annotations:  Array<T>(0x0000000000000000)
 - previous version:  constant pool [273]/operands[21] {0x0000020a1fd49238} for 'br/com/ultraworks/erp/api/relacionamento/mapper/ParceiroLocalMapper' (extra) cache=0x0000020a246b10a0
 - generic signature: '
[error occurred during error reporting (printing register info), id 0xc0000005, EXCEPTION_ACCESS_VIOLATION (0xc0000005) at pc=0x00007ffa66500686]

Registers:
RAX=0x00000000000000f2, RBX=0x0000020a1bbc0bf6, RCX=0x0000000000f500f3, RDX=0x0000020a2087f390
RSP=0x000000dd75aff7a0, RBP=0x0000020a1bd46590, RSI=0x0000000000000000, RDI=0xffffffffffffffff
R8 =0x00000000000003a1, R9 =0x0000000000000040, R10=0x0000000000000380, R11=0x000000dd75aff7c0
R12=0x000000dd75aff8f8, R13=0x0000000000000000, R14=0x0000000800418828, R15=0x000000dd75aff948
RIP=0x00007ffa664ffa7a, EFLAGS=0x0000000000010206

Top of Stack: (sp=0x000000dd75aff7a0)
0x000000dd75aff7a0:   0000000000000043 0000000800418828
0x000000dd75aff7b0:   0000020a1bd97480 0000000000000000
0x000000dd75aff7c0:   ffffffffffffffff 00007ffa6626963c
0x000000dd75aff7d0:   0000020a1bbc0bf6 0000020a1bbc0bb0
0x000000dd75aff7e0:   0000020a1bd46590 0000020a23340a10
0x000000dd75aff7f0:   0000020a1bbc0b50 00000000000003d8
0x000000dd75aff800:   0000020a1bbc0b60 0000020a1bbc0f38
0x000000dd75aff810:   0000000000000002 000000dd75aff8f8
0x000000dd75aff820:   0000000000000000 0000000000000000
0x000000dd75aff830:   0000000707b38908 00007ffa66230ca4
0x000000dd75aff840:   0000020a1bd97480 000000dd75aff948
0x000000dd75aff850:   0000020a06f0ee00 000000dd75aff948
0x000000dd75aff860:   0000020a1bd97480 0000000000000000
0x000000dd75aff870:   0000020a00000000 0000000000000000
0x000000dd75aff880:   000000000000000d 00007ffab83e2f7b
0x000000dd75aff890:   000000dd75aff940 00007ffab83f1600 

Instructions: (pc=0x00007ffa664ffa7a)
0x00007ffa664ff97a:   48 83 c4 20 5f e9 6c 69 90 ff cc cc cc cc cc cc
0x00007ffa664ff98a:   cc cc cc cc cc cc 48 89 5c 24 08 57 48 83 ec 20
0x00007ffa664ff99a:   83 fa 02 8d 42 06 b9 08 00 00 00 49 8b d8 0f 4e
0x00007ffa664ff9aa:   c1 48 63 c8 48 83 c1 07 83 e1 f8 48 63 f9 49 8b
0x00007ffa664ff9ba:   48 18 48 8b c7 48 f7 d0 48 3b c1 73 16 4c 8d 05
0x00007ffa664ff9ca:   6a 58 17 00 48 8b d7 48 8b cb e8 77 cc 90 ff 48
0x00007ffa664ff9da:   8b 4b 18 48 8d 04 39 48 3b 43 20 76 18 45 33 c0
0x00007ffa664ff9ea:   48 8b d7 48 8b cb 48 8b 5c 24 30 48 83 c4 20 5f
0x00007ffa664ff9fa:   e9 d1 c8 90 ff 48 89 43 18 48 8b c1 48 8b 5c 24
0x00007ffa664ffa0a:   30 48 83 c4 20 5f c3 cc cc cc cc cc cc cc cc cc
0x00007ffa664ffa1a:   cc cc cc cc cc cc 4c 8b d2 4c 8b d9 45 85 c0 7e
0x00007ffa664ffa2a:   3c 44 0f b7 49 04 41 8d 40 ff 41 3b c1 44 0f 4c
0x00007ffa664ffa3a:   c8 4d 63 c1 45 85 c9 7e 1f 48 8b c2 4c 2b da 49
0x00007ffa664ffa4a:   8b d0 0f 1f 40 00 41 0f b6 4c 03 06 88 08 48 8d
0x00007ffa664ffa5a:   40 01 48 83 ea 01 75 ee 43 c6 04 10 00 49 8b c2
0x00007ffa664ffa6a:   c3 cc cc cc cc cc 48 89 5c 24 08 57 48 83 ec 20
0x00007ffa664ffa7a:   0f b7 59 04 48 8b f9 33 d2 48 8d 4b 01 e8 c4 d9
0x00007ffa664ffa8a:   f2 ff 0f b7 57 04 4c 8b c0 3b da 0f 42 d3 44 8b
0x00007ffa664ffa9a:   ca 85 d2 74 39 48 2b f8 0f 1f 40 00 66 66 0f 1f
0x00007ffa664ffaaa:   84 00 00 00 00 00 0f b6 4c 07 06 88 08 48 ff c0
0x00007ffa664ffaba:   48 8b c8 49 2b c8 49 3b c9 7c eb 42 c6 04 02 00
0x00007ffa664ffaca:   49 8b c0 48 8b 5c 24 30 48 83 c4 20 5f c3 48 8b
0x00007ffa664ffada:   5c 24 30 c6 04 02 00 48 83 c4 20 5f c3 cc cc cc
0x00007ffa664ffaea:   cc cc cc cc cc cc 4c 8b d1 45 85 c0 7e 6c 44 0f
0x00007ffa664ffafa:   b7 49 04 41 8d 40 ff 41 3b c1 44 0f 4c c8 4d 63
0x00007ffa664ffb0a:   d9 45 85 c9 7e 22 48 8b ca 4c 2b d2 4d 8b c3 0f
0x00007ffa664ffb1a:   1f 80 00 00 00 00 41 0f b6 44 0a 06 88 01 48 8d
0x00007ffa664ffb2a:   49 01 49 83 e8 01 75 ee 41 c6 04 13 00 48 c7 c0
0x00007ffa664ffb3a:   ff ff ff ff 66 90 48 ff c0 80 3c 02 00 75 f7 48
0x00007ffa664ffb4a:   63 c8 85 c0 48 8b c2 7e 14 80 38 2f 75 03 c6 00
0x00007ffa664ffb5a:   2e 48 ff c0 48 83 e9 01 75 ef 48 8b c2 c3 cc cc
0x00007ffa664ffb6a:   cc cc cc cc cc cc 48 83 ec 28 e8 f7 fe ff ff 4c 


Stack slot to memory mapping:
stack at sp + 0 slots: 0x0000000000000043 is an unknown value
stack at sp + 1 slots: 0x0000000800418828 is a pointer to class: 
br.com.ultraworks.erp.api.relacionamento.mapper.ParceiroLocalMapper {0x0000000800418830}
 - instance size:     7
 - klass size:        87
 - access:            public synchronized 
 - state:             fully_initialized
 - name:              'br/com/ultraworks/erp/api/relacionamento/mapper/ParceiroLocalMapper'
 - super:             'br/com/ultraworks/erp/core/mapper/GenericMapper'
 - sub:               
 - arrays:            NULL
 - methods:           Array<T>(0x0000020a25012248)
 - method ordering:   Array<T>(0x0000020a25012a30)
 - default_methods:   Array<T>(0x0000000000000000)
 - local interfaces:  Array<T>(0x0000020a1c000058)
 - trans. interfaces: Array<T>(0x0000020a1fd354e0)
 - constants:         constant pool [277]/operands[21] {0x0000020a245a0008} for 'br/com/ultraworks/erp/api/relacionamento/mapper/ParceiroLocalMapper' cache=0x0000020a245a0998
 - class loader data:  loader data: 0x0000020a1dfa0830 for instance a 'org/springframework/boot/devtools/restart/classloader/RestartClassLoader'{0x0000000705203098}
 - source file:       'ParceiroLocalMapper.java'
 - source debug extension:       SMAP
ParceiroLocalMapper.java
Java
*S jdt
*F
1 ParceiroLocalMapper.java
2 file:/C:/Pessoal/projetos/uw/uworks_erp/target/classes/
*L
*E

 - class annotations:       Array<T>(0x0000020a250129e8)
 - class type annotations:  Array<T>(0x0000000000000000)
 - field annotations:       Array<T>(0x0000000000000000)
 - field type annotations:  Array<T>(0x0000000000000000)
 - previous version:  constant pool [273]/operands[21] {0x0000020a1fd49238} for 'br/com/ultraworks/erp/api/relacionamento/mapper/ParceiroLocalMapper' (extra) cache=0x0000020a246b10a0
 - generic signature: '
[error occurred during error reporting (inspecting top of stack), id 0xc0000005, EXCEPTION_ACCESS_VIOLATION (0xc0000005) at pc=0x00007ffa66500686]


---------------  P R O C E S S  ---------------

Threads class SMR info:
_java_thread_list=0x0000020a236fe9d0, length=40, elements={
0x0000020a1b33e020, 0x0000020a1b33e9e0, 0x0000020a1bb61c90, 0x0000020a1bb62550,
0x0000020a1bb73ac0, 0x0000020a1bb74380, 0x0000020a1bb7b410, 0x0000020a1bb8add0,
0x0000020a1bbb6650, 0x0000020a1bd97480, 0x0000020a1bd9c490, 0x0000020a1bda09a0,
0x0000020a1cf3dba0, 0x0000020a1d15eb60, 0x0000020a1d184d90, 0x0000020a1d1cdd70,
0x0000020a1d24ea20, 0x0000020a1bda5520, 0x0000020a1d24d020, 0x0000020a1e045120,
0x0000020a20cadd80, 0x0000020a20cb0400, 0x0000020a20cabbd0, 0x0000020a20cab700,
0x0000020a20cae250, 0x0000020a20cad3e0, 0x0000020a20ca9080, 0x0000020a20cac0a0,
0x0000020a20cad8b0, 0x0000020a20caa890, 0x0000020a20cae720, 0x0000020a20ca9550,
0x0000020a20ca9ef0, 0x0000020a20cac570, 0x0000020a20caca40, 0x0000020a20caa3c0,
0x0000020a20caad60, 0x0000020a20caf0c0, 0x0000020a20ca9a20, 0x0000020a1e0455f0
}

Java Threads: ( => current thread )
  0x0000020a1b33e020 JavaThread "Reference Handler" daemon [_thread_blocked, id=18476, stack(0x000000dd74e00000,0x000000dd74f00000)]
  0x0000020a1b33e9e0 JavaThread "Finalizer" daemon [_thread_blocked, id=10032, stack(0x000000dd74f00000,0x000000dd75000000)]
  0x0000020a1bb61c90 JavaThread "Signal Dispatcher" daemon [_thread_blocked, id=3456, stack(0x000000dd75000000,0x000000dd75100000)]
  0x0000020a1bb62550 JavaThread "Attach Listener" daemon [_thread_blocked, id=28612, stack(0x000000dd75100000,0x000000dd75200000)]
  0x0000020a1bb73ac0 JavaThread "Service Thread" daemon [_thread_blocked, id=11676, stack(0x000000dd75200000,0x000000dd75300000)]
  0x0000020a1bb74380 JavaThread "Monitor Deflation Thread" daemon [_thread_blocked, id=21448, stack(0x000000dd75300000,0x000000dd75400000)]
  0x0000020a1bb7b410 JavaThread "C1 CompilerThread0" daemon [_thread_blocked, id=25844, stack(0x000000dd75400000,0x000000dd75500000)]
  0x0000020a1bb8add0 JavaThread "Sweeper thread" daemon [_thread_blocked, id=22344, stack(0x000000dd75500000,0x000000dd75600000)]
  0x0000020a1bbb6650 JavaThread "Common-Cleaner" daemon [_thread_blocked, id=11176, stack(0x000000dd75600000,0x000000dd75700000)]
=>0x0000020a1bd97480 JavaThread "JDWP Transport Listener: dt_socket" daemon [_thread_in_vm, id=26120, stack(0x000000dd75a00000,0x000000dd75b00000)]
  0x0000020a1bd9c490 JavaThread "JDWP Event Helper Thread" daemon [_thread_blocked, id=28064, stack(0x000000dd75b00000,0x000000dd75c00000)]
  0x0000020a1bda09a0 JavaThread "JDWP Command Reader" daemon [_thread_in_native, id=6820, stack(0x000000dd75c00000,0x000000dd75d00000)]
  0x0000020a1cf3dba0 JavaThread "Notification Thread" daemon [_thread_blocked, id=21776, stack(0x000000dd75800000,0x000000dd75900000)]
  0x0000020a1d15eb60 JavaThread "RMI TCP Accept-0" daemon [_thread_in_native, id=28000, stack(0x000000dd75900000,0x000000dd75a00000)]
  0x0000020a1d184d90 JavaThread "RMI TCP Accept-59807" daemon [_thread_in_native, id=4824, stack(0x000000dd75d00000,0x000000dd75e00000)]
  0x0000020a1d1cdd70 JavaThread "RMI Scheduler(0)" daemon [_thread_blocked, id=944, stack(0x000000dd75f00000,0x000000dd76000000)]
  0x0000020a1d24ea20 JavaThread "RMI TCP Connection(idle)" daemon [_thread_blocked, id=17496, stack(0x000000dd76000000,0x000000dd76100000)]
  0x0000020a1bda5520 JavaThread "JMX server connection timeout 24" daemon [_thread_blocked, id=25648, stack(0x000000dd76800000,0x000000dd76900000)]
  0x0000020a1d24d020 JavaThread "RMI TCP Accept-0" daemon [_thread_in_native, id=2192, stack(0x000000dd76900000,0x000000dd76a00000)]
  0x0000020a1e045120 JavaThread "PostgreSQL-JDBC-Cleaner" daemon [_thread_blocked, id=26300, stack(0x000000dd77000000,0x000000dd77100000)]
  0x0000020a20cadd80 JavaThread "masterDataSource housekeeper" daemon [_thread_blocked, id=21080, stack(0x000000dd77100000,0x000000dd77200000)]
  0x0000020a20cb0400 JavaThread "Catalina-utility-1" [_thread_blocked, id=11944, stack(0x000000dd77200000,0x000000dd77300000)]
  0x0000020a20cabbd0 JavaThread "Catalina-utility-2" [_thread_blocked, id=28020, stack(0x000000dd77300000,0x000000dd77400000)]
  0x0000020a20cab700 JavaThread "container-0" [_thread_blocked, id=6164, stack(0x000000dd77400000,0x000000dd77500000)]
  0x0000020a20cae250 JavaThread "File Watcher" daemon [_thread_blocked, id=24096, stack(0x000000dd77500000,0x000000dd77600000)]
  0x0000020a20cad3e0 JavaThread "Live Reload Server" daemon [_thread_in_native, id=25664, stack(0x000000dd77700000,0x000000dd77800000)]
  0x0000020a20ca9080 JavaThread "http-nio-3333-exec-1" daemon [_thread_blocked, id=26176, stack(0x000000dd77600000,0x000000dd77700000)]
  0x0000020a20cac0a0 JavaThread "http-nio-3333-exec-2" daemon [_thread_blocked, id=20576, stack(0x000000dd77800000,0x000000dd77900000)]
  0x0000020a20cad8b0 JavaThread "http-nio-3333-exec-3" daemon [_thread_blocked, id=27328, stack(0x000000dd77900000,0x000000dd77a00000)]
  0x0000020a20caa890 JavaThread "http-nio-3333-exec-4" daemon [_thread_blocked, id=28120, stack(0x000000dd77a00000,0x000000dd77b00000)]
  0x0000020a20cae720 JavaThread "http-nio-3333-exec-5" daemon [_thread_blocked, id=17808, stack(0x000000dd77b00000,0x000000dd77c00000)]
  0x0000020a20ca9550 JavaThread "http-nio-3333-exec-6" daemon [_thread_blocked, id=13844, stack(0x000000dd77c00000,0x000000dd77d00000)]
  0x0000020a20ca9ef0 JavaThread "http-nio-3333-exec-7" daemon [_thread_blocked, id=13916, stack(0x000000dd77d00000,0x000000dd77e00000)]
  0x0000020a20cac570 JavaThread "http-nio-3333-exec-8" daemon [_thread_blocked, id=11748, stack(0x000000dd77e00000,0x000000dd77f00000)]
  0x0000020a20caca40 JavaThread "http-nio-3333-exec-9" daemon [_thread_blocked, id=22092, stack(0x000000dd77f00000,0x000000dd78000000)]
  0x0000020a20caa3c0 JavaThread "http-nio-3333-exec-10" daemon [_thread_blocked, id=8660, stack(0x000000dd78000000,0x000000dd78100000)]
  0x0000020a20caad60 JavaThread "http-nio-3333-Poller" daemon [_thread_in_native, id=3356, stack(0x000000dd78100000,0x000000dd78200000)]
  0x0000020a20caf0c0 JavaThread "http-nio-3333-Acceptor" daemon [_thread_in_native, id=25424, stack(0x000000dd78200000,0x000000dd78300000)]
  0x0000020a20ca9a20 JavaThread "ultraDataSource housekeeper" daemon [_thread_blocked, id=25268, stack(0x000000dd78400000,0x000000dd78500000)]
  0x0000020a1e0455f0 JavaThread "DestroyJavaVM" [_thread_blocked, id=22672, stack(0x000000dd74700000,0x000000dd74800000)]

Other Threads:
  0x0000020a1b3199f0 VMThread "VM Thread" [stack: 0x000000dd74d00000,0x000000dd74e00000] [id=26628]
  0x0000020a1b14e940 WatcherThread [stack: 0x000000dd76a00000,0x000000dd76b00000] [id=26828]
  0x0000020a09323110 GCTaskThread "GC Thread#0" [stack: 0x000000dd74800000,0x000000dd74900000] [id=28128]
  0x0000020a1d166f10 GCTaskThread "GC Thread#1" [stack: 0x000000dd76100000,0x000000dd76200000] [id=10700]
  0x0000020a1d1671c0 GCTaskThread "GC Thread#2" [stack: 0x000000dd76200000,0x000000dd76300000] [id=21036]
  0x0000020a1d169b40 GCTaskThread "GC Thread#3" [stack: 0x000000dd76300000,0x000000dd76400000] [id=7992]
  0x0000020a1d169df0 GCTaskThread "GC Thread#4" [stack: 0x000000dd76400000,0x000000dd76500000] [id=21848]
  0x0000020a1d16a0a0 GCTaskThread "GC Thread#5" [stack: 0x000000dd76500000,0x000000dd76600000] [id=10164]
  0x0000020a1d153080 GCTaskThread "GC Thread#6" [stack: 0x000000dd76600000,0x000000dd76700000] [id=18332]
  0x0000020a1d1cd860 GCTaskThread "GC Thread#7" [stack: 0x000000dd76700000,0x000000dd76800000] [id=15012]
  0x0000020a09334150 ConcurrentGCThread "G1 Main Marker" [stack: 0x000000dd74900000,0x000000dd74a00000] [id=9668]
  0x0000020a09334e40 ConcurrentGCThread "G1 Conc#0" [stack: 0x000000dd74a00000,0x000000dd74b00000] [id=26584]
  0x0000020a1e099ca0 ConcurrentGCThread "G1 Conc#1" [stack: 0x000000dd76d00000,0x000000dd76e00000] [id=27356]
  0x0000020a1b213780 ConcurrentGCThread "G1 Refine#0" [stack: 0x000000dd74b00000,0x000000dd74c00000] [id=21032]
  0x0000020a1b213f50 ConcurrentGCThread "G1 Service" [stack: 0x000000dd74c00000,0x000000dd74d00000] [id=18124]

Threads with active compile tasks:

VM state: not at safepoint (normal execution)

VM Mutex/Monitor currently owned by a thread: None

Heap address: 0x0000000704a00000, size: 4022 MB, Compressed Oops mode: Zero based, Oop shift amount: 3

CDS archive(s) not mapped
Compressed class space mapped at: 0x0000000800000000-0x0000000840000000, reserved size: 1073741824
Narrow klass base: 0x0000000800000000, Narrow klass shift: 0, Narrow klass range: 0x40000000

GC Precious Log:
 CPUs: 8 total, 8 available
 Memory: 16087M
 Large Page Support: Disabled
 NUMA Support: Disabled
 Compressed Oops: Enabled (Zero based)
 Heap Region Size: 2M
 Heap Min Capacity: 8M
 Heap Initial Capacity: 252M
 Heap Max Capacity: 4022M
 Pre-touch: Disabled
 Parallel Workers: 8
 Concurrent Workers: 2
 Concurrent Refinement Workers: 8
 Periodic GC: Disabled

Heap:
 garbage-first heap   total 110592K, used 67190K [0x0000000704a00000, 0x0000000800000000)
  region size 2048K, 12 young (24576K), 1 survivors (2048K)
 Metaspace       used 93580K, committed 94784K, reserved 1138688K
  class space    used 12928K, committed 13376K, reserved 1048576K

Heap Regions: E=young(eden), S=young(survivor), O=old, HS=humongous(starts), HC=humongous(continues), CS=collection set, F=free, OA=open archive, CA=closed archive, TAMS=top-at-mark-start (previous, next)
|   0|0x0000000704a00000, 0x0000000704c00000, 0x0000000704c00000|100%| O|  |TAMS 0x0000000704c00000, 0x0000000704a00000| Untracked 
|   1|0x0000000704c00000, 0x0000000704e00000, 0x0000000704e00000|100%| O|  |TAMS 0x0000000704e00000, 0x0000000704c00000| Untracked 
|   2|0x0000000704e00000, 0x0000000705000000, 0x0000000705000000|100%| O|  |TAMS 0x0000000705000000, 0x0000000704e00000| Untracked 
|   3|0x0000000705000000, 0x0000000705200000, 0x0000000705200000|100%| O|  |TAMS 0x0000000705200000, 0x0000000705000000| Untracked 
|   4|0x0000000705200000, 0x0000000705400000, 0x0000000705400000|100%| O|  |TAMS 0x0000000705400000, 0x0000000705200000| Untracked 
|   5|0x0000000705400000, 0x0000000705600000, 0x0000000705600000|100%| O|  |TAMS 0x0000000705600000, 0x0000000705400000| Untracked 
|   6|0x0000000705600000, 0x0000000705600000, 0x0000000705800000|  0%| F|  |TAMS 0x0000000705600000, 0x0000000705600000| Untracked 
|   7|0x0000000705800000, 0x0000000705800000, 0x0000000705a00000|  0%| F|  |TAMS 0x0000000705800000, 0x0000000705800000| Untracked 
|   8|0x0000000705a00000, 0x0000000705a00000, 0x0000000705c00000|  0%| F|  |TAMS 0x0000000705a00000, 0x0000000705a00000| Untracked 
|   9|0x0000000705c00000, 0x0000000705e00000, 0x0000000705e00000|100%| O|  |TAMS 0x0000000705e00000, 0x0000000705c00000| Untracked 
|  10|0x0000000705e00000, 0x0000000705e00000, 0x0000000706000000|  0%| F|  |TAMS 0x0000000705e00000, 0x0000000705e00000| Untracked 
|  11|0x0000000706000000, 0x0000000706000000, 0x0000000706200000|  0%| F|  |TAMS 0x0000000706000000, 0x0000000706000000| Untracked 
|  12|0x0000000706200000, 0x0000000706400000, 0x0000000706400000|100%| O|  |TAMS 0x0000000706400000, 0x0000000706200000| Untracked 
|  13|0x0000000706400000, 0x0000000706600000, 0x0000000706600000|100%| O|  |TAMS 0x0000000706600000, 0x0000000706400000| Untracked 
|  14|0x0000000706600000, 0x0000000706800000, 0x0000000706800000|100%| O|  |TAMS 0x0000000706800000, 0x0000000706600000| Untracked 
|  15|0x0000000706800000, 0x0000000706a00000, 0x0000000706a00000|100%| O|  |TAMS 0x0000000706a00000, 0x0000000706800000| Untracked 
|  16|0x0000000706a00000, 0x0000000706c00000, 0x0000000706c00000|100%| O|  |TAMS 0x0000000706c00000, 0x0000000706a00000| Untracked 
|  17|0x0000000706c00000, 0x0000000706e00000, 0x0000000706e00000|100%| O|  |TAMS 0x0000000706e00000, 0x0000000706c00000| Untracked 
|  18|0x0000000706e00000, 0x0000000707000000, 0x0000000707000000|100%| O|  |TAMS 0x0000000707000000, 0x0000000706e00000| Untracked 
|  19|0x0000000707000000, 0x0000000707200000, 0x0000000707200000|100%| O|  |TAMS 0x0000000707200000, 0x0000000707000000| Untracked 
|  20|0x0000000707200000, 0x0000000707400000, 0x0000000707400000|100%| O|  |TAMS 0x0000000707400000, 0x0000000707200000| Untracked 
|  21|0x0000000707400000, 0x0000000707600000, 0x0000000707600000|100%| O|  |TAMS 0x0000000707600000, 0x0000000707400000| Untracked 
|  22|0x0000000707600000, 0x0000000707800000, 0x0000000707800000|100%| O|  |TAMS 0x0000000707800000, 0x0000000707600000| Untracked 
|  23|0x0000000707800000, 0x0000000707800000, 0x0000000707a00000|  0%| F|  |TAMS 0x0000000707800000, 0x0000000707800000| Untracked 
|  24|0x0000000707a00000, 0x0000000707c00000, 0x0000000707c00000|100%| O|  |TAMS 0x0000000707b37200, 0x0000000707a00000| Untracked 
|  25|0x0000000707c00000, 0x0000000707e00000, 0x0000000707e00000|100%| O|  |TAMS 0x0000000707c00000, 0x0000000707c00000| Untracked 
|  26|0x0000000707e00000, 0x0000000708000000, 0x0000000708000000|100%| O|  |TAMS 0x0000000707e00000, 0x0000000707e00000| Untracked 
|  27|0x0000000708000000, 0x0000000708200000, 0x0000000708200000|100%| O|  |TAMS 0x0000000708000000, 0x0000000708000000| Untracked 
|  28|0x0000000708200000, 0x00000007082dee00, 0x0000000708400000| 43%| O|  |TAMS 0x0000000708200000, 0x0000000708200000| Untracked 
|  29|0x0000000708400000, 0x0000000708400000, 0x0000000708600000|  0%| F|  |TAMS 0x0000000708400000, 0x0000000708400000| Untracked 
|  30|0x0000000708600000, 0x0000000708600000, 0x0000000708800000|  0%| F|  |TAMS 0x0000000708600000, 0x0000000708600000| Untracked 
|  31|0x0000000708800000, 0x0000000708800000, 0x0000000708a00000|  0%| F|  |TAMS 0x0000000708800000, 0x0000000708800000| Untracked 
|  32|0x0000000708a00000, 0x0000000708a00000, 0x0000000708c00000|  0%| F|  |TAMS 0x0000000708a00000, 0x0000000708a00000| Untracked 
|  33|0x0000000708c00000, 0x0000000708c00000, 0x0000000708e00000|  0%| F|  |TAMS 0x0000000708c00000, 0x0000000708c00000| Untracked 
|  34|0x0000000708e00000, 0x0000000708e00000, 0x0000000709000000|  0%| F|  |TAMS 0x0000000708e00000, 0x0000000708e00000| Untracked 
|  35|0x0000000709000000, 0x0000000709000000, 0x0000000709200000|  0%| F|  |TAMS 0x0000000709000000, 0x0000000709000000| Untracked 
|  36|0x0000000709200000, 0x0000000709200000, 0x0000000709400000|  0%| F|  |TAMS 0x0000000709200000, 0x0000000709200000| Untracked 
|  37|0x0000000709400000, 0x0000000709400000, 0x0000000709600000|  0%| F|  |TAMS 0x0000000709400000, 0x0000000709400000| Untracked 
|  38|0x0000000709600000, 0x0000000709600000, 0x0000000709800000|  0%| F|  |TAMS 0x0000000709600000, 0x0000000709600000| Untracked 
|  39|0x0000000709800000, 0x0000000709800000, 0x0000000709a00000|  0%| F|  |TAMS 0x0000000709800000, 0x0000000709800000| Untracked 
|  40|0x0000000709a00000, 0x0000000709a00000, 0x0000000709c00000|  0%| F|  |TAMS 0x0000000709a00000, 0x0000000709a00000| Untracked 
|  41|0x0000000709c00000, 0x0000000709c00000, 0x0000000709e00000|  0%| F|  |TAMS 0x0000000709c00000, 0x0000000709c00000| Untracked 
|  42|0x0000000709e00000, 0x0000000709f2ba80, 0x000000070a000000| 58%| E|  |TAMS 0x0000000709e00000, 0x0000000709e00000| Complete 
|  43|0x000000070a000000, 0x000000070a200000, 0x000000070a200000|100%| E|CS|TAMS 0x000000070a000000, 0x000000070a000000| Complete 
|  44|0x000000070a200000, 0x000000070a400000, 0x000000070a400000|100%| E|CS|TAMS 0x000000070a200000, 0x000000070a200000| Complete 
|  45|0x000000070a400000, 0x000000070a600000, 0x000000070a600000|100%| E|CS|TAMS 0x000000070a400000, 0x000000070a400000| Complete 
|  46|0x000000070a600000, 0x000000070a800000, 0x000000070a800000|100%| E|CS|TAMS 0x000000070a600000, 0x000000070a600000| Complete 
|  47|0x000000070a800000, 0x000000070aa00000, 0x000000070aa00000|100%| E|CS|TAMS 0x000000070a800000, 0x000000070a800000| Complete 
|  48|0x000000070aa00000, 0x000000070ac00000, 0x000000070ac00000|100%| E|CS|TAMS 0x000000070aa00000, 0x000000070aa00000| Complete 
|  49|0x000000070ac00000, 0x000000070ae00000, 0x000000070ae00000|100%| E|CS|TAMS 0x000000070ac00000, 0x000000070ac00000| Complete 
|  50|0x000000070ae00000, 0x000000070b000000, 0x000000070b000000|100%| E|CS|TAMS 0x000000070ae00000, 0x000000070ae00000| Complete 
|  64|0x000000070ca00000, 0x000000070cc00000, 0x000000070cc00000|100%| E|CS|TAMS 0x000000070ca00000, 0x000000070ca00000| Complete 
|  65|0x000000070cc00000, 0x000000070ccbed50, 0x000000070ce00000| 37%| S|CS|TAMS 0x000000070cc00000, 0x000000070cc00000| Complete 
| 125|0x0000000714400000, 0x0000000714600000, 0x0000000714600000|100%| E|CS|TAMS 0x0000000714400000, 0x0000000714400000| Complete 

Card table byte_map: [0x0000020a10220000,0x0000020a10a00000] _byte_map_base: 0x0000020a0c9fb000

Marking Bits (Prev, Next): (CMBitMap*) 0x0000020a09323530, (CMBitMap*) 0x0000020a09323570
 Prev Bits: [0x0000020a111e0000, 0x0000020a150b8000)
 Next Bits: [0x0000020a150c0000, 0x0000020a18f98000)

Polling page: 0x0000020a08a40000

Metaspace:

Usage:
  Non-class:     78.76 MB used.
      Class:     12.63 MB used.
       Both:     91.39 MB used.

Virtual space:
  Non-class space:       88.00 MB reserved,      79.50 MB ( 90%) committed,  11 nodes.
      Class space:        1.00 GB reserved,      13.06 MB (  1%) committed,  1 nodes.
             Both:        1.09 GB reserved,      92.56 MB (  8%) committed. 

Chunk freelists:
   Non-Class:  4.26 MB
       Class:  3.09 MB
        Both:  7.35 MB

MaxMetaspaceSize: unlimited
CompressedClassSpaceSize: 1.00 GB
Initial GC threshold: 21.00 MB
Current GC threshold: 154.31 MB
CDS: off
MetaspaceReclaimPolicy: balanced
 - commit_granule_bytes: 65536.
 - commit_granule_words: 8192.
 - virtual_space_node_default_size: 1048576.
 - enlarge_chunks_in_place: 1.
 - new_chunks_are_fully_committed: 0.
 - uncommit_free_chunks: 1.
 - use_allocation_guard: 0.
 - handle_deallocations: 1.


Internal statistics:

num_allocs_failed_limit: 12.
num_arena_births: 1118.
num_arena_deaths: 384.
num_vsnodes_births: 12.
num_vsnodes_deaths: 0.
num_space_committed: 1481.
num_space_uncommitted: 0.
num_chunks_returned_to_freelist: 480.
num_chunks_taken_from_freelist: 4349.
num_chunk_merges: 154.
num_chunk_splits: 3055.
num_chunks_enlarged: 2281.
num_purges: 6.
num_inconsistent_stats: 0.

CodeCache: size=49152Kb used=19731Kb max_used=20860Kb free=29420Kb
 bounds [0x0000020a0c930000, 0x0000020a0dd90000, 0x0000020a0f930000]
 total_blobs=11780 nmethods=11056 adapters=650
 compilation: enabled
              stopped_count=0, restarted_count=0
 full_count=0

Compilation events (20 events):
Event: 308.566 Thread 0x0000020a1bb7b410 11203       1       java.util.Date::<init> (8 bytes)
Event: 308.566 Thread 0x0000020a1bb7b410 nmethod 11203 0x0000020a0cb80f10 code [0x0000020a0cb810a0, 0x0000020a0cb81178]
Event: 310.280 Thread 0x0000020a1bb7b410 11204       1       sun.rmi.runtime.Log$LoggerLog::log (45 bytes)
Event: 310.281 Thread 0x0000020a1bb7b410 nmethod 11204 0x0000020a0cb7fe90 code [0x0000020a0cb800e0, 0x0000020a0cb80848]
Event: 310.283 Thread 0x0000020a1bb7b410 11205       1       java.io.ObjectStreamClass$FieldReflectorKey::hashCode (5 bytes)
Event: 310.283 Thread 0x0000020a1bb7b410 nmethod 11205 0x0000020a0cb7fb90 code [0x0000020a0cb7fd20, 0x0000020a0cb7fdf8]
Event: 310.283 Thread 0x0000020a1bb7b410 11206       1       java.lang.ClassValue$Entry::assertNotPromise (22 bytes)
Event: 310.283 Thread 0x0000020a1bb7b410 nmethod 11206 0x0000020a0cb7f890 code [0x0000020a0cb7fa20, 0x0000020a0cb7fad8]
Event: 310.284 Thread 0x0000020a1bb7b410 11207       1       java.io.ObjectStreamField::getField (5 bytes)
Event: 310.284 Thread 0x0000020a1bb7b410 nmethod 11207 0x0000020a0cb7f590 code [0x0000020a0cb7f720, 0x0000020a0cb7f7f8]
Event: 347.969 Thread 0x0000020a1bb7b410 11208       1       org.springframework.boot.devtools.filewatch.DirectorySnapshot::<init> (70 bytes)
Event: 347.970 Thread 0x0000020a1bb7b410 nmethod 11208 0x0000020a0cb7e310 code [0x0000020a0cb7e5a0, 0x0000020a0cb7efa8]
Event: 347.970 Thread 0x0000020a1bb7b410 11209       1       org.springframework.boot.devtools.filewatch.DirectorySnapshot$$Lambda$1758/0x0000000800c3c910::<init> (10 bytes)
Event: 347.970 Thread 0x0000020a1bb7b410 nmethod 11209 0x0000020a0cb7e010 code [0x0000020a0cb7e1a0, 0x0000020a0cb7e2b8]
Event: 348.486 Thread 0x0000020a1bb7b410 11210       1       org.springframework.boot.devtools.filewatch.FileSystemWatcher$Watcher::scan (63 bytes)
Event: 348.486 Thread 0x0000020a1bb7b410 nmethod 11210 0x0000020a0cb7da90 code [0x0000020a0cb7dc80, 0x0000020a0cb7de88]
Event: 349.092 Thread 0x0000020a1bb7b410 11211       1       org.springframework.boot.devtools.filewatch.FileSystemWatcher$Watcher::getCurrentSnapshots (63 bytes)
Event: 349.092 Thread 0x0000020a1bb7b410 nmethod 11211 0x0000020a0cb7d190 code [0x0000020a0cb7d3a0, 0x0000020a0cb7d778]
Event: 370.323 Thread 0x0000020a1bb7b410 11212       1       java.lang.ClassValue$Entry::isPromise (14 bytes)
Event: 370.323 Thread 0x0000020a1bb7b410 nmethod 11212 0x0000020a0cb7ce90 code [0x0000020a0cb7d020, 0x0000020a0cb7d0f8]

GC Heap History (20 events):
Event: 46.550 GC heap before
{Heap before GC invocations=51 (full 0):
 garbage-first heap   total 110592K, used 91398K [0x0000000704a00000, 0x0000000800000000)
  region size 2048K, 25 young (51200K), 2 survivors (4096K)
 Metaspace       used 84830K, committed 85504K, reserved 1122304K
  class space    used 11645K, committed 11968K, reserved 1048576K
}
Event: 46.555 GC heap after
{Heap after GC invocations=52 (full 0):
 garbage-first heap   total 110592K, used 45147K [0x0000000704a00000, 0x0000000800000000)
  region size 2048K, 3 young (6144K), 3 survivors (6144K)
 Metaspace       used 84830K, committed 85504K, reserved 1122304K
  class space    used 11645K, committed 11968K, reserved 1048576K
}
Event: 47.173 GC heap before
{Heap before GC invocations=52 (full 0):
 garbage-first heap   total 110592K, used 88155K [0x0000000704a00000, 0x0000000800000000)
  region size 2048K, 24 young (49152K), 3 survivors (6144K)
 Metaspace       used 85692K, committed 86272K, reserved 1130496K
  class space    used 11758K, committed 12032K, reserved 1048576K
}
Event: 47.180 GC heap after
{Heap after GC invocations=53 (full 0):
 garbage-first heap   total 110592K, used 46363K [0x0000000704a00000, 0x0000000800000000)
  region size 2048K, 3 young (6144K), 3 survivors (6144K)
 Metaspace       used 85692K, committed 86272K, reserved 1130496K
  class space    used 11758K, committed 12032K, reserved 1048576K
}
Event: 47.872 GC heap before
{Heap before GC invocations=53 (full 0):
 garbage-first heap   total 110592K, used 87323K [0x0000000704a00000, 0x0000000800000000)
  region size 2048K, 23 young (47104K), 3 survivors (6144K)
 Metaspace       used 87607K, committed 88256K, reserved 1130496K
  class space    used 12068K, committed 12352K, reserved 1048576K
}
Event: 47.878 GC heap after
{Heap after GC invocations=54 (full 0):
 garbage-first heap   total 110592K, used 47899K [0x0000000704a00000, 0x0000000800000000)
  region size 2048K, 3 young (6144K), 3 survivors (6144K)
 Metaspace       used 87607K, committed 88256K, reserved 1130496K
  class space    used 12068K, committed 12352K, reserved 1048576K
}
Event: 49.232 GC heap before
{Heap before GC invocations=54 (full 0):
 garbage-first heap   total 110592K, used 86811K [0x0000000704a00000, 0x0000000800000000)
  region size 2048K, 23 young (47104K), 3 survivors (6144K)
 Metaspace       used 90245K, committed 90944K, reserved 1130496K
  class space    used 12446K, committed 12800K, reserved 1048576K
}
Event: 49.241 GC heap after
{Heap after GC invocations=55 (full 0):
 garbage-first heap   total 110592K, used 49702K [0x0000000704a00000, 0x0000000800000000)
  region size 2048K, 3 young (6144K), 3 survivors (6144K)
 Metaspace       used 90245K, committed 90944K, reserved 1130496K
  class space    used 12446K, committed 12800K, reserved 1048576K
}
Event: 109.578 GC heap before
{Heap before GC invocations=55 (full 0):
 garbage-first heap   total 110592K, used 88614K [0x0000000704a00000, 0x0000000800000000)
  region size 2048K, 22 young (45056K), 3 survivors (6144K)
 Metaspace       used 90301K, committed 90944K, reserved 1130496K
  class space    used 12457K, committed 12800K, reserved 1048576K
}
Event: 109.581 GC heap after
{Heap after GC invocations=56 (full 0):
 garbage-first heap   total 110592K, used 50247K [0x0000000704a00000, 0x0000000800000000)
  region size 2048K, 2 young (4096K), 2 survivors (4096K)
 Metaspace       used 90301K, committed 90944K, reserved 1130496K
  class space    used 12457K, committed 12800K, reserved 1048576K
}
Event: 131.948 GC heap before
{Heap before GC invocations=56 (full 0):
 garbage-first heap   total 110592K, used 89159K [0x0000000704a00000, 0x0000000800000000)
  region size 2048K, 22 young (45056K), 2 survivors (4096K)
 Metaspace       used 93280K, committed 93952K, reserved 1130496K
  class space    used 12904K, committed 13248K, reserved 1048576K
}
Event: 131.952 GC heap after
{Heap after GC invocations=57 (full 0):
 garbage-first heap   total 110592K, used 51295K [0x0000000704a00000, 0x0000000800000000)
  region size 2048K, 2 young (4096K), 2 survivors (4096K)
 Metaspace       used 93280K, committed 93952K, reserved 1130496K
  class space    used 12904K, committed 13248K, reserved 1048576K
}
Event: 187.436 GC heap before
{Heap before GC invocations=57 (full 0):
 garbage-first heap   total 110592K, used 92255K [0x0000000704a00000, 0x0000000800000000)
  region size 2048K, 22 young (45056K), 2 survivors (4096K)
 Metaspace       used 94010K, committed 94784K, reserved 1138688K
  class space    used 13018K, committed 13376K, reserved 1048576K
}
Event: 187.441 GC heap after
{Heap after GC invocations=58 (full 0):
 garbage-first heap   total 110592K, used 52217K [0x0000000704a00000, 0x0000000800000000)
  region size 2048K, 2 young (4096K), 2 survivors (4096K)
 Metaspace       used 94010K, committed 94784K, reserved 1138688K
  class space    used 13018K, committed 13376K, reserved 1048576K
}
Event: 264.367 GC heap before
{Heap before GC invocations=58 (full 0):
 garbage-first heap   total 110592K, used 91129K [0x0000000704a00000, 0x0000000800000000)
  region size 2048K, 21 young (43008K), 2 survivors (4096K)
 Metaspace       used 94013K, committed 94784K, reserved 1138688K
  class space    used 13019K, committed 13376K, reserved 1048576K
}
Event: 264.369 GC heap after
{Heap after GC invocations=59 (full 0):
 garbage-first heap   total 110592K, used 52121K [0x0000000704a00000, 0x0000000800000000)
  region size 2048K, 2 young (4096K), 2 survivors (4096K)
 Metaspace       used 94013K, committed 94784K, reserved 1138688K
  class space    used 13019K, committed 13376K, reserved 1048576K
}
Event: 341.223 GC heap before
{Heap before GC invocations=60 (full 0):
 garbage-first heap   total 110592K, used 91033K [0x0000000704a00000, 0x0000000800000000)
  region size 2048K, 21 young (43008K), 2 survivors (4096K)
 Metaspace       used 93561K, committed 94784K, reserved 1138688K
  class space    used 12926K, committed 13376K, reserved 1048576K
}
Event: 341.228 GC heap after
{Heap after GC invocations=61 (full 0):
 garbage-first heap   total 110592K, used 51641K [0x0000000704a00000, 0x0000000800000000)
  region size 2048K, 2 young (4096K), 2 survivors (4096K)
 Metaspace       used 93561K, committed 94784K, reserved 1138688K
  class space    used 12926K, committed 13376K, reserved 1048576K
}
Event: 345.112 GC heap before
{Heap before GC invocations=61 (full 0):
 garbage-first heap   total 110592K, used 53689K [0x0000000704a00000, 0x0000000800000000)
  region size 2048K, 3 young (6144K), 2 survivors (4096K)
 Metaspace       used 93561K, committed 94784K, reserved 1138688K
  class space    used 12926K, committed 13376K, reserved 1048576K
}
Event: 345.119 GC heap after
{Heap after GC invocations=62 (full 0):
 garbage-first heap   total 110592K, used 46710K [0x0000000704a00000, 0x0000000800000000)
  region size 2048K, 1 young (2048K), 1 survivors (2048K)
 Metaspace       used 93561K, committed 94784K, reserved 1138688K
  class space    used 12926K, committed 13376K, reserved 1048576K
}

Deoptimization events (20 events):
Event: 310.310 Thread 0x0000020a1d24ea20 DEOPT PACKING pc=0x0000020a0cf8908c sp=0x000000dd760fe2b0
Event: 310.310 Thread 0x0000020a1d24ea20 DEOPT UNPACKING pc=0x0000020a0c986763 sp=0x000000dd760fd818 mode 1
Event: 310.310 Thread 0x0000020a1d24ea20 DEOPT PACKING pc=0x0000020a0cf8908c sp=0x000000dd760fe2b0
Event: 310.310 Thread 0x0000020a1d24ea20 DEOPT UNPACKING pc=0x0000020a0c986763 sp=0x000000dd760fd818 mode 1
Event: 310.310 Thread 0x0000020a1d24ea20 DEOPT PACKING pc=0x0000020a0cf8908c sp=0x000000dd760fe2b0
Event: 310.310 Thread 0x0000020a1d24ea20 DEOPT UNPACKING pc=0x0000020a0c986763 sp=0x000000dd760fd818 mode 1
Event: 370.322 Thread 0x0000020a1d24ea20 DEOPT PACKING pc=0x0000020a0cf8908c sp=0x000000dd760fe2b0
Event: 370.322 Thread 0x0000020a1d24ea20 DEOPT UNPACKING pc=0x0000020a0c986763 sp=0x000000dd760fd818 mode 1
Event: 370.322 Thread 0x0000020a1d24ea20 DEOPT PACKING pc=0x0000020a0cf8908c sp=0x000000dd760fe2b0
Event: 370.322 Thread 0x0000020a1d24ea20 DEOPT UNPACKING pc=0x0000020a0c986763 sp=0x000000dd760fd818 mode 1
Event: 370.322 Thread 0x0000020a1d24ea20 DEOPT PACKING pc=0x0000020a0cf8908c sp=0x000000dd760fe2b0
Event: 370.322 Thread 0x0000020a1d24ea20 DEOPT UNPACKING pc=0x0000020a0c986763 sp=0x000000dd760fd818 mode 1
Event: 370.322 Thread 0x0000020a1d24ea20 DEOPT PACKING pc=0x0000020a0cf8908c sp=0x000000dd760fe2b0
Event: 370.323 Thread 0x0000020a1d24ea20 DEOPT UNPACKING pc=0x0000020a0c986763 sp=0x000000dd760fd818 mode 1
Event: 370.323 Thread 0x0000020a1d24ea20 DEOPT PACKING pc=0x0000020a0cf8908c sp=0x000000dd760fe2b0
Event: 370.323 Thread 0x0000020a1d24ea20 DEOPT UNPACKING pc=0x0000020a0c986763 sp=0x000000dd760fd818 mode 1
Event: 370.323 Thread 0x0000020a1d24ea20 DEOPT PACKING pc=0x0000020a0cf8908c sp=0x000000dd760fe2b0
Event: 370.323 Thread 0x0000020a1d24ea20 DEOPT UNPACKING pc=0x0000020a0c986763 sp=0x000000dd760fd818 mode 1
Event: 370.323 Thread 0x0000020a1d24ea20 DEOPT PACKING pc=0x0000020a0cf8908c sp=0x000000dd760fe2b0
Event: 370.323 Thread 0x0000020a1d24ea20 DEOPT UNPACKING pc=0x0000020a0c986763 sp=0x000000dd760fd818 mode 1

Classes unloaded (20 events):
Event: 264.411 Thread 0x0000020a1b3199f0 Unloading class 0x0000000800108c00 'java/lang/invoke/LambdaForm$MH+0x0000000800108c00'
Event: 264.411 Thread 0x0000020a1b3199f0 Unloading class 0x0000000800108800 'java/lang/invoke/LambdaForm$MH+0x0000000800108800'
Event: 264.411 Thread 0x0000020a1b3199f0 Unloading class 0x0000000800108400 'java/lang/invoke/LambdaForm$MH+0x0000000800108400'
Event: 264.411 Thread 0x0000020a1b3199f0 Unloading class 0x0000000800108000 'java/lang/invoke/LambdaForm$MH+0x0000000800108000'
Event: 264.411 Thread 0x0000020a1b3199f0 Unloading class 0x0000000800106800 'jdk/internal/reflect/GeneratedSerializationConstructorAccessor3'
Event: 264.411 Thread 0x0000020a1b3199f0 Unloading class 0x0000000800106400 'jdk/internal/reflect/GeneratedSerializationConstructorAccessor2'
Event: 264.411 Thread 0x0000020a1b3199f0 Unloading class 0x0000000800106000 'jdk/internal/reflect/GeneratedSerializationConstructorAccessor1'
Event: 264.411 Thread 0x0000020a1b3199f0 Unloading class 0x0000000800103800 'java/lang/invoke/LambdaForm$MH+0x0000000800103800'
Event: 264.411 Thread 0x0000020a1b3199f0 Unloading class 0x0000000800103400 'java/lang/invoke/LambdaForm$MH+0x0000000800103400'
Event: 264.411 Thread 0x0000020a1b3199f0 Unloading class 0x0000000800103000 'java/lang/invoke/LambdaForm$MH+0x0000000800103000'
Event: 264.411 Thread 0x0000020a1b3199f0 Unloading class 0x0000000800102c00 'java/lang/invoke/LambdaForm$MH+0x0000000800102c00'
Event: 264.411 Thread 0x0000020a1b3199f0 Unloading class 0x0000000800102800 'java/lang/invoke/LambdaForm$MH+0x0000000800102800'
Event: 264.411 Thread 0x0000020a1b3199f0 Unloading class 0x0000000800102400 'java/lang/invoke/LambdaForm$MH+0x0000000800102400'
Event: 264.411 Thread 0x0000020a1b3199f0 Unloading class 0x0000000800101400 'java/lang/invoke/LambdaForm$MH+0x0000000800101400'
Event: 264.411 Thread 0x0000020a1b3199f0 Unloading class 0x0000000800101000 'java/lang/invoke/LambdaForm$MH+0x0000000800101000'
Event: 264.411 Thread 0x0000020a1b3199f0 Unloading class 0x0000000800100800 'java/lang/invoke/LambdaForm$MH+0x0000000800100800'
Event: 264.411 Thread 0x0000020a1b3199f0 Unloading class 0x00000008000c3c00 'java/lang/invoke/LambdaForm$MH+0x00000008000c3c00'
Event: 264.411 Thread 0x0000020a1b3199f0 Unloading class 0x00000008000c3400 'java/lang/invoke/LambdaForm$MH+0x00000008000c3400'
Event: 264.411 Thread 0x0000020a1b3199f0 Unloading class 0x00000008000c2c00 'java/lang/invoke/LambdaForm$MH+0x00000008000c2c00'
Event: 264.411 Thread 0x0000020a1b3199f0 Unloading class 0x00000008000c2400 'java/lang/invoke/LambdaForm$MH+0x00000008000c2400'

Classes redefined (1 events):
Event: 386.673 Thread 0x0000020a1b3199f0 redefined class name=br.com.ultraworks.erp.api.relacionamento.mapper.ParceiroLocalMapper, count=1

Internal exceptions (20 events):
Event: 48.371 Thread 0x0000020a1e045ac0 Exception <a 'java/lang/NoSuchMethodError'{0x000000070ab53b68}: 'java.lang.Object java.lang.invoke.DirectMethodHandle$Holder.invokeSpecial(java.lang.Object, java.lang.Object, int, java.lang.Object, int, java.lang.Object)'> (0x000000070ab53b68) 
thrown [s\src\hotspot\share\interpreter\linkResolver.cpp, line 759]
Event: 48.371 Thread 0x0000020a1e045ac0 Exception <a 'java/lang/NoSuchMethodError'{0x000000070ab5bc18}: 'java.lang.Object java.lang.invoke.DirectMethodHandle$Holder.newInvokeSpecial(java.lang.Object, java.lang.Object, int, java.lang.Object, int)'> (0x000000070ab5bc18) 
thrown [s\src\hotspot\share\interpreter\linkResolver.cpp, line 759]
Event: 48.371 Thread 0x0000020a1e045ac0 Exception <a 'java/lang/NoSuchMethodError'{0x000000070ab5fd18}: 'java.lang.Object java.lang.invoke.DirectMethodHandle$Holder.invokeSpecial(java.lang.Object, java.lang.Object, java.lang.Object, int, java.lang.Object, int)'> (0x000000070ab5fd18) 
thrown [s\src\hotspot\share\interpreter\linkResolver.cpp, line 759]
Event: 48.824 Thread 0x0000020a1e045ac0 Exception <a 'java/lang/NoSuchMethodError'{0x00000007099036f0}: 'java.lang.Object java.lang.invoke.DirectMethodHandle$Holder.invokeSpecial(java.lang.Object, java.lang.Object, java.lang.Object, java.lang.Object, java.lang.Object, java.lang.Object, java.lang.Object, java.lang.Object, java.lang.Object, java.lang.Object, java.lang.Object, java.lang.Object, java.lang.Object)'> (0x00000007099036f0) 
thrown [s\src\hotspot\share\interpreter\linkResolver.cpp, line 759]
Event: 48.916 Thread 0x0000020a1e045ac0 Exception <a 'java/lang/NoSuchMethodError'{0x000000070926a4d0}: 'void java.lang.invoke.DirectMethodHandle$Holder.invokeSpecialIFC(java.lang.Object, java.lang.Object, int, java.lang.Object, java.lang.Object, java.lang.Object, java.lang.Object)'> (0x000000070926a4d0) 
thrown [s\src\hotspot\share\interpreter\linkResolver.cpp, line 759]
Event: 131.598 Thread 0x0000020a20cac0a0 Exception <a 'java/lang/NoSuchMethodError'{0x000000070a99d8d8}: 'java.lang.Object java.lang.invoke.DirectMethodHandle$Holder.invokeSpecial(java.lang.Object, java.lang.Object, java.lang.Object, java.lang.Object, java.lang.Object, long)'> (0x000000070a99d8d8) 
thrown [s\src\hotspot\share\interpreter\linkResolver.cpp, line 759]
Event: 131.598 Thread 0x0000020a20cac0a0 Exception <a 'java/lang/NoSuchMethodError'{0x000000070a9a1318}: 'java.lang.Object java.lang.invoke.Invokers$Holder.linkToTargetMethod(java.lang.Object, java.lang.Object, java.lang.Object, long, java.lang.Object)'> (0x000000070a9a1318) 
thrown [s\src\hotspot\share\interpreter\linkResolver.cpp, line 759]
Event: 131.768 Thread 0x0000020a20cae720 Exception <a 'java/lang/NoSuchMethodError'{0x0000000709de57a0}: 'long java.lang.invoke.DirectMethodHandle$Holder.invokeStatic(java.lang.Object, int)'> (0x0000000709de57a0) 
thrown [s\src\hotspot\share\interpreter\linkResolver.cpp, line 759]
Event: 131.768 Thread 0x0000020a20cae720 Exception <a 'java/lang/NoSuchMethodError'{0x0000000709ded150}: 'void java.lang.invoke.DelegatingMethodHandle$Holder.reinvoke_L(java.lang.Object, java.lang.Object, java.lang.Object, long)'> (0x0000000709ded150) 
thrown [s\src\hotspot\share\interpreter\linkResolver.cpp, line 759]
Event: 131.935 Thread 0x0000020a20cae720 Exception <a 'java/lang/NoSuchMethodError'{0x0000000708b19f50}: 'java.lang.Object java.lang.invoke.DirectMethodHandle$Holder.newInvokeSpecial(java.lang.Object, long)'> (0x0000000708b19f50) 
thrown [s\src\hotspot\share\interpreter\linkResolver.cpp, line 759]
Event: 131.935 Thread 0x0000020a20ca9ef0 Exception <a 'java/lang/NoSuchMethodError'{0x0000000708b29fa0}: 'java.lang.Object java.lang.invoke.DirectMethodHandle$Holder.newInvokeSpecial(java.lang.Object, long)'> (0x0000000708b29fa0) 
thrown [s\src\hotspot\share\interpreter\linkResolver.cpp, line 759]
Event: 131.935 Thread 0x0000020a20ca9550 Exception <a 'java/lang/NoSuchMethodError'{0x0000000708b74320}: 'java.lang.Object java.lang.invoke.DirectMethodHandle$Holder.newInvokeSpecial(java.lang.Object, long)'> (0x0000000708b74320) 
thrown [s\src\hotspot\share\interpreter\linkResolver.cpp, line 759]
Event: 131.935 Thread 0x0000020a20cac570 Exception <a 'java/lang/NoSuchMethodError'{0x0000000708b5c450}: 'java.lang.Object java.lang.invoke.DirectMethodHandle$Holder.newInvokeSpecial(java.lang.Object, long)'> (0x0000000708b5c450) 
thrown [s\src\hotspot\share\interpreter\linkResolver.cpp, line 759]
Event: 178.819 Thread 0x0000020a20caa890 Exception <a 'java/lang/NullPointerException'{0x00000007092d4088}> (0x00000007092d4088) 
thrown [s\src\hotspot\share\interpreter\linkResolver.cpp, line 1433]
Event: 178.819 Thread 0x0000020a20caa890 Exception <a 'java/lang/reflect/InvocationTargetException'{0x00000007092d4b58}> (0x00000007092d4b58) 
thrown [s\src\hotspot\share\runtime\reflection.cpp, line 1121]
Event: 178.820 Thread 0x0000020a20caa890 Exception <a 'java/lang/reflect/InvocationTargetException'{0x00000007092de430}> (0x00000007092de430) 
thrown [s\src\hotspot\share\runtime\reflection.cpp, line 1121]
Event: 223.446 Thread 0x0000020a20ca9ef0 Exception <a 'java/lang/NullPointerException'{0x000000070a835000}> (0x000000070a835000) 
thrown [s\src\hotspot\share\interpreter\linkResolver.cpp, line 1433]
Event: 223.448 Thread 0x0000020a20ca9ef0 Exception <a 'java/lang/reflect/InvocationTargetException'{0x000000070a835ad0}> (0x000000070a835ad0) 
thrown [s\src\hotspot\share\runtime\reflection.cpp, line 1121]
Event: 226.261 Thread 0x0000020a20ca9ef0 Exception <a 'java/lang/reflect/InvocationTargetException'{0x000000070a8365f8}> (0x000000070a8365f8) 
thrown [s\src\hotspot\share\runtime\reflection.cpp, line 1121]
Event: 310.284 Thread 0x0000020a1d24ea20 Exception <a 'java/lang/NoSuchMethodError'{0x0000000709f10fc0}: static [B.<clinit>()V> (0x0000000709f10fc0) 
thrown [s\src\hotspot\share\prims\jni.cpp, line 1107]

VM Operations (20 events):
Event: 341.223 Executing VM operation: G1CollectForAllocation
Event: 341.228 Executing VM operation: G1CollectForAllocation done
Event: 341.228 Executing VM operation: Cleanup
Event: 341.229 Executing VM operation: Cleanup done
Event: 345.112 Executing VM operation: G1CollectForAllocation
Event: 345.119 Executing VM operation: G1CollectForAllocation done
Event: 386.645 Executing VM operation: ChangeSingleStep
Event: 386.645 Executing VM operation: ChangeSingleStep done
Event: 386.645 Executing VM operation: ChangeSingleStep
Event: 386.645 Executing VM operation: ChangeSingleStep done
Event: 386.664 Executing VM operation: RedefineClasses
Event: 386.691 Executing VM operation: RedefineClasses done
Event: 386.714 Executing VM operation: ChangeBreakpoints
Event: 386.717 Executing VM operation: ChangeBreakpoints done
Event: 386.719 Executing VM operation: ChangeSingleStep
Event: 386.720 Executing VM operation: ChangeSingleStep done
Event: 386.720 Executing VM operation: get/set locals
Event: 386.720 Executing VM operation: get/set locals done
Event: 386.722 Executing VM operation: ChangeSingleStep
Event: 386.722 Executing VM operation: ChangeSingleStep done

Events (20 events):
Event: 131.825 loading class org/w3c/dom/Document done
Event: 131.929 loading class jdk/internal/reflect/UnsafeLongFieldAccessorImpl
Event: 131.930 loading class jdk/internal/reflect/UnsafeLongFieldAccessorImpl done
Event: 131.930 loading class java/util/function/LongSupplier
Event: 131.930 loading class java/util/function/LongSupplier done
Event: 131.960 loading class java/util/stream/DoubleStream
Event: 131.960 loading class java/util/stream/DoubleStream done
Event: 136.768 Thread 0x0000020a1e045ac0 Thread exited: 0x0000020a1e045ac0
Event: 137.011 Thread 0x0000020a1e84c7b0 Thread exited: 0x0000020a1e84c7b0
Event: 137.011 Thread 0x0000020a1e84d6e0 Thread exited: 0x0000020a1e84d6e0
Event: 178.714 Thread 0x0000020a1e84c7b0 Thread added: 0x0000020a1e84c7b0
Event: 178.792 loading class sun/reflect/annotation/AnnotatedTypeFactory$AnnotatedArrayTypeImpl
Event: 178.792 loading class sun/reflect/annotation/AnnotatedTypeFactory$AnnotatedArrayTypeImpl done
Event: 178.793 loading class sun/reflect/annotation/AnnotatedTypeFactory$AnnotatedTypeVariableImpl
Event: 178.793 loading class java/lang/reflect/AnnotatedTypeVariable
Event: 178.793 loading class java/lang/reflect/AnnotatedTypeVariable done
Event: 178.793 loading class sun/reflect/annotation/AnnotatedTypeFactory$AnnotatedTypeVariableImpl done
Event: 184.691 Thread 0x0000020a1e84c7b0 Thread exited: 0x0000020a1e84c7b0
Event: 226.263 Thread 0x0000020a1e84ccc0 Thread added: 0x0000020a1e84ccc0
Event: 240.445 Thread 0x0000020a1e84ccc0 Thread exited: 0x0000020a1e84ccc0


Dynamic libraries:
0x00007ff62d330000 - 0x00007ff62d33e000 	C:\Accenture\Ferramentas\IDE\sts-4.15.3.RELEASE\plugins\org.eclipse.justj.openjdk.hotspot.jre.full.win32.x86_64_17.0.4.v20220805-1047\jre\bin\javaw.exe
0x00007ffaf5800000 - 0x00007ffaf5a09000 	C:\windows\SYSTEM32\ntdll.dll
0x00007ffaf3ac0000 - 0x00007ffaf3b7d000 	C:\windows\System32\KERNEL32.DLL
0x00007ffaf3180000 - 0x00007ffaf3505000 	C:\windows\System32\KERNELBASE.dll
0x00007ffaf3510000 - 0x00007ffaf3621000 	C:\windows\System32\ucrtbase.dll
0x00007ffaa01b0000 - 0x00007ffaa01c8000 	C:\Accenture\Ferramentas\IDE\sts-4.15.3.RELEASE\plugins\org.eclipse.justj.openjdk.hotspot.jre.full.win32.x86_64_17.0.4.v20220805-1047\jre\bin\jli.dll
0x00007ffaf4110000 - 0x00007ffaf42bc000 	C:\windows\System32\USER32.dll
0x00007ffaf2d00000 - 0x00007ffaf2d26000 	C:\windows\System32\win32u.dll
0x00007ffaf3b80000 - 0x00007ffaf3ba9000 	C:\windows\System32\GDI32.dll
0x00007ffaf2fc0000 - 0x00007ffaf30db000 	C:\windows\System32\gdi32full.dll
0x00007ffaf2d30000 - 0x00007ffaf2dcd000 	C:\windows\System32\msvcp_win.dll
0x00007ffa778c0000 - 0x00007ffa778d9000 	C:\Accenture\Ferramentas\IDE\sts-4.15.3.RELEASE\plugins\org.eclipse.justj.openjdk.hotspot.jre.full.win32.x86_64_17.0.4.v20220805-1047\jre\bin\VCRUNTIME140.dll
0x00007ffac2ff0000 - 0x00007ffac3295000 	C:\windows\WinSxS\amd64_microsoft.windows.common-controls_6595b64144ccf1df_6.0.22000.2600_none_1b65155c6ae217ae\COMCTL32.dll
0x00007ffaf3930000 - 0x00007ffaf39d3000 	C:\windows\System32\msvcrt.dll
0x00007ffaf4d20000 - 0x00007ffaf4d51000 	C:\windows\System32\IMM32.DLL
0x00007ffaf13b0000 - 0x00007ffaf1532000 	C:\Program Files\Avecto\Privilege Guard Client\PGHook.dll
0x00007ffaf3870000 - 0x00007ffaf3922000 	C:\windows\System32\ADVAPI32.dll
0x00007ffaf47f0000 - 0x00007ffaf4892000 	C:\windows\System32\sechost.dll
0x00007ffaf30e0000 - 0x00007ffaf3107000 	C:\windows\System32\bcrypt.dll
0x00007ffaf3e70000 - 0x00007ffaf3f92000 	C:\windows\System32\RPCRT4.dll
0x00000000663a0000 - 0x0000000066412000 	C:\windows\System32\QIPCAP64.dll
0x00007ffaf4ff0000 - 0x00007ffaf57b5000 	C:\windows\System32\SHELL32.dll
0x00007ffaf1570000 - 0x00007ffaf1657000 	C:\windows\SYSTEM32\DNSAPI.dll
0x00007ffaf1540000 - 0x00007ffaf156d000 	C:\windows\SYSTEM32\IPHLPAPI.DLL
0x00007ffaf3de0000 - 0x00007ffaf3de9000 	C:\windows\System32\NSI.dll
0x00007ffaa0d30000 - 0x00007ffaa0d3c000 	C:\Accenture\Ferramentas\IDE\sts-4.15.3.RELEASE\plugins\org.eclipse.justj.openjdk.hotspot.jre.full.win32.x86_64_17.0.4.v20220805-1047\jre\bin\vcruntime140_1.dll
0x00007ffa6c760000 - 0x00007ffa6c7f1000 	C:\Accenture\Ferramentas\IDE\sts-4.15.3.RELEASE\plugins\org.eclipse.justj.openjdk.hotspot.jre.full.win32.x86_64_17.0.4.v20220805-1047\jre\bin\msvcp140.dll
0x00007ffa65d60000 - 0x00007ffa669a6000 	C:\Accenture\Ferramentas\IDE\sts-4.15.3.RELEASE\plugins\org.eclipse.justj.openjdk.hotspot.jre.full.win32.x86_64_17.0.4.v20220805-1047\jre\bin\server\jvm.dll
0x00007ffaf3e60000 - 0x00007ffaf3e68000 	C:\windows\System32\PSAPI.DLL
0x00007ffac63e0000 - 0x00007ffac63e9000 	C:\windows\SYSTEM32\WSOCK32.dll
0x00007ffaf3fc0000 - 0x00007ffaf402f000 	C:\windows\System32\WS2_32.dll
0x00007ffae8f30000 - 0x00007ffae8f63000 	C:\windows\SYSTEM32\WINMM.dll
0x00007ffaf0e80000 - 0x00007ffaf0e8a000 	C:\windows\SYSTEM32\VERSION.dll
0x00007ffaf1c70000 - 0x00007ffaf1c88000 	C:\windows\SYSTEM32\kernel.appcore.dll
0x00007ffaa1a70000 - 0x00007ffaa1a7a000 	C:\Accenture\Ferramentas\IDE\sts-4.15.3.RELEASE\plugins\org.eclipse.justj.openjdk.hotspot.jre.full.win32.x86_64_17.0.4.v20220805-1047\jre\bin\jimage.dll
0x00007ffaef480000 - 0x00007ffaef6a1000 	C:\windows\SYSTEM32\DBGHELP.DLL
0x00007ffacfe00000 - 0x00007ffacfe31000 	C:\windows\SYSTEM32\dbgcore.DLL
0x00007ffaf2dd0000 - 0x00007ffaf2e4f000 	C:\windows\System32\bcryptPrimitives.dll
0x00007ffab83c0000 - 0x00007ffab83fb000 	C:\Accenture\Ferramentas\IDE\sts-4.15.3.RELEASE\plugins\org.eclipse.justj.openjdk.hotspot.jre.full.win32.x86_64_17.0.4.v20220805-1047\jre\bin\jdwp.dll
0x00007ffaa06f0000 - 0x00007ffaa06fe000 	C:\Accenture\Ferramentas\IDE\sts-4.15.3.RELEASE\plugins\org.eclipse.justj.openjdk.hotspot.jre.full.win32.x86_64_17.0.4.v20220805-1047\jre\bin\instrument.dll
0x00007ffa9ccf0000 - 0x00007ffa9cd15000 	C:\Accenture\Ferramentas\IDE\sts-4.15.3.RELEASE\plugins\org.eclipse.justj.openjdk.hotspot.jre.full.win32.x86_64_17.0.4.v20220805-1047\jre\bin\java.dll
0x00007ffa9ffb0000 - 0x00007ffa9ffc8000 	C:\Accenture\Ferramentas\IDE\sts-4.15.3.RELEASE\plugins\org.eclipse.justj.openjdk.hotspot.jre.full.win32.x86_64_17.0.4.v20220805-1047\jre\bin\zip.dll
0x00007ffaf0370000 - 0x00007ffaf0bd2000 	C:\windows\SYSTEM32\windows.storage.dll
0x00007ffaf4370000 - 0x00007ffaf46e6000 	C:\windows\System32\combase.dll
0x00007ffaf0200000 - 0x00007ffaf0367000 	C:\windows\SYSTEM32\wintypes.dll
0x00007ffaf4700000 - 0x00007ffaf47ea000 	C:\windows\System32\SHCORE.dll
0x00007ffaf4030000 - 0x00007ffaf408d000 	C:\windows\System32\shlwapi.dll
0x00007ffaf2b70000 - 0x00007ffaf2b95000 	C:\windows\SYSTEM32\profapi.dll
0x00007ffaec310000 - 0x00007ffaec31c000 	C:\Accenture\Ferramentas\IDE\sts-4.15.3.RELEASE\plugins\org.eclipse.justj.openjdk.hotspot.jre.full.win32.x86_64_17.0.4.v20220805-1047\jre\bin\dt_socket.dll
0x00007ffaf2220000 - 0x00007ffaf2287000 	C:\windows\system32\mswsock.dll
0x00007ffae7b50000 - 0x00007ffae7b5a000 	C:\Windows\System32\rasadhlp.dll
0x00007ffae9220000 - 0x00007ffae92a1000 	C:\windows\System32\fwpuclnt.dll
0x00007ffa9ccd0000 - 0x00007ffa9cce9000 	C:\Accenture\Ferramentas\IDE\sts-4.15.3.RELEASE\plugins\org.eclipse.justj.openjdk.hotspot.jre.full.win32.x86_64_17.0.4.v20220805-1047\jre\bin\net.dll
0x00007ffaf1c90000 - 0x00007ffaf1da4000 	C:\windows\SYSTEM32\WINHTTP.dll
0x00007ffa9ccb0000 - 0x00007ffa9ccc5000 	C:\Accenture\Ferramentas\IDE\sts-4.15.3.RELEASE\plugins\org.eclipse.justj.openjdk.hotspot.jre.full.win32.x86_64_17.0.4.v20220805-1047\jre\bin\nio.dll
0x00007ffab7970000 - 0x00007ffab7979000 	C:\Accenture\Ferramentas\IDE\sts-4.15.3.RELEASE\plugins\org.eclipse.justj.openjdk.hotspot.jre.full.win32.x86_64_17.0.4.v20220805-1047\jre\bin\management.dll
0x00007ffab6050000 - 0x00007ffab605b000 	C:\Accenture\Ferramentas\IDE\sts-4.15.3.RELEASE\plugins\org.eclipse.justj.openjdk.hotspot.jre.full.win32.x86_64_17.0.4.v20220805-1047\jre\bin\management_ext.dll
0x00007ffad2f50000 - 0x00007ffad2f67000 	C:\windows\system32\napinsp.dll
0x00007ffad2f30000 - 0x00007ffad2f4b000 	C:\windows\system32\pnrpnsp.dll
0x00007ffad2f10000 - 0x00007ffad2f22000 	C:\windows\System32\winrnr.dll
0x00007ffae7e90000 - 0x00007ffae7ea5000 	C:\windows\system32\wshbth.dll
0x00007ffad2ef0000 - 0x00007ffad2f0f000 	C:\windows\system32\nlansp_c.dll
0x00007ffaf24f0000 - 0x00007ffaf2508000 	C:\windows\SYSTEM32\CRYPTSP.dll
0x00007ffaf1bd0000 - 0x00007ffaf1c05000 	C:\windows\system32\rsaenh.dll
0x00007ffaf22c0000 - 0x00007ffaf22ec000 	C:\windows\SYSTEM32\USERENV.dll
0x00007ffaf24d0000 - 0x00007ffaf24dc000 	C:\windows\SYSTEM32\CRYPTBASE.dll
0x00007ffae8f70000 - 0x00007ffae8f89000 	C:\windows\SYSTEM32\dhcpcsvc6.DLL
0x00007ffae8f10000 - 0x00007ffae8f2e000 	C:\windows\SYSTEM32\dhcpcsvc.DLL
0x00007ffaa02a0000 - 0x00007ffaa02b0000 	C:\Accenture\Ferramentas\IDE\sts-4.15.3.RELEASE\plugins\org.eclipse.justj.openjdk.hotspot.jre.full.win32.x86_64_17.0.4.v20220805-1047\jre\bin\verify.dll
0x00007ffab7960000 - 0x00007ffab796e000 	C:\Accenture\Ferramentas\IDE\sts-4.15.3.RELEASE\plugins\org.eclipse.justj.openjdk.hotspot.jre.full.win32.x86_64_17.0.4.v20220805-1047\jre\bin\sunmscapi.dll
0x00007ffaf2e50000 - 0x00007ffaf2fb2000 	C:\windows\System32\CRYPT32.dll
0x00007ffaf2600000 - 0x00007ffaf262a000 	C:\windows\SYSTEM32\ncrypt.dll
0x00007ffaf25c0000 - 0x00007ffaf25f7000 	C:\windows\SYSTEM32\NTASN1.dll
0x00007ffae7d40000 - 0x00007ffae7d48000 	C:\windows\system32\wshunix.dll

dbghelp: loaded successfully - version: 4.0.5 - missing functions: none
symbol engine: initialized successfully - sym options: 0x614 - pdb path: .;C:\Accenture\Ferramentas\IDE\sts-4.15.3.RELEASE\plugins\org.eclipse.justj.openjdk.hotspot.jre.full.win32.x86_64_17.0.4.v20220805-1047\jre\bin;C:\windows\SYSTEM32;C:\windows\WinSxS\amd64_microsoft.windows.common-controls_6595b64144ccf1df_6.0.22000.2600_none_1b65155c6ae217ae;C:\Program Files\Avecto\Privilege Guard Client;C:\Accenture\Ferramentas\IDE\sts-4.15.3.RELEASE\plugins\org.eclipse.justj.openjdk.hotspot.jre.full.win32.x86_64_17.0.4.v20220805-1047\jre\bin\server

VM Arguments:
jvm_args: -XX:+ShowCodeDetailsInExceptionMessages -agentlib:jdwp=transport=dt_socket,suspend=y,address=localhost:59808 -Dcom.sun.management.jmxremote -Dcom.sun.management.jmxremote.port=59807 -Dcom.sun.management.jmxremote.authenticate=false -Dcom.sun.management.jmxremote.ssl=false -Djava.rmi.server.hostname=localhost -Dspring.jmx.enabled=true -Dspring.application.admin.enabled=true -XX:TieredStopAtLevel=1 -Dspring.boot.project.name=uworks_erp -javaagent:C:\Accenture\Ferramentas\IDE\sts-4.15.3.RELEASE\configuration\org.eclipse.osgi\258\0\.cp\lib\javaagent-shaded.jar -Dfile.encoding=UTF-8 
java_command: br.com.ultraworks.erp.ErpApplication --spring.output.ansi.enabled=always debug
java_class_path (initial): C:\Pessoal\projetos\uw\uworks_erp\target\classes;C:\Users\rodrigo.cristo.fuhr\.m2\repository\org\springframework\boot\spring-boot-starter-data-jpa\3.1.4\spring-boot-starter-data-jpa-3.1.4.jar;C:\Users\rodrigo.cristo.fuhr\.m2\repository\org\springframework\boot\spring-boot-starter-aop\3.1.4\spring-boot-starter-aop-3.1.4.jar;C:\Users\rodrigo.cristo.fuhr\.m2\repository\org\aspectj\aspectjweaver\1.9.20\aspectjweaver-1.9.20.jar;C:\Users\rodrigo.cristo.fuhr\.m2\repository\org\springframework\boot\spring-boot-starter-jdbc\3.1.4\spring-boot-starter-jdbc-3.1.4.jar;C:\Users\rodrigo.cristo.fuhr\.m2\repository\com\zaxxer\HikariCP\5.0.1\HikariCP-5.0.1.jar;C:\Users\rodrigo.cristo.fuhr\.m2\repository\org\springframework\spring-jdbc\6.0.12\spring-jdbc-6.0.12.jar;C:\Users\rodrigo.cristo.fuhr\.m2\repository\org\hibernate\orm\hibernate-core\6.2.9.Final\hibernate-core-6.2.9.Final.jar;C:\Users\rodrigo.cristo.fuhr\.m2\repository\jakarta\persistence\jakarta.persistence-api\3.1.0\jakarta.persistence-api-3.1.0.jar;C:\Users\rodrigo.cristo.fuhr\.m2\repository\jakarta\transaction\jakarta.transaction-api\2.0.1\jakarta.transaction-api-2.0.1.jar;C:\Users\rodrigo.cristo.fuhr\.m2\repository\org\jboss\logging\jboss-logging\3.5.3.Final\jboss-logging-3.5.3.Final.jar;C:\Users\rodrigo.cristo.fuhr\.m2\repository\org\hibernate\common\hibernate-commons-annotations\6.0.6.Final\hibernate-commons-annotations-6.0.6.Final.jar;C:\Users\rodrigo.cristo.fuhr\.m2\repository\io\smallrye\jandex\3.0.5\jandex-3.0.5.jar;C:\Users\rodrigo.cristo.fuhr\.m2\repository\com\fasterxml\classmate\1.5.1\classmate-1.5.1.jar;C:\Users\rodrigo.cristo.fuhr\.m2\repository\net\bytebuddy\byte-buddy\1.14.8\byte-buddy-1.14.8.jar;C:\Users\rodrigo.cristo.fuhr\.m2\repository\org\glassfish\jaxb\jaxb-runtime\4.0.3\jaxb-runtime-4.0.3.jar;C:\Users\rodrigo.cristo.fuhr\.m2\repository\org\glassfish\jaxb\jaxb-core\4.0.3\jaxb-core-4.0.3.jar;C:\Users\rodrigo.cristo.fuhr\.m2\repository\org\eclipse\angus\angus-activation\2.0.1\
Launcher Type: SUN_STANDARD

[Global flags]
     intx CICompilerCount                          = 4                                         {product} {ergonomic}
     uint ConcGCThreads                            = 2                                         {product} {ergonomic}
     uint G1ConcRefinementThreads                  = 8                                         {product} {ergonomic}
   size_t G1HeapRegionSize                         = 2097152                                   {product} {ergonomic}
    uintx GCDrainStackTargetSize                   = 64                                        {product} {ergonomic}
   size_t InitialHeapSize                          = 264241152                                 {product} {ergonomic}
     bool ManagementServer                         = true                                      {product} {command line}
   size_t MarkStackSize                            = 4194304                                   {product} {ergonomic}
   size_t MaxHeapSize                              = 4217372672                                {product} {ergonomic}
   size_t MaxNewSize                               = 2529165312                                {product} {ergonomic}
   size_t MinHeapDeltaBytes                        = 2097152                                   {product} {ergonomic}
   size_t MinHeapSize                              = 8388608                                   {product} {ergonomic}
    uintx NonProfiledCodeHeapSize                  = 0                                      {pd product} {ergonomic}
     bool ProfileInterpreter                       = false                                  {pd product} {command line}
    uintx ProfiledCodeHeapSize                     = 0                                      {pd product} {ergonomic}
     bool ShowCodeDetailsInExceptionMessages       = true                                   {manageable} {command line}
   size_t SoftMaxHeapSize                          = 4217372672                             {manageable} {ergonomic}
     intx TieredStopAtLevel                        = 1                                         {product} {command line}
     bool UseCompressedClassPointers               = true                           {product lp64_product} {ergonomic}
     bool UseCompressedOops                        = true                           {product lp64_product} {ergonomic}
     bool UseG1GC                                  = true                                      {product} {ergonomic}
     bool UseLargePagesIndividualAllocation        = false                                  {pd product} {ergonomic}

Logging:
Log output configuration:
 #0: stdout all=warning uptime,level,tags
 #1: stderr all=off uptime,level,tags

Environment Variables:
JAVA_HOME=C:\Program Files\Eclipse Adoptium\jdk-11.0.17.8-hotspot
PATH=C:\Accenture\Ferramentas\IDE\sts-4.15.3.RELEASE\plugins\org.eclipse.justj.openjdk.hotspot.jre.full.win32.x86_64_17.0.4.v20220805-1047\jre\bin;C:/Accenture/Ferramentas/IDE/sts-4.15.3.RELEASE//plugins/org.eclipse.justj.openjdk.hotspot.jre.full.win32.x86_64_17.0.4.v20220805-1047/jre/bin/server;C:/Accenture/Ferramentas/IDE/sts-4.15.3.RELEASE//plugins/org.eclipse.justj.openjdk.hotspot.jre.full.win32.x86_64_17.0.4.v20220805-1047/jre/bin;C:\windows\system32;C:\windows;C:\windows\System32\Wbem;C:\windows\System32\WindowsPowerShell\v1.0\;C:\windows\System32\OpenSSH\;C:\Program Files (x86)\Pulse Secure\VC142.CRT\X64\;C:\Program Files (x86)\Pulse Secure\VC142.CRT\X86\;C:\Program Files (x86)\Common Files\Pulse Secure\VC142.CRT\X64\;C:\Program Files (x86)\Common Files\Pulse Secure\VC142.CRT\X86\;C:\Accenture\Ferramentas\apache-maven-3.8.6\bin;C:\Program Files\Eclipse Adoptium\jdk-11.0.17.8-hotspot\bin;C:\Users\rodrigo.cristo.fuhr\AppData\Roaming\nvm;C:\Program Files\nodejs;C:\Program Files (x86)\Yarn\bin\;C:\Program Files\Git\cmd;C:\Users\rodrigo.cristo.fuhr\AppData\Local\Programs\Python\Python310\Scripts\;C:\Users\rodrigo.cristo.fuhr\AppData\Local\Programs\Python\Python310\;C:\Users\rodrigo.cristo.fuhr\AppData\Local\Microsoft\WindowsApps;C:\Accenture\Ferramentas\Git\cmd;C:\Users\rodrigo.cristo.fuhr\AppData\Local\Programs\Microsoft VS Code\bin;C:\Users\rodrigo.cristo.fuhr\AppData\Roaming\nvm;C:\Program Files\nodejs;C:\Users\rodrigo.cristo.fuhr\AppData\Local\Yarn\bin;C:\Accenture\Ferramentas\IDE\sts-4.15.3.RELEASE;
USERNAME=rodrigo.cristo.fuhr
OS=Windows_NT
PROCESSOR_IDENTIFIER=Intel64 Family 6 Model 140 Stepping 1, GenuineIntel
TMP=C:\Users\RODRIG~1.FUH\AppData\Local\Temp
TEMP=C:\Users\RODRIG~1.FUH\AppData\Local\Temp



---------------  S Y S T E M  ---------------

OS:
 Windows 11 , 64 bit Build 22000 (10.0.22000.2600)
OS uptime: 0 days 8:18 hours
Hyper-V role detected

CPU: total 8 (initial active 8) (4 cores per cpu, 2 threads per core) family 6 model 140 stepping 1 microcode 0xa4, cx8, cmov, fxsr, ht, mmx, 3dnowpref, sse, sse2, sse3, ssse3, sse4.1, sse4.2, popcnt, lzcnt, tsc, tscinvbit, avx, avx2, aes, erms, clmul, bmi1, bmi2, adx, avx512f, avx512dq, avx512cd, avx512bw, avx512vl, sha, fma, vzeroupper, avx512_vpopcntdq, avx512_vpclmulqdq, avx512_vaes, avx512_vnni, clflush, clflushopt, clwb, avx512_vbmi2, avx512_vbmi, hv

Memory: 4k page, system-wide physical 16087M (2504M free)
TotalPageFile size 32174M (AvailPageFile size 12007M)
current process WorkingSet (physical memory assigned to process): 309M, peak: 309M
current process commit charge ("private bytes"): 340M, peak: 363M

vm_info: OpenJDK 64-Bit Server VM (17.0.4+8) for windows-amd64 JRE (17.0.4+8), built on Jul 19 2022 16:05:16 by "temurin" with MS VC++ 16.7 (VS2019)

END.
