#
# A fatal error has been detected by the Java Runtime Environment:
#
#  EXCEPTION_ACCESS_VIOLATION (0xc0000005) at pc=0x00007ffd5567fa7a, pid=13492, tid=6088
#
# JRE version: OpenJDK Runtime Environment Temurin-17.0.4+8 (17.0.4+8) (build 17.0.4+8)
# Java VM: OpenJDK 64-Bit Server VM Temurin-17.0.4+8 (17.0.4+8, mixed mode, emulated-client, tiered, compressed oops, compressed class ptrs, g1 gc, windows-amd64)
# Problematic frame:
# V  [jvm.dll+0x79fa7a]
#
# No core dump will be written. Minidumps are not enabled by default on client versions of Windows
#
# If you would like to submit a bug report, please visit:
#   https://github.com/adoptium/adoptium-support/issues
#

---------------  S U M M A R Y ------------

Command Line: -XX:+ShowCodeDetailsInExceptionMessages -agentlib:jdwp=transport=dt_socket,suspend=y,address=localhost:65019 -Dcom.sun.management.jmxremote -Dcom.sun.management.jmxremote.port=65017 -Dcom.sun.management.jmxremote.authenticate=false -Dcom.sun.management.jmxremote.ssl=false -Djava.rmi.server.hostname=localhost -Dspring.jmx.enabled=true -Dspring.application.admin.enabled=true -XX:TieredStopAtLevel=1 -Dspring.boot.project.name=uworks_erp -javaagent:C:\Accenture\Ferramentas\IDE\sts-4.15.3.RELEASE\configuration\org.eclipse.osgi\258\0\.cp\lib\javaagent-shaded.jar -Dfile.encoding=UTF-8 br.com.ultraworks.erp.ErpApplication --spring.output.ansi.enabled=always debug

Host: 11th Gen Intel(R) Core(TM) i7-1185G7 @ 3.00GHz, 8 cores, 15G,  Windows 11 , 64 bit Build 22000 (10.0.22000.2538)
Time: Thu Nov  9 13:06:57 2023 E. South America Standard Time elapsed time: 3104.834009 seconds (0d 0h 51m 44s)

---------------  T H R E A D  ---------------

Current thread (0x000001c0785e4130):  JavaThread "JDWP Transport Listener: dt_socket" daemon [_thread_in_vm, id=6088, stack(0x0000009b58a00000,0x0000009b58b00000)]

Stack: [0x0000009b58a00000,0x0000009b58b00000],  sp=0x0000009b58aff880,  free space=1022k
Native frames: (J=compiled Java code, j=interpreted, Vv=VM code, C=native code)
V  [jvm.dll+0x79fa7a]
V  [jvm.dll+0x50963c]
V  [jvm.dll+0x4d0ca4]
C  [jdwp.dll+0x22f7b]


siginfo: EXCEPTION_ACCESS_VIOLATION (0xc0000005), reading address 0x0000000001210123


Register to memory mapping:

RIP=0x00007ffd5567fa7a jvm.dll
RAX=0x000000000000011e is an unknown value
RBX=0x000001c0784113cd points into unknown readable memory: 3b 00 74
RCX=0x000000000121011f is an unknown value
RDX=0x000001c07d793bb0 points into unknown readable memory: 0x2f6d6f632f72624c | 4c 62 72 2f 63 6f 6d 2f
RSP=0x0000009b58aff880 is pointing into the stack for thread: 0x000001c0785e4130
RBP=0x000001c07859dd00 points into unknown readable memory: 0x0000001700000002 | 02 00 00 00 17 00 00 00
RSI=0x0 is NULL
RDI=0xffffffffffffffff is an unknown value
R8 =0x00000000000000d2 is an unknown value
R9 =0x0000000000000040 is an unknown value
R10=0x00000000000000c0 is an unknown value
R11=0x0000009b58aff8a0 is pointing into the stack for thread: 0x000001c0785e4130
R12=0x0000009b58aff9d8 is pointing into the stack for thread: 0x000001c0785e4130
R13=0x0 is NULL
R14=0x0000000800b62000 is a pointer to class: 
br.com.ultraworks.erp.api.seguranca.service.UsuarioService {0x0000000800b62008}
 - instance size:     7
 - klass size:        77
 - access:            public synchronized 
 - state:             fully_initialized
 - name:              'br/com/ultraworks/erp/api/seguranca/service/UsuarioService'
 - super:             'br/com/ultraworks/erp/core/generics/GenericService'
 - sub:               
 - arrays:            NULL
 - methods:           Array<T>(0x000001c07a0136c8)
 - method ordering:   Array<T>(0x000001c00148c840)
 - default_methods:   Array<T>(0x0000000000000000)
 - local interfaces:  Array<T>(0x000001c078800058)
 - trans. interfaces: Array<T>(0x000001c078800058)
 - constants:         constant pool [313]/operands[14] {0x000001c0016f5930} for 'br/com/ultraworks/erp/api/seguranca/service/UsuarioService' cache=0x000001c0016f6338
 - class loader data:  loader data: 0x000001c0004391e0 for instance a 'org/springframework/boot/devtools/restart/classloader/RestartClassLoader'{0x0000000705b273d0}
 - source file:       'UsuarioService.java'
 - source debug extension:       SMAP
UsuarioService.java
Java
*S jdt
*F
1 UsuarioService.java
2 file:/C:/Pessoal/projetos/uw/uworks_erp/target/classes/
*L
*E

 - class annotations:       Array<T>(0x000001c07a013880)
 - class type annotations:  Array<T>(0x0000000000000000)
 - field annotations:       Array<T>(0x0000000000000000)
 - field type annotations:  Array<T>(0x0000000000000000)
 - generic signature: '
[error occurred during error reporting (printing register info), id 0xc0000005, EXCEPTION_ACCESS_VIOLATION (0xc0000005) at pc=0x00007ffd55680686]

Registers:
RAX=0x000000000000011e, RBX=0x000001c0784113cd, RCX=0x000000000121011f, RDX=0x000001c07d793bb0
RSP=0x0000009b58aff880, RBP=0x000001c07859dd00, RSI=0x0000000000000000, RDI=0xffffffffffffffff
R8 =0x00000000000000d2, R9 =0x0000000000000040, R10=0x00000000000000c0, R11=0x0000009b58aff8a0
R12=0x0000009b58aff9d8, R13=0x0000000000000000, R14=0x0000000800b62000, R15=0x0000009b58affa00
RIP=0x00007ffd5567fa7a, EFLAGS=0x0000000000010202

Top of Stack: (sp=0x0000009b58aff880)
0x0000009b58aff880:   000000000000003a 0000000800b62000
0x0000009b58aff890:   000001c000946290 00007ffdce9876e1
0x0000009b58aff8a0:   ffffffffffffffff 00007ffd553e963c
0x0000009b58aff8b0:   000001c0784113cd 000001c078411390
0x0000009b58aff8c0:   000001c07859dd00 0000000000000000
0x0000009b58aff8d0:   000001c078411340 00000000000003d8
0x0000009b58aff8e0:   000001c078411350 000001c078411728
0x0000009b58aff8f0:   0000000000022501 0000009b58aff9d8
0x0000009b58aff900:   0000000000000007 000001c0785e43d8
0x0000009b58aff910:   0000000705b44820 00007ffd553b0ca4
0x0000009b58aff920:   000001c0785e4130 0000009b58affa00
0x0000009b58aff930:   000001c0638ceda0 0000009b58affa00
0x0000009b58aff940:   000001c0785e4130 0000000000000000
0x0000009b58aff950:   0000000000000000 0000000000000000
0x0000009b58aff960:   000001c079bc2f68 00007ffda1652f7b
0x0000009b58aff970:   0000009b58aff9f8 00007ffda1661600 

Instructions: (pc=0x00007ffd5567fa7a)
0x00007ffd5567f97a:   48 83 c4 20 5f e9 6c 69 90 ff cc cc cc cc cc cc
0x00007ffd5567f98a:   cc cc cc cc cc cc 48 89 5c 24 08 57 48 83 ec 20
0x00007ffd5567f99a:   83 fa 02 8d 42 06 b9 08 00 00 00 49 8b d8 0f 4e
0x00007ffd5567f9aa:   c1 48 63 c8 48 83 c1 07 83 e1 f8 48 63 f9 49 8b
0x00007ffd5567f9ba:   48 18 48 8b c7 48 f7 d0 48 3b c1 73 16 4c 8d 05
0x00007ffd5567f9ca:   6a 58 17 00 48 8b d7 48 8b cb e8 77 cc 90 ff 48
0x00007ffd5567f9da:   8b 4b 18 48 8d 04 39 48 3b 43 20 76 18 45 33 c0
0x00007ffd5567f9ea:   48 8b d7 48 8b cb 48 8b 5c 24 30 48 83 c4 20 5f
0x00007ffd5567f9fa:   e9 d1 c8 90 ff 48 89 43 18 48 8b c1 48 8b 5c 24
0x00007ffd5567fa0a:   30 48 83 c4 20 5f c3 cc cc cc cc cc cc cc cc cc
0x00007ffd5567fa1a:   cc cc cc cc cc cc 4c 8b d2 4c 8b d9 45 85 c0 7e
0x00007ffd5567fa2a:   3c 44 0f b7 49 04 41 8d 40 ff 41 3b c1 44 0f 4c
0x00007ffd5567fa3a:   c8 4d 63 c1 45 85 c9 7e 1f 48 8b c2 4c 2b da 49
0x00007ffd5567fa4a:   8b d0 0f 1f 40 00 41 0f b6 4c 03 06 88 08 48 8d
0x00007ffd5567fa5a:   40 01 48 83 ea 01 75 ee 43 c6 04 10 00 49 8b c2
0x00007ffd5567fa6a:   c3 cc cc cc cc cc 48 89 5c 24 08 57 48 83 ec 20
0x00007ffd5567fa7a:   0f b7 59 04 48 8b f9 33 d2 48 8d 4b 01 e8 c4 d9
0x00007ffd5567fa8a:   f2 ff 0f b7 57 04 4c 8b c0 3b da 0f 42 d3 44 8b
0x00007ffd5567fa9a:   ca 85 d2 74 39 48 2b f8 0f 1f 40 00 66 66 0f 1f
0x00007ffd5567faaa:   84 00 00 00 00 00 0f b6 4c 07 06 88 08 48 ff c0
0x00007ffd5567faba:   48 8b c8 49 2b c8 49 3b c9 7c eb 42 c6 04 02 00
0x00007ffd5567faca:   49 8b c0 48 8b 5c 24 30 48 83 c4 20 5f c3 48 8b
0x00007ffd5567fada:   5c 24 30 c6 04 02 00 48 83 c4 20 5f c3 cc cc cc
0x00007ffd5567faea:   cc cc cc cc cc cc 4c 8b d1 45 85 c0 7e 6c 44 0f
0x00007ffd5567fafa:   b7 49 04 41 8d 40 ff 41 3b c1 44 0f 4c c8 4d 63
0x00007ffd5567fb0a:   d9 45 85 c9 7e 22 48 8b ca 4c 2b d2 4d 8b c3 0f
0x00007ffd5567fb1a:   1f 80 00 00 00 00 41 0f b6 44 0a 06 88 01 48 8d
0x00007ffd5567fb2a:   49 01 49 83 e8 01 75 ee 41 c6 04 13 00 48 c7 c0
0x00007ffd5567fb3a:   ff ff ff ff 66 90 48 ff c0 80 3c 02 00 75 f7 48
0x00007ffd5567fb4a:   63 c8 85 c0 48 8b c2 7e 14 80 38 2f 75 03 c6 00
0x00007ffd5567fb5a:   2e 48 ff c0 48 83 e9 01 75 ef 48 8b c2 c3 cc cc
0x00007ffd5567fb6a:   cc cc cc cc cc cc 48 83 ec 28 e8 f7 fe ff ff 4c 


Stack slot to memory mapping:
stack at sp + 0 slots: 0x000000000000003a is an unknown value
stack at sp + 1 slots: 0x0000000800b62000 is a pointer to class: 
br.com.ultraworks.erp.api.seguranca.service.UsuarioService {0x0000000800b62008}
 - instance size:     7
 - klass size:        77
 - access:            public synchronized 
 - state:             fully_initialized
 - name:              'br/com/ultraworks/erp/api/seguranca/service/UsuarioService'
 - super:             'br/com/ultraworks/erp/core/generics/GenericService'
 - sub:               
 - arrays:            NULL
 - methods:           Array<T>(0x000001c07a0136c8)
 - method ordering:   Array<T>(0x000001c00148c840)
 - default_methods:   Array<T>(0x0000000000000000)
 - local interfaces:  Array<T>(0x000001c078800058)
 - trans. interfaces: Array<T>(0x000001c078800058)
 - constants:         constant pool [313]/operands[14] {0x000001c0016f5930} for 'br/com/ultraworks/erp/api/seguranca/service/UsuarioService' cache=0x000001c0016f6338
 - class loader data:  loader data: 0x000001c0004391e0 for instance a 'org/springframework/boot/devtools/restart/classloader/RestartClassLoader'{0x0000000705b273d0}
 - source file:       'UsuarioService.java'
 - source debug extension:       SMAP
UsuarioService.java
Java
*S jdt
*F
1 UsuarioService.java
2 file:/C:/Pessoal/projetos/uw/uworks_erp/target/classes/
*L
*E

 - class annotations:       Array<T>(0x000001c07a013880)
 - class type annotations:  Array<T>(0x0000000000000000)
 - field annotations:       Array<T>(0x0000000000000000)
 - field type annotations:  Array<T>(0x0000000000000000)
 - generic signature: '
[error occurred during error reporting (inspecting top of stack), id 0xc0000005, EXCEPTION_ACCESS_VIOLATION (0xc0000005) at pc=0x00007ffd55680686]


---------------  P R O C E S S  ---------------

Threads class SMR info:
_java_thread_list=0x000001c00200ece0, length=45, elements={
0x000001c077dbc050, 0x000001c077dbcb10, 0x000001c0783d4010, 0x000001c0783d6ce0,
0x000001c0783d75a0, 0x000001c0783dd900, 0x000001c0783ebd50, 0x000001c0783f4680,
0x000001c078474fe0, 0x000001c0785e4130, 0x000001c0785ee990, 0x000001c0785eee80,
0x000001c0798768c0, 0x000001c079a1b840, 0x000001c079a1a150, 0x000001c079a14690,
0x000001c07a97e740, 0x000001c07a99adb0, 0x000001c07a99bcd0, 0x000001c07aa80ed0,
0x000001c0004d08b0, 0x000001c0002ebbd0, 0x000001c0002ec0a0, 0x000001c0004d2590,
0x000001c0002e9a20, 0x000001c07aa81d40, 0x000001c07aa82210, 0x000001c0002ee720,
0x000001c0002e9550, 0x000001c0002e9ef0, 0x000001c0002ecf10, 0x000001c0002ef590,
0x000001c0002ed3e0, 0x000001c0002ee250, 0x000001c0002efa60, 0x000001c0002f0400,
0x000001c0004d2a60, 0x000001c0004d1720, 0x000001c0004d4270, 0x000001c0004d20c0,
0x000001c0004d2f30, 0x000001c0004d1250, 0x000001c0004d3da0, 0x000001c0004d38d0,
0x000001c0004d0d80
}

Java Threads: ( => current thread )
  0x000001c077dbc050 JavaThread "Reference Handler" daemon [_thread_blocked, id=16424, stack(0x0000009b57f00000,0x0000009b58000000)]
  0x000001c077dbcb10 JavaThread "Finalizer" daemon [_thread_blocked, id=22660, stack(0x0000009b58000000,0x0000009b58100000)]
  0x000001c0783d4010 JavaThread "Signal Dispatcher" daemon [_thread_blocked, id=19288, stack(0x0000009b58100000,0x0000009b58200000)]
  0x000001c0783d6ce0 JavaThread "Attach Listener" daemon [_thread_blocked, id=2916, stack(0x0000009b58200000,0x0000009b58300000)]
  0x000001c0783d75a0 JavaThread "Service Thread" daemon [_thread_blocked, id=23736, stack(0x0000009b58300000,0x0000009b58400000)]
  0x000001c0783dd900 JavaThread "Monitor Deflation Thread" daemon [_thread_blocked, id=24408, stack(0x0000009b58400000,0x0000009b58500000)]
  0x000001c0783ebd50 JavaThread "C1 CompilerThread0" daemon [_thread_blocked, id=17984, stack(0x0000009b58500000,0x0000009b58600000)]
  0x000001c0783f4680 JavaThread "Sweeper thread" daemon [_thread_blocked, id=17196, stack(0x0000009b58600000,0x0000009b58700000)]
  0x000001c078474fe0 JavaThread "Common-Cleaner" daemon [_thread_blocked, id=11196, stack(0x0000009b58700000,0x0000009b58800000)]
=>0x000001c0785e4130 JavaThread "JDWP Transport Listener: dt_socket" daemon [_thread_in_vm, id=6088, stack(0x0000009b58a00000,0x0000009b58b00000)]
  0x000001c0785ee990 JavaThread "JDWP Event Helper Thread" daemon [_thread_blocked, id=20836, stack(0x0000009b58b00000,0x0000009b58c00000)]
  0x000001c0785eee80 JavaThread "JDWP Command Reader" daemon [_thread_in_native, id=25428, stack(0x0000009b58c00000,0x0000009b58d00000)]
  0x000001c0798768c0 JavaThread "Notification Thread" daemon [_thread_blocked, id=21584, stack(0x0000009b58d00000,0x0000009b58e00000)]
  0x000001c079a1b840 JavaThread "RMI TCP Accept-0" daemon [_thread_in_native, id=1556, stack(0x0000009b58e00000,0x0000009b58f00000)]
  0x000001c079a1a150 JavaThread "RMI TCP Accept-65017" daemon [_thread_in_native, id=23216, stack(0x0000009b58f00000,0x0000009b59000000)]
  0x000001c079a14690 JavaThread "RMI TCP Accept-0" daemon [_thread_in_native, id=15084, stack(0x0000009b59000000,0x0000009b59100000)]
  0x000001c07a97e740 JavaThread "RMI Scheduler(0)" daemon [_thread_blocked, id=12524, stack(0x0000009b59c00000,0x0000009b59d00000)]
  0x000001c07a99adb0 JavaThread "RMI TCP Connection(idle)" daemon [_thread_blocked, id=3104, stack(0x0000009b59d00000,0x0000009b59e00000)]
  0x000001c07a99bcd0 JavaThread "JMX server connection timeout 25" daemon [_thread_blocked, id=18924, stack(0x0000009b59e00000,0x0000009b59f00000)]
  0x000001c07aa80ed0 JavaThread "PostgreSQL-JDBC-Cleaner" daemon [_thread_blocked, id=25548, stack(0x0000009b57700000,0x0000009b57800000)]
  0x000001c0004d08b0 JavaThread "Live Reload Server" daemon [_thread_in_native, id=636, stack(0x0000009b5a700000,0x0000009b5a800000)]
  0x000001c0002ebbd0 JavaThread "ultraDataSource housekeeper" daemon [_thread_blocked, id=25212, stack(0x0000009b58900000,0x0000009b58a00000)]
  0x000001c0002ec0a0 JavaThread "DestroyJavaVM" [_thread_blocked, id=760, stack(0x0000009b57800000,0x0000009b57900000)]
  0x000001c0004d2590 JavaThread "ultraDataSource housekeeper" daemon [_thread_blocked, id=24824, stack(0x0000009b5b600000,0x0000009b5b700000)]
  0x000001c0002e9a20 JavaThread "ultraDataSource housekeeper" daemon [_thread_blocked, id=24368, stack(0x0000009b5b900000,0x0000009b5ba00000)]
  0x000001c07aa81d40 JavaThread "ultraDataSource housekeeper" daemon [_thread_blocked, id=9948, stack(0x0000009b5ba00000,0x0000009b5bb00000)]
  0x000001c07aa82210 JavaThread "masterDataSource housekeeper" daemon [_thread_blocked, id=24180, stack(0x0000009b5a000000,0x0000009b5a100000)]
  0x000001c0002ee720 JavaThread "Catalina-utility-1" [_thread_blocked, id=10944, stack(0x0000009b5a300000,0x0000009b5a400000)]
  0x000001c0002e9550 JavaThread "Catalina-utility-2" [_thread_blocked, id=21384, stack(0x0000009b5a400000,0x0000009b5a500000)]
  0x000001c0002e9ef0 JavaThread "container-0" [_thread_blocked, id=1164, stack(0x0000009b5a500000,0x0000009b5a600000)]
  0x000001c0002ecf10 JavaThread "File Watcher" daemon [_thread_in_native, id=18648, stack(0x0000009b5a600000,0x0000009b5a700000)]
  0x000001c0002ef590 JavaThread "http-nio-3333-exec-1" daemon [_thread_blocked, id=9636, stack(0x0000009b5a800000,0x0000009b5a900000)]
  0x000001c0002ed3e0 JavaThread "http-nio-3333-exec-2" daemon [_thread_blocked, id=23540, stack(0x0000009b5a900000,0x0000009b5aa00000)]
  0x000001c0002ee250 JavaThread "http-nio-3333-exec-3" daemon [_thread_blocked, id=17104, stack(0x0000009b5aa00000,0x0000009b5ab00000)]
  0x000001c0002efa60 JavaThread "http-nio-3333-exec-4" daemon [_thread_blocked, id=17020, stack(0x0000009b5ab00000,0x0000009b5ac00000)]
  0x000001c0002f0400 JavaThread "http-nio-3333-exec-5" daemon [_thread_blocked, id=20476, stack(0x0000009b5ac00000,0x0000009b5ad00000)]
  0x000001c0004d2a60 JavaThread "http-nio-3333-exec-6" daemon [_thread_blocked, id=12540, stack(0x0000009b5ad00000,0x0000009b5ae00000)]
  0x000001c0004d1720 JavaThread "http-nio-3333-exec-7" daemon [_thread_blocked, id=3640, stack(0x0000009b5ae00000,0x0000009b5af00000)]
  0x000001c0004d4270 JavaThread "http-nio-3333-exec-8" daemon [_thread_blocked, id=20872, stack(0x0000009b5af00000,0x0000009b5b000000)]
  0x000001c0004d20c0 JavaThread "http-nio-3333-exec-9" daemon [_thread_blocked, id=13412, stack(0x0000009b5b000000,0x0000009b5b100000)]
  0x000001c0004d2f30 JavaThread "http-nio-3333-exec-10" daemon [_thread_blocked, id=24952, stack(0x0000009b5b100000,0x0000009b5b200000)]
  0x000001c0004d1250 JavaThread "http-nio-3333-Poller" daemon [_thread_in_native, id=15536, stack(0x0000009b5b200000,0x0000009b5b300000)]
  0x000001c0004d3da0 JavaThread "http-nio-3333-Acceptor" daemon [_thread_in_native, id=3348, stack(0x0000009b5b300000,0x0000009b5b400000)]
  0x000001c0004d38d0 JavaThread "ultraDataSource housekeeper" daemon [_thread_blocked, id=22176, stack(0x0000009b5b500000,0x0000009b5b600000)]
  0x000001c0004d0d80 JavaThread "ForkJoinPool.commonPool-worker-7" daemon [_thread_blocked, id=14176, stack(0x0000009b57500000,0x0000009b57600000)]

Other Threads:
  0x000001c07839ad00 VMThread "VM Thread" [stack: 0x0000009b57e00000,0x0000009b57f00000] [id=24980]
  0x000001c065b999a0 WatcherThread [stack: 0x0000009b59100000,0x0000009b59200000] [id=10928]
  0x000001c065b7ccb0 GCTaskThread "GC Thread#0" [stack: 0x0000009b57900000,0x0000009b57a00000] [id=13560]
  0x000001c079a08de0 GCTaskThread "GC Thread#1" [stack: 0x0000009b59200000,0x0000009b59300000] [id=19048]
  0x000001c079a09090 GCTaskThread "GC Thread#2" [stack: 0x0000009b59300000,0x0000009b59400000] [id=21944]
  0x000001c079a09340 GCTaskThread "GC Thread#3" [stack: 0x0000009b59400000,0x0000009b59500000] [id=21624]
  0x000001c079a095f0 GCTaskThread "GC Thread#4" [stack: 0x0000009b59500000,0x0000009b59600000] [id=12932]
  0x000001c079a098a0 GCTaskThread "GC Thread#5" [stack: 0x0000009b59600000,0x0000009b59700000] [id=16576]
  0x000001c079af0f60 GCTaskThread "GC Thread#6" [stack: 0x0000009b59700000,0x0000009b59800000] [id=23752]
  0x000001c079a7a5d0 GCTaskThread "GC Thread#7" [stack: 0x0000009b59800000,0x0000009b59900000] [id=19088]
  0x000001c065b8d280 ConcurrentGCThread "G1 Main Marker" [stack: 0x0000009b57a00000,0x0000009b57b00000] [id=19828]
  0x000001c065b8de70 ConcurrentGCThread "G1 Conc#0" [stack: 0x0000009b57b00000,0x0000009b57c00000] [id=25312]
  0x000001c07abe94b0 ConcurrentGCThread "G1 Conc#1" [stack: 0x0000009b5a100000,0x0000009b5a200000] [id=20604]
  0x000001c077c892b0 ConcurrentGCThread "G1 Refine#0" [stack: 0x0000009b57c00000,0x0000009b57d00000] [id=25232]
  0x000001c079a66020 ConcurrentGCThread "G1 Refine#1" [stack: 0x0000009b59900000,0x0000009b59a00000] [id=25096]
  0x000001c079a68520 ConcurrentGCThread "G1 Refine#2" [stack: 0x0000009b59a00000,0x0000009b59b00000] [id=22552]
  0x000001c077c89be0 ConcurrentGCThread "G1 Service" [stack: 0x0000009b57d00000,0x0000009b57e00000] [id=17592]

Threads with active compile tasks:

VM state: not at safepoint (normal execution)

VM Mutex/Monitor currently owned by a thread: None

Heap address: 0x0000000704a00000, size: 4022 MB, Compressed Oops mode: Zero based, Oop shift amount: 3

CDS archive(s) not mapped
Compressed class space mapped at: 0x0000000800000000-0x0000000840000000, reserved size: 1073741824
Narrow klass base: 0x0000000800000000, Narrow klass shift: 0, Narrow klass range: 0x40000000

GC Precious Log:
 CPUs: 8 total, 8 available
 Memory: 16087M
 Large Page Support: Disabled
 NUMA Support: Disabled
 Compressed Oops: Enabled (Zero based)
 Heap Region Size: 2M
 Heap Min Capacity: 8M
 Heap Initial Capacity: 252M
 Heap Max Capacity: 4022M
 Pre-touch: Disabled
 Parallel Workers: 8
 Concurrent Workers: 2
 Concurrent Refinement Workers: 8
 Periodic GC: Disabled

Heap:
 garbage-first heap   total 157696K, used 102615K [0x0000000704a00000, 0x0000000800000000)
  region size 2048K, 28 young (57344K), 3 survivors (6144K)
 Metaspace       used 103633K, committed 104320K, reserved 1138688K
  class space    used 13955K, committed 14272K, reserved 1048576K

Heap Regions: E=young(eden), S=young(survivor), O=old, HS=humongous(starts), HC=humongous(continues), CS=collection set, F=free, OA=open archive, CA=closed archive, TAMS=top-at-mark-start (previous, next)
|   0|0x0000000704a00000, 0x0000000704c00000, 0x0000000704c00000|100%| O|  |TAMS 0x0000000704c00000, 0x0000000704a00000| Untracked 
|   1|0x0000000704c00000, 0x0000000704dffff0, 0x0000000704e00000| 99%| O|  |TAMS 0x0000000704dffff0, 0x0000000704c00000| Untracked 
|   2|0x0000000704e00000, 0x0000000704ffffe8, 0x0000000705000000| 99%| O|  |TAMS 0x0000000704ffffe8, 0x0000000704e00000| Untracked 
|   3|0x0000000705000000, 0x0000000705200000, 0x0000000705200000|100%| O|  |TAMS 0x0000000705200000, 0x0000000705000000| Untracked 
|   4|0x0000000705200000, 0x00000007053fffb8, 0x0000000705400000| 99%| O|  |TAMS 0x00000007053fffb8, 0x0000000705200000| Untracked 
|   5|0x0000000705400000, 0x00000007055fffe0, 0x0000000705600000| 99%| O|  |TAMS 0x00000007055fffe0, 0x0000000705400000| Untracked 
|   6|0x0000000705600000, 0x00000007057fffe0, 0x0000000705800000| 99%| O|  |TAMS 0x00000007057fffe0, 0x0000000705600000| Untracked 
|   7|0x0000000705800000, 0x00000007059ffff0, 0x0000000705a00000| 99%| O|  |TAMS 0x00000007059ffff0, 0x0000000705800000| Untracked 
|   8|0x0000000705a00000, 0x0000000705bfffc8, 0x0000000705c00000| 99%| O|  |TAMS 0x0000000705a00000, 0x0000000705a00000| Untracked 
|   9|0x0000000705c00000, 0x0000000705dffff8, 0x0000000705e00000| 99%| O|  |TAMS 0x0000000705dffff8, 0x0000000705c00000| Untracked 
|  10|0x0000000705e00000, 0x0000000705fff308, 0x0000000706000000| 99%| O|  |TAMS 0x0000000705e00000, 0x0000000705e00000| Untracked 
|  11|0x0000000706000000, 0x00000007061ffff0, 0x0000000706200000| 99%| O|  |TAMS 0x0000000706000000, 0x0000000706000000| Untracked 
|  12|0x0000000706200000, 0x0000000706400000, 0x0000000706400000|100%| O|  |TAMS 0x0000000706200000, 0x0000000706200000| Untracked 
|  13|0x0000000706400000, 0x00000007064c8060, 0x0000000706600000| 39%| O|  |TAMS 0x0000000706400000, 0x0000000706400000| Untracked 
|  14|0x0000000706600000, 0x000000070674d5f8, 0x0000000706800000| 65%| O|  |TAMS 0x0000000706600000, 0x0000000706600000| Untracked 
|  15|0x0000000706800000, 0x0000000706a00000, 0x0000000706a00000|100%| O|  |TAMS 0x0000000706800000, 0x0000000706800000| Untracked 
|  16|0x0000000706a00000, 0x0000000706af1db0, 0x0000000706c00000| 47%| O|  |TAMS 0x0000000706a00000, 0x0000000706a00000| Untracked 
|  17|0x0000000706c00000, 0x0000000706dff168, 0x0000000706e00000| 99%| O|  |TAMS 0x0000000706c00000, 0x0000000706c00000| Untracked 
|  18|0x0000000706e00000, 0x0000000707000000, 0x0000000707000000|100%| O|  |TAMS 0x0000000706e00000, 0x0000000706e00000| Untracked 
|  19|0x0000000707000000, 0x0000000707200000, 0x0000000707200000|100%| O|  |TAMS 0x0000000707000000, 0x0000000707000000| Untracked 
|  20|0x0000000707200000, 0x00000007072f4de8, 0x0000000707400000| 47%| O|  |TAMS 0x0000000707200000, 0x0000000707200000| Untracked 
|  21|0x0000000707400000, 0x0000000707600000, 0x0000000707600000|100%| O|  |TAMS 0x0000000707400000, 0x0000000707400000| Untracked 
|  22|0x0000000707600000, 0x000000070775c048, 0x0000000707800000| 67%| O|  |TAMS 0x0000000707600000, 0x0000000707600000| Untracked 
|  23|0x0000000707800000, 0x0000000707a00000, 0x0000000707a00000|100%| O|  |TAMS 0x0000000707800000, 0x0000000707800000| Untracked 
|  24|0x0000000707a00000, 0x0000000707c00000, 0x0000000707c00000|100%| O|  |TAMS 0x0000000707a00000, 0x0000000707a00000| Untracked 
|  25|0x0000000707c00000, 0x0000000707d73600, 0x0000000707e00000| 72%| O|  |TAMS 0x0000000707c00000, 0x0000000707c00000| Untracked 
|  26|0x0000000707e00000, 0x0000000707e00000, 0x0000000708000000|  0%| F|  |TAMS 0x0000000707e00000, 0x0000000707e00000| Untracked 
|  27|0x0000000708000000, 0x0000000708000000, 0x0000000708200000|  0%| F|  |TAMS 0x0000000708000000, 0x0000000708000000| Untracked 
|  28|0x0000000708200000, 0x0000000708200000, 0x0000000708400000|  0%| F|  |TAMS 0x0000000708200000, 0x0000000708200000| Untracked 
|  29|0x0000000708400000, 0x0000000708400000, 0x0000000708600000|  0%| F|  |TAMS 0x0000000708400000, 0x0000000708400000| Untracked 
|  30|0x0000000708600000, 0x0000000708600000, 0x0000000708800000|  0%| F|  |TAMS 0x0000000708600000, 0x0000000708600000| Untracked 
|  31|0x0000000708800000, 0x0000000708800000, 0x0000000708a00000|  0%| F|  |TAMS 0x0000000708800000, 0x0000000708800000| Untracked 
|  32|0x0000000708a00000, 0x0000000708a00000, 0x0000000708c00000|  0%| F|  |TAMS 0x0000000708a00000, 0x0000000708a00000| Untracked 
|  33|0x0000000708c00000, 0x0000000708c00000, 0x0000000708e00000|  0%| F|  |TAMS 0x0000000708c00000, 0x0000000708c00000| Untracked 
|  34|0x0000000708e00000, 0x0000000708e00000, 0x0000000709000000|  0%| F|  |TAMS 0x0000000708e00000, 0x0000000708e00000| Untracked 
|  35|0x0000000709000000, 0x000000070916c0f8, 0x0000000709200000| 71%| S|CS|TAMS 0x0000000709000000, 0x0000000709000000| Complete 
|  36|0x0000000709200000, 0x0000000709200000, 0x0000000709400000|  0%| F|  |TAMS 0x0000000709200000, 0x0000000709200000| Untracked 
|  37|0x0000000709400000, 0x0000000709400000, 0x0000000709600000|  0%| F|  |TAMS 0x0000000709400000, 0x0000000709400000| Untracked 
|  38|0x0000000709600000, 0x0000000709600000, 0x0000000709800000|  0%| F|  |TAMS 0x0000000709600000, 0x0000000709600000| Untracked 
|  39|0x0000000709800000, 0x0000000709800000, 0x0000000709a00000|  0%| F|  |TAMS 0x0000000709800000, 0x0000000709800000| Untracked 
|  40|0x0000000709a00000, 0x0000000709c00000, 0x0000000709c00000|100%| S|CS|TAMS 0x0000000709a00000, 0x0000000709a00000| Complete 
|  41|0x0000000709c00000, 0x0000000709e00000, 0x0000000709e00000|100%| S|CS|TAMS 0x0000000709c00000, 0x0000000709c00000| Complete 
|  42|0x0000000709e00000, 0x0000000709e00000, 0x000000070a000000|  0%| F|  |TAMS 0x0000000709e00000, 0x0000000709e00000| Untracked 
|  43|0x000000070a000000, 0x000000070a000000, 0x000000070a200000|  0%| F|  |TAMS 0x000000070a000000, 0x000000070a000000| Untracked 
|  44|0x000000070a200000, 0x000000070a200000, 0x000000070a400000|  0%| F|  |TAMS 0x000000070a200000, 0x000000070a200000| Untracked 
|  45|0x000000070a400000, 0x000000070a400000, 0x000000070a600000|  0%| F|  |TAMS 0x000000070a400000, 0x000000070a400000| Untracked 
|  46|0x000000070a600000, 0x000000070a600000, 0x000000070a800000|  0%| F|  |TAMS 0x000000070a600000, 0x000000070a600000| Untracked 
|  47|0x000000070a800000, 0x000000070a800000, 0x000000070aa00000|  0%| F|  |TAMS 0x000000070a800000, 0x000000070a800000| Untracked 
|  48|0x000000070aa00000, 0x000000070aa00000, 0x000000070ac00000|  0%| F|  |TAMS 0x000000070aa00000, 0x000000070aa00000| Untracked 
|  49|0x000000070ac00000, 0x000000070ac00000, 0x000000070ae00000|  0%| F|  |TAMS 0x000000070ac00000, 0x000000070ac00000| Untracked 
|  50|0x000000070ae00000, 0x000000070ae00000, 0x000000070b000000|  0%| F|  |TAMS 0x000000070ae00000, 0x000000070ae00000| Untracked 
|  51|0x000000070b000000, 0x000000070b000000, 0x000000070b200000|  0%| F|  |TAMS 0x000000070b000000, 0x000000070b000000| Untracked 
|  52|0x000000070b200000, 0x000000070b39f4f8, 0x000000070b400000| 81%| E|  |TAMS 0x000000070b200000, 0x000000070b200000| Complete 
|  53|0x000000070b400000, 0x000000070b600000, 0x000000070b600000|100%| E|CS|TAMS 0x000000070b400000, 0x000000070b400000| Complete 
|  54|0x000000070b600000, 0x000000070b800000, 0x000000070b800000|100%| E|CS|TAMS 0x000000070b600000, 0x000000070b600000| Complete 
|  55|0x000000070b800000, 0x000000070ba00000, 0x000000070ba00000|100%| E|CS|TAMS 0x000000070b800000, 0x000000070b800000| Complete 
|  56|0x000000070ba00000, 0x000000070bc00000, 0x000000070bc00000|100%| E|CS|TAMS 0x000000070ba00000, 0x000000070ba00000| Complete 
|  57|0x000000070bc00000, 0x000000070be00000, 0x000000070be00000|100%| E|CS|TAMS 0x000000070bc00000, 0x000000070bc00000| Complete 
|  58|0x000000070be00000, 0x000000070c000000, 0x000000070c000000|100%| E|CS|TAMS 0x000000070be00000, 0x000000070be00000| Complete 
|  59|0x000000070c000000, 0x000000070c200000, 0x000000070c200000|100%| E|CS|TAMS 0x000000070c000000, 0x000000070c000000| Complete 
|  60|0x000000070c200000, 0x000000070c400000, 0x000000070c400000|100%| E|CS|TAMS 0x000000070c200000, 0x000000070c200000| Complete 
|  61|0x000000070c400000, 0x000000070c600000, 0x000000070c600000|100%| E|CS|TAMS 0x000000070c400000, 0x000000070c400000| Complete 
|  62|0x000000070c600000, 0x000000070c800000, 0x000000070c800000|100%| E|CS|TAMS 0x000000070c600000, 0x000000070c600000| Complete 
|  63|0x000000070c800000, 0x000000070ca00000, 0x000000070ca00000|100%| E|CS|TAMS 0x000000070c800000, 0x000000070c800000| Complete 
|  64|0x000000070ca00000, 0x000000070cc00000, 0x000000070cc00000|100%| E|CS|TAMS 0x000000070ca00000, 0x000000070ca00000| Complete 
|  65|0x000000070cc00000, 0x000000070ce00000, 0x000000070ce00000|100%| E|CS|TAMS 0x000000070cc00000, 0x000000070cc00000| Complete 
|  66|0x000000070ce00000, 0x000000070d000000, 0x000000070d000000|100%| E|CS|TAMS 0x000000070ce00000, 0x000000070ce00000| Complete 
|  67|0x000000070d000000, 0x000000070d200000, 0x000000070d200000|100%| E|CS|TAMS 0x000000070d000000, 0x000000070d000000| Complete 
|  68|0x000000070d200000, 0x000000070d400000, 0x000000070d400000|100%| E|CS|TAMS 0x000000070d200000, 0x000000070d200000| Complete 
|  69|0x000000070d400000, 0x000000070d600000, 0x000000070d600000|100%| E|CS|TAMS 0x000000070d400000, 0x000000070d400000| Complete 
|  70|0x000000070d600000, 0x000000070d800000, 0x000000070d800000|100%| E|CS|TAMS 0x000000070d600000, 0x000000070d600000| Complete 
|  71|0x000000070d800000, 0x000000070da00000, 0x000000070da00000|100%| E|CS|TAMS 0x000000070d800000, 0x000000070d800000| Complete 
|  72|0x000000070da00000, 0x000000070dc00000, 0x000000070dc00000|100%| E|CS|TAMS 0x000000070da00000, 0x000000070da00000| Complete 
|  73|0x000000070dc00000, 0x000000070de00000, 0x000000070de00000|100%| E|CS|TAMS 0x000000070dc00000, 0x000000070dc00000| Complete 
|  74|0x000000070de00000, 0x000000070e000000, 0x000000070e000000|100%| E|CS|TAMS 0x000000070de00000, 0x000000070de00000| Complete 
|  75|0x000000070e000000, 0x000000070e200000, 0x000000070e200000|100%| E|CS|TAMS 0x000000070e000000, 0x000000070e000000| Complete 
|  76|0x000000070e200000, 0x000000070e400000, 0x000000070e400000|100%| E|CS|TAMS 0x000000070e200000, 0x000000070e200000| Complete 

Card table byte_map: [0x000001c06ca80000,0x000001c06d260000] _byte_map_base: 0x000001c06925b000

Marking Bits (Prev, Next): (CMBitMap*) 0x000001c065b2e2b0, (CMBitMap*) 0x000001c065b2e2f0
 Prev Bits: [0x000001c06da40000, 0x000001c071918000)
 Next Bits: [0x000001c071920000, 0x000001c0757f8000)

Polling page: 0x000001c0652a0000

Metaspace:

Usage:
  Non-class:     87.58 MB used.
      Class:     13.63 MB used.
       Both:    101.20 MB used.

Virtual space:
  Non-class space:       88.00 MB reserved,      87.94 MB (>99%) committed,  11 nodes.
      Class space:        1.00 GB reserved,      13.94 MB (  1%) committed,  1 nodes.
             Both:        1.09 GB reserved,     101.88 MB (  9%) committed. 

Chunk freelists:
   Non-Class:  64.00 KB
       Class:  1.94 MB
        Both:  2.00 MB

MaxMetaspaceSize: unlimited
CompressedClassSpaceSize: 1.00 GB
Initial GC threshold: 21.00 MB
Current GC threshold: 162.50 MB
CDS: off
MetaspaceReclaimPolicy: balanced
 - commit_granule_bytes: 65536.
 - commit_granule_words: 8192.
 - virtual_space_node_default_size: 1048576.
 - enlarge_chunks_in_place: 1.
 - new_chunks_are_fully_committed: 0.
 - uncommit_free_chunks: 1.
 - use_allocation_guard: 0.
 - handle_deallocations: 1.


Internal statistics:

num_allocs_failed_limit: 12.
num_arena_births: 1754.
num_arena_deaths: 746.
num_vsnodes_births: 12.
num_vsnodes_deaths: 0.
num_space_committed: 1630.
num_space_uncommitted: 0.
num_chunks_returned_to_freelist: 978.
num_chunks_taken_from_freelist: 6288.
num_chunk_merges: 287.
num_chunk_splits: 3738.
num_chunks_enlarged: 2520.
num_purges: 10.
num_inconsistent_stats: 0.

CodeCache: size=49152Kb used=28093Kb max_used=28657Kb free=21058Kb
 bounds [0x000001c069190000, 0x000001c06ade0000, 0x000001c06c190000]
 total_blobs=15964 nmethods=15245 adapters=645
 compilation: enabled
              stopped_count=0, restarted_count=0
 full_count=0

Compilation events (20 events):
Event: 3063.314 Thread 0x000001c0783ebd50 nmethod 15233 0x000001c06ad04790 code [0x000001c06ad04920, 0x000001c06ad049f8]
Event: 3063.314 Thread 0x000001c00088e740 nmethod 15234 0x000001c06ad04490 code [0x000001c06ad04620, 0x000001c06ad046f8]
Event: 3063.314 Thread 0x000001c0783ebd50 15235       1       com.fasterxml.jackson.databind.AnnotationIntrospector::findPropertyIndex (2 bytes)
Event: 3063.314 Thread 0x000001c00088e740 15236       1       com.fasterxml.jackson.databind.AnnotationIntrospector::findPropertyDefaultValue (2 bytes)
Event: 3063.314 Thread 0x000001c00088e740 nmethod 15236 0x000001c06ad04190 code [0x000001c06ad04320, 0x000001c06ad043f8]
Event: 3063.314 Thread 0x000001c0783ebd50 nmethod 15235 0x000001c06ad03e90 code [0x000001c06ad04020, 0x000001c06ad040f8]
Event: 3063.314 Thread 0x000001c00088e740 15238       1       com.fasterxml.jackson.databind.AnnotationIntrospector::findPropertyTypeResolver (2 bytes)
Event: 3063.314 Thread 0x000001c0783ebd50 15239       1       com.fasterxml.jackson.databind.JavaType::getValueHandler (5 bytes)
Event: 3063.314 Thread 0x000001c00088e740 nmethod 15238 0x000001c06ad03b90 code [0x000001c06ad03d20, 0x000001c06ad03df8]
Event: 3063.314 Thread 0x000001c0783ebd50 nmethod 15239 0x000001c06ad03890 code [0x000001c06ad03a20, 0x000001c06ad03af8]
Event: 3063.315 Thread 0x000001c0783ebd50 15241       1       org.springframework.aop.TruePointcut::getClassFilter (4 bytes)
Event: 3063.315 Thread 0x000001c00088e740 15242       1       org.springframework.aop.TruePointcut::getMethodMatcher (4 bytes)
Event: 3063.315 Thread 0x000001c0783ebd50 nmethod 15241 0x000001c06ad03590 code [0x000001c06ad03720, 0x000001c06ad037f8]
Event: 3063.315 Thread 0x000001c00088e740 nmethod 15242 0x000001c06ad03290 code [0x000001c06ad03420, 0x000001c06ad034f8]
Event: 3063.351 Thread 0x000001c00088e740 15243       1       com.fasterxml.jackson.core.json.UTF8JsonGenerator::_writeStringSegment (122 bytes)
Event: 3063.352 Thread 0x000001c0783ebd50 15244       1       org.springframework.web.context.request.async.StandardServletAsyncWebRequest::isAsyncStarted (25 bytes)
Event: 3063.352 Thread 0x000001c00088e740 nmethod 15243 0x000001c06ad02810 code [0x000001c06ad02a00, 0x000001c06ad02ec8]
Event: 3063.352 Thread 0x000001c0783ebd50 nmethod 15244 0x000001c06ad02490 code [0x000001c06ad02620, 0x000001c06ad02748]
Event: 3063.354 Thread 0x000001c00088e740 15245       1       org.apache.tomcat.util.http.MimeHeaders::clear (31 bytes)
Event: 3063.355 Thread 0x000001c00088e740 nmethod 15245 0x000001c06ad01f90 code [0x000001c06ad02140, 0x000001c06ad022d8]

GC Heap History (20 events):
Event: 2604.778 GC heap before
{Heap before GC invocations=65 (full 3):
 garbage-first heap   total 147456K, used 114648K [0x0000000704a00000, 0x0000000800000000)
  region size 2048K, 36 young (73728K), 4 survivors (8192K)
 Metaspace       used 99145K, committed 99840K, reserved 1138688K
  class space    used 13412K, committed 13760K, reserved 1048576K
}
Event: 2604.792 GC heap after
{Heap after GC invocations=66 (full 3):
 garbage-first heap   total 147456K, used 50413K [0x0000000704a00000, 0x0000000800000000)
  region size 2048K, 4 young (8192K), 4 survivors (8192K)
 Metaspace       used 99145K, committed 99840K, reserved 1138688K
  class space    used 13412K, committed 13760K, reserved 1048576K
}
Event: 2739.971 GC heap before
{Heap before GC invocations=66 (full 3):
 garbage-first heap   total 147456K, used 103661K [0x0000000704a00000, 0x0000000800000000)
  region size 2048K, 31 young (63488K), 4 survivors (8192K)
 Metaspace       used 99157K, committed 99840K, reserved 1138688K
  class space    used 13414K, committed 13760K, reserved 1048576K
}
Event: 2740.022 GC heap after
{Heap after GC invocations=67 (full 4):
 garbage-first heap   total 131072K, used 34137K [0x0000000704a00000, 0x0000000800000000)
  region size 2048K, 0 young (0K), 0 survivors (0K)
 Metaspace       used 99011K, committed 99840K, reserved 1138688K
  class space    used 13389K, committed 13760K, reserved 1048576K
}
Event: 2742.885 GC heap before
{Heap before GC invocations=67 (full 4):
 garbage-first heap   total 131072K, used 103769K [0x0000000704a00000, 0x0000000800000000)
  region size 2048K, 34 young (69632K), 0 survivors (0K)
 Metaspace       used 99805K, committed 100480K, reserved 1138688K
  class space    used 13503K, committed 13824K, reserved 1048576K
}
Event: 2742.890 GC heap after
{Heap after GC invocations=68 (full 4):
 garbage-first heap   total 131072K, used 40250K [0x0000000704a00000, 0x0000000800000000)
  region size 2048K, 3 young (6144K), 3 survivors (6144K)
 Metaspace       used 99805K, committed 100480K, reserved 1138688K
  class space    used 13503K, committed 13824K, reserved 1048576K
}
Event: 2743.477 GC heap before
{Heap before GC invocations=68 (full 4):
 garbage-first heap   total 131072K, used 101690K [0x0000000704a00000, 0x0000000800000000)
  region size 2048K, 33 young (67584K), 3 survivors (6144K)
 Metaspace       used 99982K, committed 100608K, reserved 1138688K
  class space    used 13514K, committed 13824K, reserved 1048576K
}
Event: 2743.482 GC heap after
{Heap after GC invocations=69 (full 4):
 garbage-first heap   total 131072K, used 43013K [0x0000000704a00000, 0x0000000800000000)
  region size 2048K, 2 young (4096K), 2 survivors (4096K)
 Metaspace       used 99982K, committed 100608K, reserved 1138688K
  class space    used 13514K, committed 13824K, reserved 1048576K
}
Event: 2743.745 GC heap before
{Heap before GC invocations=69 (full 4):
 garbage-first heap   total 131072K, used 100357K [0x0000000704a00000, 0x0000000800000000)
  region size 2048K, 30 young (61440K), 2 survivors (4096K)
 Metaspace       used 100359K, committed 101056K, reserved 1138688K
  class space    used 13561K, committed 13888K, reserved 1048576K
}
Event: 2743.749 GC heap after
{Heap after GC invocations=70 (full 4):
 garbage-first heap   total 131072K, used 44841K [0x0000000704a00000, 0x0000000800000000)
  region size 2048K, 3 young (6144K), 3 survivors (6144K)
 Metaspace       used 100359K, committed 101056K, reserved 1138688K
  class space    used 13561K, committed 13888K, reserved 1048576K
}
Event: 2744.088 GC heap before
{Heap before GC invocations=70 (full 4):
 garbage-first heap   total 131072K, used 102185K [0x0000000704a00000, 0x0000000800000000)
  region size 2048K, 31 young (63488K), 3 survivors (6144K)
 Metaspace       used 100703K, committed 101376K, reserved 1138688K
  class space    used 13591K, committed 13888K, reserved 1048576K
}
Event: 2744.092 GC heap after
{Heap after GC invocations=71 (full 4):
 garbage-first heap   total 131072K, used 46548K [0x0000000704a00000, 0x0000000800000000)
  region size 2048K, 2 young (4096K), 2 survivors (4096K)
 Metaspace       used 100703K, committed 101376K, reserved 1138688K
  class space    used 13591K, committed 13888K, reserved 1048576K
}
Event: 2744.483 GC heap before
{Heap before GC invocations=71 (full 4):
 garbage-first heap   total 131072K, used 101844K [0x0000000704a00000, 0x0000000800000000)
  region size 2048K, 29 young (59392K), 2 survivors (4096K)
 Metaspace       used 101188K, committed 101888K, reserved 1138688K
  class space    used 13637K, committed 13952K, reserved 1048576K
}
Event: 2744.487 GC heap after
{Heap after GC invocations=72 (full 4):
 garbage-first heap   total 131072K, used 47658K [0x0000000704a00000, 0x0000000800000000)
  region size 2048K, 3 young (6144K), 3 survivors (6144K)
 Metaspace       used 101188K, committed 101888K, reserved 1138688K
  class space    used 13637K, committed 13952K, reserved 1048576K
}
Event: 2744.744 GC heap before
{Heap before GC invocations=72 (full 4):
 garbage-first heap   total 131072K, used 102954K [0x0000000704a00000, 0x0000000800000000)
  region size 2048K, 30 young (61440K), 3 survivors (6144K)
 Metaspace       used 101703K, committed 102400K, reserved 1138688K
  class space    used 13683K, committed 14016K, reserved 1048576K
}
Event: 2744.748 GC heap after
{Heap after GC invocations=73 (full 4):
 garbage-first heap   total 157696K, used 48567K [0x0000000704a00000, 0x0000000800000000)
  region size 2048K, 2 young (4096K), 2 survivors (4096K)
 Metaspace       used 101703K, committed 102400K, reserved 1138688K
  class space    used 13683K, committed 14016K, reserved 1048576K
}
Event: 2775.359 GC heap before
{Heap before GC invocations=73 (full 4):
 garbage-first heap   total 157696K, used 124343K [0x0000000704a00000, 0x0000000800000000)
  region size 2048K, 39 young (79872K), 2 survivors (4096K)
 Metaspace       used 102824K, committed 103552K, reserved 1138688K
  class space    used 13830K, committed 14144K, reserved 1048576K
}
Event: 2775.367 GC heap after
{Heap after GC invocations=74 (full 4):
 garbage-first heap   total 157696K, used 52743K [0x0000000704a00000, 0x0000000800000000)
  region size 2048K, 4 young (8192K), 4 survivors (8192K)
 Metaspace       used 102824K, committed 103552K, reserved 1138688K
  class space    used 13830K, committed 14144K, reserved 1048576K
}
Event: 2971.632 GC heap before
{Heap before GC invocations=74 (full 4):
 garbage-first heap   total 157696K, used 124423K [0x0000000704a00000, 0x0000000800000000)
  region size 2048K, 39 young (79872K), 4 survivors (8192K)
 Metaspace       used 103456K, committed 104192K, reserved 1138688K
  class space    used 13923K, committed 14272K, reserved 1048576K
}
Event: 2971.638 GC heap after
{Heap after GC invocations=75 (full 4):
 garbage-first heap   total 157696K, used 53463K [0x0000000704a00000, 0x0000000800000000)
  region size 2048K, 3 young (6144K), 3 survivors (6144K)
 Metaspace       used 103456K, committed 104192K, reserved 1138688K
  class space    used 13923K, committed 14272K, reserved 1048576K
}

Deoptimization events (20 events):
Event: 3063.349 Thread 0x000001c0004d2f30 DEOPT PACKING pc=0x000001c069984dcc sp=0x0000009b5b1f8550
Event: 3063.349 Thread 0x000001c0004d2f30 DEOPT UNPACKING pc=0x000001c0691e6763 sp=0x0000009b5b1f7b20 mode 1
Event: 3063.349 Thread 0x000001c0004d2f30 DEOPT PACKING pc=0x000001c069981cb4 sp=0x0000009b5b1f82f0
Event: 3063.349 Thread 0x000001c0004d2f30 DEOPT UNPACKING pc=0x000001c0691e6763 sp=0x0000009b5b1f7828 mode 1
Event: 3063.349 Thread 0x000001c0004d2f30 DEOPT PACKING pc=0x000001c069982bdc sp=0x0000009b5b1f83e0
Event: 3063.349 Thread 0x000001c0004d2f30 DEOPT UNPACKING pc=0x000001c0691e6763 sp=0x0000009b5b1f7990 mode 1
Event: 3063.349 Thread 0x000001c0004d2f30 DEOPT PACKING pc=0x000001c069984dcc sp=0x0000009b5b1f8550
Event: 3063.349 Thread 0x000001c0004d2f30 DEOPT UNPACKING pc=0x000001c0691e6763 sp=0x0000009b5b1f7b20 mode 1
Event: 3063.349 Thread 0x000001c0004d2f30 DEOPT PACKING pc=0x000001c069981cb4 sp=0x0000009b5b1f82f0
Event: 3063.349 Thread 0x000001c0004d2f30 DEOPT UNPACKING pc=0x000001c0691e6763 sp=0x0000009b5b1f7828 mode 1
Event: 3063.349 Thread 0x000001c0004d2f30 DEOPT PACKING pc=0x000001c069982bdc sp=0x0000009b5b1f83e0
Event: 3063.349 Thread 0x000001c0004d2f30 DEOPT UNPACKING pc=0x000001c0691e6763 sp=0x0000009b5b1f7990 mode 1
Event: 3063.349 Thread 0x000001c0004d2f30 DEOPT PACKING pc=0x000001c069984dcc sp=0x0000009b5b1f8550
Event: 3063.349 Thread 0x000001c0004d2f30 DEOPT UNPACKING pc=0x000001c0691e6763 sp=0x0000009b5b1f7b20 mode 1
Event: 3063.349 Thread 0x000001c0004d2f30 DEOPT PACKING pc=0x000001c069981cb4 sp=0x0000009b5b1f82f0
Event: 3063.349 Thread 0x000001c0004d2f30 DEOPT UNPACKING pc=0x000001c0691e6763 sp=0x0000009b5b1f7828 mode 1
Event: 3063.349 Thread 0x000001c0004d2f30 DEOPT PACKING pc=0x000001c069982bdc sp=0x0000009b5b1f83e0
Event: 3063.349 Thread 0x000001c0004d2f30 DEOPT UNPACKING pc=0x000001c0691e6763 sp=0x0000009b5b1f7990 mode 1
Event: 3063.349 Thread 0x000001c0004d2f30 DEOPT PACKING pc=0x000001c069984dcc sp=0x0000009b5b1f8550
Event: 3063.349 Thread 0x000001c0004d2f30 DEOPT UNPACKING pc=0x000001c0691e6763 sp=0x0000009b5b1f7b20 mode 1

Classes unloaded (20 events):
Event: 2739.988 Thread 0x000001c07839ad00 Unloading class 0x0000000800d21c00 'jdk/internal/reflect/GeneratedMethodAccessor112'
Event: 2739.988 Thread 0x000001c07839ad00 Unloading class 0x0000000800d21800 'jdk/internal/reflect/GeneratedMethodAccessor111'
Event: 2739.988 Thread 0x000001c07839ad00 Unloading class 0x0000000800d21000 'jdk/internal/reflect/GeneratedMethodAccessor109'
Event: 2739.988 Thread 0x000001c07839ad00 Unloading class 0x0000000800d20c00 'jdk/internal/reflect/GeneratedMethodAccessor108'
Event: 2739.988 Thread 0x000001c07839ad00 Unloading class 0x0000000800d20800 'jdk/internal/reflect/GeneratedMethodAccessor107'
Event: 2739.988 Thread 0x000001c07839ad00 Unloading class 0x0000000800d20400 'jdk/internal/reflect/GeneratedMethodAccessor106'
Event: 2739.988 Thread 0x000001c07839ad00 Unloading class 0x0000000800d20000 'jdk/internal/reflect/GeneratedMethodAccessor105'
Event: 2739.988 Thread 0x000001c07839ad00 Unloading class 0x0000000800d19c00 'jdk/internal/reflect/GeneratedMethodAccessor104'
Event: 2739.988 Thread 0x000001c07839ad00 Unloading class 0x0000000800d19800 'jdk/internal/reflect/GeneratedMethodAccessor103'
Event: 2739.988 Thread 0x000001c07839ad00 Unloading class 0x0000000800d0c000 'jdk/internal/reflect/GeneratedConstructorAccessor116'
Event: 2739.988 Thread 0x000001c07839ad00 Unloading class 0x0000000800d00c00 'jdk/internal/reflect/GeneratedConstructorAccessor115'
Event: 2739.988 Thread 0x000001c07839ad00 Unloading class 0x0000000800d00800 'jdk/internal/reflect/GeneratedConstructorAccessor114'
Event: 2739.988 Thread 0x000001c07839ad00 Unloading class 0x0000000800d00000 'jdk/internal/reflect/GeneratedConstructorAccessor113'
Event: 2739.988 Thread 0x000001c07839ad00 Unloading class 0x0000000800d31c00 'org/apache/catalina/loader/JdbcLeakPrevention'
Event: 2739.988 Thread 0x000001c07839ad00 Unloading class 0x0000000800cfc400 'jdk/internal/reflect/GeneratedConstructorAccessor110'
Event: 2739.988 Thread 0x000001c07839ad00 Unloading class 0x0000000800cfc000 'jdk/internal/reflect/GeneratedConstructorAccessor109'
Event: 2739.988 Thread 0x000001c07839ad00 Unloading class 0x0000000800ca2800 'jdk/internal/reflect/GeneratedConstructorAccessor108'
Event: 2739.988 Thread 0x000001c07839ad00 Unloading class 0x0000000800ca3000 'jdk/internal/reflect/GeneratedConstructorAccessor107'
Event: 2739.988 Thread 0x000001c07839ad00 Unloading class 0x0000000800c64c00 'jdk/internal/reflect/GeneratedConstructorAccessor106'
Event: 2739.988 Thread 0x000001c07839ad00 Unloading class 0x0000000800bf4800 'jdk/internal/reflect/GeneratedConstructorAccessor105'

Classes redefined (5 events):
Event: 2434.349 Thread 0x000001c07839ad00 redefined class name=br.com.ultraworks.erp.api.seguranca.service.UsuarioService, count=1
Event: 2434.349 Thread 0x000001c07839ad00 redefined class name=br.com.ultraworks.erp.api.seguranca.service.UsuarioService, count=1
Event: 2452.965 Thread 0x000001c07839ad00 redefined class name=br.com.ultraworks.erp.api.seguranca.service.UsuarioService, count=1
Event: 2452.965 Thread 0x000001c07839ad00 redefined class name=br.com.ultraworks.erp.api.seguranca.service.UsuarioService, count=2
Event: 2452.965 Thread 0x000001c07839ad00 redefined class name=br.com.ultraworks.erp.api.seguranca.service.UsuarioService, count=2

Internal exceptions (20 events):
Event: 2744.061 Thread 0x000001c07aa813a0 Exception <a 'java/lang/reflect/InvocationTargetException'{0x0000000709801b40}> (0x0000000709801b40) 
thrown [s\src\hotspot\share\runtime\reflection.cpp, line 1121]
Event: 2744.062 Thread 0x000001c07aa813a0 Exception <a 'java/lang/reflect/InvocationTargetException'{0x000000070981eaf8}> (0x000000070981eaf8) 
thrown [s\src\hotspot\share\runtime\reflection.cpp, line 1121]
Event: 2744.064 Thread 0x000001c07aa813a0 Exception <a 'java/lang/reflect/InvocationTargetException'{0x0000000709831a80}> (0x0000000709831a80) 
thrown [s\src\hotspot\share\runtime\reflection.cpp, line 1121]
Event: 2744.094 Thread 0x000001c07aa813a0 Exception <a 'java/lang/reflect/InvocationTargetException'{0x000000070c837e28}> (0x000000070c837e28) 
thrown [s\src\hotspot\share\runtime\reflection.cpp, line 1121]
Event: 2744.095 Thread 0x000001c07aa813a0 Exception <a 'java/lang/reflect/InvocationTargetException'{0x000000070c848518}> (0x000000070c848518) 
thrown [s\src\hotspot\share\runtime\reflection.cpp, line 1121]
Event: 2744.097 Thread 0x000001c07aa813a0 Exception <a 'java/lang/reflect/InvocationTargetException'{0x000000070c866100}> (0x000000070c866100) 
thrown [s\src\hotspot\share\runtime\reflection.cpp, line 1121]
Event: 2744.118 Thread 0x000001c07aa813a0 Exception <a 'java/lang/reflect/InvocationTargetException'{0x000000070c206060}> (0x000000070c206060) 
thrown [s\src\hotspot\share\runtime\reflection.cpp, line 1121]
Event: 2744.119 Thread 0x000001c07aa813a0 Exception <a 'java/lang/reflect/InvocationTargetException'{0x000000070c215bc8}> (0x000000070c215bc8) 
thrown [s\src\hotspot\share\runtime\reflection.cpp, line 1121]
Event: 2744.288 Thread 0x000001c07aa813a0 Exception <a 'java/lang/reflect/InvocationTargetException'{0x000000070a8fed50}> (0x000000070a8fed50) 
thrown [s\src\hotspot\share\runtime\reflection.cpp, line 1121]
Event: 2744.290 Thread 0x000001c07aa813a0 Exception <a 'java/lang/reflect/InvocationTargetException'{0x000000070a91b7d0}> (0x000000070a91b7d0) 
thrown [s\src\hotspot\share\runtime\reflection.cpp, line 1121]
Event: 2744.291 Thread 0x000001c07aa813a0 Exception <a 'java/lang/reflect/InvocationTargetException'{0x000000070a92e890}> (0x000000070a92e890) 
thrown [s\src\hotspot\share\runtime\reflection.cpp, line 1121]
Event: 2744.450 Thread 0x000001c07aa813a0 Exception <a 'java/lang/reflect/InvocationTargetException'{0x00000007099c0e38}> (0x00000007099c0e38) 
thrown [s\src\hotspot\share\runtime\reflection.cpp, line 1121]
Event: 2775.115 Thread 0x000001c0002efa60 Exception <a 'java/lang/NoSuchMethodError'{0x0000000709f30e08}: 'int java.lang.invoke.DirectMethodHandle$Holder.invokeStatic(java.lang.Object, java.lang.Object, int, int)'> (0x0000000709f30e08) 
thrown [s\src\hotspot\share\interpreter\linkResolver.cpp, line 759]
Event: 2775.218 Thread 0x000001c0002efa60 Exception <a 'java/lang/NoSuchMethodError'{0x0000000709f97d98}: 'java.lang.Object java.lang.invoke.Invokers$Holder.linkToTargetMethod(java.lang.Object, int, java.lang.Object, java.lang.Object, java.lang.Object, java.lang.Object)'> (0x0000000709f97d98) 
thrown [s\src\hotspot\share\interpreter\linkResolver.cpp, line 759]
Event: 2775.235 Thread 0x000001c0002efa60 Exception <a 'java/lang/NoSuchMethodError'{0x0000000709ff1808}: 'void java.lang.invoke.DirectMethodHandle$Holder.invokeStatic(java.lang.Object, java.lang.Object, java.lang.Object, java.lang.Object, java.lang.Object, java.lang.Object, java.lang.Object, java.lang.Object, java.lang.Object)'> (0x0000000709ff1808) 
thrown [s\src\hotspot\share\interpreter\linkResolver.cpp, line 759]
Event: 2775.491 Thread 0x000001c0004d4270 Exception <a 'java/lang/NoSuchMethodError'{0x000000070dc775f0}: 'java.lang.Object java.lang.invoke.DirectMethodHandle$Holder.invokeInterface(java.lang.Object, java.lang.Object, int)'> (0x000000070dc775f0) 
thrown [s\src\hotspot\share\interpreter\linkResolver.cpp, line 759]
Event: 2821.128 Thread 0x000001c0002f0400 Exception <a 'java/lang/NoSuchMethodError'{0x000000070cad83b8}: 'java.lang.Object java.lang.invoke.DirectMethodHandle$Holder.newInvokeSpecial(java.lang.Object, long, long)'> (0x000000070cad83b8) 
thrown [s\src\hotspot\share\interpreter\linkResolver.cpp, line 759]
Event: 3029.047 Thread 0x000001c0004d1720 Exception <a 'java/lang/NoSuchMethodError'{0x000000070cc21c58}: 'void java.lang.invoke.DirectMethodHandle$Holder.invokeSpecial(java.lang.Object, java.lang.Object, int, java.lang.Object)'> (0x000000070cc21c58) 
thrown [s\src\hotspot\share\interpreter\linkResolver.cpp, line 759]
Event: 3063.330 Thread 0x000001c0004d2f30 Exception <a 'java/lang/reflect/InvocationTargetException'{0x000000070bf05a50}> (0x000000070bf05a50) 
thrown [s\src\hotspot\share\runtime\reflection.cpp, line 1121]
Event: 3063.334 Thread 0x000001c0004d2f30 Exception <a 'java/lang/reflect/InvocationTargetException'{0x000000070bf0ff88}> (0x000000070bf0ff88) 
thrown [s\src\hotspot\share\runtime\reflection.cpp, line 1121]

VM Operations (20 events):
Event: 3104.724 Executing VM operation: ChangeBreakpoints
Event: 3104.727 Executing VM operation: ChangeBreakpoints done
Event: 3104.729 Executing VM operation: ChangeBreakpoints
Event: 3104.732 Executing VM operation: ChangeBreakpoints done
Event: 3104.732 Executing VM operation: ChangeBreakpoints
Event: 3104.736 Executing VM operation: ChangeBreakpoints done
Event: 3104.738 Executing VM operation: ChangeBreakpoints
Event: 3104.741 Executing VM operation: ChangeBreakpoints done
Event: 3104.741 Executing VM operation: ChangeBreakpoints
Event: 3104.744 Executing VM operation: ChangeBreakpoints done
Event: 3104.758 Executing VM operation: ChangeBreakpoints
Event: 3104.762 Executing VM operation: ChangeBreakpoints done
Event: 3104.764 Executing VM operation: ChangeBreakpoints
Event: 3104.767 Executing VM operation: ChangeBreakpoints done
Event: 3104.768 Executing VM operation: ChangeBreakpoints
Event: 3104.773 Executing VM operation: ChangeBreakpoints done
Event: 3104.775 Executing VM operation: ChangeBreakpoints
Event: 3104.778 Executing VM operation: ChangeBreakpoints done
Event: 3104.779 Executing VM operation: ChangeBreakpoints
Event: 3104.783 Executing VM operation: ChangeBreakpoints done

Events (20 events):
Event: 2805.076 Thread 0x000001c0004d3400 Thread exited: 0x000001c0004d3400
Event: 2808.405 Thread 0x000001c0004d3400 Thread added: 0x000001c0004d3400
Event: 2868.410 Thread 0x000001c0004d3400 Thread exited: 0x000001c0004d3400
Event: 2908.634 Thread 0x000001c0004d0d80 Thread added: 0x000001c0004d0d80
Event: 2908.650 Thread 0x000001c000891ef0 Thread added: 0x000001c000891ef0
Event: 2908.650 Thread 0x000001c0008914d0 Thread added: 0x000001c0008914d0
Event: 2913.665 Thread 0x000001c0008914d0 Thread exited: 0x000001c0008914d0
Event: 2913.665 Thread 0x000001c000891ef0 Thread exited: 0x000001c000891ef0
Event: 2964.252 Thread 0x000001c00088e230 Thread added: 0x000001c00088e230
Event: 2969.268 Thread 0x000001c00088e230 Thread exited: 0x000001c00088e230
Event: 3012.099 Thread 0x000001c000892400 Thread added: 0x000001c000892400
Event: 3017.119 Thread 0x000001c000892400 Thread exited: 0x000001c000892400
Event: 3028.930 Thread 0x000001c00088dd20 Thread added: 0x000001c00088dd20
Event: 3039.104 Thread 0x000001c00088dd20 Thread exited: 0x000001c00088dd20
Event: 3063.313 Thread 0x000001c00088e740 Thread added: 0x000001c00088e740
Event: 3063.346 loading class jdk/internal/reflect/GeneratedMethodAccessor156
Event: 3063.346 loading class jdk/internal/reflect/GeneratedMethodAccessor156 done
Event: 3063.348 loading class jdk/internal/reflect/GeneratedMethodAccessor156
Event: 3063.348 loading class jdk/internal/reflect/GeneratedMethodAccessor156 done
Event: 3068.361 Thread 0x000001c00088e740 Thread exited: 0x000001c00088e740


Dynamic libraries:
0x00007ff7158d0000 - 0x00007ff7158de000 	C:\Accenture\Ferramentas\IDE\sts-4.15.3.RELEASE\plugins\org.eclipse.justj.openjdk.hotspot.jre.full.win32.x86_64_17.0.4.v20220805-1047\jre\bin\javaw.exe
0x00007ffdce960000 - 0x00007ffdceb69000 	C:\windows\SYSTEM32\ntdll.dll
0x00007ffdcce00000 - 0x00007ffdccebd000 	C:\windows\System32\KERNEL32.DLL
0x00007ffdcc050000 - 0x00007ffdcc3d4000 	C:\windows\System32\KERNELBASE.dll
0x00007ffdcc3e0000 - 0x00007ffdcc4f1000 	C:\windows\System32\ucrtbase.dll
0x00007ffd95330000 - 0x00007ffd95349000 	C:\Accenture\Ferramentas\IDE\sts-4.15.3.RELEASE\plugins\org.eclipse.justj.openjdk.hotspot.jre.full.win32.x86_64_17.0.4.v20220805-1047\jre\bin\VCRUNTIME140.dll
0x00007ffd95140000 - 0x00007ffd95158000 	C:\Accenture\Ferramentas\IDE\sts-4.15.3.RELEASE\plugins\org.eclipse.justj.openjdk.hotspot.jre.full.win32.x86_64_17.0.4.v20220805-1047\jre\bin\jli.dll
0x00007ffdcd0e0000 - 0x00007ffdcd28d000 	C:\windows\System32\USER32.dll
0x00007ffd9f390000 - 0x00007ffd9f635000 	C:\windows\WinSxS\amd64_microsoft.windows.common-controls_6595b64144ccf1df_6.0.22000.120_none_9d947278b86cc467\COMCTL32.dll
0x00007ffdcbdf0000 - 0x00007ffdcbe16000 	C:\windows\System32\win32u.dll
0x00007ffdccff0000 - 0x00007ffdcd093000 	C:\windows\System32\msvcrt.dll
0x00007ffdce890000 - 0x00007ffdce8ba000 	C:\windows\System32\GDI32.dll
0x00007ffdcbe90000 - 0x00007ffdcbfae000 	C:\windows\System32\gdi32full.dll
0x00007ffdcbfb0000 - 0x00007ffdcc04d000 	C:\windows\System32\msvcp_win.dll
0x00007ffdcd0a0000 - 0x00007ffdcd0d1000 	C:\windows\System32\IMM32.DLL
0x00007ffdca520000 - 0x00007ffdca6a2000 	C:\Program Files\Avecto\Privilege Guard Client\PGHook.dll
0x00007ffdce6e0000 - 0x00007ffdce78e000 	C:\windows\System32\ADVAPI32.dll
0x00007ffdccf50000 - 0x00007ffdccfee000 	C:\windows\System32\sechost.dll
0x00007ffdccc50000 - 0x00007ffdccd71000 	C:\windows\System32\RPCRT4.dll
0x0000000068000000 - 0x0000000068073000 	C:\windows\System32\QIPCAP64.dll
0x00007ffdcd880000 - 0x00007ffdce045000 	C:\windows\System32\SHELL32.dll
0x00007ffdca6e0000 - 0x00007ffdca7c7000 	C:\windows\SYSTEM32\DNSAPI.dll
0x00007ffdca6b0000 - 0x00007ffdca6dd000 	C:\windows\SYSTEM32\IPHLPAPI.DLL
0x00007ffdcd850000 - 0x00007ffdcd859000 	C:\windows\System32\NSI.dll
0x00007ffd951c0000 - 0x00007ffd951cc000 	C:\Accenture\Ferramentas\IDE\sts-4.15.3.RELEASE\plugins\org.eclipse.justj.openjdk.hotspot.jre.full.win32.x86_64_17.0.4.v20220805-1047\jre\bin\vcruntime140_1.dll
0x00007ffd8a040000 - 0x00007ffd8a0d1000 	C:\Accenture\Ferramentas\IDE\sts-4.15.3.RELEASE\plugins\org.eclipse.justj.openjdk.hotspot.jre.full.win32.x86_64_17.0.4.v20220805-1047\jre\bin\msvcp140.dll
0x00007ffd54ee0000 - 0x00007ffd55b26000 	C:\Accenture\Ferramentas\IDE\sts-4.15.3.RELEASE\plugins\org.eclipse.justj.openjdk.hotspot.jre.full.win32.x86_64_17.0.4.v20220805-1047\jre\bin\server\jvm.dll
0x000001c065220000 - 0x000001c065228000 	C:\windows\System32\PSAPI.DLL
0x00007ffda0ab0000 - 0x00007ffda0ab9000 	C:\windows\SYSTEM32\WSOCK32.dll
0x000001c065230000 - 0x000001c06529f000 	C:\windows\System32\WS2_32.dll
0x00007ffdc1750000 - 0x00007ffdc1783000 	C:\windows\SYSTEM32\WINMM.dll
0x00007ffdc9e70000 - 0x00007ffdc9e7a000 	C:\windows\SYSTEM32\VERSION.dll
0x00007ffdcad90000 - 0x00007ffdcada8000 	C:\windows\SYSTEM32\kernel.appcore.dll
0x00007ffdae710000 - 0x00007ffdae71a000 	C:\Accenture\Ferramentas\IDE\sts-4.15.3.RELEASE\plugins\org.eclipse.justj.openjdk.hotspot.jre.full.win32.x86_64_17.0.4.v20220805-1047\jre\bin\jimage.dll
0x00007ffdc86c0000 - 0x00007ffdc88e1000 	C:\windows\SYSTEM32\DBGHELP.DLL
0x00007ffdacc50000 - 0x00007ffdacc81000 	C:\windows\SYSTEM32\dbgcore.DLL
0x00007ffdcc730000 - 0x00007ffdcc7af000 	C:\windows\System32\bcryptPrimitives.dll
0x00007ffda1630000 - 0x00007ffda166b000 	C:\Accenture\Ferramentas\IDE\sts-4.15.3.RELEASE\plugins\org.eclipse.justj.openjdk.hotspot.jre.full.win32.x86_64_17.0.4.v20220805-1047\jre\bin\jdwp.dll
0x00007ffda9710000 - 0x00007ffda971e000 	C:\Accenture\Ferramentas\IDE\sts-4.15.3.RELEASE\plugins\org.eclipse.justj.openjdk.hotspot.jre.full.win32.x86_64_17.0.4.v20220805-1047\jre\bin\instrument.dll
0x00007ffd94270000 - 0x00007ffd94295000 	C:\Accenture\Ferramentas\IDE\sts-4.15.3.RELEASE\plugins\org.eclipse.justj.openjdk.hotspot.jre.full.win32.x86_64_17.0.4.v20220805-1047\jre\bin\java.dll
0x00007ffd94140000 - 0x00007ffd94158000 	C:\Accenture\Ferramentas\IDE\sts-4.15.3.RELEASE\plugins\org.eclipse.justj.openjdk.hotspot.jre.full.win32.x86_64_17.0.4.v20220805-1047\jre\bin\zip.dll
0x00007ffdc94e0000 - 0x00007ffdc9d42000 	C:\windows\SYSTEM32\windows.storage.dll
0x00007ffdcd4d0000 - 0x00007ffdcd846000 	C:\windows\System32\combase.dll
0x00007ffdc9370000 - 0x00007ffdc94d7000 	C:\windows\SYSTEM32\wintypes.dll
0x00007ffdccab0000 - 0x00007ffdccb9a000 	C:\windows\System32\SHCORE.dll
0x00007ffdce8c0000 - 0x00007ffdce91d000 	C:\windows\System32\shlwapi.dll
0x00007ffdcbd20000 - 0x00007ffdcbd45000 	C:\windows\SYSTEM32\profapi.dll
0x00007ffdc53e0000 - 0x00007ffdc53ec000 	C:\Accenture\Ferramentas\IDE\sts-4.15.3.RELEASE\plugins\org.eclipse.justj.openjdk.hotspot.jre.full.win32.x86_64_17.0.4.v20220805-1047\jre\bin\dt_socket.dll
0x00007ffdcb3b0000 - 0x00007ffdcb417000 	C:\windows\system32\mswsock.dll
0x00007ffdc0de0000 - 0x00007ffdc0dea000 	C:\Windows\System32\rasadhlp.dll
0x00007ffdc2950000 - 0x00007ffdc29d1000 	C:\windows\System32\fwpuclnt.dll
0x00007ffd94120000 - 0x00007ffd94139000 	C:\Accenture\Ferramentas\IDE\sts-4.15.3.RELEASE\plugins\org.eclipse.justj.openjdk.hotspot.jre.full.win32.x86_64_17.0.4.v20220805-1047\jre\bin\net.dll
0x00007ffdcae10000 - 0x00007ffdcaf24000 	C:\windows\SYSTEM32\WINHTTP.dll
0x00007ffd94100000 - 0x00007ffd94115000 	C:\Accenture\Ferramentas\IDE\sts-4.15.3.RELEASE\plugins\org.eclipse.justj.openjdk.hotspot.jre.full.win32.x86_64_17.0.4.v20220805-1047\jre\bin\nio.dll
0x00007ffd97e40000 - 0x00007ffd97e49000 	C:\Accenture\Ferramentas\IDE\sts-4.15.3.RELEASE\plugins\org.eclipse.justj.openjdk.hotspot.jre.full.win32.x86_64_17.0.4.v20220805-1047\jre\bin\management.dll
0x00007ffd92150000 - 0x00007ffd9215b000 	C:\Accenture\Ferramentas\IDE\sts-4.15.3.RELEASE\plugins\org.eclipse.justj.openjdk.hotspot.jre.full.win32.x86_64_17.0.4.v20220805-1047\jre\bin\management_ext.dll
0x00007ffdb5730000 - 0x00007ffdb5747000 	C:\windows\system32\napinsp.dll
0x00007ffdb55a0000 - 0x00007ffdb55bb000 	C:\windows\system32\pnrpnsp.dll
0x00007ffdb4d00000 - 0x00007ffdb4d12000 	C:\windows\System32\winrnr.dll
0x00007ffdc1410000 - 0x00007ffdc1425000 	C:\windows\system32\wshbth.dll
0x00007ffdae270000 - 0x00007ffdae28f000 	C:\windows\system32\nlansp_c.dll
0x00007ffdcb680000 - 0x00007ffdcb698000 	C:\windows\SYSTEM32\CRYPTSP.dll
0x00007ffdcad50000 - 0x00007ffdcad85000 	C:\windows\system32\rsaenh.dll
0x00007ffdcb450000 - 0x00007ffdcb47c000 	C:\windows\SYSTEM32\USERENV.dll
0x00007ffdcb7c0000 - 0x00007ffdcb7e7000 	C:\windows\SYSTEM32\bcrypt.dll
0x00007ffdcb660000 - 0x00007ffdcb66c000 	C:\windows\SYSTEM32\CRYPTBASE.dll
0x00007ffdc25b0000 - 0x00007ffdc25c9000 	C:\windows\SYSTEM32\dhcpcsvc6.DLL
0x00007ffdc2590000 - 0x00007ffdc25ae000 	C:\windows\SYSTEM32\dhcpcsvc.DLL
0x00007ffda1620000 - 0x00007ffda1630000 	C:\Accenture\Ferramentas\IDE\sts-4.15.3.RELEASE\plugins\org.eclipse.justj.openjdk.hotspot.jre.full.win32.x86_64_17.0.4.v20220805-1047\jre\bin\verify.dll
0x00007ffdc2d70000 - 0x00007ffdc2d7e000 	C:\Accenture\Ferramentas\IDE\sts-4.15.3.RELEASE\plugins\org.eclipse.justj.openjdk.hotspot.jre.full.win32.x86_64_17.0.4.v20220805-1047\jre\bin\sunmscapi.dll
0x00007ffdcc5c0000 - 0x00007ffdcc722000 	C:\windows\System32\CRYPT32.dll
0x00007ffdcb790000 - 0x00007ffdcb7b8000 	C:\windows\SYSTEM32\ncrypt.dll
0x00007ffdcb750000 - 0x00007ffdcb787000 	C:\windows\SYSTEM32\NTASN1.dll
0x00007ffdc5420000 - 0x00007ffdc5428000 	C:\windows\system32\wshunix.dll

dbghelp: loaded successfully - version: 4.0.5 - missing functions: none
symbol engine: initialized successfully - sym options: 0x614 - pdb path: .;C:\Accenture\Ferramentas\IDE\sts-4.15.3.RELEASE\plugins\org.eclipse.justj.openjdk.hotspot.jre.full.win32.x86_64_17.0.4.v20220805-1047\jre\bin;C:\windows\SYSTEM32;C:\windows\WinSxS\amd64_microsoft.windows.common-controls_6595b64144ccf1df_6.0.22000.120_none_9d947278b86cc467;C:\Program Files\Avecto\Privilege Guard Client;C:\Accenture\Ferramentas\IDE\sts-4.15.3.RELEASE\plugins\org.eclipse.justj.openjdk.hotspot.jre.full.win32.x86_64_17.0.4.v20220805-1047\jre\bin\server

VM Arguments:
jvm_args: -XX:+ShowCodeDetailsInExceptionMessages -agentlib:jdwp=transport=dt_socket,suspend=y,address=localhost:65019 -Dcom.sun.management.jmxremote -Dcom.sun.management.jmxremote.port=65017 -Dcom.sun.management.jmxremote.authenticate=false -Dcom.sun.management.jmxremote.ssl=false -Djava.rmi.server.hostname=localhost -Dspring.jmx.enabled=true -Dspring.application.admin.enabled=true -XX:TieredStopAtLevel=1 -Dspring.boot.project.name=uworks_erp -javaagent:C:\Accenture\Ferramentas\IDE\sts-4.15.3.RELEASE\configuration\org.eclipse.osgi\258\0\.cp\lib\javaagent-shaded.jar -Dfile.encoding=UTF-8 
java_command: br.com.ultraworks.erp.ErpApplication --spring.output.ansi.enabled=always debug
java_class_path (initial): C:\Pessoal\projetos\uw\uworks_erp\target\classes;C:\Users\rodrigo.cristo.fuhr\.m2\repository\org\springframework\boot\spring-boot-starter-data-jpa\3.1.4\spring-boot-starter-data-jpa-3.1.4.jar;C:\Users\rodrigo.cristo.fuhr\.m2\repository\org\springframework\boot\spring-boot-starter-aop\3.1.4\spring-boot-starter-aop-3.1.4.jar;C:\Users\rodrigo.cristo.fuhr\.m2\repository\org\aspectj\aspectjweaver\1.9.20\aspectjweaver-1.9.20.jar;C:\Users\rodrigo.cristo.fuhr\.m2\repository\org\springframework\boot\spring-boot-starter-jdbc\3.1.4\spring-boot-starter-jdbc-3.1.4.jar;C:\Users\rodrigo.cristo.fuhr\.m2\repository\com\zaxxer\HikariCP\5.0.1\HikariCP-5.0.1.jar;C:\Users\rodrigo.cristo.fuhr\.m2\repository\org\springframework\spring-jdbc\6.0.12\spring-jdbc-6.0.12.jar;C:\Users\rodrigo.cristo.fuhr\.m2\repository\org\hibernate\orm\hibernate-core\6.2.9.Final\hibernate-core-6.2.9.Final.jar;C:\Users\rodrigo.cristo.fuhr\.m2\repository\jakarta\persistence\jakarta.persistence-api\3.1.0\jakarta.persistence-api-3.1.0.jar;C:\Users\rodrigo.cristo.fuhr\.m2\repository\jakarta\transaction\jakarta.transaction-api\2.0.1\jakarta.transaction-api-2.0.1.jar;C:\Users\rodrigo.cristo.fuhr\.m2\repository\org\jboss\logging\jboss-logging\3.5.3.Final\jboss-logging-3.5.3.Final.jar;C:\Users\rodrigo.cristo.fuhr\.m2\repository\org\hibernate\common\hibernate-commons-annotations\6.0.6.Final\hibernate-commons-annotations-6.0.6.Final.jar;C:\Users\rodrigo.cristo.fuhr\.m2\repository\io\smallrye\jandex\3.0.5\jandex-3.0.5.jar;C:\Users\rodrigo.cristo.fuhr\.m2\repository\com\fasterxml\classmate\1.5.1\classmate-1.5.1.jar;C:\Users\rodrigo.cristo.fuhr\.m2\repository\net\bytebuddy\byte-buddy\1.14.8\byte-buddy-1.14.8.jar;C:\Users\rodrigo.cristo.fuhr\.m2\repository\org\glassfish\jaxb\jaxb-runtime\4.0.3\jaxb-runtime-4.0.3.jar;C:\Users\rodrigo.cristo.fuhr\.m2\repository\org\glassfish\jaxb\jaxb-core\4.0.3\jaxb-core-4.0.3.jar;C:\Users\rodrigo.cristo.fuhr\.m2\repository\org\eclipse\angus\angus-activation\2.0.1\
Launcher Type: SUN_STANDARD

[Global flags]
     intx CICompilerCount                          = 4                                         {product} {ergonomic}
     uint ConcGCThreads                            = 2                                         {product} {ergonomic}
     uint G1ConcRefinementThreads                  = 8                                         {product} {ergonomic}
   size_t G1HeapRegionSize                         = 2097152                                   {product} {ergonomic}
    uintx GCDrainStackTargetSize                   = 64                                        {product} {ergonomic}
   size_t InitialHeapSize                          = 264241152                                 {product} {ergonomic}
     bool ManagementServer                         = true                                      {product} {command line}
   size_t MarkStackSize                            = 4194304                                   {product} {ergonomic}
   size_t MaxHeapSize                              = 4217372672                                {product} {ergonomic}
   size_t MaxNewSize                               = 2529165312                                {product} {ergonomic}
   size_t MinHeapDeltaBytes                        = 2097152                                   {product} {ergonomic}
   size_t MinHeapSize                              = 8388608                                   {product} {ergonomic}
    uintx NonProfiledCodeHeapSize                  = 0                                      {pd product} {ergonomic}
     bool ProfileInterpreter                       = false                                  {pd product} {command line}
    uintx ProfiledCodeHeapSize                     = 0                                      {pd product} {ergonomic}
     bool ShowCodeDetailsInExceptionMessages       = true                                   {manageable} {command line}
   size_t SoftMaxHeapSize                          = 4217372672                             {manageable} {ergonomic}
     intx TieredStopAtLevel                        = 1                                         {product} {command line}
     bool UseCompressedClassPointers               = true                           {product lp64_product} {ergonomic}
     bool UseCompressedOops                        = true                           {product lp64_product} {ergonomic}
     bool UseG1GC                                  = true                                      {product} {ergonomic}
     bool UseLargePagesIndividualAllocation        = false                                  {pd product} {ergonomic}

Logging:
Log output configuration:
 #0: stdout all=warning uptime,level,tags
 #1: stderr all=off uptime,level,tags

Environment Variables:
JAVA_HOME=C:\Program Files\Eclipse Adoptium\jdk-11.0.17.8-hotspot
PATH=C:\Accenture\Ferramentas\IDE\sts-4.15.3.RELEASE\plugins\org.eclipse.justj.openjdk.hotspot.jre.full.win32.x86_64_17.0.4.v20220805-1047\jre\bin;C:/Accenture/Ferramentas/IDE/sts-4.15.3.RELEASE//plugins/org.eclipse.justj.openjdk.hotspot.jre.full.win32.x86_64_17.0.4.v20220805-1047/jre/bin/server;C:/Accenture/Ferramentas/IDE/sts-4.15.3.RELEASE//plugins/org.eclipse.justj.openjdk.hotspot.jre.full.win32.x86_64_17.0.4.v20220805-1047/jre/bin;C:\windows\system32;C:\windows;C:\windows\System32\Wbem;C:\windows\System32\WindowsPowerShell\v1.0\;C:\windows\System32\OpenSSH\;C:\Program Files (x86)\Pulse Secure\VC142.CRT\X64\;C:\Program Files (x86)\Pulse Secure\VC142.CRT\X86\;C:\Program Files (x86)\Common Files\Pulse Secure\VC142.CRT\X64\;C:\Program Files (x86)\Common Files\Pulse Secure\VC142.CRT\X86\;C:\Accenture\Ferramentas\apache-maven-3.8.6\bin;C:\Program Files\Eclipse Adoptium\jdk-11.0.17.8-hotspot\bin;C:\Users\rodrigo.cristo.fuhr\AppData\Roaming\nvm;C:\Program Files\nodejs;C:\Program Files (x86)\Yarn\bin\;C:\Program Files\Git\cmd;C:\Users\rodrigo.cristo.fuhr\AppData\Local\Programs\Python\Python310\Scripts\;C:\Users\rodrigo.cristo.fuhr\AppData\Local\Programs\Python\Python310\;C:\Users\rodrigo.cristo.fuhr\AppData\Local\Microsoft\WindowsApps;C:\Accenture\Ferramentas\Git\cmd;C:\Users\rodrigo.cristo.fuhr\AppData\Local\Programs\Microsoft VS Code\bin;C:\Users\rodrigo.cristo.fuhr\AppData\Roaming\nvm;C:\Program Files\nodejs;C:\Users\rodrigo.cristo.fuhr\AppData\Local\Yarn\bin;C:\Accenture\Ferramentas\IDE\sts-4.15.3.RELEASE;
USERNAME=rodrigo.cristo.fuhr
OS=Windows_NT
PROCESSOR_IDENTIFIER=Intel64 Family 6 Model 140 Stepping 1, GenuineIntel
TMP=C:\Users\RODRIG~1.FUH\AppData\Local\Temp
TEMP=C:\Users\RODRIG~1.FUH\AppData\Local\Temp



---------------  S Y S T E M  ---------------

OS:
 Windows 11 , 64 bit Build 22000 (10.0.22000.2538)
OS uptime: 0 days 4:31 hours
Hyper-V role detected

CPU: total 8 (initial active 8) (4 cores per cpu, 2 threads per core) family 6 model 140 stepping 1 microcode 0xa4, cx8, cmov, fxsr, ht, mmx, 3dnowpref, sse, sse2, sse3, ssse3, sse4.1, sse4.2, popcnt, lzcnt, tsc, tscinvbit, avx, avx2, aes, erms, clmul, bmi1, bmi2, adx, avx512f, avx512dq, avx512cd, avx512bw, avx512vl, sha, fma, vzeroupper, avx512_vpopcntdq, avx512_vpclmulqdq, avx512_vaes, avx512_vnni, clflush, clflushopt, clwb, avx512_vbmi2, avx512_vbmi, hv

Memory: 4k page, system-wide physical 16087M (2669M free)
TotalPageFile size 32174M (AvailPageFile size 14558M)
current process WorkingSet (physical memory assigned to process): 376M, peak: 377M
current process commit charge ("private bytes"): 410M, peak: 410M

vm_info: OpenJDK 64-Bit Server VM (17.0.4+8) for windows-amd64 JRE (17.0.4+8), built on Jul 19 2022 16:05:16 by "temurin" with MS VC++ 16.7 (VS2019)

END.
