#
# A fatal error has been detected by the Java Runtime Environment:
#
#  EXCEPTION_ACCESS_VIOLATION (0xc0000005) at pc=0x00007ffed34efa7a, pid=21940, tid=22624
#
# JRE version: OpenJDK Runtime Environment Temurin-17.0.4+8 (17.0.4+8) (build 17.0.4+8)
# Java VM: OpenJDK 64-Bit Server VM Temurin-17.0.4+8 (17.0.4+8, mixed mode, emulated-client, tiered, compressed oops, compressed class ptrs, g1 gc, windows-amd64)
# Problematic frame:
# V  [jvm.dll+0x79fa7a]
#
# No core dump will be written. Minidumps are not enabled by default on client versions of Windows
#
# If you would like to submit a bug report, please visit:
#   https://github.com/adoptium/adoptium-support/issues
#

---------------  S U M M A R Y ------------

Command Line: -XX:+ShowCodeDetailsInExceptionMessages -agentlib:jdwp=transport=dt_socket,suspend=y,address=localhost:51272 -Dcom.sun.management.jmxremote -Dcom.sun.management.jmxremote.port=51271 -Dcom.sun.management.jmxremote.authenticate=false -Dcom.sun.management.jmxremote.ssl=false -Djava.rmi.server.hostname=localhost -Dspring.jmx.enabled=true -Dspring.application.admin.enabled=true -XX:TieredStopAtLevel=1 -Dspring.boot.project.name=uworks_erp -javaagent:C:\Accenture\Ferramentas\IDE\sts-4.15.3.RELEASE\configuration\org.eclipse.osgi\258\0\.cp\lib\javaagent-shaded.jar -Dfile.encoding=UTF-8 br.com.ultraworks.erp.ErpApplication --spring.output.ansi.enabled=always debug

Host: 11th Gen Intel(R) Core(TM) i7-1185G7 @ 3.00GHz, 8 cores, 15G,  Windows 11 , 64 bit Build 22000 (10.0.22000.2600)
Time: Sun Feb 18 00:40:11 2024 E. South America Standard Time elapsed time: 1295.354700 seconds (0d 0h 21m 35s)

---------------  T H R E A D  ---------------

Current thread (0x0000026bb491b340):  JavaThread "JDWP Transport Listener: dt_socket" daemon [_thread_in_vm, id=22624, stack(0x000000fb75600000,0x000000fb75700000)]

Stack: [0x000000fb75600000,0x000000fb75700000],  sp=0x000000fb756ff770,  free space=1021k
Native frames: (J=compiled Java code, j=interpreted, Vv=VM code, C=native code)
V  [jvm.dll+0x79fa7a]
V  [jvm.dll+0x50963c]
V  [jvm.dll+0x4d0ca4]
C  [jdwp.dll+0x22f7b]


siginfo: EXCEPTION_ACCESS_VIOLATION (0xc0000005), reading address 0x0000000000cf0012


Register to memory mapping:

RIP=0x00007ffed34efa7a jvm.dll
RAX=0x00000000000000ce is an unknown value
RBX=0x0000026bb47611ea points into unknown readable memory: 73 74 69 63 61 4d
RCX=0x0000000000cf000e is an unknown value
RDX=0x0000026bbc688f10 points into unknown readable memory: 0x2f6d6f632f72624c | 4c 62 72 2f 63 6f 6d 2f
RSP=0x000000fb756ff770 is pointing into the stack for thread: 0x0000026bb491b340
RBP=0x0000026bb48d6fe0 points into unknown readable memory: 0x00007fff00000002 | 02 00 00 00 ff 7f 00 00
RSI=0x0 is NULL
RDI=0xffffffffffffffff is an unknown value
R8 =0x0000000000000151 is an unknown value
R9 =0x0000000000000014 is an unknown value
R10=0x0000000000000140 is an unknown value
R11=0x000000fb756ff790 is pointing into the stack for thread: 0x0000026bb491b340
R12=0x000000fb756ff8c8 is pointing into the stack for thread: 0x0000026bb491b340
R13=0x0 is NULL
R14=0x0000000800f00e30 is a pointer to class: 
br.com.ultraworks.erp.api.estoque.service.PlanoClassificacaoItemService {0x0000000800f00e38}
 - instance size:     3
 - klass size:        73
 - access:            public synchronized 
 - state:             fully_initialized
 - name:              'br/com/ultraworks/erp/api/estoque/service/PlanoClassificacaoItemService'
 - super:             'br/com/ultraworks/erp/core/generics/GenericService'
 - sub:               
 - arrays:            NULL
 - methods:           Array<T>(0x0000026bc03319b0)
 - method ordering:   Array<T>(0x0000026bbe22cf38)
 - default_methods:   Array<T>(0x0000000000000000)
 - local interfaces:  Array<T>(0x0000026bb4c00058)
 - trans. interfaces: Array<T>(0x0000026bb4c00058)
 - constants:         constant pool [240]/operands[21] {0x0000026bc06a8f30} for 'br/com/ultraworks/erp/api/estoque/service/PlanoClassificacaoItemService' cache=0x0000026bc06a96f0
 - class loader data:  loader data: 0x0000026bbcaa7a90 for instance a 'org/springframework/boot/devtools/restart/classloader/RestartClassLoader'{0x00000007061ca608}
 - source file:       'PlanoClassificacaoItemService.java'
 - source debug extension:       SMAP
PlanoClassificacaoItemService.java
Java
*S jdt
*F
1 PlanoClassificacaoItemService.java
2 file:/C:/Pessoal/projetos/uw/uworks_erp/target/classes/
*L
*E

 - class annotations:       Array<T>(0x0000026bc033f928)
 - class type annotations:  Array<T>(0x0000000000000000)
 - field annotations:       Array<T>(0x0000000000000000)
 - field type annotations:  Array<T>(0x0000000000000000)
 - generic signature: '
[error occurred during error reporting (printing register info), id 0xc0000005, EXCEPTION_ACCESS_VIOLATION (0xc0000005) at pc=0x00007ffed34f0686]

Registers:
RAX=0x00000000000000ce, RBX=0x0000026bb47611ea, RCX=0x0000000000cf000e, RDX=0x0000026bbc688f10
RSP=0x000000fb756ff770, RBP=0x0000026bb48d6fe0, RSI=0x0000000000000000, RDI=0xffffffffffffffff
R8 =0x0000000000000151, R9 =0x0000000000000014, R10=0x0000000000000140, R11=0x000000fb756ff790
R12=0x000000fb756ff8c8, R13=0x0000000000000000, R14=0x0000000800f00e30, R15=0x000000fb756ff8f0
RIP=0x00007ffed34efa7a, EFLAGS=0x0000000000010202

Top of Stack: (sp=0x000000fb756ff770)
0x000000fb756ff770:   0000000000000047 0000000800f00e30
0x000000fb756ff780:   0000026bbea17470 00007fff458c76e1
0x000000fb756ff790:   ffffffffffffffff 00007ffed325963c
0x000000fb756ff7a0:   0000026bb47611ea 0000026bb47611a0
0x000000fb756ff7b0:   0000026bb48d6fe0 0000000000000000
0x000000fb756ff7c0:   0000026bb4761140 00000000000003d8
0x000000fb756ff7d0:   0000026bb4761150 0000026bb4761528
0x000000fb756ff7e0:   000000000002a601 000000fb756ff8c8
0x000000fb756ff7f0:   0000000000000007 0000026bb491b5e8
0x000000fb756ff800:   0000000706c513f8 00007ffed3220ca4
0x000000fb756ff810:   0000026bb491b340 000000fb756ff8f0
0x000000fb756ff820:   0000026ba1e06a20 000000fb756ff8f0
0x000000fb756ff830:   0000026bb491b340 0000000000000000
0x000000fb756ff840:   0000000000000000 0000000000000000
0x000000fb756ff850:   0000026bbc4cb8d0 00007fff098f2f7b
0x000000fb756ff860:   000000fb756ff8e8 00007fff09901600 

Instructions: (pc=0x00007ffed34efa7a)
0x00007ffed34ef97a:   48 83 c4 20 5f e9 6c 69 90 ff cc cc cc cc cc cc
0x00007ffed34ef98a:   cc cc cc cc cc cc 48 89 5c 24 08 57 48 83 ec 20
0x00007ffed34ef99a:   83 fa 02 8d 42 06 b9 08 00 00 00 49 8b d8 0f 4e
0x00007ffed34ef9aa:   c1 48 63 c8 48 83 c1 07 83 e1 f8 48 63 f9 49 8b
0x00007ffed34ef9ba:   48 18 48 8b c7 48 f7 d0 48 3b c1 73 16 4c 8d 05
0x00007ffed34ef9ca:   6a 58 17 00 48 8b d7 48 8b cb e8 77 cc 90 ff 48
0x00007ffed34ef9da:   8b 4b 18 48 8d 04 39 48 3b 43 20 76 18 45 33 c0
0x00007ffed34ef9ea:   48 8b d7 48 8b cb 48 8b 5c 24 30 48 83 c4 20 5f
0x00007ffed34ef9fa:   e9 d1 c8 90 ff 48 89 43 18 48 8b c1 48 8b 5c 24
0x00007ffed34efa0a:   30 48 83 c4 20 5f c3 cc cc cc cc cc cc cc cc cc
0x00007ffed34efa1a:   cc cc cc cc cc cc 4c 8b d2 4c 8b d9 45 85 c0 7e
0x00007ffed34efa2a:   3c 44 0f b7 49 04 41 8d 40 ff 41 3b c1 44 0f 4c
0x00007ffed34efa3a:   c8 4d 63 c1 45 85 c9 7e 1f 48 8b c2 4c 2b da 49
0x00007ffed34efa4a:   8b d0 0f 1f 40 00 41 0f b6 4c 03 06 88 08 48 8d
0x00007ffed34efa5a:   40 01 48 83 ea 01 75 ee 43 c6 04 10 00 49 8b c2
0x00007ffed34efa6a:   c3 cc cc cc cc cc 48 89 5c 24 08 57 48 83 ec 20
0x00007ffed34efa7a:   0f b7 59 04 48 8b f9 33 d2 48 8d 4b 01 e8 c4 d9
0x00007ffed34efa8a:   f2 ff 0f b7 57 04 4c 8b c0 3b da 0f 42 d3 44 8b
0x00007ffed34efa9a:   ca 85 d2 74 39 48 2b f8 0f 1f 40 00 66 66 0f 1f
0x00007ffed34efaaa:   84 00 00 00 00 00 0f b6 4c 07 06 88 08 48 ff c0
0x00007ffed34efaba:   48 8b c8 49 2b c8 49 3b c9 7c eb 42 c6 04 02 00
0x00007ffed34efaca:   49 8b c0 48 8b 5c 24 30 48 83 c4 20 5f c3 48 8b
0x00007ffed34efada:   5c 24 30 c6 04 02 00 48 83 c4 20 5f c3 cc cc cc
0x00007ffed34efaea:   cc cc cc cc cc cc 4c 8b d1 45 85 c0 7e 6c 44 0f
0x00007ffed34efafa:   b7 49 04 41 8d 40 ff 41 3b c1 44 0f 4c c8 4d 63
0x00007ffed34efb0a:   d9 45 85 c9 7e 22 48 8b ca 4c 2b d2 4d 8b c3 0f
0x00007ffed34efb1a:   1f 80 00 00 00 00 41 0f b6 44 0a 06 88 01 48 8d
0x00007ffed34efb2a:   49 01 49 83 e8 01 75 ee 41 c6 04 13 00 48 c7 c0
0x00007ffed34efb3a:   ff ff ff ff 66 90 48 ff c0 80 3c 02 00 75 f7 48
0x00007ffed34efb4a:   63 c8 85 c0 48 8b c2 7e 14 80 38 2f 75 03 c6 00
0x00007ffed34efb5a:   2e 48 ff c0 48 83 e9 01 75 ef 48 8b c2 c3 cc cc
0x00007ffed34efb6a:   cc cc cc cc cc cc 48 83 ec 28 e8 f7 fe ff ff 4c 


Stack slot to memory mapping:
stack at sp + 0 slots: 0x0000000000000047 is an unknown value
stack at sp + 1 slots: 0x0000000800f00e30 is a pointer to class: 
br.com.ultraworks.erp.api.estoque.service.PlanoClassificacaoItemService {0x0000000800f00e38}
 - instance size:     3
 - klass size:        73
 - access:            public synchronized 
 - state:             fully_initialized
 - name:              'br/com/ultraworks/erp/api/estoque/service/PlanoClassificacaoItemService'
 - super:             'br/com/ultraworks/erp/core/generics/GenericService'
 - sub:               
 - arrays:            NULL
 - methods:           Array<T>(0x0000026bc03319b0)
 - method ordering:   Array<T>(0x0000026bbe22cf38)
 - default_methods:   Array<T>(0x0000000000000000)
 - local interfaces:  Array<T>(0x0000026bb4c00058)
 - trans. interfaces: Array<T>(0x0000026bb4c00058)
 - constants:         constant pool [240]/operands[21] {0x0000026bc06a8f30} for 'br/com/ultraworks/erp/api/estoque/service/PlanoClassificacaoItemService' cache=0x0000026bc06a96f0
 - class loader data:  loader data: 0x0000026bbcaa7a90 for instance a 'org/springframework/boot/devtools/restart/classloader/RestartClassLoader'{0x00000007061ca608}
 - source file:       'PlanoClassificacaoItemService.java'
 - source debug extension:       SMAP
PlanoClassificacaoItemService.java
Java
*S jdt
*F
1 PlanoClassificacaoItemService.java
2 file:/C:/Pessoal/projetos/uw/uworks_erp/target/classes/
*L
*E

 - class annotations:       Array<T>(0x0000026bc033f928)
 - class type annotations:  Array<T>(0x0000000000000000)
 - field annotations:       Array<T>(0x0000000000000000)
 - field type annotations:  Array<T>(0x0000000000000000)
 - generic signature: '
[error occurred during error reporting (inspecting top of stack), id 0xc0000005, EXCEPTION_ACCESS_VIOLATION (0xc0000005) at pc=0x00007ffed34f0686]


---------------  P R O C E S S  ---------------

Threads class SMR info:
_java_thread_list=0x0000026bbe8121e0, length=46, elements={
0x0000026bb3fac580, 0x0000026bb3fad410, 0x0000026bb46fc2f0, 0x0000026bb46fcbb0,
0x0000026bb46fda40, 0x0000026bb470a700, 0x0000026bb4733d20, 0x0000026bb3fcaf90,
0x0000026bb47a9b50, 0x0000026bb491b340, 0x0000026bb491f3f0, 0x0000026bb49218f0,
0x0000026bb5f357a0, 0x0000026bb607fc90, 0x0000026bb6083dc0, 0x0000026bb618cfb0,
0x0000026bb61b7c90, 0x0000026bb6ceee20, 0x0000026bb6d12710, 0x0000026bb6dad350,
0x0000026bbc4bfc40, 0x0000026bbc4be430, 0x0000026bbc4b9c00, 0x0000026bbcec6210,
0x0000026bbcecb8b0, 0x0000026bb6dafea0, 0x0000026bbebf5b10, 0x0000026bbebf3e30,
0x0000026bbebf4ca0, 0x0000026bbebf8660, 0x0000026bbebf8b30, 0x0000026bbebf6e50,
0x0000026bbebf5640, 0x0000026bbebf7320, 0x0000026bbebf6980, 0x0000026bbebf5fe0,
0x0000026bbebf77f0, 0x0000026bbebf9000, 0x0000026bbebf3490, 0x0000026bbebf3960,
0x0000026bbebf94d0, 0x0000026bbebf2150, 0x0000026bbebf2620, 0x0000026bbebf2af0,
0x0000026bbebf2fc0, 0x0000026bbcec7080
}

Java Threads: ( => current thread )
  0x0000026bb3fac580 JavaThread "Reference Handler" daemon [_thread_blocked, id=8780, stack(0x000000fb74a00000,0x000000fb74b00000)]
  0x0000026bb3fad410 JavaThread "Finalizer" daemon [_thread_blocked, id=17056, stack(0x000000fb74b00000,0x000000fb74c00000)]
  0x0000026bb46fc2f0 JavaThread "Signal Dispatcher" daemon [_thread_blocked, id=21348, stack(0x000000fb74c00000,0x000000fb74d00000)]
  0x0000026bb46fcbb0 JavaThread "Attach Listener" daemon [_thread_blocked, id=2016, stack(0x000000fb74d00000,0x000000fb74e00000)]
  0x0000026bb46fda40 JavaThread "Service Thread" daemon [_thread_blocked, id=21772, stack(0x000000fb74e00000,0x000000fb74f00000)]
  0x0000026bb470a700 JavaThread "Monitor Deflation Thread" daemon [_thread_blocked, id=14532, stack(0x000000fb74f00000,0x000000fb75000000)]
  0x0000026bb4733d20 JavaThread "C1 CompilerThread0" daemon [_thread_blocked, id=2984, stack(0x000000fb75000000,0x000000fb75100000)]
  0x0000026bb3fcaf90 JavaThread "Sweeper thread" daemon [_thread_blocked, id=10200, stack(0x000000fb75100000,0x000000fb75200000)]
  0x0000026bb47a9b50 JavaThread "Common-Cleaner" daemon [_thread_blocked, id=21852, stack(0x000000fb75200000,0x000000fb75300000)]
=>0x0000026bb491b340 JavaThread "JDWP Transport Listener: dt_socket" daemon [_thread_in_vm, id=22624, stack(0x000000fb75600000,0x000000fb75700000)]
  0x0000026bb491f3f0 JavaThread "JDWP Event Helper Thread" daemon [_thread_blocked, id=22588, stack(0x000000fb75700000,0x000000fb75800000)]
  0x0000026bb49218f0 JavaThread "JDWP Command Reader" daemon [_thread_in_native, id=3368, stack(0x000000fb75800000,0x000000fb75900000)]
  0x0000026bb5f357a0 JavaThread "Notification Thread" daemon [_thread_blocked, id=15268, stack(0x000000fb75900000,0x000000fb75a00000)]
  0x0000026bb607fc90 JavaThread "RMI TCP Accept-0" daemon [_thread_in_native, id=14932, stack(0x000000fb75a00000,0x000000fb75b00000)]
  0x0000026bb6083dc0 JavaThread "RMI TCP Accept-51271" daemon [_thread_in_native, id=14648, stack(0x000000fb75b00000,0x000000fb75c00000)]
  0x0000026bb618cfb0 JavaThread "RMI TCP Accept-0" daemon [_thread_in_native, id=16716, stack(0x000000fb75c00000,0x000000fb75d00000)]
  0x0000026bb61b7c90 JavaThread "RMI Scheduler(0)" daemon [_thread_blocked, id=21420, stack(0x000000fb76800000,0x000000fb76900000)]
  0x0000026bb6ceee20 JavaThread "RMI TCP Connection(idle)" daemon [_thread_blocked, id=20676, stack(0x000000fb76900000,0x000000fb76a00000)]
  0x0000026bb6d12710 JavaThread "JMX server connection timeout 25" daemon [_thread_blocked, id=16644, stack(0x000000fb76a00000,0x000000fb76b00000)]
  0x0000026bb6dad350 JavaThread "PostgreSQL-JDBC-Cleaner" daemon [_thread_blocked, id=3664, stack(0x000000fb76f00000,0x000000fb77000000)]
  0x0000026bbc4bfc40 JavaThread "Live Reload Server" daemon [_thread_in_native, id=20436, stack(0x000000fb77400000,0x000000fb77500000)]
  0x0000026bbc4be430 JavaThread "ultraDataSource housekeeper" daemon [_thread_blocked, id=12532, stack(0x000000fb78100000,0x000000fb78200000)]
  0x0000026bbc4b9c00 JavaThread "DestroyJavaVM" [_thread_blocked, id=22636, stack(0x000000fb74300000,0x000000fb74400000)]
  0x0000026bbcec6210 JavaThread "ultraDataSource housekeeper" daemon [_thread_blocked, id=14568, stack(0x000000fb78000000,0x000000fb78100000)]
  0x0000026bbcecb8b0 JavaThread "ultraDataSource housekeeper" daemon [_thread_blocked, id=10556, stack(0x000000fb78200000,0x000000fb78300000)]
  0x0000026bb6dafea0 JavaThread "ultraDataSource housekeeper" daemon [_thread_blocked, id=11368, stack(0x000000fb78300000,0x000000fb78400000)]
  0x0000026bbebf5b10 JavaThread "ultraDataSource housekeeper" daemon [_thread_blocked, id=7776, stack(0x000000fb78400000,0x000000fb78500000)]
  0x0000026bbebf3e30 JavaThread "ultraDataSource housekeeper" daemon [_thread_blocked, id=21656, stack(0x000000fb78700000,0x000000fb78800000)]
  0x0000026bbebf4ca0 JavaThread "masterDataSource housekeeper" daemon [_thread_blocked, id=2828, stack(0x000000fb74200000,0x000000fb74300000)]
  0x0000026bbebf8660 JavaThread "Catalina-utility-1" [_thread_blocked, id=14976, stack(0x000000fb77100000,0x000000fb77200000)]
  0x0000026bbebf8b30 JavaThread "Catalina-utility-2" [_thread_blocked, id=5720, stack(0x000000fb77200000,0x000000fb77300000)]
  0x0000026bbebf6e50 JavaThread "container-0" [_thread_blocked, id=13524, stack(0x000000fb77300000,0x000000fb77400000)]
  0x0000026bbebf5640 JavaThread "File Watcher" daemon [_thread_in_native, id=19088, stack(0x000000fb77500000,0x000000fb77600000)]
  0x0000026bbebf7320 JavaThread "http-nio-3333-exec-1" daemon [_thread_blocked, id=24500, stack(0x000000fb77600000,0x000000fb77700000)]
  0x0000026bbebf6980 JavaThread "http-nio-3333-exec-2" daemon [_thread_blocked, id=22116, stack(0x000000fb77700000,0x000000fb77800000)]
  0x0000026bbebf5fe0 JavaThread "http-nio-3333-exec-3" daemon [_thread_blocked, id=2856, stack(0x000000fb77800000,0x000000fb77900000)]
  0x0000026bbebf77f0 JavaThread "http-nio-3333-exec-4" daemon [_thread_blocked, id=22792, stack(0x000000fb77900000,0x000000fb77a00000)]
  0x0000026bbebf9000 JavaThread "http-nio-3333-exec-5" daemon [_thread_blocked, id=23716, stack(0x000000fb77a00000,0x000000fb77b00000)]
  0x0000026bbebf3490 JavaThread "http-nio-3333-exec-6" daemon [_thread_blocked, id=18276, stack(0x000000fb77b00000,0x000000fb77c00000)]
  0x0000026bbebf3960 JavaThread "http-nio-3333-exec-7" daemon [_thread_blocked, id=8648, stack(0x000000fb77c00000,0x000000fb77d00000)]
  0x0000026bbebf94d0 JavaThread "http-nio-3333-exec-8" daemon [_thread_blocked, id=7076, stack(0x000000fb77d00000,0x000000fb77e00000)]
  0x0000026bbebf2150 JavaThread "http-nio-3333-exec-9" daemon [_thread_blocked, id=21720, stack(0x000000fb77e00000,0x000000fb77f00000)]
  0x0000026bbebf2620 JavaThread "http-nio-3333-exec-10" daemon [_thread_blocked, id=22724, stack(0x000000fb77f00000,0x000000fb78000000)]
  0x0000026bbebf2af0 JavaThread "http-nio-3333-Poller" daemon [_thread_in_native, id=14028, stack(0x000000fb78500000,0x000000fb78600000)]
  0x0000026bbebf2fc0 JavaThread "http-nio-3333-Acceptor" daemon [_thread_in_native, id=23232, stack(0x000000fb78600000,0x000000fb78700000)]
  0x0000026bbcec7080 JavaThread "ultraDataSource housekeeper" daemon [_thread_blocked, id=2752, stack(0x000000fb78800000,0x000000fb78900000)]

Other Threads:
  0x0000026bb3fc0cf0 VMThread "VM Thread" [stack: 0x000000fb74900000,0x000000fb74a00000] [id=21676]
  0x0000026bb61875b0 WatcherThread [stack: 0x000000fb75d00000,0x000000fb75e00000] [id=5384]
  0x0000026ba1e822f0 GCTaskThread "GC Thread#0" [stack: 0x000000fb74400000,0x000000fb74500000] [id=12920]
  0x0000026b9fb2e360 GCTaskThread "GC Thread#1" [stack: 0x000000fb75e00000,0x000000fb75f00000] [id=23540]
  0x0000026b9fb2e610 GCTaskThread "GC Thread#2" [stack: 0x000000fb75f00000,0x000000fb76000000] [id=7780]
  0x0000026bb618bdb0 GCTaskThread "GC Thread#3" [stack: 0x000000fb76000000,0x000000fb76100000] [id=5804]
  0x0000026bb618c060 GCTaskThread "GC Thread#4" [stack: 0x000000fb76100000,0x000000fb76200000] [id=21668]
  0x0000026bb6090070 GCTaskThread "GC Thread#5" [stack: 0x000000fb76200000,0x000000fb76300000] [id=17240]
  0x0000026bb6184e80 GCTaskThread "GC Thread#6" [stack: 0x000000fb76300000,0x000000fb76400000] [id=19116]
  0x0000026bb61d0e30 GCTaskThread "GC Thread#7" [stack: 0x000000fb76400000,0x000000fb76500000] [id=1776]
  0x0000026ba1e92b90 ConcurrentGCThread "G1 Main Marker" [stack: 0x000000fb74500000,0x000000fb74600000] [id=13436]
  0x0000026ba1e934b0 ConcurrentGCThread "G1 Conc#0" [stack: 0x000000fb74600000,0x000000fb74700000] [id=22512]
  0x0000026bb6fa7ae0 ConcurrentGCThread "G1 Conc#1" [stack: 0x000000fb76d00000,0x000000fb76e00000] [id=15584]
  0x0000026bb3ea2ba0 ConcurrentGCThread "G1 Refine#0" [stack: 0x000000fb74700000,0x000000fb74800000] [id=17924]
  0x0000026bb6090730 ConcurrentGCThread "G1 Refine#1" [stack: 0x000000fb76500000,0x000000fb76600000] [id=22540]
  0x0000026bb6090a10 ConcurrentGCThread "G1 Refine#2" [stack: 0x000000fb76600000,0x000000fb76700000] [id=16856]
  0x0000026bb3ea34d0 ConcurrentGCThread "G1 Service" [stack: 0x000000fb74800000,0x000000fb74900000] [id=12712]

Threads with active compile tasks:

VM state: not at safepoint (normal execution)

VM Mutex/Monitor currently owned by a thread: None

Heap address: 0x0000000704a00000, size: 4022 MB, Compressed Oops mode: Zero based, Oop shift amount: 3

CDS archive(s) not mapped
Compressed class space mapped at: 0x0000000800000000-0x0000000840000000, reserved size: 1073741824
Narrow klass base: 0x0000000800000000, Narrow klass shift: 0, Narrow klass range: 0x40000000

GC Precious Log:
 CPUs: 8 total, 8 available
 Memory: 16087M
 Large Page Support: Disabled
 NUMA Support: Disabled
 Compressed Oops: Enabled (Zero based)
 Heap Region Size: 2M
 Heap Min Capacity: 8M
 Heap Initial Capacity: 252M
 Heap Max Capacity: 4022M
 Pre-touch: Disabled
 Parallel Workers: 8
 Concurrent Workers: 2
 Concurrent Refinement Workers: 8
 Periodic GC: Disabled

Heap:
 garbage-first heap   total 278528K, used 195891K [0x0000000704a00000, 0x0000000800000000)
  region size 2048K, 65 young (133120K), 6 survivors (12288K)
 Metaspace       used 136467K, committed 137216K, reserved 1171456K
  class space    used 17242K, committed 17600K, reserved 1048576K

Heap Regions: E=young(eden), S=young(survivor), O=old, HS=humongous(starts), HC=humongous(continues), CS=collection set, F=free, OA=open archive, CA=closed archive, TAMS=top-at-mark-start (previous, next)
|   0|0x0000000704a00000, 0x0000000704c00000, 0x0000000704c00000|100%| O|  |TAMS 0x0000000704c00000, 0x0000000704a00000| Untracked 
|   1|0x0000000704c00000, 0x0000000704dffff0, 0x0000000704e00000| 99%| O|  |TAMS 0x0000000704dffff0, 0x0000000704c00000| Untracked 
|   2|0x0000000704e00000, 0x0000000704fffff0, 0x0000000705000000| 99%| O|  |TAMS 0x0000000704fffff0, 0x0000000704e00000| Untracked 
|   3|0x0000000705000000, 0x00000007051ffa58, 0x0000000705200000| 99%| O|  |TAMS 0x00000007051ffa58, 0x0000000705000000| Untracked 
|   4|0x0000000705200000, 0x00000007053fffe8, 0x0000000705400000| 99%| O|  |TAMS 0x00000007053fffe8, 0x0000000705200000| Untracked 
|   5|0x0000000705400000, 0x00000007055ffdc8, 0x0000000705600000| 99%| O|  |TAMS 0x00000007055ffdc8, 0x0000000705400000| Untracked 
|   6|0x0000000705600000, 0x00000007057ffff0, 0x0000000705800000| 99%| O|  |TAMS 0x00000007057ffff0, 0x0000000705600000| Untracked 
|   7|0x0000000705800000, 0x00000007059ffff0, 0x0000000705a00000| 99%| O|  |TAMS 0x00000007059ffff0, 0x0000000705800000| Untracked 
|   8|0x0000000705a00000, 0x0000000705bfffe8, 0x0000000705c00000| 99%| O|  |TAMS 0x0000000705bfffe8, 0x0000000705a00000| Untracked 
|   9|0x0000000705c00000, 0x0000000705dfebd0, 0x0000000705e00000| 99%| O|  |TAMS 0x0000000705dfebd0, 0x0000000705c00000| Untracked 
|  10|0x0000000705e00000, 0x0000000705ffef78, 0x0000000706000000| 99%| O|  |TAMS 0x0000000705ffef78, 0x0000000705e00000| Untracked 
|  11|0x0000000706000000, 0x00000007061ffff8, 0x0000000706200000| 99%| O|  |TAMS 0x00000007061ffff8, 0x0000000706000000| Untracked 
|  12|0x0000000706200000, 0x00000007063ffff0, 0x0000000706400000| 99%| O|  |TAMS 0x00000007063ffff0, 0x0000000706200000| Untracked 
|  13|0x0000000706400000, 0x00000007065fffd0, 0x0000000706600000| 99%| O|  |TAMS 0x00000007065fffd0, 0x0000000706400000| Untracked 
|  14|0x0000000706600000, 0x00000007067ffff8, 0x0000000706800000| 99%| O|  |TAMS 0x00000007067ffff8, 0x0000000706600000| Untracked 
|  15|0x0000000706800000, 0x00000007069ffff8, 0x0000000706a00000| 99%| O|  |TAMS 0x00000007069ffff8, 0x0000000706800000| Untracked 
|  16|0x0000000706a00000, 0x0000000706bfffc0, 0x0000000706c00000| 99%| O|  |TAMS 0x0000000706bfffc0, 0x0000000706a00000| Untracked 
|  17|0x0000000706c00000, 0x0000000706dfffd8, 0x0000000706e00000| 99%| O|  |TAMS 0x0000000706dfffd8, 0x0000000706c00000| Untracked 
|  18|0x0000000706e00000, 0x0000000706ffffe8, 0x0000000707000000| 99%| O|  |TAMS 0x0000000706ffffe8, 0x0000000706e00000| Untracked 
|  19|0x0000000707000000, 0x00000007071da6b0, 0x0000000707200000| 92%| O|  |TAMS 0x00000007071da6b0, 0x0000000707000000| Untracked 
|  20|0x0000000707200000, 0x0000000707400000, 0x0000000707400000|100%| O|  |TAMS 0x0000000707200000, 0x0000000707200000| Untracked 
|  21|0x0000000707400000, 0x000000070753a9b0, 0x0000000707600000| 61%| O|  |TAMS 0x000000070753a9b0, 0x0000000707400000| Untracked 
|  22|0x0000000707600000, 0x00000007077ff820, 0x0000000707800000| 99%| O|  |TAMS 0x00000007077ff820, 0x0000000707600000| Untracked 
|  23|0x0000000707800000, 0x00000007079ffff8, 0x0000000707a00000| 99%| O|  |TAMS 0x00000007079ffff8, 0x0000000707800000| Untracked 
|  24|0x0000000707a00000, 0x0000000707bfffe0, 0x0000000707c00000| 99%| O|  |TAMS 0x0000000707bfffe0, 0x0000000707a00000| Untracked 
|  25|0x0000000707c00000, 0x0000000707c94d40, 0x0000000707e00000| 29%| O|  |TAMS 0x0000000707c94d40, 0x0000000707c00000| Untracked 
|  26|0x0000000707e00000, 0x0000000708000000, 0x0000000708000000|100%| O|  |TAMS 0x0000000707e00000, 0x0000000707e00000| Untracked 
|  27|0x0000000708000000, 0x00000007080b6758, 0x0000000708200000| 35%| O|  |TAMS 0x00000007080b6758, 0x0000000708000000| Untracked 
|  28|0x0000000708200000, 0x0000000708400000, 0x0000000708400000|100%| O|  |TAMS 0x0000000708200000, 0x0000000708200000| Untracked 
|  29|0x0000000708400000, 0x00000007085c62f8, 0x0000000708600000| 88%| O|  |TAMS 0x00000007085c62f8, 0x0000000708400000| Untracked 
|  30|0x0000000708600000, 0x0000000708611e90, 0x0000000708800000|  3%| O|  |TAMS 0x0000000708611e90, 0x0000000708600000| Untracked 
|  31|0x0000000708800000, 0x0000000708a00000, 0x0000000708a00000|100%| O|  |TAMS 0x0000000708800000, 0x0000000708800000| Untracked 
|  32|0x0000000708a00000, 0x0000000708c00000, 0x0000000708c00000|100%| O|  |TAMS 0x0000000708a00000, 0x0000000708a00000| Untracked 
|  33|0x0000000708c00000, 0x0000000708e00000, 0x0000000708e00000|100%| O|  |TAMS 0x0000000708c00000, 0x0000000708c00000| Untracked 
|  34|0x0000000708e00000, 0x0000000709000000, 0x0000000709000000|100%| O|  |TAMS 0x0000000708e00000, 0x0000000708e00000| Untracked 
|  35|0x0000000709000000, 0x00000007090e0800, 0x0000000709200000| 43%| O|  |TAMS 0x0000000709000000, 0x0000000709000000| Untracked 
|  36|0x0000000709200000, 0x0000000709200000, 0x0000000709400000|  0%| F|  |TAMS 0x0000000709200000, 0x0000000709200000| Untracked 
|  37|0x0000000709400000, 0x0000000709400000, 0x0000000709600000|  0%| F|  |TAMS 0x0000000709400000, 0x0000000709400000| Untracked 
|  38|0x0000000709600000, 0x0000000709600000, 0x0000000709800000|  0%| F|  |TAMS 0x0000000709600000, 0x0000000709600000| Untracked 
|  39|0x0000000709800000, 0x0000000709800000, 0x0000000709a00000|  0%| F|  |TAMS 0x0000000709800000, 0x0000000709800000| Untracked 
|  40|0x0000000709a00000, 0x0000000709a00000, 0x0000000709c00000|  0%| F|  |TAMS 0x0000000709a00000, 0x0000000709a00000| Untracked 
|  41|0x0000000709c00000, 0x0000000709c00000, 0x0000000709e00000|  0%| F|  |TAMS 0x0000000709c00000, 0x0000000709c00000| Untracked 
|  42|0x0000000709e00000, 0x0000000709e00000, 0x000000070a000000|  0%| F|  |TAMS 0x0000000709e00000, 0x0000000709e00000| Untracked 
|  43|0x000000070a000000, 0x000000070a000000, 0x000000070a200000|  0%| F|  |TAMS 0x000000070a000000, 0x000000070a000000| Untracked 
|  44|0x000000070a200000, 0x000000070a200000, 0x000000070a400000|  0%| F|  |TAMS 0x000000070a200000, 0x000000070a200000| Untracked 
|  45|0x000000070a400000, 0x000000070a400000, 0x000000070a600000|  0%| F|  |TAMS 0x000000070a400000, 0x000000070a400000| Untracked 
|  46|0x000000070a600000, 0x000000070a600000, 0x000000070a800000|  0%| F|  |TAMS 0x000000070a600000, 0x000000070a600000| Untracked 
|  47|0x000000070a800000, 0x000000070a800000, 0x000000070aa00000|  0%| F|  |TAMS 0x000000070a800000, 0x000000070a800000| Untracked 
|  48|0x000000070aa00000, 0x000000070aa00000, 0x000000070ac00000|  0%| F|  |TAMS 0x000000070aa00000, 0x000000070aa00000| Untracked 
|  49|0x000000070ac00000, 0x000000070ac00000, 0x000000070ae00000|  0%| F|  |TAMS 0x000000070ac00000, 0x000000070ac00000| Untracked 
|  50|0x000000070ae00000, 0x000000070ae374f0, 0x000000070b000000| 10%| S|CS|TAMS 0x000000070ae00000, 0x000000070ae00000| Complete 
|  51|0x000000070b000000, 0x000000070b200000, 0x000000070b200000|100%| S|CS|TAMS 0x000000070b000000, 0x000000070b000000| Complete 
|  52|0x000000070b200000, 0x000000070b400000, 0x000000070b400000|100%| S|CS|TAMS 0x000000070b200000, 0x000000070b200000| Complete 
|  53|0x000000070b400000, 0x000000070b600000, 0x000000070b600000|100%| S|CS|TAMS 0x000000070b400000, 0x000000070b400000| Complete 
|  54|0x000000070b600000, 0x000000070b800000, 0x000000070b800000|100%| S|CS|TAMS 0x000000070b600000, 0x000000070b600000| Complete 
|  55|0x000000070b800000, 0x000000070ba00000, 0x000000070ba00000|100%| S|CS|TAMS 0x000000070b800000, 0x000000070b800000| Complete 
|  56|0x000000070ba00000, 0x000000070ba00000, 0x000000070bc00000|  0%| F|  |TAMS 0x000000070ba00000, 0x000000070ba00000| Untracked 
|  57|0x000000070bc00000, 0x000000070bc00000, 0x000000070be00000|  0%| F|  |TAMS 0x000000070bc00000, 0x000000070bc00000| Untracked 
|  58|0x000000070be00000, 0x000000070be00000, 0x000000070c000000|  0%| F|  |TAMS 0x000000070be00000, 0x000000070be00000| Untracked 
|  59|0x000000070c000000, 0x000000070c000000, 0x000000070c200000|  0%| F|  |TAMS 0x000000070c000000, 0x000000070c000000| Untracked 
|  60|0x000000070c200000, 0x000000070c200000, 0x000000070c400000|  0%| F|  |TAMS 0x000000070c200000, 0x000000070c200000| Untracked 
|  61|0x000000070c400000, 0x000000070c400000, 0x000000070c600000|  0%| F|  |TAMS 0x000000070c400000, 0x000000070c400000| Untracked 
|  62|0x000000070c600000, 0x000000070c600000, 0x000000070c800000|  0%| F|  |TAMS 0x000000070c600000, 0x000000070c600000| Untracked 
|  63|0x000000070c800000, 0x000000070c800000, 0x000000070ca00000|  0%| F|  |TAMS 0x000000070c800000, 0x000000070c800000| Untracked 
|  64|0x000000070ca00000, 0x000000070ca00000, 0x000000070cc00000|  0%| F|  |TAMS 0x000000070ca00000, 0x000000070ca00000| Untracked 
|  65|0x000000070cc00000, 0x000000070cc00000, 0x000000070ce00000|  0%| F|  |TAMS 0x000000070cc00000, 0x000000070cc00000| Untracked 
|  66|0x000000070ce00000, 0x000000070ce00000, 0x000000070d000000|  0%| F|  |TAMS 0x000000070ce00000, 0x000000070ce00000| Untracked 
|  67|0x000000070d000000, 0x000000070d000000, 0x000000070d200000|  0%| F|  |TAMS 0x000000070d000000, 0x000000070d000000| Untracked 
|  68|0x000000070d200000, 0x000000070d200000, 0x000000070d400000|  0%| F|  |TAMS 0x000000070d200000, 0x000000070d200000| Untracked 
|  69|0x000000070d400000, 0x000000070d400000, 0x000000070d600000|  0%| F|  |TAMS 0x000000070d400000, 0x000000070d400000| Untracked 
|  70|0x000000070d600000, 0x000000070d600000, 0x000000070d800000|  0%| F|  |TAMS 0x000000070d600000, 0x000000070d600000| Untracked 
|  71|0x000000070d800000, 0x000000070d800000, 0x000000070da00000|  0%| F|  |TAMS 0x000000070d800000, 0x000000070d800000| Untracked 
|  72|0x000000070da00000, 0x000000070da00000, 0x000000070dc00000|  0%| F|  |TAMS 0x000000070da00000, 0x000000070da00000| Untracked 
|  73|0x000000070dc00000, 0x000000070dc00000, 0x000000070de00000|  0%| F|  |TAMS 0x000000070dc00000, 0x000000070dc00000| Untracked 
|  74|0x000000070de00000, 0x000000070de00000, 0x000000070e000000|  0%| F|  |TAMS 0x000000070de00000, 0x000000070de00000| Untracked 
|  75|0x000000070e000000, 0x000000070e000000, 0x000000070e200000|  0%| F|  |TAMS 0x000000070e000000, 0x000000070e000000| Untracked 
|  76|0x000000070e200000, 0x000000070e200000, 0x000000070e400000|  0%| F|  |TAMS 0x000000070e200000, 0x000000070e200000| Untracked 
|  77|0x000000070e400000, 0x000000070e4a9db0, 0x000000070e600000| 33%| E|  |TAMS 0x000000070e400000, 0x000000070e400000| Complete 
|  78|0x000000070e600000, 0x000000070e800000, 0x000000070e800000|100%| E|CS|TAMS 0x000000070e600000, 0x000000070e600000| Complete 
|  79|0x000000070e800000, 0x000000070ea00000, 0x000000070ea00000|100%| E|CS|TAMS 0x000000070e800000, 0x000000070e800000| Complete 
|  80|0x000000070ea00000, 0x000000070ec00000, 0x000000070ec00000|100%| E|CS|TAMS 0x000000070ea00000, 0x000000070ea00000| Complete 
|  81|0x000000070ec00000, 0x000000070ee00000, 0x000000070ee00000|100%| E|CS|TAMS 0x000000070ec00000, 0x000000070ec00000| Complete 
|  82|0x000000070ee00000, 0x000000070f000000, 0x000000070f000000|100%| E|CS|TAMS 0x000000070ee00000, 0x000000070ee00000| Complete 
|  83|0x000000070f000000, 0x000000070f200000, 0x000000070f200000|100%| E|CS|TAMS 0x000000070f000000, 0x000000070f000000| Complete 
|  84|0x000000070f200000, 0x000000070f400000, 0x000000070f400000|100%| E|CS|TAMS 0x000000070f200000, 0x000000070f200000| Complete 
|  85|0x000000070f400000, 0x000000070f600000, 0x000000070f600000|100%| E|CS|TAMS 0x000000070f400000, 0x000000070f400000| Complete 
|  86|0x000000070f600000, 0x000000070f800000, 0x000000070f800000|100%| E|CS|TAMS 0x000000070f600000, 0x000000070f600000| Complete 
|  87|0x000000070f800000, 0x000000070fa00000, 0x000000070fa00000|100%| E|CS|TAMS 0x000000070f800000, 0x000000070f800000| Complete 
|  88|0x000000070fa00000, 0x000000070fc00000, 0x000000070fc00000|100%| E|CS|TAMS 0x000000070fa00000, 0x000000070fa00000| Complete 
|  89|0x000000070fc00000, 0x000000070fe00000, 0x000000070fe00000|100%| E|CS|TAMS 0x000000070fc00000, 0x000000070fc00000| Complete 
|  90|0x000000070fe00000, 0x0000000710000000, 0x0000000710000000|100%| E|CS|TAMS 0x000000070fe00000, 0x000000070fe00000| Complete 
|  91|0x0000000710000000, 0x0000000710200000, 0x0000000710200000|100%| E|CS|TAMS 0x0000000710000000, 0x0000000710000000| Complete 
|  92|0x0000000710200000, 0x0000000710400000, 0x0000000710400000|100%| E|CS|TAMS 0x0000000710200000, 0x0000000710200000| Complete 
|  93|0x0000000710400000, 0x0000000710600000, 0x0000000710600000|100%| E|CS|TAMS 0x0000000710400000, 0x0000000710400000| Complete 
|  94|0x0000000710600000, 0x0000000710800000, 0x0000000710800000|100%| E|CS|TAMS 0x0000000710600000, 0x0000000710600000| Complete 
|  95|0x0000000710800000, 0x0000000710a00000, 0x0000000710a00000|100%| E|CS|TAMS 0x0000000710800000, 0x0000000710800000| Complete 
|  96|0x0000000710a00000, 0x0000000710c00000, 0x0000000710c00000|100%| E|CS|TAMS 0x0000000710a00000, 0x0000000710a00000| Complete 
|  97|0x0000000710c00000, 0x0000000710e00000, 0x0000000710e00000|100%| E|CS|TAMS 0x0000000710c00000, 0x0000000710c00000| Complete 
|  98|0x0000000710e00000, 0x0000000711000000, 0x0000000711000000|100%| E|CS|TAMS 0x0000000710e00000, 0x0000000710e00000| Complete 
|  99|0x0000000711000000, 0x0000000711200000, 0x0000000711200000|100%| E|CS|TAMS 0x0000000711000000, 0x0000000711000000| Complete 
| 100|0x0000000711200000, 0x0000000711400000, 0x0000000711400000|100%| E|CS|TAMS 0x0000000711200000, 0x0000000711200000| Complete 
| 101|0x0000000711400000, 0x0000000711600000, 0x0000000711600000|100%| E|CS|TAMS 0x0000000711400000, 0x0000000711400000| Complete 
| 102|0x0000000711600000, 0x0000000711800000, 0x0000000711800000|100%| E|CS|TAMS 0x0000000711600000, 0x0000000711600000| Complete 
| 103|0x0000000711800000, 0x0000000711a00000, 0x0000000711a00000|100%| E|CS|TAMS 0x0000000711800000, 0x0000000711800000| Complete 
| 104|0x0000000711a00000, 0x0000000711c00000, 0x0000000711c00000|100%| E|CS|TAMS 0x0000000711a00000, 0x0000000711a00000| Complete 
| 105|0x0000000711c00000, 0x0000000711e00000, 0x0000000711e00000|100%| E|CS|TAMS 0x0000000711c00000, 0x0000000711c00000| Complete 
| 106|0x0000000711e00000, 0x0000000712000000, 0x0000000712000000|100%| E|CS|TAMS 0x0000000711e00000, 0x0000000711e00000| Complete 
| 107|0x0000000712000000, 0x0000000712200000, 0x0000000712200000|100%| E|CS|TAMS 0x0000000712000000, 0x0000000712000000| Complete 
| 108|0x0000000712200000, 0x0000000712400000, 0x0000000712400000|100%| E|CS|TAMS 0x0000000712200000, 0x0000000712200000| Complete 
| 109|0x0000000712400000, 0x0000000712600000, 0x0000000712600000|100%| E|CS|TAMS 0x0000000712400000, 0x0000000712400000| Complete 
| 110|0x0000000712600000, 0x0000000712800000, 0x0000000712800000|100%| E|CS|TAMS 0x0000000712600000, 0x0000000712600000| Complete 
| 111|0x0000000712800000, 0x0000000712a00000, 0x0000000712a00000|100%| E|CS|TAMS 0x0000000712800000, 0x0000000712800000| Complete 
| 112|0x0000000712a00000, 0x0000000712c00000, 0x0000000712c00000|100%| E|CS|TAMS 0x0000000712a00000, 0x0000000712a00000| Complete 
| 113|0x0000000712c00000, 0x0000000712e00000, 0x0000000712e00000|100%| E|CS|TAMS 0x0000000712c00000, 0x0000000712c00000| Complete 
| 114|0x0000000712e00000, 0x0000000713000000, 0x0000000713000000|100%| E|CS|TAMS 0x0000000712e00000, 0x0000000712e00000| Complete 
| 115|0x0000000713000000, 0x0000000713200000, 0x0000000713200000|100%| E|CS|TAMS 0x0000000713000000, 0x0000000713000000| Complete 
| 116|0x0000000713200000, 0x0000000713400000, 0x0000000713400000|100%| E|CS|TAMS 0x0000000713200000, 0x0000000713200000| Complete 
| 117|0x0000000713400000, 0x0000000713600000, 0x0000000713600000|100%| E|CS|TAMS 0x0000000713400000, 0x0000000713400000| Complete 
| 118|0x0000000713600000, 0x0000000713800000, 0x0000000713800000|100%| E|CS|TAMS 0x0000000713600000, 0x0000000713600000| Complete 
| 119|0x0000000713800000, 0x0000000713a00000, 0x0000000713a00000|100%| E|CS|TAMS 0x0000000713800000, 0x0000000713800000| Complete 
| 120|0x0000000713a00000, 0x0000000713c00000, 0x0000000713c00000|100%| E|CS|TAMS 0x0000000713a00000, 0x0000000713a00000| Complete 
| 121|0x0000000713c00000, 0x0000000713e00000, 0x0000000713e00000|100%| E|CS|TAMS 0x0000000713c00000, 0x0000000713c00000| Complete 
| 122|0x0000000713e00000, 0x0000000714000000, 0x0000000714000000|100%| E|CS|TAMS 0x0000000713e00000, 0x0000000713e00000| Complete 
| 123|0x0000000714000000, 0x0000000714200000, 0x0000000714200000|100%| E|CS|TAMS 0x0000000714000000, 0x0000000714000000| Complete 
| 124|0x0000000714200000, 0x0000000714400000, 0x0000000714400000|100%| E|CS|TAMS 0x0000000714200000, 0x0000000714200000| Complete 
| 125|0x0000000714400000, 0x0000000714600000, 0x0000000714600000|100%| E|CS|TAMS 0x0000000714400000, 0x0000000714400000| Complete 
| 126|0x0000000714600000, 0x0000000714800000, 0x0000000714800000|100%| E|CS|TAMS 0x0000000714600000, 0x0000000714600000| Complete 
| 127|0x0000000714800000, 0x0000000714a00000, 0x0000000714a00000|100%| E|CS|TAMS 0x0000000714800000, 0x0000000714800000| Complete 
| 128|0x0000000714a00000, 0x0000000714c00000, 0x0000000714c00000|100%| E|CS|TAMS 0x0000000714a00000, 0x0000000714a00000| Complete 
| 129|0x0000000714c00000, 0x0000000714e00000, 0x0000000714e00000|100%| E|CS|TAMS 0x0000000714c00000, 0x0000000714c00000| Complete 
| 130|0x0000000714e00000, 0x0000000715000000, 0x0000000715000000|100%| E|CS|TAMS 0x0000000714e00000, 0x0000000714e00000| Complete 
| 131|0x0000000715000000, 0x0000000715200000, 0x0000000715200000|100%| E|CS|TAMS 0x0000000715000000, 0x0000000715000000| Complete 
| 132|0x0000000715200000, 0x0000000715400000, 0x0000000715400000|100%| E|CS|TAMS 0x0000000715200000, 0x0000000715200000| Complete 
| 133|0x0000000715400000, 0x0000000715600000, 0x0000000715600000|100%| E|CS|TAMS 0x0000000715400000, 0x0000000715400000| Complete 
| 134|0x0000000715600000, 0x0000000715800000, 0x0000000715800000|100%| E|CS|TAMS 0x0000000715600000, 0x0000000715600000| Complete 
| 135|0x0000000715800000, 0x0000000715a00000, 0x0000000715a00000|100%| E|CS|TAMS 0x0000000715800000, 0x0000000715800000| Complete 

Card table byte_map: [0x0000026ba8d90000,0x0000026ba9570000] _byte_map_base: 0x0000026ba556b000

Marking Bits (Prev, Next): (CMBitMap*) 0x0000026ba1e82750, (CMBitMap*) 0x0000026ba1e82710
 Prev Bits: [0x0000026badc30000, 0x0000026bb1b08000)
 Next Bits: [0x0000026ba9d50000, 0x0000026badc28000)

Polling page: 0x0000026ba15a0000

Metaspace:

Usage:
  Non-class:    116.43 MB used.
      Class:     16.84 MB used.
       Both:    133.27 MB used.

Virtual space:
  Non-class space:      120.00 MB reserved,     116.81 MB ( 97%) committed,  15 nodes.
      Class space:        1.00 GB reserved,      17.19 MB (  2%) committed,  1 nodes.
             Both:        1.12 GB reserved,     134.00 MB ( 12%) committed. 

Chunk freelists:
   Non-Class:  3.09 MB
       Class:  2.81 MB
        Both:  5.91 MB

MaxMetaspaceSize: unlimited
CompressedClassSpaceSize: 1.00 GB
Initial GC threshold: 21.00 MB
Current GC threshold: 213.75 MB
CDS: off
MetaspaceReclaimPolicy: balanced
 - commit_granule_bytes: 65536.
 - commit_granule_words: 8192.
 - virtual_space_node_default_size: 1048576.
 - enlarge_chunks_in_place: 1.
 - new_chunks_are_fully_committed: 0.
 - uncommit_free_chunks: 1.
 - use_allocation_guard: 0.
 - handle_deallocations: 1.


Internal statistics:

num_allocs_failed_limit: 9.
num_arena_births: 2262.
num_arena_deaths: 1118.
num_vsnodes_births: 16.
num_vsnodes_deaths: 0.
num_space_committed: 2144.
num_space_uncommitted: 0.
num_chunks_returned_to_freelist: 1553.
num_chunks_taken_from_freelist: 9067.
num_chunk_merges: 435.
num_chunk_splits: 5143.
num_chunks_enlarged: 3306.
num_purges: 24.
num_inconsistent_stats: 0.

CodeCache: size=49152Kb used=34142Kb max_used=35641Kb free=15009Kb
 bounds [0x0000026ba5490000, 0x0000026ba77a0000, 0x0000026ba8490000]
 total_blobs=19219 nmethods=18494 adapters=650
 compilation: enabled
              stopped_count=0, restarted_count=0
 full_count=0

Compilation events (20 events):
Event: 1294.356 Thread 0x0000026bb4733d20 18646       1       org.hibernate.engine.jdbc.internal.JdbcCoordinatorImpl::registerLastQuery (43 bytes)
Event: 1294.357 Thread 0x0000026bb4733d20 nmethod 18646 0x0000026ba722a910 code [0x0000026ba722ab00, 0x0000026ba722b018]
Event: 1294.368 Thread 0x0000026bb4733d20 18647       1       org.hibernate.resource.jdbc.internal.LogicalConnectionManagedImpl::afterStatement (53 bytes)
Event: 1294.368 Thread 0x0000026bb4733d20 nmethod 18647 0x0000026ba722a290 code [0x0000026ba722a480, 0x0000026ba722a748]
Event: 1294.368 Thread 0x0000026bb4733d20 18648       1       org.hibernate.resource.jdbc.internal.AbstractLogicalConnectionImplementor::afterStatement (9 bytes)
Event: 1294.369 Thread 0x0000026bb4733d20 nmethod 18648 0x0000026ba7229f10 code [0x0000026ba722a0c0, 0x0000026ba722a1e8]
Event: 1294.370 Thread 0x0000026bb4733d20 18649       1       org.springframework.util.function.SingletonSupplier::of (9 bytes)
Event: 1294.370 Thread 0x0000026bb4733d20 nmethod 18649 0x0000026ba7229b90 code [0x0000026ba7229d20, 0x0000026ba7229e78]
Event: 1294.370 Thread 0x0000026bb4733d20 18650       1       org.springframework.util.function.SingletonSupplier::<init> (15 bytes)
Event: 1294.371 Thread 0x0000026bb4733d20 nmethod 18650 0x0000026ba7229810 code [0x0000026ba72299a0, 0x0000026ba7229af8]
Event: 1294.372 Thread 0x0000026bb4733d20 18651       1       com.fasterxml.jackson.core.json.UTF8StreamJsonParser::_finishAndReturnString (137 bytes)
Event: 1294.373 Thread 0x0000026bb4733d20 nmethod 18651 0x0000026ba7228c90 code [0x0000026ba7228ec0, 0x0000026ba7229358]
Event: 1294.415 Thread 0x0000026bb4733d20 18652       1       org.springframework.util.MimeTypeUtils::tokenize (138 bytes)
Event: 1294.416 Thread 0x0000026bb4733d20 nmethod 18652 0x0000026ba7227c90 code [0x0000026ba7227ec0, 0x0000026ba72286f8]
Event: 1294.417 Thread 0x0000026bb4733d20 18653       1       org.apache.catalina.connector.CoyoteOutputStream::checkNonBlockingWrite (48 bytes)
Event: 1294.417 Thread 0x0000026bb4733d20 nmethod 18653 0x0000026ba7227690 code [0x0000026ba7227860, 0x0000026ba7227a88]
Event: 1294.417 Thread 0x0000026bb4733d20 18654       1       org.apache.catalina.connector.OutputBuffer::isBlocking (16 bytes)
Event: 1294.417 Thread 0x0000026bb4733d20 nmethod 18654 0x0000026ba7227310 code [0x0000026ba72274a0, 0x0000026ba7227598]
Event: 1294.417 Thread 0x0000026bb4733d20 18655   !   1       org.apache.coyote.http11.Http11OutputBuffer$SocketOutputBuffer::doWrite (88 bytes)
Event: 1294.425 Thread 0x0000026bb4733d20 nmethod 18655 0x0000026ba7226990 code [0x0000026ba7226b80, 0x0000026ba7226ee8]

GC Heap History (20 events):
Event: 706.541 GC heap before
{Heap before GC invocations=132 (full 6):
 garbage-first heap   total 192512K, used 157908K [0x0000000704a00000, 0x0000000800000000)
  region size 2048K, 52 young (106496K), 0 survivors (0K)
 Metaspace       used 130661K, committed 131328K, reserved 1163264K
  class space    used 16665K, committed 17024K, reserved 1048576K
}
Event: 706.547 GC heap after
{Heap after GC invocations=133 (full 6):
 garbage-first heap   total 192512K, used 58947K [0x0000000704a00000, 0x0000000800000000)
  region size 2048K, 4 young (8192K), 4 survivors (8192K)
 Metaspace       used 130661K, committed 131328K, reserved 1163264K
  class space    used 16665K, committed 17024K, reserved 1048576K
}
Event: 707.794 GC heap before
{Heap before GC invocations=134 (full 6):
 garbage-first heap   total 192512K, used 155203K [0x0000000704a00000, 0x0000000800000000)
  region size 2048K, 51 young (104448K), 4 survivors (8192K)
 Metaspace       used 130804K, committed 131520K, reserved 1163264K
  class space    used 16675K, committed 17024K, reserved 1048576K
}
Event: 707.802 GC heap after
{Heap after GC invocations=135 (full 6):
 garbage-first heap   total 192512K, used 60762K [0x0000000704a00000, 0x0000000800000000)
  region size 2048K, 5 young (10240K), 5 survivors (10240K)
 Metaspace       used 130804K, committed 131520K, reserved 1163264K
  class space    used 16675K, committed 17024K, reserved 1048576K
}
Event: 708.350 GC heap before
{Heap before GC invocations=135 (full 6):
 garbage-first heap   total 192512K, used 154970K [0x0000000704a00000, 0x0000000800000000)
  region size 2048K, 51 young (104448K), 5 survivors (10240K)
 Metaspace       used 131308K, committed 131968K, reserved 1171456K
  class space    used 16742K, committed 17088K, reserved 1048576K
}
Event: 708.358 GC heap after
{Heap after GC invocations=136 (full 6):
 garbage-first heap   total 192512K, used 64009K [0x0000000704a00000, 0x0000000800000000)
  region size 2048K, 3 young (6144K), 3 survivors (6144K)
 Metaspace       used 131308K, committed 131968K, reserved 1171456K
  class space    used 16742K, committed 17088K, reserved 1048576K
}
Event: 708.797 GC heap before
{Heap before GC invocations=136 (full 6):
 garbage-first heap   total 192512K, used 154121K [0x0000000704a00000, 0x0000000800000000)
  region size 2048K, 47 young (96256K), 3 survivors (6144K)
 Metaspace       used 131858K, committed 132544K, reserved 1171456K
  class space    used 16805K, committed 17152K, reserved 1048576K
}
Event: 708.802 GC heap after
{Heap after GC invocations=137 (full 6):
 garbage-first heap   total 231424K, used 66809K [0x0000000704a00000, 0x0000000800000000)
  region size 2048K, 5 young (10240K), 5 survivors (10240K)
 Metaspace       used 131858K, committed 132544K, reserved 1171456K
  class space    used 16805K, committed 17152K, reserved 1048576K
}
Event: 709.213 GC heap before
{Heap before GC invocations=137 (full 6):
 garbage-first heap   total 231424K, used 183545K [0x0000000704a00000, 0x0000000800000000)
  region size 2048K, 62 young (126976K), 5 survivors (10240K)
 Metaspace       used 132821K, committed 133504K, reserved 1171456K
  class space    used 16885K, committed 17216K, reserved 1048576K
}
Event: 709.218 GC heap after
{Heap after GC invocations=138 (full 6):
 garbage-first heap   total 231424K, used 69054K [0x0000000704a00000, 0x0000000800000000)
  region size 2048K, 5 young (10240K), 5 survivors (10240K)
 Metaspace       used 132821K, committed 133504K, reserved 1171456K
  class space    used 16885K, committed 17216K, reserved 1048576K
}
Event: 709.571 GC heap before
{Heap before GC invocations=138 (full 6):
 garbage-first heap   total 231424K, used 185790K [0x0000000704a00000, 0x0000000800000000)
  region size 2048K, 62 young (126976K), 5 survivors (10240K)
 Metaspace       used 133740K, committed 134400K, reserved 1171456K
  class space    used 16960K, committed 17280K, reserved 1048576K
}
Event: 709.576 GC heap after
{Heap after GC invocations=139 (full 6):
 garbage-first heap   total 231424K, used 70996K [0x0000000704a00000, 0x0000000800000000)
  region size 2048K, 4 young (8192K), 4 survivors (8192K)
 Metaspace       used 133740K, committed 134400K, reserved 1171456K
  class space    used 16960K, committed 17280K, reserved 1048576K
}
Event: 709.918 GC heap before
{Heap before GC invocations=139 (full 6):
 garbage-first heap   total 231424K, used 189780K [0x0000000704a00000, 0x0000000800000000)
  region size 2048K, 62 young (126976K), 4 survivors (8192K)
 Metaspace       used 134453K, committed 135168K, reserved 1171456K
  class space    used 17017K, committed 17344K, reserved 1048576K
}
Event: 709.923 GC heap after
{Heap after GC invocations=140 (full 6):
 garbage-first heap   total 231424K, used 72492K [0x0000000704a00000, 0x0000000800000000)
  region size 2048K, 5 young (10240K), 5 survivors (10240K)
 Metaspace       used 134453K, committed 135168K, reserved 1171456K
  class space    used 17017K, committed 17344K, reserved 1048576K
}
Event: 710.360 GC heap before
{Heap before GC invocations=140 (full 6):
 garbage-first heap   total 231424K, used 189228K [0x0000000704a00000, 0x0000000800000000)
  region size 2048K, 62 young (126976K), 5 survivors (10240K)
 Metaspace       used 135559K, committed 136256K, reserved 1171456K
  class space    used 17111K, committed 17472K, reserved 1048576K
}
Event: 710.367 GC heap after
{Heap after GC invocations=141 (full 6):
 garbage-first heap   total 278528K, used 75260K [0x0000000704a00000, 0x0000000800000000)
  region size 2048K, 5 young (10240K), 5 survivors (10240K)
 Metaspace       used 135559K, committed 136256K, reserved 1171456K
  class space    used 17111K, committed 17472K, reserved 1048576K
}
Event: 881.363 GC heap before
{Heap before GC invocations=141 (full 6):
 garbage-first heap   total 278528K, used 228860K [0x0000000704a00000, 0x0000000800000000)
  region size 2048K, 80 young (163840K), 5 survivors (10240K)
 Metaspace       used 136028K, committed 136768K, reserved 1171456K
  class space    used 17154K, committed 17536K, reserved 1048576K
}
Event: 881.368 GC heap after
{Heap after GC invocations=142 (full 6):
 garbage-first heap   total 278528K, used 76817K [0x0000000704a00000, 0x0000000800000000)
  region size 2048K, 5 young (10240K), 5 survivors (10240K)
 Metaspace       used 136028K, committed 136768K, reserved 1171456K
  class space    used 17154K, committed 17536K, reserved 1048576K
}
Event: 1106.497 GC heap before
{Heap before GC invocations=142 (full 6):
 garbage-first heap   total 278528K, used 230417K [0x0000000704a00000, 0x0000000800000000)
  region size 2048K, 80 young (163840K), 5 survivors (10240K)
 Metaspace       used 136427K, committed 137152K, reserved 1171456K
  class space    used 17236K, committed 17600K, reserved 1048576K
}
Event: 1106.502 GC heap after
{Heap after GC invocations=143 (full 6):
 garbage-first heap   total 278528K, used 77107K [0x0000000704a00000, 0x0000000800000000)
  region size 2048K, 6 young (12288K), 6 survivors (12288K)
 Metaspace       used 136427K, committed 137152K, reserved 1171456K
  class space    used 17236K, committed 17600K, reserved 1048576K
}

Deoptimization events (20 events):
Event: 1294.404 Thread 0x0000026bbebf77f0 DEOPT PACKING pc=0x0000026ba5940d5c sp=0x000000fb779f9070
Event: 1294.405 Thread 0x0000026bbebf77f0 DEOPT UNPACKING pc=0x0000026ba54e6763 sp=0x000000fb779f8548 mode 1
Event: 1294.405 Thread 0x0000026bbebf77f0 DEOPT PACKING pc=0x0000026ba6a7be04 sp=0x000000fb779f9110
Event: 1294.405 Thread 0x0000026bbebf77f0 DEOPT UNPACKING pc=0x0000026ba54e6763 sp=0x000000fb779f8570 mode 1
Event: 1294.412 Thread 0x0000026bbebf77f0 DEOPT PACKING pc=0x0000026ba743de54 sp=0x000000fb779f8ef0
Event: 1294.412 Thread 0x0000026bbebf77f0 DEOPT UNPACKING pc=0x0000026ba54e6763 sp=0x000000fb779f84f8 mode 1
Event: 1294.413 Thread 0x0000026bbebf77f0 DEOPT PACKING pc=0x0000026ba7436c0c sp=0x000000fb779f90b0
Event: 1294.413 Thread 0x0000026bbebf77f0 DEOPT UNPACKING pc=0x0000026ba54e6763 sp=0x000000fb779f8560 mode 1
Event: 1294.413 Thread 0x0000026bbebf77f0 DEOPT PACKING pc=0x0000026ba6a70ed4 sp=0x000000fb779f9190
Event: 1294.413 Thread 0x0000026bbebf77f0 DEOPT UNPACKING pc=0x0000026ba54e6763 sp=0x000000fb779f86a8 mode 1
Event: 1294.413 Thread 0x0000026bbebf77f0 DEOPT PACKING pc=0x0000026ba6a6fd7c sp=0x000000fb779f9280
Event: 1294.413 Thread 0x0000026bbebf77f0 DEOPT UNPACKING pc=0x0000026ba54e6763 sp=0x000000fb779f8728 mode 1
Event: 1294.413 Thread 0x0000026bbebf77f0 DEOPT PACKING pc=0x0000026ba6979a14 sp=0x000000fb779f92d0
Event: 1294.413 Thread 0x0000026bbebf77f0 DEOPT UNPACKING pc=0x0000026ba54e6763 sp=0x000000fb779f87b0 mode 1
Event: 1294.413 Thread 0x0000026bbebf77f0 DEOPT PACKING pc=0x0000026ba59800e4 sp=0x000000fb779f8820
Event: 1294.413 Thread 0x0000026bbebf77f0 DEOPT UNPACKING pc=0x0000026ba54e6763 sp=0x000000fb779f7cb8 mode 1
Event: 1294.413 Thread 0x0000026bbebf77f0 DEOPT PACKING pc=0x0000026ba59643fc sp=0x000000fb779f88f0
Event: 1294.413 Thread 0x0000026bbebf77f0 DEOPT UNPACKING pc=0x0000026ba54e6763 sp=0x000000fb779f7da8 mode 1
Event: 1294.413 Thread 0x0000026bbebf77f0 DEOPT PACKING pc=0x0000026ba5b8bfa4 sp=0x000000fb779f92e0
Event: 1294.413 Thread 0x0000026bbebf77f0 DEOPT UNPACKING pc=0x0000026ba54e6763 sp=0x000000fb779f87b0 mode 1

Classes unloaded (20 events):
Event: 705.353 Thread 0x0000026bb3fc0cf0 Unloading class 0x0000000801024000 'jdk/internal/reflect/GeneratedSerializationConstructorAccessor292'
Event: 705.353 Thread 0x0000026bb3fc0cf0 Unloading class 0x000000080101dc00 'jdk/internal/reflect/GeneratedSerializationConstructorAccessor291'
Event: 705.353 Thread 0x0000026bb3fc0cf0 Unloading class 0x000000080101d800 'jdk/internal/reflect/GeneratedSerializationConstructorAccessor290'
Event: 705.353 Thread 0x0000026bb3fc0cf0 Unloading class 0x000000080101d400 'jdk/internal/reflect/GeneratedSerializationConstructorAccessor289'
Event: 705.353 Thread 0x0000026bb3fc0cf0 Unloading class 0x000000080101d000 'jdk/internal/reflect/GeneratedSerializationConstructorAccessor288'
Event: 705.353 Thread 0x0000026bb3fc0cf0 Unloading class 0x000000080101cc00 'jdk/internal/reflect/GeneratedSerializationConstructorAccessor287'
Event: 705.353 Thread 0x0000026bb3fc0cf0 Unloading class 0x000000080101c800 'jdk/internal/reflect/GeneratedSerializationConstructorAccessor286'
Event: 705.353 Thread 0x0000026bb3fc0cf0 Unloading class 0x000000080101c400 'jdk/internal/reflect/GeneratedSerializationConstructorAccessor285'
Event: 705.353 Thread 0x0000026bb3fc0cf0 Unloading class 0x000000080101c000 'jdk/internal/reflect/GeneratedSerializationConstructorAccessor284'
Event: 705.353 Thread 0x0000026bb3fc0cf0 Unloading class 0x0000000801011c00 'jdk/internal/reflect/GeneratedSerializationConstructorAccessor283'
Event: 705.353 Thread 0x0000026bb3fc0cf0 Unloading class 0x0000000801011800 'jdk/internal/reflect/GeneratedSerializationConstructorAccessor282'
Event: 705.353 Thread 0x0000026bb3fc0cf0 Unloading class 0x0000000801011400 'jdk/internal/reflect/GeneratedSerializationConstructorAccessor281'
Event: 705.353 Thread 0x0000026bb3fc0cf0 Unloading class 0x0000000801010c00 'jdk/internal/reflect/GeneratedSerializationConstructorAccessor280'
Event: 705.353 Thread 0x0000026bb3fc0cf0 Unloading class 0x0000000801010800 'jdk/internal/reflect/GeneratedSerializationConstructorAccessor279'
Event: 705.353 Thread 0x0000026bb3fc0cf0 Unloading class 0x0000000801010400 'jdk/internal/reflect/GeneratedSerializationConstructorAccessor278'
Event: 705.353 Thread 0x0000026bb3fc0cf0 Unloading class 0x0000000800ff0800 'jdk/internal/reflect/GeneratedSerializationConstructorAccessor277'
Event: 705.353 Thread 0x0000026bb3fc0cf0 Unloading class 0x0000000800fb9800 'org/apache/catalina/loader/JdbcLeakPrevention'
Event: 705.353 Thread 0x0000026bb3fc0cf0 Unloading class 0x0000000800f18800 'jdk/internal/reflect/GeneratedSerializationConstructorAccessor226'
Event: 705.353 Thread 0x0000026bb3fc0cf0 Unloading class 0x0000000800f18400 'jdk/internal/reflect/GeneratedSerializationConstructorAccessor225'
Event: 705.353 Thread 0x0000026bb3fc0cf0 Unloading class 0x0000000800f18000 'jdk/internal/reflect/GeneratedSerializationConstructorAccessor224'

Classes redefined (8 events):
Event: 407.486 Thread 0x0000026bb3fc0cf0 redefined class name=br.com.ultraworks.erp.api.estoque.service.PlanoClassificacaoItemService, count=1
Event: 407.486 Thread 0x0000026bb3fc0cf0 redefined class name=br.com.ultraworks.erp.api.estoque.service.PlanoClassificacaoItemService, count=1
Event: 407.486 Thread 0x0000026bb3fc0cf0 redefined class name=br.com.ultraworks.erp.api.estoque.service.PlanoClassificacaoItemService, count=1
Event: 696.188 Thread 0x0000026bb3fc0cf0 redefined class name=br.com.ultraworks.erp.api.estoque.service.PlanoClassificacaoItemService, count=2
Event: 696.188 Thread 0x0000026bb3fc0cf0 redefined class name=br.com.ultraworks.erp.api.estoque.service.PlanoClassificacaoItemService, count=1
Event: 696.188 Thread 0x0000026bb3fc0cf0 redefined class name=br.com.ultraworks.erp.api.estoque.service.PlanoClassificacaoItemService, count=2
Event: 696.188 Thread 0x0000026bb3fc0cf0 redefined class name=br.com.ultraworks.erp.api.estoque.service.PlanoClassificacaoItemService, count=1
Event: 696.188 Thread 0x0000026bb3fc0cf0 redefined class name=br.com.ultraworks.erp.api.estoque.service.PlanoClassificacaoItemService, count=2

Internal exceptions (20 events):
Event: 706.233 Thread 0x0000026bbebf4300 Exception <a 'sun/nio/fs/WindowsException'{0x000000070c862b18}> (0x000000070c862b18) 
thrown [s\src\hotspot\share\prims\jni.cpp, line 516]
Event: 706.239 Thread 0x0000026bbebf4300 Exception <a 'sun/nio/fs/WindowsException'{0x000000070c8bac50}> (0x000000070c8bac50) 
thrown [s\src\hotspot\share\prims\jni.cpp, line 516]
Event: 706.257 Thread 0x0000026bbebf4300 Exception <a 'sun/nio/fs/WindowsException'{0x000000070c6e3800}> (0x000000070c6e3800) 
thrown [s\src\hotspot\share\prims\jni.cpp, line 516]
Event: 706.478 Thread 0x0000026bbebf4300 Exception <a 'java/lang/NoClassDefFoundError'{0x000000070a7b0e80}: liquibase/integration/spring/SpringLiquibase> (0x000000070a7b0e80) 
thrown [s\src\hotspot\share\oops\constantPool.cpp, line 835]
Event: 706.495 Thread 0x0000026bbebf4300 Exception <a 'java/lang/NoClassDefFoundError'{0x000000070a590328}: org/jooq/DSLContext> (0x000000070a590328) 
thrown [s\src\hotspot\share\oops\constantPool.cpp, line 835]
Event: 706.498 Thread 0x0000026bbebf4300 Exception <a 'java/lang/NoClassDefFoundError'{0x000000070a5f3f70}: org/springframework/batch/core/repository/JobRepository> (0x000000070a5f3f70) 
thrown [s\src\hotspot\share\oops\constantPool.cpp, line 835]
Event: 706.499 Thread 0x0000026bbebf4300 Exception <a 'java/lang/NoClassDefFoundError'{0x000000070a5f45b8}: org/quartz/Scheduler> (0x000000070a5f45b8) 
thrown [s\src\hotspot\share\oops\constantPool.cpp, line 835]
Event: 706.501 Thread 0x0000026bbebf4300 Exception <a 'java/lang/NoClassDefFoundError'{0x000000070a5f4c28}: org/springframework/session/jdbc/JdbcIndexedSessionRepository> (0x000000070a5f4c28) 
thrown [s\src\hotspot\share\oops\constantPool.cpp, line 835]
Event: 706.585 Thread 0x0000026bbebf4300 Exception <a 'sun/nio/fs/WindowsException'{0x00000007100ef400}> (0x00000007100ef400) 
thrown [s\src\hotspot\share\prims\jni.cpp, line 516]
Event: 706.585 Thread 0x0000026bbebf4300 Exception <a 'sun/nio/fs/WindowsException'{0x00000007100efab8}> (0x00000007100efab8) 
thrown [s\src\hotspot\share\prims\jni.cpp, line 516]
Event: 706.586 Thread 0x0000026bbebf4300 Exception <a 'sun/nio/fs/WindowsException'{0x00000007100f01f0}> (0x00000007100f01f0) 
thrown [s\src\hotspot\share\prims\jni.cpp, line 516]
Event: 706.605 Thread 0x0000026bbebf4300 Exception <a 'java/io/FileNotFoundException'{0x000000071012a070}> (0x000000071012a070) 
thrown [s\src\hotspot\share\prims\jni.cpp, line 516]
Event: 706.826 Thread 0x0000026bbebf4300 Exception <a 'sun/nio/fs/WindowsException'{0x000000070f2b4588}> (0x000000070f2b4588) 
thrown [s\src\hotspot\share\prims\jni.cpp, line 516]
Event: 707.442 Thread 0x0000026bbebf4300 Exception <a 'sun/nio/fs/WindowsException'{0x000000070c5e20f8}> (0x000000070c5e20f8) 
thrown [s\src\hotspot\share\prims\jni.cpp, line 516]
Event: 707.473 Thread 0x0000026bbebf4300 Exception <a 'sun/nio/fs/WindowsException'{0x000000070c093550}> (0x000000070c093550) 
thrown [s\src\hotspot\share\prims\jni.cpp, line 516]
Event: 708.718 Thread 0x0000026bbebf4300 Exception <a 'sun/nio/fs/WindowsException'{0x000000070ba3a558}> (0x000000070ba3a558) 
thrown [s\src\hotspot\share\prims\jni.cpp, line 516]
Event: 708.776 Thread 0x0000026bbebf4300 Exception <a 'java/io/FileNotFoundException'{0x000000070b2f5b60}> (0x000000070b2f5b60) 
thrown [s\src\hotspot\share\prims\jni.cpp, line 516]
Event: 902.271 Thread 0x0000026bb6ceee20 Exception <a 'java/lang/NoSuchMethodError'{0x0000000714a219a0}: static [B.<clinit>()V> (0x0000000714a219a0) 
thrown [s\src\hotspot\share\prims\jni.cpp, line 1107]
Event: 963.226 Thread 0x0000026bbebf9000 Exception <a 'java/lang/NoSuchMethodError'{0x00000007127d41d8}: 'java.lang.Object java.lang.invoke.DirectMethodHandle$Holder.newInvokeSpecial(java.lang.Object, long)'> (0x00000007127d41d8) 
thrown [s\src\hotspot\share\interpreter\linkResolver.cpp, line 759]
Event: 970.284 Thread 0x0000026bbebf3490 Exception <a 'java/lang/IncompatibleClassChangeError'{0x0000000712190718}: Found class java.lang.Object, but interface was expected> (0x0000000712190718) 
thrown [s\src\hotspot\share\interpreter\linkResolver.cpp, line 826]

VM Operations (20 events):
Event: 1295.089 Executing VM operation: ChangeBreakpoints
Event: 1295.096 Executing VM operation: ChangeBreakpoints done
Event: 1295.098 Executing VM operation: ChangeBreakpoints
Event: 1295.105 Executing VM operation: ChangeBreakpoints done
Event: 1295.106 Executing VM operation: ChangeBreakpoints
Event: 1295.113 Executing VM operation: ChangeBreakpoints done
Event: 1295.161 Executing VM operation: ChangeBreakpoints
Event: 1295.168 Executing VM operation: ChangeBreakpoints done
Event: 1295.170 Executing VM operation: ChangeBreakpoints
Event: 1295.176 Executing VM operation: ChangeBreakpoints done
Event: 1295.179 Executing VM operation: ChangeBreakpoints
Event: 1295.185 Executing VM operation: ChangeBreakpoints done
Event: 1295.187 Executing VM operation: ChangeBreakpoints
Event: 1295.194 Executing VM operation: ChangeBreakpoints done
Event: 1295.196 Executing VM operation: ChangeBreakpoints
Event: 1295.203 Executing VM operation: ChangeBreakpoints done
Event: 1295.204 Executing VM operation: ChangeBreakpoints
Event: 1295.211 Executing VM operation: ChangeBreakpoints done
Event: 1295.213 Executing VM operation: ChangeBreakpoints
Event: 1295.219 Executing VM operation: ChangeBreakpoints done

Events (20 events):
Event: 1190.414 loading class jdk/internal/reflect/GeneratedMethodAccessor166 done
Event: 1190.415 loading class jdk/internal/reflect/GeneratedMethodAccessor166
Event: 1190.415 loading class jdk/internal/reflect/GeneratedMethodAccessor166 done
Event: 1190.415 loading class jdk/internal/reflect/GeneratedMethodAccessor168
Event: 1190.415 loading class jdk/internal/reflect/GeneratedMethodAccessor168 done
Event: 1190.416 loading class jdk/internal/reflect/GeneratedMethodAccessor168
Event: 1190.417 loading class jdk/internal/reflect/GeneratedMethodAccessor168 done
Event: 1253.931 Thread 0x0000026bbcec7550 Thread exited: 0x0000026bbcec7550
Event: 1294.385 loading class jdk/internal/reflect/GeneratedMethodAccessor167
Event: 1294.385 loading class jdk/internal/reflect/GeneratedMethodAccessor167 done
Event: 1294.393 loading class jdk/internal/reflect/GeneratedMethodAccessor167
Event: 1294.393 loading class jdk/internal/reflect/GeneratedMethodAccessor167 done
Event: 1294.393 loading class jdk/internal/reflect/GeneratedMethodAccessor166
Event: 1294.393 loading class jdk/internal/reflect/GeneratedMethodAccessor166 done
Event: 1294.403 loading class jdk/internal/reflect/GeneratedMethodAccessor166
Event: 1294.403 loading class jdk/internal/reflect/GeneratedMethodAccessor166 done
Event: 1294.404 loading class jdk/internal/reflect/GeneratedMethodAccessor168
Event: 1294.404 loading class jdk/internal/reflect/GeneratedMethodAccessor168 done
Event: 1294.413 loading class jdk/internal/reflect/GeneratedMethodAccessor168
Event: 1294.413 loading class jdk/internal/reflect/GeneratedMethodAccessor168 done


Dynamic libraries:
0x00007ff7a2c90000 - 0x00007ff7a2c9e000 	C:\Accenture\Ferramentas\IDE\sts-4.15.3.RELEASE\plugins\org.eclipse.justj.openjdk.hotspot.jre.full.win32.x86_64_17.0.4.v20220805-1047\jre\bin\javaw.exe
0x00007fff458a0000 - 0x00007fff45aa9000 	C:\windows\SYSTEM32\ntdll.dll
0x00007fff44830000 - 0x00007fff448ed000 	C:\windows\System32\KERNEL32.DLL
0x00007fff43260000 - 0x00007fff435e5000 	C:\windows\System32\KERNELBASE.dll
0x00007fff42cf0000 - 0x00007fff42e01000 	C:\windows\System32\ucrtbase.dll
0x00007ffed3d60000 - 0x00007ffed3d78000 	C:\Accenture\Ferramentas\IDE\sts-4.15.3.RELEASE\plugins\org.eclipse.justj.openjdk.hotspot.jre.full.win32.x86_64_17.0.4.v20220805-1047\jre\bin\jli.dll
0x00007fff3b800000 - 0x00007fff3b819000 	C:\Accenture\Ferramentas\IDE\sts-4.15.3.RELEASE\plugins\org.eclipse.justj.openjdk.hotspot.jre.full.win32.x86_64_17.0.4.v20220805-1047\jre\bin\VCRUNTIME140.dll
0x00007fff44dd0000 - 0x00007fff44f7c000 	C:\windows\System32\USER32.dll
0x00007fff435f0000 - 0x00007fff43616000 	C:\windows\System32\win32u.dll
0x00007fff44790000 - 0x00007fff447b9000 	C:\windows\System32\GDI32.dll
0x00007fff43140000 - 0x00007fff4325b000 	C:\windows\System32\gdi32full.dll
0x00007fff42e90000 - 0x00007fff42f2d000 	C:\windows\System32\msvcp_win.dll
0x00007fff14a30000 - 0x00007fff14cd5000 	C:\windows\WinSxS\amd64_microsoft.windows.common-controls_6595b64144ccf1df_6.0.22000.2600_none_1b65155c6ae217ae\COMCTL32.dll
0x00007fff43cb0000 - 0x00007fff43d53000 	C:\windows\System32\msvcrt.dll
0x00007fff44a00000 - 0x00007fff44a31000 	C:\windows\System32\IMM32.DLL
0x00007fff41460000 - 0x00007fff415e2000 	C:\Program Files\Avecto\Privilege Guard Client\PGHook.dll
0x00007fff436e0000 - 0x00007fff43791000 	C:\windows\System32\ADVAPI32.dll
0x00007fff44540000 - 0x00007fff445e2000 	C:\windows\System32\sechost.dll
0x00007fff430a0000 - 0x00007fff430c7000 	C:\windows\System32\bcrypt.dll
0x00007fff44600000 - 0x00007fff44721000 	C:\windows\System32\RPCRT4.dll
0x00000000691e0000 - 0x0000000069252000 	C:\windows\System32\QIPCAP64.dll
0x00007fff43d60000 - 0x00007fff44525000 	C:\windows\System32\SHELL32.dll
0x00007fff41620000 - 0x00007fff41709000 	C:\windows\SYSTEM32\DNSAPI.dll
0x00007fff415f0000 - 0x00007fff4161d000 	C:\windows\SYSTEM32\IPHLPAPI.DLL
0x00007fff44530000 - 0x00007fff44539000 	C:\windows\System32\NSI.dll
0x00007fff3b880000 - 0x00007fff3b88c000 	C:\Accenture\Ferramentas\IDE\sts-4.15.3.RELEASE\plugins\org.eclipse.justj.openjdk.hotspot.jre.full.win32.x86_64_17.0.4.v20220805-1047\jre\bin\vcruntime140_1.dll
0x00007fff09d60000 - 0x00007fff09df1000 	C:\Accenture\Ferramentas\IDE\sts-4.15.3.RELEASE\plugins\org.eclipse.justj.openjdk.hotspot.jre.full.win32.x86_64_17.0.4.v20220805-1047\jre\bin\msvcp140.dll
0x00007ffed2d50000 - 0x00007ffed3996000 	C:\Accenture\Ferramentas\IDE\sts-4.15.3.RELEASE\plugins\org.eclipse.justj.openjdk.hotspot.jre.full.win32.x86_64_17.0.4.v20220805-1047\jre\bin\server\jvm.dll
0x00007fff437a0000 - 0x00007fff437a8000 	C:\windows\System32\PSAPI.DLL
0x00007fff17870000 - 0x00007fff17879000 	C:\windows\SYSTEM32\WSOCK32.dll
0x00007fff45650000 - 0x00007fff456bf000 	C:\windows\System32\WS2_32.dll
0x00007fff38bc0000 - 0x00007fff38bf3000 	C:\windows\SYSTEM32\WINMM.dll
0x00007fff40e50000 - 0x00007fff40e5a000 	C:\windows\SYSTEM32\VERSION.dll
0x00007fff41d20000 - 0x00007fff41d38000 	C:\windows\SYSTEM32\kernel.appcore.dll
0x00007fff22a00000 - 0x00007fff22a0a000 	C:\Accenture\Ferramentas\IDE\sts-4.15.3.RELEASE\plugins\org.eclipse.justj.openjdk.hotspot.jre.full.win32.x86_64_17.0.4.v20220805-1047\jre\bin\jimage.dll
0x00007fff3f5f0000 - 0x00007fff3f811000 	C:\windows\SYSTEM32\DBGHELP.DLL
0x00007fff1f360000 - 0x00007fff1f391000 	C:\windows\SYSTEM32\dbgcore.DLL
0x00007fff42e10000 - 0x00007fff42e8f000 	C:\windows\System32\bcryptPrimitives.dll
0x00007fff098d0000 - 0x00007fff0990b000 	C:\Accenture\Ferramentas\IDE\sts-4.15.3.RELEASE\plugins\org.eclipse.justj.openjdk.hotspot.jre.full.win32.x86_64_17.0.4.v20220805-1047\jre\bin\jdwp.dll
0x00007fff229f0000 - 0x00007fff229fe000 	C:\Accenture\Ferramentas\IDE\sts-4.15.3.RELEASE\plugins\org.eclipse.justj.openjdk.hotspot.jre.full.win32.x86_64_17.0.4.v20220805-1047\jre\bin\instrument.dll
0x00007ffed4990000 - 0x00007ffed49b5000 	C:\Accenture\Ferramentas\IDE\sts-4.15.3.RELEASE\plugins\org.eclipse.justj.openjdk.hotspot.jre.full.win32.x86_64_17.0.4.v20220805-1047\jre\bin\java.dll
0x00007ffed3d40000 - 0x00007ffed3d58000 	C:\Accenture\Ferramentas\IDE\sts-4.15.3.RELEASE\plugins\org.eclipse.justj.openjdk.hotspot.jre.full.win32.x86_64_17.0.4.v20220805-1047\jre\bin\zip.dll
0x00007fff40420000 - 0x00007fff40c82000 	C:\windows\SYSTEM32\windows.storage.dll
0x0000026bb5400000 - 0x0000026bb5776000 	C:\windows\System32\combase.dll
0x00007fff402b0000 - 0x00007fff40417000 	C:\windows\SYSTEM32\wintypes.dll
0x00007fff45460000 - 0x00007fff4554a000 	C:\windows\System32\SHCORE.dll
0x00007fff438d0000 - 0x00007fff4392d000 	C:\windows\System32\shlwapi.dll
0x00007fff42c20000 - 0x00007fff42c45000 	C:\windows\SYSTEM32\profapi.dll
0x00007fff3b7d0000 - 0x00007fff3b7dc000 	C:\Accenture\Ferramentas\IDE\sts-4.15.3.RELEASE\plugins\org.eclipse.justj.openjdk.hotspot.jre.full.win32.x86_64_17.0.4.v20220805-1047\jre\bin\dt_socket.dll
0x00007fff422d0000 - 0x00007fff42337000 	C:\windows\system32\mswsock.dll
0x00007fff38e60000 - 0x00007fff38e6a000 	C:\Windows\System32\rasadhlp.dll
0x00007fff3a490000 - 0x00007fff3a511000 	C:\windows\System32\fwpuclnt.dll
0x00007ffed3d20000 - 0x00007ffed3d39000 	C:\Accenture\Ferramentas\IDE\sts-4.15.3.RELEASE\plugins\org.eclipse.justj.openjdk.hotspot.jre.full.win32.x86_64_17.0.4.v20220805-1047\jre\bin\net.dll
0x00007fff41d40000 - 0x00007fff41e54000 	C:\windows\SYSTEM32\WINHTTP.dll
0x00007ffed3d00000 - 0x00007ffed3d15000 	C:\Accenture\Ferramentas\IDE\sts-4.15.3.RELEASE\plugins\org.eclipse.justj.openjdk.hotspot.jre.full.win32.x86_64_17.0.4.v20220805-1047\jre\bin\nio.dll
0x00007fff3b7f0000 - 0x00007fff3b7f9000 	C:\Accenture\Ferramentas\IDE\sts-4.15.3.RELEASE\plugins\org.eclipse.justj.openjdk.hotspot.jre.full.win32.x86_64_17.0.4.v20220805-1047\jre\bin\management.dll
0x00007fff3b7e0000 - 0x00007fff3b7eb000 	C:\Accenture\Ferramentas\IDE\sts-4.15.3.RELEASE\plugins\org.eclipse.justj.openjdk.hotspot.jre.full.win32.x86_64_17.0.4.v20220805-1047\jre\bin\management_ext.dll
0x00007fff30dd0000 - 0x00007fff30de7000 	C:\windows\system32\napinsp.dll
0x00007fff29ce0000 - 0x00007fff29cfb000 	C:\windows\system32\pnrpnsp.dll
0x00007fff29cc0000 - 0x00007fff29cd2000 	C:\windows\System32\winrnr.dll
0x00007fff37ce0000 - 0x00007fff37cf5000 	C:\windows\system32\wshbth.dll
0x00007fff29970000 - 0x00007fff2998f000 	C:\windows\system32\nlansp_c.dll
0x00007fff425a0000 - 0x00007fff425b8000 	C:\windows\SYSTEM32\CRYPTSP.dll
0x00007fff41c80000 - 0x00007fff41cb5000 	C:\windows\system32\rsaenh.dll
0x00007fff42370000 - 0x00007fff4239c000 	C:\windows\SYSTEM32\USERENV.dll
0x00007fff42580000 - 0x00007fff4258c000 	C:\windows\SYSTEM32\CRYPTBASE.dll
0x00007fff39a60000 - 0x00007fff39a79000 	C:\windows\SYSTEM32\dhcpcsvc6.DLL
0x00007fff397c0000 - 0x00007fff397de000 	C:\windows\SYSTEM32\dhcpcsvc.DLL
0x00007fff0c260000 - 0x00007fff0c270000 	C:\Accenture\Ferramentas\IDE\sts-4.15.3.RELEASE\plugins\org.eclipse.justj.openjdk.hotspot.jre.full.win32.x86_64_17.0.4.v20220805-1047\jre\bin\verify.dll
0x00007fff3b820000 - 0x00007fff3b82e000 	C:\Accenture\Ferramentas\IDE\sts-4.15.3.RELEASE\plugins\org.eclipse.justj.openjdk.hotspot.jre.full.win32.x86_64_17.0.4.v20220805-1047\jre\bin\sunmscapi.dll
0x00007fff42f30000 - 0x00007fff43092000 	C:\windows\System32\CRYPT32.dll
0x00007fff426b0000 - 0x00007fff426da000 	C:\windows\SYSTEM32\ncrypt.dll
0x00007fff42670000 - 0x00007fff426a7000 	C:\windows\SYSTEM32\NTASN1.dll
0x00007ffefdca0000 - 0x00007ffefdca8000 	C:\windows\system32\wshunix.dll

dbghelp: loaded successfully - version: 4.0.5 - missing functions: none
symbol engine: initialized successfully - sym options: 0x614 - pdb path: .;C:\Accenture\Ferramentas\IDE\sts-4.15.3.RELEASE\plugins\org.eclipse.justj.openjdk.hotspot.jre.full.win32.x86_64_17.0.4.v20220805-1047\jre\bin;C:\windows\SYSTEM32;C:\windows\WinSxS\amd64_microsoft.windows.common-controls_6595b64144ccf1df_6.0.22000.2600_none_1b65155c6ae217ae;C:\Program Files\Avecto\Privilege Guard Client;C:\Accenture\Ferramentas\IDE\sts-4.15.3.RELEASE\plugins\org.eclipse.justj.openjdk.hotspot.jre.full.win32.x86_64_17.0.4.v20220805-1047\jre\bin\server

VM Arguments:
jvm_args: -XX:+ShowCodeDetailsInExceptionMessages -agentlib:jdwp=transport=dt_socket,suspend=y,address=localhost:51272 -Dcom.sun.management.jmxremote -Dcom.sun.management.jmxremote.port=51271 -Dcom.sun.management.jmxremote.authenticate=false -Dcom.sun.management.jmxremote.ssl=false -Djava.rmi.server.hostname=localhost -Dspring.jmx.enabled=true -Dspring.application.admin.enabled=true -XX:TieredStopAtLevel=1 -Dspring.boot.project.name=uworks_erp -javaagent:C:\Accenture\Ferramentas\IDE\sts-4.15.3.RELEASE\configuration\org.eclipse.osgi\258\0\.cp\lib\javaagent-shaded.jar -Dfile.encoding=UTF-8 
java_command: br.com.ultraworks.erp.ErpApplication --spring.output.ansi.enabled=always debug
java_class_path (initial): C:\Pessoal\projetos\uw\uworks_erp\target\classes;C:\Users\rodrigo.cristo.fuhr\.m2\repository\org\springframework\boot\spring-boot-starter-data-jpa\3.1.4\spring-boot-starter-data-jpa-3.1.4.jar;C:\Users\rodrigo.cristo.fuhr\.m2\repository\org\springframework\boot\spring-boot-starter-aop\3.1.4\spring-boot-starter-aop-3.1.4.jar;C:\Users\rodrigo.cristo.fuhr\.m2\repository\org\aspectj\aspectjweaver\1.9.20\aspectjweaver-1.9.20.jar;C:\Users\rodrigo.cristo.fuhr\.m2\repository\org\springframework\boot\spring-boot-starter-jdbc\3.1.4\spring-boot-starter-jdbc-3.1.4.jar;C:\Users\rodrigo.cristo.fuhr\.m2\repository\com\zaxxer\HikariCP\5.0.1\HikariCP-5.0.1.jar;C:\Users\rodrigo.cristo.fuhr\.m2\repository\org\springframework\spring-jdbc\6.0.12\spring-jdbc-6.0.12.jar;C:\Users\rodrigo.cristo.fuhr\.m2\repository\org\hibernate\orm\hibernate-core\6.2.9.Final\hibernate-core-6.2.9.Final.jar;C:\Users\rodrigo.cristo.fuhr\.m2\repository\jakarta\persistence\jakarta.persistence-api\3.1.0\jakarta.persistence-api-3.1.0.jar;C:\Users\rodrigo.cristo.fuhr\.m2\repository\jakarta\transaction\jakarta.transaction-api\2.0.1\jakarta.transaction-api-2.0.1.jar;C:\Users\rodrigo.cristo.fuhr\.m2\repository\org\jboss\logging\jboss-logging\3.5.3.Final\jboss-logging-3.5.3.Final.jar;C:\Users\rodrigo.cristo.fuhr\.m2\repository\org\hibernate\common\hibernate-commons-annotations\6.0.6.Final\hibernate-commons-annotations-6.0.6.Final.jar;C:\Users\rodrigo.cristo.fuhr\.m2\repository\io\smallrye\jandex\3.0.5\jandex-3.0.5.jar;C:\Users\rodrigo.cristo.fuhr\.m2\repository\com\fasterxml\classmate\1.5.1\classmate-1.5.1.jar;C:\Users\rodrigo.cristo.fuhr\.m2\repository\net\bytebuddy\byte-buddy\1.14.8\byte-buddy-1.14.8.jar;C:\Users\rodrigo.cristo.fuhr\.m2\repository\org\glassfish\jaxb\jaxb-runtime\4.0.3\jaxb-runtime-4.0.3.jar;C:\Users\rodrigo.cristo.fuhr\.m2\repository\org\glassfish\jaxb\jaxb-core\4.0.3\jaxb-core-4.0.3.jar;C:\Users\rodrigo.cristo.fuhr\.m2\repository\org\eclipse\angus\angus-activation\2.0.1\
Launcher Type: SUN_STANDARD

[Global flags]
     intx CICompilerCount                          = 4                                         {product} {ergonomic}
     uint ConcGCThreads                            = 2                                         {product} {ergonomic}
     uint G1ConcRefinementThreads                  = 8                                         {product} {ergonomic}
   size_t G1HeapRegionSize                         = 2097152                                   {product} {ergonomic}
    uintx GCDrainStackTargetSize                   = 64                                        {product} {ergonomic}
   size_t InitialHeapSize                          = 264241152                                 {product} {ergonomic}
     bool ManagementServer                         = true                                      {product} {command line}
   size_t MarkStackSize                            = 4194304                                   {product} {ergonomic}
   size_t MaxHeapSize                              = 4217372672                                {product} {ergonomic}
   size_t MaxNewSize                               = 2529165312                                {product} {ergonomic}
   size_t MinHeapDeltaBytes                        = 2097152                                   {product} {ergonomic}
   size_t MinHeapSize                              = 8388608                                   {product} {ergonomic}
    uintx NonProfiledCodeHeapSize                  = 0                                      {pd product} {ergonomic}
     bool ProfileInterpreter                       = false                                  {pd product} {command line}
    uintx ProfiledCodeHeapSize                     = 0                                      {pd product} {ergonomic}
     bool ShowCodeDetailsInExceptionMessages       = true                                   {manageable} {command line}
   size_t SoftMaxHeapSize                          = 4217372672                             {manageable} {ergonomic}
     intx TieredStopAtLevel                        = 1                                         {product} {command line}
     bool UseCompressedClassPointers               = true                           {product lp64_product} {ergonomic}
     bool UseCompressedOops                        = true                           {product lp64_product} {ergonomic}
     bool UseG1GC                                  = true                                      {product} {ergonomic}
     bool UseLargePagesIndividualAllocation        = false                                  {pd product} {ergonomic}

Logging:
Log output configuration:
 #0: stdout all=warning uptime,level,tags
 #1: stderr all=off uptime,level,tags

Environment Variables:
JAVA_HOME=C:\Program Files\Eclipse Adoptium\jdk-11.0.17.8-hotspot
PATH=C:\Accenture\Ferramentas\IDE\sts-4.15.3.RELEASE\plugins\org.eclipse.justj.openjdk.hotspot.jre.full.win32.x86_64_17.0.4.v20220805-1047\jre\bin;C:/Accenture/Ferramentas/IDE/sts-4.15.3.RELEASE//plugins/org.eclipse.justj.openjdk.hotspot.jre.full.win32.x86_64_17.0.4.v20220805-1047/jre/bin/server;C:/Accenture/Ferramentas/IDE/sts-4.15.3.RELEASE//plugins/org.eclipse.justj.openjdk.hotspot.jre.full.win32.x86_64_17.0.4.v20220805-1047/jre/bin;C:\windows\system32;C:\windows;C:\windows\System32\Wbem;C:\windows\System32\WindowsPowerShell\v1.0\;C:\windows\System32\OpenSSH\;C:\Program Files (x86)\Pulse Secure\VC142.CRT\X64\;C:\Program Files (x86)\Pulse Secure\VC142.CRT\X86\;C:\Program Files (x86)\Common Files\Pulse Secure\VC142.CRT\X64\;C:\Program Files (x86)\Common Files\Pulse Secure\VC142.CRT\X86\;C:\Accenture\Ferramentas\apache-maven-3.8.6\bin;C:\Program Files\Eclipse Adoptium\jdk-11.0.17.8-hotspot\bin;C:\Users\rodrigo.cristo.fuhr\AppData\Roaming\nvm;C:\Program Files\nodejs;C:\Program Files (x86)\Yarn\bin\;C:\Program Files\Git\cmd;C:\Users\rodrigo.cristo.fuhr\AppData\Local\Programs\Python\Python310\Scripts\;C:\Users\rodrigo.cristo.fuhr\AppData\Local\Programs\Python\Python310\;C:\Users\rodrigo.cristo.fuhr\AppData\Local\Microsoft\WindowsApps;C:\Accenture\Ferramentas\Git\cmd;C:\Users\rodrigo.cristo.fuhr\AppData\Local\Programs\Microsoft VS Code\bin;C:\Users\rodrigo.cristo.fuhr\AppData\Roaming\nvm;C:\Program Files\nodejs;C:\Users\rodrigo.cristo.fuhr\AppData\Local\Yarn\bin;C:\Accenture\Ferramentas\IDE\sts-4.15.3.RELEASE;
USERNAME=rodrigo.cristo.fuhr
OS=Windows_NT
PROCESSOR_IDENTIFIER=Intel64 Family 6 Model 140 Stepping 1, GenuineIntel
TMP=C:\Users\RODRIG~1.FUH\AppData\Local\Temp
TEMP=C:\Users\RODRIG~1.FUH\AppData\Local\Temp



---------------  S Y S T E M  ---------------

OS:
 Windows 11 , 64 bit Build 22000 (10.0.22000.2600)
OS uptime: 0 days 1:01 hours
Hyper-V role detected

CPU: total 8 (initial active 8) (4 cores per cpu, 2 threads per core) family 6 model 140 stepping 1 microcode 0xa4, cx8, cmov, fxsr, ht, mmx, 3dnowpref, sse, sse2, sse3, ssse3, sse4.1, sse4.2, popcnt, lzcnt, tsc, tscinvbit, avx, avx2, aes, erms, clmul, bmi1, bmi2, adx, avx512f, avx512dq, avx512cd, avx512bw, avx512vl, sha, fma, vzeroupper, avx512_vpopcntdq, avx512_vpclmulqdq, avx512_vaes, avx512_vnni, clflush, clflushopt, clwb, avx512_vbmi2, avx512_vbmi, hv

Memory: 4k page, system-wide physical 16087M (3606M free)
TotalPageFile size 32174M (AvailPageFile size 17842M)
current process WorkingSet (physical memory assigned to process): 547M, peak: 547M
current process commit charge ("private bytes"): 581M, peak: 581M

vm_info: OpenJDK 64-Bit Server VM (17.0.4+8) for windows-amd64 JRE (17.0.4+8), built on Jul 19 2022 16:05:16 by "temurin" with MS VC++ 16.7 (VS2019)

END.
