#
# A fatal error has been detected by the Java Runtime Environment:
#
#  EXCEPTION_ACCESS_VIOLATION (0xc0000005) at pc=0x00007fff5716fa7a, pid=25296, tid=11952
#
# JRE version: OpenJDK Runtime Environment Temurin-17.0.4+8 (17.0.4+8) (build 17.0.4+8)
# Java VM: OpenJDK 64-Bit Server VM Temurin-17.0.4+8 (17.0.4+8, mixed mode, emulated-client, tiered, compressed oops, compressed class ptrs, g1 gc, windows-amd64)
# Problematic frame:
# V  [jvm.dll+0x79fa7a]
#
# No core dump will be written. Minidumps are not enabled by default on client versions of Windows
#
# If you would like to submit a bug report, please visit:
#   https://github.com/adoptium/adoptium-support/issues
#

---------------  S U M M A R Y ------------

Command Line: -XX:+ShowCodeDetailsInExceptionMessages -agentlib:jdwp=transport=dt_socket,suspend=y,address=localhost:50102 -Dcom.sun.management.jmxremote -Dcom.sun.management.jmxremote.port=50097 -Dcom.sun.management.jmxremote.authenticate=false -Dcom.sun.management.jmxremote.ssl=false -Djava.rmi.server.hostname=localhost -Dspring.jmx.enabled=true -Dspring.application.admin.enabled=true -XX:TieredStopAtLevel=1 -Dspring.boot.project.name=uworks_erp -javaagent:C:\Accenture\Ferramentas\IDE\sts-4.15.3.RELEASE\configuration\org.eclipse.osgi\258\0\.cp\lib\javaagent-shaded.jar -Dfile.encoding=UTF-8 br.com.ultraworks.erp.ErpApplication --spring.output.ansi.enabled=always debug

Host: 11th Gen Intel(R) Core(TM) i7-1185G7 @ 3.00GHz, 8 cores, 15G,  Windows 11 , 64 bit Build 22000 (10.0.22000.2538)
Time: Tue Oct 31 23:05:20 2023 E. South America Standard Time elapsed time: 2331.445029 seconds (0d 0h 38m 51s)

---------------  T H R E A D  ---------------

Current thread (0x0000014caee53940):  JavaThread "JDWP Transport Listener: dt_socket" daemon [_thread_in_vm, id=11952, stack(0x0000002a78c00000,0x0000002a78d00000)]

Stack: [0x0000002a78c00000,0x0000002a78d00000],  sp=0x0000002a78cff290,  free space=1020k
Native frames: (J=compiled Java code, j=interpreted, Vv=VM code, C=native code)
V  [jvm.dll+0x79fa7a]
V  [jvm.dll+0x50963c]
V  [jvm.dll+0x4d0ca4]
C  [jdwp.dll+0x22f7b]


siginfo: EXCEPTION_ACCESS_VIOLATION (0xc0000005), reading address 0x00000000001d005c


Register to memory mapping:

RIP=0x00007fff5716fa7a jvm.dll
RAX=0x00000000000000ac is an unknown value
RBX=0x0000014caec86773 points into unknown readable memory: 65 72 70 2f 63
RCX=0x00000000001d0058 is an unknown value
RDX=0x0000014cb63183b0 points into unknown readable memory: 0x2f6d6f632f72624c | 4c 62 72 2f 63 6f 6d 2f
RSP=0x0000002a78cff290 is pointing into the stack for thread: 0x0000014caee53940
RBP=0x0000014caee1f3d0 points into unknown readable memory: 0x0000000200000002 | 02 00 00 00 02 00 00 00
RSI=0x0 is NULL
RDI=0xffffffffffffffff is an unknown value
R8 =0x00000000000004a1 is an unknown value
R9 =0x0000000000000040 is an unknown value
R10=0x0000000000000480 is an unknown value
R11=0x0000002a78cff2b0 is pointing into the stack for thread: 0x0000014caee53940
R12=0x0000002a78cff3e8 is pointing into the stack for thread: 0x0000014caee53940
R13=0x0 is NULL
R14=0x0000000800c30688 is a pointer to class: 
br.com.ultraworks.erp.api.seguranca.controller.UsuarioController {0x0000000800c30690}
 - instance size:     4
 - klass size:        75
 - access:            public synchronized 
 - state:             fully_initialized
 - name:              'br/com/ultraworks/erp/api/seguranca/controller/UsuarioController'
 - super:             'br/com/ultraworks/erp/core/generics/GenericController'
 - sub:               'br/com/ultraworks/erp/api/seguranca/controller/UsuarioController$$SpringCGLIB$$0'   
 - arrays:            NULL
 - methods:           Array<T>(0x0000014cb7e75a58)
 - method ordering:   Array<T>(0x0000014cb7e76260)
 - default_methods:   Array<T>(0x0000000000000000)
 - local interfaces:  Array<T>(0x0000014caf000058)
 - trans. interfaces: Array<T>(0x0000014caf000058)
 - constants:         constant pool [214]/operands[7] {0x0000014cb7e5efe0} for 'br/com/ultraworks/erp/api/seguranca/controller/UsuarioController' cache=0x0000014cb7e5f6d0
 - class loader data:  loader data: 0x0000014cb64f4e00 for instance a 'org/springframework/boot/devtools/restart/classloader/RestartClassLoader'{0x0000000706800238}
 - source file:       'UsuarioController.java'
 - source debug extension:       SMAP
UsuarioController.java
Java
*S jdt
*F
1 UsuarioController.java
2 file:/C:/Pessoal/projetos/uw/uworks_erp/target/classes/
*L
*E

 - class annotations:       Array<T>(0x0000014cb7e76208)
 - class type annotations:  Array<T>(0x0000000000000000)
 - field annotations:       Array<T>(0x0000000000000000)
 - field type annotations:  Array<T>(0x0000000000000000)
 - generic signature: '
[error occurred during error reporting (printing register info), id 0xc0000005, EXCEPTION_ACCESS_VIOLATION (0xc0000005) at pc=0x00007fff57170686]

Registers:
RAX=0x00000000000000ac, RBX=0x0000014caec86773, RCX=0x00000000001d0058, RDX=0x0000014cb63183b0
RSP=0x0000002a78cff290, RBP=0x0000014caee1f3d0, RSI=0x0000000000000000, RDI=0xffffffffffffffff
R8 =0x00000000000004a1, R9 =0x0000000000000040, R10=0x0000000000000480, R11=0x0000002a78cff2b0
R12=0x0000002a78cff3e8, R13=0x0000000000000000, R14=0x0000000800c30688, R15=0x0000002a78cff410
RIP=0x00007fff5716fa7a, EFLAGS=0x0000000000010206

Top of Stack: (sp=0x0000002a78cff290)
0x0000002a78cff290:   0000000000000040 0000000800c30688
0x0000002a78cff2a0:   0000014cb6619490 00007fffef2c76e1
0x0000002a78cff2b0:   ffffffffffffffff 00007fff56ed963c
0x0000002a78cff2c0:   0000014caec86773 0000014caec86730
0x0000002a78cff2d0:   0000014caee1f3d0 0000000000000000
0x0000002a78cff2e0:   0000014caec866d0 00000000000003d8
0x0000002a78cff2f0:   0000014caec866e0 0000014caec86ab8
0x0000002a78cff300:   000000000001f301 0000002a78cff3e8
0x0000002a78cff310:   0000000000000007 0000014caee53be8
0x0000002a78cff320:   0000000706898870 00007fff56ea0ca4
0x0000002a78cff330:   0000014caee53940 0000002a78cff410
0x0000002a78cff340:   0000014c99fcede0 0000002a78cff410
0x0000002a78cff350:   0000014caee53940 0000000000000000
0x0000002a78cff360:   0000000000000000 0000000000000000
0x0000002a78cff370:   0000014caee69580 00007fffe5f22f7b
0x0000002a78cff380:   0000002a78cff408 00007fffe5f31600 

Instructions: (pc=0x00007fff5716fa7a)
0x00007fff5716f97a:   48 83 c4 20 5f e9 6c 69 90 ff cc cc cc cc cc cc
0x00007fff5716f98a:   cc cc cc cc cc cc 48 89 5c 24 08 57 48 83 ec 20
0x00007fff5716f99a:   83 fa 02 8d 42 06 b9 08 00 00 00 49 8b d8 0f 4e
0x00007fff5716f9aa:   c1 48 63 c8 48 83 c1 07 83 e1 f8 48 63 f9 49 8b
0x00007fff5716f9ba:   48 18 48 8b c7 48 f7 d0 48 3b c1 73 16 4c 8d 05
0x00007fff5716f9ca:   6a 58 17 00 48 8b d7 48 8b cb e8 77 cc 90 ff 48
0x00007fff5716f9da:   8b 4b 18 48 8d 04 39 48 3b 43 20 76 18 45 33 c0
0x00007fff5716f9ea:   48 8b d7 48 8b cb 48 8b 5c 24 30 48 83 c4 20 5f
0x00007fff5716f9fa:   e9 d1 c8 90 ff 48 89 43 18 48 8b c1 48 8b 5c 24
0x00007fff5716fa0a:   30 48 83 c4 20 5f c3 cc cc cc cc cc cc cc cc cc
0x00007fff5716fa1a:   cc cc cc cc cc cc 4c 8b d2 4c 8b d9 45 85 c0 7e
0x00007fff5716fa2a:   3c 44 0f b7 49 04 41 8d 40 ff 41 3b c1 44 0f 4c
0x00007fff5716fa3a:   c8 4d 63 c1 45 85 c9 7e 1f 48 8b c2 4c 2b da 49
0x00007fff5716fa4a:   8b d0 0f 1f 40 00 41 0f b6 4c 03 06 88 08 48 8d
0x00007fff5716fa5a:   40 01 48 83 ea 01 75 ee 43 c6 04 10 00 49 8b c2
0x00007fff5716fa6a:   c3 cc cc cc cc cc 48 89 5c 24 08 57 48 83 ec 20
0x00007fff5716fa7a:   0f b7 59 04 48 8b f9 33 d2 48 8d 4b 01 e8 c4 d9
0x00007fff5716fa8a:   f2 ff 0f b7 57 04 4c 8b c0 3b da 0f 42 d3 44 8b
0x00007fff5716fa9a:   ca 85 d2 74 39 48 2b f8 0f 1f 40 00 66 66 0f 1f
0x00007fff5716faaa:   84 00 00 00 00 00 0f b6 4c 07 06 88 08 48 ff c0
0x00007fff5716faba:   48 8b c8 49 2b c8 49 3b c9 7c eb 42 c6 04 02 00
0x00007fff5716faca:   49 8b c0 48 8b 5c 24 30 48 83 c4 20 5f c3 48 8b
0x00007fff5716fada:   5c 24 30 c6 04 02 00 48 83 c4 20 5f c3 cc cc cc
0x00007fff5716faea:   cc cc cc cc cc cc 4c 8b d1 45 85 c0 7e 6c 44 0f
0x00007fff5716fafa:   b7 49 04 41 8d 40 ff 41 3b c1 44 0f 4c c8 4d 63
0x00007fff5716fb0a:   d9 45 85 c9 7e 22 48 8b ca 4c 2b d2 4d 8b c3 0f
0x00007fff5716fb1a:   1f 80 00 00 00 00 41 0f b6 44 0a 06 88 01 48 8d
0x00007fff5716fb2a:   49 01 49 83 e8 01 75 ee 41 c6 04 13 00 48 c7 c0
0x00007fff5716fb3a:   ff ff ff ff 66 90 48 ff c0 80 3c 02 00 75 f7 48
0x00007fff5716fb4a:   63 c8 85 c0 48 8b c2 7e 14 80 38 2f 75 03 c6 00
0x00007fff5716fb5a:   2e 48 ff c0 48 83 e9 01 75 ef 48 8b c2 c3 cc cc
0x00007fff5716fb6a:   cc cc cc cc cc cc 48 83 ec 28 e8 f7 fe ff ff 4c 


Stack slot to memory mapping:
stack at sp + 0 slots: 0x0000000000000040 is an unknown value
stack at sp + 1 slots: 0x0000000800c30688 is a pointer to class: 
br.com.ultraworks.erp.api.seguranca.controller.UsuarioController {0x0000000800c30690}
 - instance size:     4
 - klass size:        75
 - access:            public synchronized 
 - state:             fully_initialized
 - name:              'br/com/ultraworks/erp/api/seguranca/controller/UsuarioController'
 - super:             'br/com/ultraworks/erp/core/generics/GenericController'
 - sub:               'br/com/ultraworks/erp/api/seguranca/controller/UsuarioController$$SpringCGLIB$$0'   
 - arrays:            NULL
 - methods:           Array<T>(0x0000014cb7e75a58)
 - method ordering:   Array<T>(0x0000014cb7e76260)
 - default_methods:   Array<T>(0x0000000000000000)
 - local interfaces:  Array<T>(0x0000014caf000058)
 - trans. interfaces: Array<T>(0x0000014caf000058)
 - constants:         constant pool [214]/operands[7] {0x0000014cb7e5efe0} for 'br/com/ultraworks/erp/api/seguranca/controller/UsuarioController' cache=0x0000014cb7e5f6d0
 - class loader data:  loader data: 0x0000014cb64f4e00 for instance a 'org/springframework/boot/devtools/restart/classloader/RestartClassLoader'{0x0000000706800238}
 - source file:       'UsuarioController.java'
 - source debug extension:       SMAP
UsuarioController.java
Java
*S jdt
*F
1 UsuarioController.java
2 file:/C:/Pessoal/projetos/uw/uworks_erp/target/classes/
*L
*E

 - class annotations:       Array<T>(0x0000014cb7e76208)
 - class type annotations:  Array<T>(0x0000000000000000)
 - field annotations:       Array<T>(0x0000000000000000)
 - field type annotations:  Array<T>(0x0000000000000000)
 - generic signature: '
[error occurred during error reporting (inspecting top of stack), id 0xc0000005, EXCEPTION_ACCESS_VIOLATION (0xc0000005) at pc=0x00007fff57170686]


---------------  P R O C E S S  ---------------

Threads class SMR info:
_java_thread_list=0x0000014cb696c2f0, length=41, elements={
0x0000014caec32010, 0x0000014caec32ad0, 0x0000014caebfd8a0, 0x0000014caebfe160,
0x0000014caebfea20, 0x0000014caec012f0, 0x0000014caec3af90, 0x0000014caec3fcb0,
0x0000014caed30dc0, 0x0000014caee53940, 0x0000014caee5ea50, 0x0000014caee60f50,
0x0000014cb00bb840, 0x0000014cb01c2840, 0x0000014cb02247b0, 0x0000014cb032aad0,
0x0000014cb12645e0, 0x0000014cb12652c0, 0x0000014cb128fa50, 0x0000014cb1212620,
0x0000014cb64d7ed0, 0x0000014cb64db3c0, 0x0000014cb64de3e0, 0x0000014cb64dd570,
0x0000014cb64dcbd0, 0x0000014cb64d83a0, 0x0000014cb64da550, 0x0000014cb64d8870,
0x0000014cb64dda40, 0x0000014cb64ddf10, 0x0000014cb64d8d40, 0x0000014cb64d9210,
0x0000014cb64dc230, 0x0000014cb64daa20, 0x0000014cb64daef0, 0x0000014cb64dc700,
0x0000014cb1212af0, 0x0000014cb1210940, 0x0000014cb6adcef0, 0x0000014cb6add890,
0x0000014cb6adb6e0
}

Java Threads: ( => current thread )
  0x0000014caec32010 JavaThread "Reference Handler" daemon [_thread_blocked, id=16804, stack(0x0000002a78000000,0x0000002a78100000)]
  0x0000014caec32ad0 JavaThread "Finalizer" daemon [_thread_blocked, id=20932, stack(0x0000002a78100000,0x0000002a78200000)]
  0x0000014caebfd8a0 JavaThread "Signal Dispatcher" daemon [_thread_blocked, id=16608, stack(0x0000002a78200000,0x0000002a78300000)]
  0x0000014caebfe160 JavaThread "Attach Listener" daemon [_thread_blocked, id=23680, stack(0x0000002a78300000,0x0000002a78400000)]
  0x0000014caebfea20 JavaThread "Service Thread" daemon [_thread_blocked, id=26980, stack(0x0000002a78400000,0x0000002a78500000)]
  0x0000014caec012f0 JavaThread "Monitor Deflation Thread" daemon [_thread_blocked, id=14712, stack(0x0000002a78500000,0x0000002a78600000)]
  0x0000014caec3af90 JavaThread "C1 CompilerThread0" daemon [_thread_blocked, id=20416, stack(0x0000002a78600000,0x0000002a78700000)]
  0x0000014caec3fcb0 JavaThread "Sweeper thread" daemon [_thread_blocked, id=20332, stack(0x0000002a78700000,0x0000002a78800000)]
  0x0000014caed30dc0 JavaThread "Common-Cleaner" daemon [_thread_blocked, id=24100, stack(0x0000002a78800000,0x0000002a78900000)]
=>0x0000014caee53940 JavaThread "JDWP Transport Listener: dt_socket" daemon [_thread_in_vm, id=11952, stack(0x0000002a78c00000,0x0000002a78d00000)]
  0x0000014caee5ea50 JavaThread "JDWP Event Helper Thread" daemon [_thread_blocked, id=26020, stack(0x0000002a78d00000,0x0000002a78e00000)]
  0x0000014caee60f50 JavaThread "JDWP Command Reader" daemon [_thread_in_native, id=18928, stack(0x0000002a78e00000,0x0000002a78f00000)]
  0x0000014cb00bb840 JavaThread "Notification Thread" daemon [_thread_blocked, id=16920, stack(0x0000002a78f00000,0x0000002a79000000)]
  0x0000014cb01c2840 JavaThread "RMI TCP Accept-0" daemon [_thread_in_native, id=2292, stack(0x0000002a79000000,0x0000002a79100000)]
  0x0000014cb02247b0 JavaThread "RMI TCP Accept-50097" daemon [_thread_in_native, id=14320, stack(0x0000002a79100000,0x0000002a79200000)]
  0x0000014cb032aad0 JavaThread "RMI TCP Accept-0" daemon [_thread_in_native, id=27500, stack(0x0000002a79200000,0x0000002a79300000)]
  0x0000014cb12645e0 JavaThread "RMI Scheduler(0)" daemon [_thread_blocked, id=7356, stack(0x0000002a79e00000,0x0000002a79f00000)]
  0x0000014cb12652c0 JavaThread "RMI TCP Connection(idle)" daemon [_thread_blocked, id=1216, stack(0x0000002a79f00000,0x0000002a7a000000)]
  0x0000014cb128fa50 JavaThread "JMX server connection timeout 25" daemon [_thread_blocked, id=21924, stack(0x0000002a7a000000,0x0000002a7a100000)]
  0x0000014cb1212620 JavaThread "PostgreSQL-JDBC-Cleaner" daemon [_thread_blocked, id=27240, stack(0x0000002a7a500000,0x0000002a7a600000)]
  0x0000014cb64d7ed0 JavaThread "Live Reload Server" daemon [_thread_in_native, id=5060, stack(0x0000002a7ac00000,0x0000002a7ad00000)]
  0x0000014cb64db3c0 JavaThread "DestroyJavaVM" [_thread_blocked, id=23524, stack(0x0000002a77900000,0x0000002a77a00000)]
  0x0000014cb64de3e0 JavaThread "ultraDataSource housekeeper" daemon [_thread_blocked, id=17008, stack(0x0000002a78900000,0x0000002a78a00000)]
  0x0000014cb64dd570 JavaThread "masterDataSource housekeeper" daemon [_thread_blocked, id=22008, stack(0x0000002a79d00000,0x0000002a79e00000)]
  0x0000014cb64dcbd0 JavaThread "Catalina-utility-1" [_thread_blocked, id=18820, stack(0x0000002a7a200000,0x0000002a7a300000)]
  0x0000014cb64d83a0 JavaThread "Catalina-utility-2" [_thread_blocked, id=25412, stack(0x0000002a7a400000,0x0000002a7a500000)]
  0x0000014cb64da550 JavaThread "container-0" [_thread_blocked, id=944, stack(0x0000002a7a600000,0x0000002a7a700000)]
  0x0000014cb64d8870 JavaThread "File Watcher" daemon [_thread_blocked, id=27276, stack(0x0000002a7a700000,0x0000002a7a800000)]
  0x0000014cb64dda40 JavaThread "http-nio-3333-exec-1" daemon [_thread_blocked, id=12076, stack(0x0000002a7a800000,0x0000002a7a900000)]
  0x0000014cb64ddf10 JavaThread "http-nio-3333-exec-2" daemon [_thread_blocked, id=26136, stack(0x0000002a7a900000,0x0000002a7aa00000)]
  0x0000014cb64d8d40 JavaThread "http-nio-3333-exec-3" daemon [_thread_blocked, id=24176, stack(0x0000002a7aa00000,0x0000002a7ab00000)]
  0x0000014cb64d9210 JavaThread "http-nio-3333-exec-4" daemon [_thread_blocked, id=11308, stack(0x0000002a7ab00000,0x0000002a7ac00000)]
  0x0000014cb64dc230 JavaThread "http-nio-3333-exec-5" daemon [_thread_blocked, id=22580, stack(0x0000002a7ad00000,0x0000002a7ae00000)]
  0x0000014cb64daa20 JavaThread "http-nio-3333-exec-6" daemon [_thread_blocked, id=25404, stack(0x0000002a7ae00000,0x0000002a7af00000)]
  0x0000014cb64daef0 JavaThread "http-nio-3333-exec-7" daemon [_thread_blocked, id=10720, stack(0x0000002a7af00000,0x0000002a7b000000)]
  0x0000014cb64dc700 JavaThread "http-nio-3333-exec-8" daemon [_thread_blocked, id=13572, stack(0x0000002a7b000000,0x0000002a7b100000)]
  0x0000014cb1212af0 JavaThread "http-nio-3333-exec-9" daemon [_thread_blocked, id=27344, stack(0x0000002a7b100000,0x0000002a7b200000)]
  0x0000014cb1210940 JavaThread "http-nio-3333-exec-10" daemon [_thread_blocked, id=19556, stack(0x0000002a7b200000,0x0000002a7b300000)]
  0x0000014cb6adcef0 JavaThread "http-nio-3333-Poller" daemon [_thread_in_native, id=25556, stack(0x0000002a7b300000,0x0000002a7b400000)]
  0x0000014cb6add890 JavaThread "http-nio-3333-Acceptor" daemon [_thread_in_native, id=3816, stack(0x0000002a7b400000,0x0000002a7b500000)]
  0x0000014cb6adb6e0 JavaThread "ultraDataSource housekeeper" daemon [_thread_blocked, id=11060, stack(0x0000002a7a100000,0x0000002a7a200000)]

Other Threads:
  0x0000014cac2edcd0 VMThread "VM Thread" [stack: 0x0000002a77f00000,0x0000002a78000000] [id=25816]
  0x0000014c9c36f170 WatcherThread [stack: 0x0000002a79300000,0x0000002a79400000] [id=24044]
  0x0000014c9c3db020 GCTaskThread "GC Thread#0" [stack: 0x0000002a77a00000,0x0000002a77b00000] [id=18524]
  0x0000014c9c36f400 GCTaskThread "GC Thread#1" [stack: 0x0000002a79400000,0x0000002a79500000] [id=27620]
  0x0000014cb02b18d0 GCTaskThread "GC Thread#2" [stack: 0x0000002a79500000,0x0000002a79600000] [id=26884]
  0x0000014cb02b1b80 GCTaskThread "GC Thread#3" [stack: 0x0000002a79600000,0x0000002a79700000] [id=3044]
  0x0000014cb02b1e30 GCTaskThread "GC Thread#4" [stack: 0x0000002a79700000,0x0000002a79800000] [id=26904]
  0x0000014cb0345020 GCTaskThread "GC Thread#5" [stack: 0x0000002a79800000,0x0000002a79900000] [id=22904]
  0x0000014cb02cc100 GCTaskThread "GC Thread#6" [stack: 0x0000002a79900000,0x0000002a79a00000] [id=20912]
  0x0000014cb02ccbd0 GCTaskThread "GC Thread#7" [stack: 0x0000002a79a00000,0x0000002a79b00000] [id=14552]
  0x0000014c9c3e8650 ConcurrentGCThread "G1 Main Marker" [stack: 0x0000002a77b00000,0x0000002a77c00000] [id=24592]
  0x0000014cac132010 ConcurrentGCThread "G1 Conc#0" [stack: 0x0000002a77c00000,0x0000002a77d00000] [id=25436]
  0x0000014cb13f0950 ConcurrentGCThread "G1 Conc#1" [stack: 0x0000002a7a300000,0x0000002a7a400000] [id=16468]
  0x0000014cac1db480 ConcurrentGCThread "G1 Refine#0" [stack: 0x0000002a77d00000,0x0000002a77e00000] [id=20212]
  0x0000014cb03452d0 ConcurrentGCThread "G1 Refine#1" [stack: 0x0000002a79b00000,0x0000002a79c00000] [id=23364]
  0x0000014cb0377f80 ConcurrentGCThread "G1 Refine#2" [stack: 0x0000002a79c00000,0x0000002a79d00000] [id=7888]
  0x0000014cac1dbcb0 ConcurrentGCThread "G1 Service" [stack: 0x0000002a77e00000,0x0000002a77f00000] [id=19884]

Threads with active compile tasks:

VM state: not at safepoint (normal execution)

VM Mutex/Monitor currently owned by a thread: None

Heap address: 0x0000000704a00000, size: 4022 MB, Compressed Oops mode: Zero based, Oop shift amount: 3

CDS archive(s) not mapped
Compressed class space mapped at: 0x0000000800000000-0x0000000840000000, reserved size: 1073741824
Narrow klass base: 0x0000000800000000, Narrow klass shift: 0, Narrow klass range: 0x40000000

GC Precious Log:
 CPUs: 8 total, 8 available
 Memory: 16087M
 Large Page Support: Disabled
 NUMA Support: Disabled
 Compressed Oops: Enabled (Zero based)
 Heap Region Size: 2M
 Heap Min Capacity: 8M
 Heap Initial Capacity: 252M
 Heap Max Capacity: 4022M
 Pre-touch: Disabled
 Parallel Workers: 8
 Concurrent Workers: 2
 Concurrent Refinement Workers: 8
 Periodic GC: Disabled

Heap:
 garbage-first heap   total 133120K, used 95321K [0x0000000704a00000, 0x0000000800000000)
  region size 2048K, 28 young (57344K), 2 survivors (4096K)
 Metaspace       used 92330K, committed 92928K, reserved 1130496K
  class space    used 12705K, committed 12992K, reserved 1048576K

Heap Regions: E=young(eden), S=young(survivor), O=old, HS=humongous(starts), HC=humongous(continues), CS=collection set, F=free, OA=open archive, CA=closed archive, TAMS=top-at-mark-start (previous, next)
|   0|0x0000000704a00000, 0x0000000704c00000, 0x0000000704c00000|100%| O|  |TAMS 0x0000000704c00000, 0x0000000704a00000| Untracked 
|   1|0x0000000704c00000, 0x0000000704dffff8, 0x0000000704e00000| 99%| O|  |TAMS 0x0000000704dffff8, 0x0000000704c00000| Untracked 
|   2|0x0000000704e00000, 0x0000000705000000, 0x0000000705000000|100%| O|  |TAMS 0x0000000705000000, 0x0000000704e00000| Untracked 
|   3|0x0000000705000000, 0x00000007051ffff0, 0x0000000705200000| 99%| O|  |TAMS 0x00000007051ffff0, 0x0000000705000000| Untracked 
|   4|0x0000000705200000, 0x00000007053fffc8, 0x0000000705400000| 99%| O|  |TAMS 0x00000007053fffc8, 0x0000000705200000| Untracked 
|   5|0x0000000705400000, 0x00000007055fffc8, 0x0000000705600000| 99%| O|  |TAMS 0x00000007055fffc8, 0x0000000705400000| Untracked 
|   6|0x0000000705600000, 0x00000007057fffe8, 0x0000000705800000| 99%| O|  |TAMS 0x00000007057fffe8, 0x0000000705600000| Untracked 
|   7|0x0000000705800000, 0x00000007059ffff8, 0x0000000705a00000| 99%| O|  |TAMS 0x00000007059ffff8, 0x0000000705800000| Untracked 
|   8|0x0000000705a00000, 0x0000000705c00000, 0x0000000705c00000|100%| O|  |TAMS 0x0000000705c00000, 0x0000000705a00000| Untracked 
|   9|0x0000000705c00000, 0x0000000705d15b70, 0x0000000705e00000| 54%| O|  |TAMS 0x0000000705d15b70, 0x0000000705c00000| Untracked 
|  10|0x0000000705e00000, 0x0000000706000000, 0x0000000706000000|100%| O|  |TAMS 0x0000000706000000, 0x0000000705e00000| Untracked 
|  11|0x0000000706000000, 0x000000070615e9e8, 0x0000000706200000| 68%| O|  |TAMS 0x000000070615e9e8, 0x0000000706000000| Untracked 
|  12|0x0000000706200000, 0x00000007063ffff0, 0x0000000706400000| 99%| O|  |TAMS 0x00000007063ffff0, 0x0000000706200000| Untracked 
|  13|0x0000000706400000, 0x0000000706563600, 0x0000000706600000| 69%| O|  |TAMS 0x0000000706563600, 0x0000000706400000| Untracked 
|  14|0x0000000706600000, 0x00000007066c1f98, 0x0000000706800000| 37%| O|  |TAMS 0x00000007066c1f98, 0x0000000706600000| Untracked 
|  15|0x0000000706800000, 0x0000000706a00000, 0x0000000706a00000|100%| O|  |TAMS 0x0000000706800000, 0x0000000706800000| Untracked 
|  16|0x0000000706a00000, 0x0000000706c00000, 0x0000000706c00000|100%| O|  |TAMS 0x0000000706a00000, 0x0000000706a00000| Untracked 
|  17|0x0000000706c00000, 0x0000000706d64630, 0x0000000706e00000| 69%| O|  |TAMS 0x0000000706d64630, 0x0000000706c00000| Untracked 
|  18|0x0000000706e00000, 0x0000000707000000, 0x0000000707000000|100%| O|  |TAMS 0x0000000706e00000, 0x0000000706e00000| Untracked 
|  19|0x0000000707000000, 0x0000000707200000, 0x0000000707200000|100%| O|  |TAMS 0x0000000707000000, 0x0000000707000000| Untracked 
|  20|0x0000000707200000, 0x0000000707400000, 0x0000000707400000|100%| O|  |TAMS 0x0000000707200000, 0x0000000707200000| Untracked 
|  21|0x0000000707400000, 0x000000070758f000, 0x0000000707600000| 77%| O|  |TAMS 0x0000000707400000, 0x0000000707400000| Untracked 
|  22|0x0000000707600000, 0x0000000707600000, 0x0000000707800000|  0%| F|  |TAMS 0x0000000707600000, 0x0000000707600000| Untracked 
|  23|0x0000000707800000, 0x0000000707800000, 0x0000000707a00000|  0%| F|  |TAMS 0x0000000707800000, 0x0000000707800000| Untracked 
|  24|0x0000000707a00000, 0x0000000707a00000, 0x0000000707c00000|  0%| F|  |TAMS 0x0000000707a00000, 0x0000000707a00000| Untracked 
|  25|0x0000000707c00000, 0x0000000707c00000, 0x0000000707e00000|  0%| F|  |TAMS 0x0000000707c00000, 0x0000000707c00000| Untracked 
|  26|0x0000000707e00000, 0x0000000707e00000, 0x0000000708000000|  0%| F|  |TAMS 0x0000000707e00000, 0x0000000707e00000| Untracked 
|  27|0x0000000708000000, 0x0000000708000000, 0x0000000708200000|  0%| F|  |TAMS 0x0000000708000000, 0x0000000708000000| Untracked 
|  28|0x0000000708200000, 0x0000000708200000, 0x0000000708400000|  0%| F|  |TAMS 0x0000000708200000, 0x0000000708200000| Untracked 
|  29|0x0000000708400000, 0x0000000708400000, 0x0000000708600000|  0%| F|  |TAMS 0x0000000708400000, 0x0000000708400000| Untracked 
|  30|0x0000000708600000, 0x00000007087895d0, 0x0000000708800000| 76%| S|CS|TAMS 0x0000000708600000, 0x0000000708600000| Complete 
|  31|0x0000000708800000, 0x0000000708800000, 0x0000000708a00000|  0%| F|  |TAMS 0x0000000708800000, 0x0000000708800000| Untracked 
|  32|0x0000000708a00000, 0x0000000708c00000, 0x0000000708c00000|100%| S|CS|TAMS 0x0000000708a00000, 0x0000000708a00000| Complete 
|  33|0x0000000708c00000, 0x0000000708c00000, 0x0000000708e00000|  0%| F|  |TAMS 0x0000000708c00000, 0x0000000708c00000| Untracked 
|  34|0x0000000708e00000, 0x0000000708e00000, 0x0000000709000000|  0%| F|  |TAMS 0x0000000708e00000, 0x0000000708e00000| Untracked 
|  35|0x0000000709000000, 0x0000000709000000, 0x0000000709200000|  0%| F|  |TAMS 0x0000000709000000, 0x0000000709000000| Untracked 
|  36|0x0000000709200000, 0x0000000709200000, 0x0000000709400000|  0%| F|  |TAMS 0x0000000709200000, 0x0000000709200000| Untracked 
|  37|0x0000000709400000, 0x0000000709400000, 0x0000000709600000|  0%| F|  |TAMS 0x0000000709400000, 0x0000000709400000| Untracked 
|  38|0x0000000709600000, 0x0000000709600000, 0x0000000709800000|  0%| F|  |TAMS 0x0000000709600000, 0x0000000709600000| Untracked 
|  39|0x0000000709800000, 0x000000070996b000, 0x0000000709a00000| 70%| E|  |TAMS 0x0000000709800000, 0x0000000709800000| Complete 
|  40|0x0000000709a00000, 0x0000000709c00000, 0x0000000709c00000|100%| E|CS|TAMS 0x0000000709a00000, 0x0000000709a00000| Complete 
|  41|0x0000000709c00000, 0x0000000709e00000, 0x0000000709e00000|100%| E|CS|TAMS 0x0000000709c00000, 0x0000000709c00000| Complete 
|  42|0x0000000709e00000, 0x000000070a000000, 0x000000070a000000|100%| E|CS|TAMS 0x0000000709e00000, 0x0000000709e00000| Complete 
|  43|0x000000070a000000, 0x000000070a200000, 0x000000070a200000|100%| E|CS|TAMS 0x000000070a000000, 0x000000070a000000| Complete 
|  44|0x000000070a200000, 0x000000070a400000, 0x000000070a400000|100%| E|CS|TAMS 0x000000070a200000, 0x000000070a200000| Complete 
|  45|0x000000070a400000, 0x000000070a600000, 0x000000070a600000|100%| E|CS|TAMS 0x000000070a400000, 0x000000070a400000| Complete 
|  46|0x000000070a600000, 0x000000070a800000, 0x000000070a800000|100%| E|CS|TAMS 0x000000070a600000, 0x000000070a600000| Complete 
|  47|0x000000070a800000, 0x000000070aa00000, 0x000000070aa00000|100%| E|CS|TAMS 0x000000070a800000, 0x000000070a800000| Complete 
|  48|0x000000070aa00000, 0x000000070ac00000, 0x000000070ac00000|100%| E|CS|TAMS 0x000000070aa00000, 0x000000070aa00000| Complete 
|  49|0x000000070ac00000, 0x000000070ae00000, 0x000000070ae00000|100%| E|CS|TAMS 0x000000070ac00000, 0x000000070ac00000| Complete 
|  50|0x000000070ae00000, 0x000000070b000000, 0x000000070b000000|100%| E|CS|TAMS 0x000000070ae00000, 0x000000070ae00000| Complete 
|  51|0x000000070b000000, 0x000000070b200000, 0x000000070b200000|100%| E|CS|TAMS 0x000000070b000000, 0x000000070b000000| Complete 
|  52|0x000000070b200000, 0x000000070b400000, 0x000000070b400000|100%| E|CS|TAMS 0x000000070b200000, 0x000000070b200000| Complete 
|  53|0x000000070b400000, 0x000000070b600000, 0x000000070b600000|100%| E|CS|TAMS 0x000000070b400000, 0x000000070b400000| Complete 
|  54|0x000000070b600000, 0x000000070b800000, 0x000000070b800000|100%| E|CS|TAMS 0x000000070b600000, 0x000000070b600000| Complete 
|  55|0x000000070b800000, 0x000000070ba00000, 0x000000070ba00000|100%| E|CS|TAMS 0x000000070b800000, 0x000000070b800000| Complete 
|  56|0x000000070ba00000, 0x000000070bc00000, 0x000000070bc00000|100%| E|CS|TAMS 0x000000070ba00000, 0x000000070ba00000| Complete 
|  57|0x000000070bc00000, 0x000000070be00000, 0x000000070be00000|100%| E|CS|TAMS 0x000000070bc00000, 0x000000070bc00000| Complete 
|  58|0x000000070be00000, 0x000000070c000000, 0x000000070c000000|100%| E|CS|TAMS 0x000000070be00000, 0x000000070be00000| Complete 
|  59|0x000000070c000000, 0x000000070c200000, 0x000000070c200000|100%| E|CS|TAMS 0x000000070c000000, 0x000000070c000000| Complete 
|  60|0x000000070c200000, 0x000000070c400000, 0x000000070c400000|100%| E|CS|TAMS 0x000000070c200000, 0x000000070c200000| Complete 
|  61|0x000000070c400000, 0x000000070c600000, 0x000000070c600000|100%| E|CS|TAMS 0x000000070c400000, 0x000000070c400000| Complete 
|  62|0x000000070c600000, 0x000000070c800000, 0x000000070c800000|100%| E|CS|TAMS 0x000000070c600000, 0x000000070c600000| Complete 
|  63|0x000000070c800000, 0x000000070ca00000, 0x000000070ca00000|100%| E|CS|TAMS 0x000000070c800000, 0x000000070c800000| Complete 
|  64|0x000000070ca00000, 0x000000070cc00000, 0x000000070cc00000|100%| E|CS|TAMS 0x000000070ca00000, 0x000000070ca00000| Complete 

Card table byte_map: [0x0000014ca32e0000,0x0000014ca3ac0000] _byte_map_base: 0x0000014c9fabb000

Marking Bits (Prev, Next): (CMBitMap*) 0x0000014c9c3db580, (CMBitMap*) 0x0000014c9c3db540
 Prev Bits: [0x0000014ca8180000, 0x0000014cac058000)
 Next Bits: [0x0000014ca42a0000, 0x0000014ca8178000)

Polling page: 0x0000014c9bb00000

Metaspace:

Usage:
  Non-class:     77.76 MB used.
      Class:     12.41 MB used.
       Both:     90.17 MB used.

Virtual space:
  Non-class space:       80.00 MB reserved,      78.06 MB ( 98%) committed,  10 nodes.
      Class space:        1.00 GB reserved,      12.69 MB (  1%) committed,  1 nodes.
             Both:        1.08 GB reserved,      90.75 MB (  8%) committed. 

Chunk freelists:
   Non-Class:  1.54 MB
       Class:  3.26 MB
        Both:  4.80 MB

MaxMetaspaceSize: unlimited
CompressedClassSpaceSize: 1.00 GB
Initial GC threshold: 21.00 MB
Current GC threshold: 147.81 MB
CDS: off
MetaspaceReclaimPolicy: balanced
 - commit_granule_bytes: 65536.
 - commit_granule_words: 8192.
 - virtual_space_node_default_size: 1048576.
 - enlarge_chunks_in_place: 1.
 - new_chunks_are_fully_committed: 0.
 - uncommit_free_chunks: 1.
 - use_allocation_guard: 0.
 - handle_deallocations: 1.


Internal statistics:

num_allocs_failed_limit: 9.
num_arena_births: 1158.
num_arena_deaths: 318.
num_vsnodes_births: 11.
num_vsnodes_deaths: 0.
num_space_committed: 1452.
num_space_uncommitted: 0.
num_chunks_returned_to_freelist: 401.
num_chunks_taken_from_freelist: 4529.
num_chunk_merges: 119.
num_chunk_splits: 3015.
num_chunks_enlarged: 2220.
num_purges: 2.
num_inconsistent_stats: 0.

CodeCache: size=49152Kb used=20460Kb max_used=21279Kb free=28691Kb
 bounds [0x0000014c9f9f0000, 0x0000014ca0ec0000, 0x0000014ca29f0000]
 total_blobs=11749 nmethods=11039 adapters=636
 compilation: enabled
              stopped_count=0, restarted_count=0
 full_count=0

Compilation events (20 events):
Event: 2194.704 Thread 0x0000014caec3af90 11030       1       java.util.regex.CharPredicates::lambda$category$15 (17 bytes)
Event: 2194.704 Thread 0x0000014caec3af90 nmethod 11030 0x0000014c9fc02f90 code [0x0000014c9fc03140, 0x0000014c9fc03258]
Event: 2194.705 Thread 0x0000014caec3af90 11031       1       org.apache.tomcat.util.buf.MessageBytes::recycle (35 bytes)
Event: 2194.705 Thread 0x0000014caec3af90 nmethod 11031 0x0000014c9fc02b90 code [0x0000014c9fc02d20, 0x0000014c9fc02e98]
Event: 2194.705 Thread 0x0000014caec3af90 11032       1       org.apache.tomcat.util.buf.ByteChunk::recycle (10 bytes)
Event: 2194.705 Thread 0x0000014caec3af90 nmethod 11032 0x0000014c9fc02890 code [0x0000014c9fc02a20, 0x0000014c9fc02b38]
Event: 2221.262 Thread 0x0000014caec3af90 11033   !   1       java.io.ObjectInputStream::readObject0 (681 bytes)
Event: 2221.263 Thread 0x0000014caec3af90 nmethod 11033 0x0000014c9fbfeb90 code [0x0000014c9fbff180, 0x0000014c9fc00e88]
Event: 2221.263 Thread 0x0000014caec3af90 11034       1       java.io.ObjectInputStream$HandleTable::markDependency (175 bytes)
Event: 2221.264 Thread 0x0000014caec3af90 nmethod 11034 0x0000014c9fbfe010 code [0x0000014c9fbfe240, 0x0000014c9fbfe848]
Event: 2231.821 Thread 0x0000014caec3af90 11035       1       com.zaxxer.hikari.pool.HikariPool::getTotalConnections (8 bytes)
Event: 2231.821 Thread 0x0000014caec3af90 nmethod 11035 0x0000014c9fbfdc90 code [0x0000014c9fbfde20, 0x0000014c9fbfdf18]
Event: 2231.821 Thread 0x0000014caec3af90 11036       1       com.zaxxer.hikari.util.ConcurrentBag::size (8 bytes)
Event: 2231.821 Thread 0x0000014caec3af90 nmethod 11036 0x0000014c9fbfd910 code [0x0000014c9fbfdaa0, 0x0000014c9fbfdb78]
Event: 2281.267 Thread 0x0000014caec3af90 11037       1       java.io.DataOutputStream::<init> (19 bytes)
Event: 2281.267 Thread 0x0000014caec3af90 nmethod 11037 0x0000014c9fbfd390 code [0x0000014c9fbfd540, 0x0000014c9fbfd858]
Event: 2284.463 Thread 0x0000014caec3af90 11038       1       ch.qos.logback.classic.Logger::filterAndLog_2 (75 bytes)
Event: 2284.464 Thread 0x0000014caec3af90 nmethod 11038 0x0000014c9fbfc910 code [0x0000014c9fbfcb00, 0x0000014c9fbfd0b8]
Event: 2284.464 Thread 0x0000014caec3af90 11039       1       ch.qos.logback.classic.LoggerContext::getTurboFilterChainDecision_2 (43 bytes)
Event: 2284.465 Thread 0x0000014caec3af90 nmethod 11039 0x0000014c9fbfc190 code [0x0000014c9fbfc340, 0x0000014c9fbfc748]

GC Heap History (20 events):
Event: 1025.277 GC heap before
{Heap before GC invocations=36 (full 1):
 garbage-first heap   total 110592K, used 84023K [0x0000000704a00000, 0x0000000800000000)
  region size 2048K, 25 young (51200K), 2 survivors (4096K)
 Metaspace       used 90686K, committed 91200K, reserved 1130496K
  class space    used 12552K, committed 12800K, reserved 1048576K
}
Event: 1025.281 GC heap after
{Heap after GC invocations=37 (full 1):
 garbage-first heap   total 110592K, used 38395K [0x0000000704a00000, 0x0000000800000000)
  region size 2048K, 3 young (6144K), 3 survivors (6144K)
 Metaspace       used 90686K, committed 91200K, reserved 1130496K
  class space    used 12552K, committed 12800K, reserved 1048576K
}
Event: 1025.598 GC heap before
{Heap before GC invocations=37 (full 1):
 garbage-first heap   total 110592K, used 85499K [0x0000000704a00000, 0x0000000800000000)
  region size 2048K, 26 young (53248K), 3 survivors (6144K)
 Metaspace       used 91062K, committed 91648K, reserved 1130496K
  class space    used 12586K, committed 12864K, reserved 1048576K
}
Event: 1025.602 GC heap after
{Heap after GC invocations=38 (full 1):
 garbage-first heap   total 110592K, used 39439K [0x0000000704a00000, 0x0000000800000000)
  region size 2048K, 2 young (4096K), 2 survivors (4096K)
 Metaspace       used 91062K, committed 91648K, reserved 1130496K
  class space    used 12586K, committed 12864K, reserved 1048576K
}
Event: 1025.903 GC heap before
{Heap before GC invocations=38 (full 1):
 garbage-first heap   total 110592K, used 86543K [0x0000000704a00000, 0x0000000800000000)
  region size 2048K, 25 young (51200K), 2 survivors (4096K)
 Metaspace       used 91415K, committed 92032K, reserved 1130496K
  class space    used 12616K, committed 12928K, reserved 1048576K
}
Event: 1025.906 GC heap after
{Heap after GC invocations=39 (full 1):
 garbage-first heap   total 110592K, used 40014K [0x0000000704a00000, 0x0000000800000000)
  region size 2048K, 2 young (4096K), 2 survivors (4096K)
 Metaspace       used 91415K, committed 92032K, reserved 1130496K
  class space    used 12616K, committed 12928K, reserved 1048576K
}
Event: 1026.253 GC heap before
{Heap before GC invocations=39 (full 1):
 garbage-first heap   total 110592K, used 87118K [0x0000000704a00000, 0x0000000800000000)
  region size 2048K, 25 young (51200K), 2 survivors (4096K)
 Metaspace       used 91911K, committed 92480K, reserved 1130496K
  class space    used 12661K, committed 12928K, reserved 1048576K
}
Event: 1026.257 GC heap after
{Heap after GC invocations=40 (full 1):
 garbage-first heap   total 110592K, used 40664K [0x0000000704a00000, 0x0000000800000000)
  region size 2048K, 3 young (6144K), 3 survivors (6144K)
 Metaspace       used 91911K, committed 92480K, reserved 1130496K
  class space    used 12661K, committed 12928K, reserved 1048576K
}
Event: 1027.365 GC heap before
{Heap before GC invocations=40 (full 1):
 garbage-first heap   total 110592K, used 85720K [0x0000000704a00000, 0x0000000800000000)
  region size 2048K, 25 young (51200K), 3 survivors (6144K)
 Metaspace       used 92284K, committed 92864K, reserved 1130496K
  class space    used 12699K, committed 12992K, reserved 1048576K
}
Event: 1027.373 GC heap after
{Heap after GC invocations=41 (full 1):
 garbage-first heap   total 133120K, used 44310K [0x0000000704a00000, 0x0000000800000000)
  region size 2048K, 4 young (8192K), 4 survivors (8192K)
 Metaspace       used 92284K, committed 92864K, reserved 1130496K
  class space    used 12699K, committed 12992K, reserved 1048576K
}
Event: 1235.378 GC heap before
{Heap before GC invocations=41 (full 1):
 garbage-first heap   total 133120K, used 105750K [0x0000000704a00000, 0x0000000800000000)
  region size 2048K, 34 young (69632K), 4 survivors (8192K)
 Metaspace       used 92294K, committed 92864K, reserved 1130496K
  class space    used 12701K, committed 12992K, reserved 1048576K
}
Event: 1235.382 GC heap after
{Heap after GC invocations=42 (full 1):
 garbage-first heap   total 133120K, used 44974K [0x0000000704a00000, 0x0000000800000000)
  region size 2048K, 3 young (6144K), 3 survivors (6144K)
 Metaspace       used 92294K, committed 92864K, reserved 1130496K
  class space    used 12701K, committed 12992K, reserved 1048576K
}
Event: 1457.983 GC heap before
{Heap before GC invocations=42 (full 1):
 garbage-first heap   total 133120K, used 104366K [0x0000000704a00000, 0x0000000800000000)
  region size 2048K, 32 young (65536K), 3 survivors (6144K)
 Metaspace       used 92294K, committed 92864K, reserved 1130496K
  class space    used 12701K, committed 12992K, reserved 1048576K
}
Event: 1457.987 GC heap after
{Heap after GC invocations=43 (full 1):
 garbage-first heap   total 133120K, used 44461K [0x0000000704a00000, 0x0000000800000000)
  region size 2048K, 2 young (4096K), 2 survivors (4096K)
 Metaspace       used 92294K, committed 92864K, reserved 1130496K
  class space    used 12701K, committed 12992K, reserved 1048576K
}
Event: 1698.012 GC heap before
{Heap before GC invocations=43 (full 1):
 garbage-first heap   total 133120K, used 107949K [0x0000000704a00000, 0x0000000800000000)
  region size 2048K, 33 young (67584K), 2 survivors (4096K)
 Metaspace       used 92304K, committed 92864K, reserved 1130496K
  class space    used 12702K, committed 12992K, reserved 1048576K
}
Event: 1698.015 GC heap after
{Heap after GC invocations=44 (full 1):
 garbage-first heap   total 133120K, used 44350K [0x0000000704a00000, 0x0000000800000000)
  region size 2048K, 2 young (4096K), 2 survivors (4096K)
 Metaspace       used 92304K, committed 92864K, reserved 1130496K
  class space    used 12702K, committed 12992K, reserved 1048576K
}
Event: 1944.964 GC heap before
{Heap before GC invocations=44 (full 1):
 garbage-first heap   total 133120K, used 109886K [0x0000000704a00000, 0x0000000800000000)
  region size 2048K, 34 young (69632K), 2 survivors (4096K)
 Metaspace       used 92304K, committed 92864K, reserved 1130496K
  class space    used 12702K, committed 12992K, reserved 1048576K
}
Event: 1944.971 GC heap after
{Heap after GC invocations=45 (full 1):
 garbage-first heap   total 133120K, used 44258K [0x0000000704a00000, 0x0000000800000000)
  region size 2048K, 2 young (4096K), 2 survivors (4096K)
 Metaspace       used 92304K, committed 92864K, reserved 1130496K
  class space    used 12702K, committed 12992K, reserved 1048576K
}
Event: 2177.749 GC heap before
{Heap before GC invocations=45 (full 1):
 garbage-first heap   total 133120K, used 109794K [0x0000000704a00000, 0x0000000800000000)
  region size 2048K, 34 young (69632K), 2 survivors (4096K)
 Metaspace       used 92317K, committed 92928K, reserved 1130496K
  class space    used 12705K, committed 12992K, reserved 1048576K
}
Event: 2177.753 GC heap after
{Heap after GC invocations=46 (full 1):
 garbage-first heap   total 133120K, used 44121K [0x0000000704a00000, 0x0000000800000000)
  region size 2048K, 2 young (4096K), 2 survivors (4096K)
 Metaspace       used 92317K, committed 92928K, reserved 1130496K
  class space    used 12705K, committed 12992K, reserved 1048576K
}

Deoptimization events (20 events):
Event: 2194.691 Thread 0x0000014cb64dda40 DEOPT PACKING pc=0x0000014ca01d6d4c sp=0x0000002a7a8fa110
Event: 2194.691 Thread 0x0000014cb64dda40 DEOPT UNPACKING pc=0x0000014c9fa46763 sp=0x0000002a7a8f96e0 mode 1
Event: 2194.691 Thread 0x0000014cb64dda40 DEOPT PACKING pc=0x0000014ca01d3034 sp=0x0000002a7a8f9eb0
Event: 2194.691 Thread 0x0000014cb64dda40 DEOPT UNPACKING pc=0x0000014c9fa46763 sp=0x0000002a7a8f93e8 mode 1
Event: 2194.691 Thread 0x0000014cb64dda40 DEOPT PACKING pc=0x0000014ca01d3f5c sp=0x0000002a7a8f9fa0
Event: 2194.691 Thread 0x0000014cb64dda40 DEOPT UNPACKING pc=0x0000014c9fa46763 sp=0x0000002a7a8f9550 mode 1
Event: 2194.691 Thread 0x0000014cb64dda40 DEOPT PACKING pc=0x0000014ca01d6d4c sp=0x0000002a7a8fa110
Event: 2194.691 Thread 0x0000014cb64dda40 DEOPT UNPACKING pc=0x0000014c9fa46763 sp=0x0000002a7a8f96e0 mode 1
Event: 2194.691 Thread 0x0000014cb64dda40 DEOPT PACKING pc=0x0000014ca01d3034 sp=0x0000002a7a8f9eb0
Event: 2194.691 Thread 0x0000014cb64dda40 DEOPT UNPACKING pc=0x0000014c9fa46763 sp=0x0000002a7a8f93e8 mode 1
Event: 2194.691 Thread 0x0000014cb64dda40 DEOPT PACKING pc=0x0000014ca01d3f5c sp=0x0000002a7a8f9fa0
Event: 2194.691 Thread 0x0000014cb64dda40 DEOPT UNPACKING pc=0x0000014c9fa46763 sp=0x0000002a7a8f9550 mode 1
Event: 2194.691 Thread 0x0000014cb64dda40 DEOPT PACKING pc=0x0000014ca01d6d4c sp=0x0000002a7a8fa110
Event: 2194.691 Thread 0x0000014cb64dda40 DEOPT UNPACKING pc=0x0000014c9fa46763 sp=0x0000002a7a8f96e0 mode 1
Event: 2194.693 Thread 0x0000014cb64dda40 DEOPT PACKING pc=0x0000014ca01d3034 sp=0x0000002a7a8fa3c0
Event: 2194.693 Thread 0x0000014cb64dda40 DEOPT UNPACKING pc=0x0000014c9fa46763 sp=0x0000002a7a8f98f8 mode 1
Event: 2194.693 Thread 0x0000014cb64dda40 DEOPT PACKING pc=0x0000014ca01d3f5c sp=0x0000002a7a8fa4b0
Event: 2194.693 Thread 0x0000014cb64dda40 DEOPT UNPACKING pc=0x0000014c9fa46763 sp=0x0000002a7a8f9a60 mode 1
Event: 2194.693 Thread 0x0000014cb64dda40 DEOPT PACKING pc=0x0000014ca01d6d4c sp=0x0000002a7a8fa620
Event: 2194.693 Thread 0x0000014cb64dda40 DEOPT UNPACKING pc=0x0000014c9fa46763 sp=0x0000002a7a8f9bf0 mode 1

Classes unloaded (20 events):
Event: 1020.128 Thread 0x0000014cac2edcd0 Unloading class 0x0000000800181c00 'java/lang/invoke/LambdaForm$MH+0x0000000800181c00'
Event: 1020.128 Thread 0x0000014cac2edcd0 Unloading class 0x0000000800181800 'java/lang/invoke/LambdaForm$MH+0x0000000800181800'
Event: 1020.128 Thread 0x0000014cac2edcd0 Unloading class 0x0000000800181400 'java/lang/invoke/LambdaForm$MH+0x0000000800181400'
Event: 1020.128 Thread 0x0000014cac2edcd0 Unloading class 0x0000000800181000 'java/lang/invoke/LambdaForm$MH+0x0000000800181000'
Event: 1020.128 Thread 0x0000014cac2edcd0 Unloading class 0x0000000800180c00 'java/lang/invoke/LambdaForm$MH+0x0000000800180c00'
Event: 1020.128 Thread 0x0000014cac2edcd0 Unloading class 0x0000000800180400 'java/lang/invoke/LambdaForm$MH+0x0000000800180400'
Event: 1020.128 Thread 0x0000014cac2edcd0 Unloading class 0x0000000800180000 'java/lang/invoke/LambdaForm$MH+0x0000000800180000'
Event: 1020.128 Thread 0x0000014cac2edcd0 Unloading class 0x000000080010a000 'jdk/internal/reflect/GeneratedSerializationConstructorAccessor3'
Event: 1020.128 Thread 0x0000014cac2edcd0 Unloading class 0x0000000800109c00 'jdk/internal/reflect/GeneratedSerializationConstructorAccessor2'
Event: 1020.128 Thread 0x0000014cac2edcd0 Unloading class 0x0000000800109800 'jdk/internal/reflect/GeneratedSerializationConstructorAccessor1'
Event: 1020.128 Thread 0x0000014cac2edcd0 Unloading class 0x0000000800109000 'java/lang/invoke/LambdaForm$DMH+0x0000000800109000'
Event: 1020.128 Thread 0x0000014cac2edcd0 Unloading class 0x0000000800108800 'java/lang/invoke/LambdaForm$DMH+0x0000000800108800'
Event: 1020.128 Thread 0x0000014cac2edcd0 Unloading class 0x0000000800107c00 'jdk/internal/reflect/GeneratedConstructorAccessor1'
Event: 1020.128 Thread 0x0000014cac2edcd0 Unloading class 0x0000000800107000 'java/lang/invoke/LambdaForm$MH+0x0000000800107000'
Event: 1020.128 Thread 0x0000014cac2edcd0 Unloading class 0x0000000800106c00 'java/lang/invoke/LambdaForm$MH+0x0000000800106c00'
Event: 1020.128 Thread 0x0000014cac2edcd0 Unloading class 0x0000000800106800 'java/lang/invoke/LambdaForm$MH+0x0000000800106800'
Event: 1020.128 Thread 0x0000014cac2edcd0 Unloading class 0x0000000800106400 'java/lang/invoke/LambdaForm$MH+0x0000000800106400'
Event: 1020.128 Thread 0x0000014cac2edcd0 Unloading class 0x0000000800106000 'java/lang/invoke/LambdaForm$MH+0x0000000800106000'
Event: 1020.128 Thread 0x0000014cac2edcd0 Unloading class 0x0000000800104c00 'java/lang/invoke/LambdaForm$MH+0x0000000800104c00'
Event: 1020.128 Thread 0x0000014cac2edcd0 Unloading class 0x0000000800104800 'java/lang/invoke/LambdaForm$MH+0x0000000800104800'

Classes redefined (3 events):
Event: 1017.585 Thread 0x0000014cac2edcd0 redefined class name=br.com.ultraworks.erp.api.seguranca.mapper.UsuarioPermissaoMapper, count=1
Event: 2331.381 Thread 0x0000014cac2edcd0 redefined class name=br.com.ultraworks.erp.api.seguranca.controller.UsuarioController, count=1
Event: 2331.381 Thread 0x0000014cac2edcd0 redefined class name=br.com.ultraworks.erp.api.seguranca.controller.UsuarioController, count=1

Internal exceptions (20 events):
Event: 1022.613 Thread 0x0000014cb64de8b0 Exception <a 'sun/nio/fs/WindowsException'{0x000000070b3c1618}> (0x000000070b3c1618) 
thrown [s\src\hotspot\share\prims\jni.cpp, line 516]
Event: 1022.614 Thread 0x0000014cb64de8b0 Exception <a 'sun/nio/fs/WindowsException'{0x000000070b3c1d50}> (0x000000070b3c1d50) 
thrown [s\src\hotspot\share\prims\jni.cpp, line 516]
Event: 1022.627 Thread 0x0000014cb64de8b0 Exception <a 'java/io/FileNotFoundException'{0x000000070b3fb7f0}> (0x000000070b3fb7f0) 
thrown [s\src\hotspot\share\prims\jni.cpp, line 516]
Event: 1024.130 Thread 0x0000014cb64de8b0 Exception <a 'sun/nio/fs/WindowsException'{0x000000070a763720}> (0x000000070a763720) 
thrown [s\src\hotspot\share\prims\jni.cpp, line 516]
Event: 1024.532 Thread 0x0000014cb64de8b0 Exception <a 'java/lang/reflect/InvocationTargetException'{0x0000000708b7cc58}> (0x0000000708b7cc58) 
thrown [s\src\hotspot\share\runtime\reflection.cpp, line 1121]
Event: 1024.556 Thread 0x0000014cb64de8b0 Exception <a 'sun/nio/fs/WindowsException'{0x00000007088ef9c0}> (0x00000007088ef9c0) 
thrown [s\src\hotspot\share\prims\jni.cpp, line 516]
Event: 1024.569 Thread 0x0000014cb64de8b0 Exception <a 'sun/nio/fs/WindowsException'{0x00000007089b8fd0}> (0x00000007089b8fd0) 
thrown [s\src\hotspot\share\prims\jni.cpp, line 516]
Event: 1025.291 Thread 0x0000014cb64de8b0 Exception <a 'java/lang/reflect/InvocationTargetException'{0x000000070b2f11f8}> (0x000000070b2f11f8) 
thrown [s\src\hotspot\share\runtime\reflection.cpp, line 1121]
Event: 1025.328 Thread 0x0000014cb64de8b0 Exception <a 'java/lang/reflect/InvocationTargetException'{0x000000070ac93518}> (0x000000070ac93518) 
thrown [s\src\hotspot\share\runtime\reflection.cpp, line 1121]
Event: 1025.347 Thread 0x0000014cb64de8b0 Exception <a 'java/io/FileNotFoundException'{0x000000070aa44af8}> (0x000000070aa44af8) 
thrown [s\src\hotspot\share\prims\jni.cpp, line 516]
Event: 1025.493 Thread 0x0000014cb64de8b0 Exception <a 'java/lang/reflect/InvocationTargetException'{0x00000007094e34b0}> (0x00000007094e34b0) 
thrown [s\src\hotspot\share\runtime\reflection.cpp, line 1121]
Event: 1025.540 Thread 0x0000014cb64de8b0 Exception <a 'java/lang/reflect/InvocationTargetException'{0x0000000708edc2c8}> (0x0000000708edc2c8) 
thrown [s\src\hotspot\share\runtime\reflection.cpp, line 1121]
Event: 1025.770 Thread 0x0000014cb64de8b0 Exception <a 'java/lang/reflect/InvocationTargetException'{0x0000000709ac3bb8}> (0x0000000709ac3bb8) 
thrown [s\src\hotspot\share\runtime\reflection.cpp, line 1121]
Event: 1026.450 Thread 0x0000014cb64de8b0 Exception <a 'sun/nio/fs/WindowsException'{0x000000070ac2f1b8}> (0x000000070ac2f1b8) 
thrown [s\src\hotspot\share\prims\jni.cpp, line 516]
Event: 1027.657 Thread 0x0000014cb64de8b0 Implicit null exception at 0x0000014ca0e9ca44 to 0x0000014ca0e9d015
Event: 1201.055 Thread 0x0000014cb12652c0 Exception <a 'java/lang/NoSuchMethodError'{0x0000000709903e08}: static [B.<clinit>()V> (0x0000000709903e08) 
thrown [s\src\hotspot\share\prims\jni.cpp, line 1107]
Event: 1501.052 Thread 0x0000014cb12652c0 Exception <a 'java/lang/NoSuchMethodError'{0x000000070c19fcc0}: static [B.<clinit>()V> (0x000000070c19fcc0) 
thrown [s\src\hotspot\share\prims\jni.cpp, line 1107]
Event: 2188.607 Thread 0x0000014cb64dda40 Exception <a 'java/lang/reflect/InvocationTargetException'{0x000000070c110168}> (0x000000070c110168) 
thrown [s\src\hotspot\share\runtime\reflection.cpp, line 1121]
Event: 2188.682 Thread 0x0000014cb64dda40 Exception <a 'java/lang/reflect/InvocationTargetException'{0x000000070c115138}> (0x000000070c115138) 
thrown [s\src\hotspot\share\runtime\reflection.cpp, line 1121]
Event: 2191.638 Thread 0x0000014cb64dda40 Exception <a 'java/lang/reflect/InvocationTargetException'{0x000000070c115c60}> (0x000000070c115c60) 
thrown [s\src\hotspot\share\runtime\reflection.cpp, line 1121]

VM Operations (20 events):
Event: 2191.705 Executing VM operation: get/set locals
Event: 2191.705 Executing VM operation: get/set locals done
Event: 2191.706 Executing VM operation: get/set locals
Event: 2191.706 Executing VM operation: get/set locals done
Event: 2191.706 Executing VM operation: get/set locals
Event: 2191.706 Executing VM operation: get/set locals done
Event: 2191.707 Executing VM operation: get/set locals
Event: 2191.707 Executing VM operation: get/set locals done
Event: 2191.707 Executing VM operation: get/set locals
Event: 2191.707 Executing VM operation: get/set locals done
Event: 2191.708 Executing VM operation: get/set locals
Event: 2191.708 Executing VM operation: get/set locals done
Event: 2191.708 Executing VM operation: get/set locals
Event: 2191.708 Executing VM operation: get/set locals done
Event: 2191.709 Executing VM operation: get/set locals
Event: 2191.709 Executing VM operation: get/set locals done
Event: 2194.725 Executing VM operation: Cleanup
Event: 2194.725 Executing VM operation: Cleanup done
Event: 2331.368 Executing VM operation: RedefineClasses
Event: 2331.401 Executing VM operation: RedefineClasses done

Events (20 events):
Event: 1027.024 Thread 0x0000014cb6adc550 Thread added: 0x0000014cb6adc550
Event: 1027.680 Thread 0x0000014cb64de8b0 Thread exited: 0x0000014cb64de8b0
Event: 1027.681 Thread 0x0000014cb12112e0 Thread exited: 0x0000014cb12112e0
Event: 1029.483 Thread 0x0000014cb64d7a00 Thread exited: 0x0000014cb64d7a00
Event: 1032.596 Thread 0x0000014cb6adc550 Thread exited: 0x0000014cb6adc550
Event: 1032.687 Thread 0x0000014cb0226fd0 Thread exited: 0x0000014cb0226fd0
Event: 1032.687 Thread 0x0000014cb615a850 Thread exited: 0x0000014cb615a850
Event: 1086.878 Thread 0x0000014cb6ad81f0 Thread exited: 0x0000014cb6ad81f0
Event: 2177.601 Thread 0x0000014cb6238bc0 Thread added: 0x0000014cb6238bc0
Event: 2177.616 Thread 0x0000014cb6addd60 Thread added: 0x0000014cb6addd60
Event: 2177.616 Thread 0x0000014cb6ad7380 Thread added: 0x0000014cb6ad7380
Event: 2177.617 Thread 0x0000014cb6adb210 Thread added: 0x0000014cb6adb210
Event: 2177.617 Thread 0x0000014cb6ade230 Thread exited: 0x0000014cb6ade230
Event: 2177.642 Thread 0x0000014cb6adb6e0 Thread added: 0x0000014cb6adb6e0
Event: 2177.645 Thread 0x0000014cb6adb210 Thread exited: 0x0000014cb6adb210
Event: 2177.749 Thread 0x0000014cb6ad6eb0 Thread added: 0x0000014cb6ad6eb0
Event: 2183.097 Thread 0x0000014cb6238bc0 Thread exited: 0x0000014cb6238bc0
Event: 2183.128 Thread 0x0000014cb6ad6eb0 Thread exited: 0x0000014cb6ad6eb0
Event: 2237.658 Thread 0x0000014cb6addd60 Thread exited: 0x0000014cb6addd60
Event: 2297.661 Thread 0x0000014cb6ad7380 Thread exited: 0x0000014cb6ad7380


Dynamic libraries:
0x00007ff794dc0000 - 0x00007ff794dce000 	C:\Accenture\Ferramentas\IDE\sts-4.15.3.RELEASE\plugins\org.eclipse.justj.openjdk.hotspot.jre.full.win32.x86_64_17.0.4.v20220805-1047\jre\bin\javaw.exe
0x00007fffef2a0000 - 0x00007fffef4a9000 	C:\windows\SYSTEM32\ntdll.dll
0x00007fffee710000 - 0x00007fffee7cd000 	C:\windows\System32\KERNEL32.DLL
0x00007fffecb70000 - 0x00007fffecef4000 	C:\windows\System32\KERNELBASE.dll
0x00007fffec960000 - 0x00007fffeca71000 	C:\windows\System32\ucrtbase.dll
0x00007fffccca0000 - 0x00007fffcccb9000 	C:\Accenture\Ferramentas\IDE\sts-4.15.3.RELEASE\plugins\org.eclipse.justj.openjdk.hotspot.jre.full.win32.x86_64_17.0.4.v20220805-1047\jre\bin\VCRUNTIME140.dll
0x00007fffe4c20000 - 0x00007fffe4c38000 	C:\Accenture\Ferramentas\IDE\sts-4.15.3.RELEASE\plugins\org.eclipse.justj.openjdk.hotspot.jre.full.win32.x86_64_17.0.4.v20220805-1047\jre\bin\jli.dll
0x00007fffeec80000 - 0x00007fffeee2d000 	C:\windows\System32\USER32.dll
0x00007fffecf00000 - 0x00007fffecf26000 	C:\windows\System32\win32u.dll
0x00007fffbf2c0000 - 0x00007fffbf565000 	C:\windows\WinSxS\amd64_microsoft.windows.common-controls_6595b64144ccf1df_6.0.22000.120_none_9d947278b86cc467\COMCTL32.dll
0x00007fffeec50000 - 0x00007fffeec7a000 	C:\windows\System32\GDI32.dll
0x00007fffedec0000 - 0x00007fffedf63000 	C:\windows\System32\msvcrt.dll
0x00007fffecf30000 - 0x00007fffed04e000 	C:\windows\System32\gdi32full.dll
0x00007fffed050000 - 0x00007fffed0ed000 	C:\windows\System32\msvcp_win.dll
0x00007fffee490000 - 0x00007fffee4c1000 	C:\windows\System32\IMM32.DLL
0x00007fffeae60000 - 0x00007fffeafe2000 	C:\Program Files\Avecto\Privilege Guard Client\PGHook.dll
0x00007fffee200000 - 0x00007fffee2ae000 	C:\windows\System32\ADVAPI32.dll
0x00007fffee150000 - 0x00007fffee1ee000 	C:\windows\System32\sechost.dll
0x00007fffef120000 - 0x00007fffef241000 	C:\windows\System32\RPCRT4.dll
0x0000000068000000 - 0x0000000068073000 	C:\windows\System32\QIPCAP64.dll
0x00007fffed0f0000 - 0x00007fffed8b5000 	C:\windows\System32\SHELL32.dll
0x00007fffeb020000 - 0x00007fffeb107000 	C:\windows\SYSTEM32\DNSAPI.dll
0x00007fffeaff0000 - 0x00007fffeb01d000 	C:\windows\SYSTEM32\IPHLPAPI.DLL
0x00007fffeee30000 - 0x00007fffeee39000 	C:\windows\System32\NSI.dll
0x00007fffcfa60000 - 0x00007fffcfa6c000 	C:\Accenture\Ferramentas\IDE\sts-4.15.3.RELEASE\plugins\org.eclipse.justj.openjdk.hotspot.jre.full.win32.x86_64_17.0.4.v20220805-1047\jre\bin\vcruntime140_1.dll
0x00007fffb63e0000 - 0x00007fffb6471000 	C:\Accenture\Ferramentas\IDE\sts-4.15.3.RELEASE\plugins\org.eclipse.justj.openjdk.hotspot.jre.full.win32.x86_64_17.0.4.v20220805-1047\jre\bin\msvcp140.dll
0x00007fff569d0000 - 0x00007fff57616000 	C:\Accenture\Ferramentas\IDE\sts-4.15.3.RELEASE\plugins\org.eclipse.justj.openjdk.hotspot.jre.full.win32.x86_64_17.0.4.v20220805-1047\jre\bin\server\jvm.dll
0x00007fffef250000 - 0x00007fffef258000 	C:\windows\System32\PSAPI.DLL
0x00007fffc00c0000 - 0x00007fffc00c9000 	C:\windows\SYSTEM32\WSOCK32.dll
0x00007fffef050000 - 0x00007fffef0bf000 	C:\windows\System32\WS2_32.dll
0x00007fffe2eb0000 - 0x00007fffe2ee3000 	C:\windows\SYSTEM32\WINMM.dll
0x00007fffea830000 - 0x00007fffea83a000 	C:\windows\SYSTEM32\VERSION.dll
0x00007fffeb730000 - 0x00007fffeb748000 	C:\windows\SYSTEM32\kernel.appcore.dll
0x00007fffe5f40000 - 0x00007fffe5f4a000 	C:\Accenture\Ferramentas\IDE\sts-4.15.3.RELEASE\plugins\org.eclipse.justj.openjdk.hotspot.jre.full.win32.x86_64_17.0.4.v20220805-1047\jre\bin\jimage.dll
0x00007fffe8ff0000 - 0x00007fffe9211000 	C:\windows\SYSTEM32\DBGHELP.DLL
0x00007fffcc400000 - 0x00007fffcc431000 	C:\windows\SYSTEM32\dbgcore.DLL
0x0000014c9ba80000 - 0x0000014c9baff000 	C:\windows\System32\bcryptPrimitives.dll
0x00007fffe5f00000 - 0x00007fffe5f3b000 	C:\Accenture\Ferramentas\IDE\sts-4.15.3.RELEASE\plugins\org.eclipse.justj.openjdk.hotspot.jre.full.win32.x86_64_17.0.4.v20220805-1047\jre\bin\jdwp.dll
0x00007fffe5810000 - 0x00007fffe581e000 	C:\Accenture\Ferramentas\IDE\sts-4.15.3.RELEASE\plugins\org.eclipse.justj.openjdk.hotspot.jre.full.win32.x86_64_17.0.4.v20220805-1047\jre\bin\instrument.dll
0x00007fffcedd0000 - 0x00007fffcedf5000 	C:\Accenture\Ferramentas\IDE\sts-4.15.3.RELEASE\plugins\org.eclipse.justj.openjdk.hotspot.jre.full.win32.x86_64_17.0.4.v20220805-1047\jre\bin\java.dll
0x00007fffccac0000 - 0x00007fffccad8000 	C:\Accenture\Ferramentas\IDE\sts-4.15.3.RELEASE\plugins\org.eclipse.justj.openjdk.hotspot.jre.full.win32.x86_64_17.0.4.v20220805-1047\jre\bin\zip.dll
0x00007fffe9e20000 - 0x00007fffea682000 	C:\windows\SYSTEM32\windows.storage.dll
0x00007fffed8c0000 - 0x00007fffedc36000 	C:\windows\System32\combase.dll
0x00007fffe9cb0000 - 0x00007fffe9e17000 	C:\windows\SYSTEM32\wintypes.dll
0x00007fffedff0000 - 0x00007fffee0da000 	C:\windows\System32\SHCORE.dll
0x00007fffeee40000 - 0x00007fffeee9d000 	C:\windows\System32\shlwapi.dll
0x00007fffec660000 - 0x00007fffec685000 	C:\windows\SYSTEM32\profapi.dll
0x00007fffe5f60000 - 0x00007fffe5f6c000 	C:\Accenture\Ferramentas\IDE\sts-4.15.3.RELEASE\plugins\org.eclipse.justj.openjdk.hotspot.jre.full.win32.x86_64_17.0.4.v20220805-1047\jre\bin\dt_socket.dll
0x00007fffebcf0000 - 0x00007fffebd57000 	C:\windows\system32\mswsock.dll
0x00007fffe23f0000 - 0x00007fffe23fa000 	C:\Windows\System32\rasadhlp.dll
0x00007fffe2740000 - 0x00007fffe27c1000 	C:\windows\System32\fwpuclnt.dll
0x00007fffcedb0000 - 0x00007fffcedc9000 	C:\Accenture\Ferramentas\IDE\sts-4.15.3.RELEASE\plugins\org.eclipse.justj.openjdk.hotspot.jre.full.win32.x86_64_17.0.4.v20220805-1047\jre\bin\net.dll
0x00007fffeb750000 - 0x00007fffeb864000 	C:\windows\SYSTEM32\WINHTTP.dll
0x00007fffccff0000 - 0x00007fffcd005000 	C:\Accenture\Ferramentas\IDE\sts-4.15.3.RELEASE\plugins\org.eclipse.justj.openjdk.hotspot.jre.full.win32.x86_64_17.0.4.v20220805-1047\jre\bin\nio.dll
0x00007fffcfa40000 - 0x00007fffcfa49000 	C:\Accenture\Ferramentas\IDE\sts-4.15.3.RELEASE\plugins\org.eclipse.justj.openjdk.hotspot.jre.full.win32.x86_64_17.0.4.v20220805-1047\jre\bin\management.dll
0x00007fffccc90000 - 0x00007fffccc9b000 	C:\Accenture\Ferramentas\IDE\sts-4.15.3.RELEASE\plugins\org.eclipse.justj.openjdk.hotspot.jre.full.win32.x86_64_17.0.4.v20220805-1047\jre\bin\management_ext.dll
0x00007fffd18f0000 - 0x00007fffd1907000 	C:\windows\system32\napinsp.dll
0x00007fffd18d0000 - 0x00007fffd18eb000 	C:\windows\system32\pnrpnsp.dll
0x00007fffd18b0000 - 0x00007fffd18c2000 	C:\windows\System32\winrnr.dll
0x00007fffe17d0000 - 0x00007fffe17e5000 	C:\windows\system32\wshbth.dll
0x00007fffd1890000 - 0x00007fffd18af000 	C:\windows\system32\nlansp_c.dll
0x00007fffebfc0000 - 0x00007fffebfd8000 	C:\windows\SYSTEM32\CRYPTSP.dll
0x00007fffeb690000 - 0x00007fffeb6c5000 	C:\windows\system32\rsaenh.dll
0x00007fffebd90000 - 0x00007fffebdbc000 	C:\windows\SYSTEM32\USERENV.dll
0x00007fffec100000 - 0x00007fffec127000 	C:\windows\SYSTEM32\bcrypt.dll
0x00007fffebfa0000 - 0x00007fffebfac000 	C:\windows\SYSTEM32\CRYPTBASE.dll
0x00007fffe3110000 - 0x00007fffe3129000 	C:\windows\SYSTEM32\dhcpcsvc6.DLL
0x00007fffe3240000 - 0x00007fffe325e000 	C:\windows\SYSTEM32\dhcpcsvc.DLL
0x00007fffd6ee0000 - 0x00007fffd6ef0000 	C:\Accenture\Ferramentas\IDE\sts-4.15.3.RELEASE\plugins\org.eclipse.justj.openjdk.hotspot.jre.full.win32.x86_64_17.0.4.v20220805-1047\jre\bin\verify.dll
0x00007fffccf90000 - 0x00007fffccf9e000 	C:\Accenture\Ferramentas\IDE\sts-4.15.3.RELEASE\plugins\org.eclipse.justj.openjdk.hotspot.jre.full.win32.x86_64_17.0.4.v20220805-1047\jre\bin\sunmscapi.dll
0x00007fffec730000 - 0x00007fffec892000 	C:\windows\System32\CRYPT32.dll
0x00007fffec0d0000 - 0x00007fffec0f8000 	C:\windows\SYSTEM32\ncrypt.dll
0x00007fffec090000 - 0x00007fffec0c7000 	C:\windows\SYSTEM32\NTASN1.dll
0x00007fffe5f50000 - 0x00007fffe5f58000 	C:\windows\system32\wshunix.dll

dbghelp: loaded successfully - version: 4.0.5 - missing functions: none
symbol engine: initialized successfully - sym options: 0x614 - pdb path: .;C:\Accenture\Ferramentas\IDE\sts-4.15.3.RELEASE\plugins\org.eclipse.justj.openjdk.hotspot.jre.full.win32.x86_64_17.0.4.v20220805-1047\jre\bin;C:\windows\SYSTEM32;C:\windows\WinSxS\amd64_microsoft.windows.common-controls_6595b64144ccf1df_6.0.22000.120_none_9d947278b86cc467;C:\Program Files\Avecto\Privilege Guard Client;C:\Accenture\Ferramentas\IDE\sts-4.15.3.RELEASE\plugins\org.eclipse.justj.openjdk.hotspot.jre.full.win32.x86_64_17.0.4.v20220805-1047\jre\bin\server

VM Arguments:
jvm_args: -XX:+ShowCodeDetailsInExceptionMessages -agentlib:jdwp=transport=dt_socket,suspend=y,address=localhost:50102 -Dcom.sun.management.jmxremote -Dcom.sun.management.jmxremote.port=50097 -Dcom.sun.management.jmxremote.authenticate=false -Dcom.sun.management.jmxremote.ssl=false -Djava.rmi.server.hostname=localhost -Dspring.jmx.enabled=true -Dspring.application.admin.enabled=true -XX:TieredStopAtLevel=1 -Dspring.boot.project.name=uworks_erp -javaagent:C:\Accenture\Ferramentas\IDE\sts-4.15.3.RELEASE\configuration\org.eclipse.osgi\258\0\.cp\lib\javaagent-shaded.jar -Dfile.encoding=UTF-8 
java_command: br.com.ultraworks.erp.ErpApplication --spring.output.ansi.enabled=always debug
java_class_path (initial): C:\Pessoal\projetos\uw\uworks_erp\target\classes;C:\Users\rodrigo.cristo.fuhr\.m2\repository\org\springframework\boot\spring-boot-starter-data-jpa\3.1.4\spring-boot-starter-data-jpa-3.1.4.jar;C:\Users\rodrigo.cristo.fuhr\.m2\repository\org\springframework\boot\spring-boot-starter-aop\3.1.4\spring-boot-starter-aop-3.1.4.jar;C:\Users\rodrigo.cristo.fuhr\.m2\repository\org\aspectj\aspectjweaver\1.9.20\aspectjweaver-1.9.20.jar;C:\Users\rodrigo.cristo.fuhr\.m2\repository\org\springframework\boot\spring-boot-starter-jdbc\3.1.4\spring-boot-starter-jdbc-3.1.4.jar;C:\Users\rodrigo.cristo.fuhr\.m2\repository\com\zaxxer\HikariCP\5.0.1\HikariCP-5.0.1.jar;C:\Users\rodrigo.cristo.fuhr\.m2\repository\org\springframework\spring-jdbc\6.0.12\spring-jdbc-6.0.12.jar;C:\Users\rodrigo.cristo.fuhr\.m2\repository\org\hibernate\orm\hibernate-core\6.2.9.Final\hibernate-core-6.2.9.Final.jar;C:\Users\rodrigo.cristo.fuhr\.m2\repository\jakarta\persistence\jakarta.persistence-api\3.1.0\jakarta.persistence-api-3.1.0.jar;C:\Users\rodrigo.cristo.fuhr\.m2\repository\jakarta\transaction\jakarta.transaction-api\2.0.1\jakarta.transaction-api-2.0.1.jar;C:\Users\rodrigo.cristo.fuhr\.m2\repository\org\jboss\logging\jboss-logging\3.5.3.Final\jboss-logging-3.5.3.Final.jar;C:\Users\rodrigo.cristo.fuhr\.m2\repository\org\hibernate\common\hibernate-commons-annotations\6.0.6.Final\hibernate-commons-annotations-6.0.6.Final.jar;C:\Users\rodrigo.cristo.fuhr\.m2\repository\io\smallrye\jandex\3.0.5\jandex-3.0.5.jar;C:\Users\rodrigo.cristo.fuhr\.m2\repository\com\fasterxml\classmate\1.5.1\classmate-1.5.1.jar;C:\Users\rodrigo.cristo.fuhr\.m2\repository\net\bytebuddy\byte-buddy\1.14.8\byte-buddy-1.14.8.jar;C:\Users\rodrigo.cristo.fuhr\.m2\repository\org\glassfish\jaxb\jaxb-runtime\4.0.3\jaxb-runtime-4.0.3.jar;C:\Users\rodrigo.cristo.fuhr\.m2\repository\org\glassfish\jaxb\jaxb-core\4.0.3\jaxb-core-4.0.3.jar;C:\Users\rodrigo.cristo.fuhr\.m2\repository\org\eclipse\angus\angus-activation\2.0.1\
Launcher Type: SUN_STANDARD

[Global flags]
     intx CICompilerCount                          = 4                                         {product} {ergonomic}
     uint ConcGCThreads                            = 2                                         {product} {ergonomic}
     uint G1ConcRefinementThreads                  = 8                                         {product} {ergonomic}
   size_t G1HeapRegionSize                         = 2097152                                   {product} {ergonomic}
    uintx GCDrainStackTargetSize                   = 64                                        {product} {ergonomic}
   size_t InitialHeapSize                          = 264241152                                 {product} {ergonomic}
     bool ManagementServer                         = true                                      {product} {command line}
   size_t MarkStackSize                            = 4194304                                   {product} {ergonomic}
   size_t MaxHeapSize                              = 4217372672                                {product} {ergonomic}
   size_t MaxNewSize                               = 2529165312                                {product} {ergonomic}
   size_t MinHeapDeltaBytes                        = 2097152                                   {product} {ergonomic}
   size_t MinHeapSize                              = 8388608                                   {product} {ergonomic}
    uintx NonProfiledCodeHeapSize                  = 0                                      {pd product} {ergonomic}
     bool ProfileInterpreter                       = false                                  {pd product} {command line}
    uintx ProfiledCodeHeapSize                     = 0                                      {pd product} {ergonomic}
     bool ShowCodeDetailsInExceptionMessages       = true                                   {manageable} {command line}
   size_t SoftMaxHeapSize                          = 4217372672                             {manageable} {ergonomic}
     intx TieredStopAtLevel                        = 1                                         {product} {command line}
     bool UseCompressedClassPointers               = true                           {product lp64_product} {ergonomic}
     bool UseCompressedOops                        = true                           {product lp64_product} {ergonomic}
     bool UseG1GC                                  = true                                      {product} {ergonomic}
     bool UseLargePagesIndividualAllocation        = false                                  {pd product} {ergonomic}

Logging:
Log output configuration:
 #0: stdout all=warning uptime,level,tags
 #1: stderr all=off uptime,level,tags

Environment Variables:
JAVA_HOME=C:\Program Files\Eclipse Adoptium\jdk-11.0.17.8-hotspot
PATH=C:\Accenture\Ferramentas\IDE\sts-4.15.3.RELEASE\plugins\org.eclipse.justj.openjdk.hotspot.jre.full.win32.x86_64_17.0.4.v20220805-1047\jre\bin;C:/Accenture/Ferramentas/IDE/sts-4.15.3.RELEASE//plugins/org.eclipse.justj.openjdk.hotspot.jre.full.win32.x86_64_17.0.4.v20220805-1047/jre/bin/server;C:/Accenture/Ferramentas/IDE/sts-4.15.3.RELEASE//plugins/org.eclipse.justj.openjdk.hotspot.jre.full.win32.x86_64_17.0.4.v20220805-1047/jre/bin;C:\windows\system32;C:\windows;C:\windows\System32\Wbem;C:\windows\System32\WindowsPowerShell\v1.0\;C:\windows\System32\OpenSSH\;C:\Program Files (x86)\Pulse Secure\VC142.CRT\X64\;C:\Program Files (x86)\Pulse Secure\VC142.CRT\X86\;C:\Program Files (x86)\Common Files\Pulse Secure\VC142.CRT\X64\;C:\Program Files (x86)\Common Files\Pulse Secure\VC142.CRT\X86\;C:\Accenture\Ferramentas\apache-maven-3.8.6\bin;C:\Program Files\Eclipse Adoptium\jdk-11.0.17.8-hotspot\bin;C:\Users\rodrigo.cristo.fuhr\AppData\Roaming\nvm;C:\Program Files\nodejs;C:\Program Files (x86)\Yarn\bin\;C:\Program Files\Git\cmd;C:\Users\rodrigo.cristo.fuhr\AppData\Local\Programs\Python\Python310\Scripts\;C:\Users\rodrigo.cristo.fuhr\AppData\Local\Programs\Python\Python310\;C:\Users\rodrigo.cristo.fuhr\AppData\Local\Microsoft\WindowsApps;C:\Accenture\Ferramentas\Git\cmd;C:\Users\rodrigo.cristo.fuhr\AppData\Local\Programs\Microsoft VS Code\bin;C:\Users\rodrigo.cristo.fuhr\AppData\Roaming\nvm;C:\Program Files\nodejs;C:\Users\rodrigo.cristo.fuhr\AppData\Local\Yarn\bin;C:\Accenture\Ferramentas\IDE\sts-4.15.3.RELEASE;
USERNAME=rodrigo.cristo.fuhr
OS=Windows_NT
PROCESSOR_IDENTIFIER=Intel64 Family 6 Model 140 Stepping 1, GenuineIntel
TMP=C:\Users\RODRIG~1.FUH\AppData\Local\Temp
TEMP=C:\Users\RODRIG~1.FUH\AppData\Local\Temp



---------------  S Y S T E M  ---------------

OS:
 Windows 11 , 64 bit Build 22000 (10.0.22000.2538)
OS uptime: 0 days 11:52 hours
Hyper-V role detected

CPU: total 8 (initial active 8) (4 cores per cpu, 2 threads per core) family 6 model 140 stepping 1 microcode 0xa4, cx8, cmov, fxsr, ht, mmx, 3dnowpref, sse, sse2, sse3, ssse3, sse4.1, sse4.2, popcnt, lzcnt, tsc, tscinvbit, avx, avx2, aes, erms, clmul, bmi1, bmi2, adx, avx512f, avx512dq, avx512cd, avx512bw, avx512vl, sha, fma, vzeroupper, avx512_vpopcntdq, avx512_vpclmulqdq, avx512_vaes, avx512_vnni, clflush, clflushopt, clwb, avx512_vbmi2, avx512_vbmi, hv

Memory: 4k page, system-wide physical 16087M (4261M free)
TotalPageFile size 32174M (AvailPageFile size 15536M)
current process WorkingSet (physical memory assigned to process): 330M, peak: 330M
current process commit charge ("private bytes"): 361M, peak: 364M

vm_info: OpenJDK 64-Bit Server VM (17.0.4+8) for windows-amd64 JRE (17.0.4+8), built on Jul 19 2022 16:05:16 by "temurin" with MS VC++ 16.7 (VS2019)

END.
